spk_ver/v00/v0000	SES146	1.21852	-48.751	-49.9696
spk_ver/v00/v0001	SES002	-22.7651	-73.8267	-51.0615
spk_ver/v00/v0002	SES002	-17.6703	-68.3951	-50.7249
spk_ver/v00/v0003	SES002	-22.5984	-74.492	-51.8936
spk_ver/v00/v0004	SES002	-2.22335	-52.7088	-50.4854
spk_ver/v00/v0005	SES002	-4.52538	-54.6336	-50.1082
spk_ver/v00/v0006	SES002	-13.221	-63.0784	-49.8575
spk_ver/v00/v0007	SES002	-13.6971	-65.4143	-51.7172
spk_ver/v00/v0008	SES146	-0.188812	-50.3358	-50.1469
spk_ver/v00/v0009	SES002	-1.76719	-51.0854	-49.3182
spk_ver/v00/v0010	SES002	-3.56651	-53.9699	-50.4034
spk_ver/v00/v0011	SES002	-2.20302	-53.7249	-51.5219
spk_ver/v00/v0012	SES002	-16.6768	-65.5221	-48.8453
spk_ver/v00/v0013	SES002	-11.1241	-60.3072	-49.1831
spk_ver/v00/v0014	SES002	-1.55873	-51.2725	-49.7138
spk_ver/v00/v0015	SES002	-1.58994	-51.0149	-49.425
spk_ver/v00/v0016	SES275	1.04734	-50.3203	-51.3676
spk_ver/v00/v0017	SES002	-0.174835	-49.3427	-49.1678
spk_ver/v00/v0018	SES002	-17.433	-69.5702	-52.1372
spk_ver/v00/v0019	SES002	-2.5342	-52.2468	-49.7126
spk_ver/v00/v0020	SES002	-16.6923	-68.8594	-52.167
spk_ver/v00/v0021	SES002	-18.065	-68.4991	-50.4341
spk_ver/v00/v0022	SES002	-2.33612	-52.3539	-50.0178
spk_ver/v00/v0023	SES002	-13.2426	-62.4006	-49.158
spk_ver/v00/v0024	SES002	-16.2462	-67.2818	-51.0356
spk_ver/v00/v0025	SES002	-9.91477	-61.0623	-51.1476
spk_ver/v00/v0026	SES002	-8.21383	-57.5313	-49.3175
spk_ver/v00/v0027	SES129	1.41784	-48.0424	-49.4602
spk_ver/v00/v0028	SES007	-2.39362	-52.2258	-49.8322
spk_ver/v00/v0029	SES083	-0.0721245	-49.443	-49.3708
spk_ver/v00/v0030	SES019	2.22596	-48.0365	-50.2624
spk_ver/v00/v0031	SES007	-2.4832	-53.2247	-50.7415
spk_ver/v00/v0032	SES270	1.081	-48.3043	-49.3853
spk_ver/v00/v0033	SES007	-3.51757	-53.6835	-50.1659
spk_ver/v00/v0034	SES007	-4.159	-58.1165	-53.9575
spk_ver/v00/v0035	SES007	-1.64485	-51.2694	-49.6246
spk_ver/v00/v0036	SES007	-1.6065	-50.5649	-48.9584
spk_ver/v00/v0037	SES007	-3.6945	-52.8862	-49.1917
spk_ver/v00/v0038	SES259	1.94258	-46.9484	-48.891
spk_ver/v00/v0039	SES007	-3.16783	-53.5533	-50.3855
spk_ver/v00/v0040	SES007	-3.00181	-51.723	-48.7212
spk_ver/v00/v0041	SES007	-2.82579	-52.0748	-49.249
spk_ver/v00/v0042	SES007	-1.27791	-51.4575	-50.1796
spk_ver/v00/v0043	SES007	-0.862556	-50.9804	-50.1178
spk_ver/v00/v0044	SES007	-2.72779	-50.9094	-48.1816
spk_ver/v00/v0045	SES007	-1.27873	-50.8766	-49.5979
spk_ver/v00/v0046	SES007	-1.82288	-51.1386	-49.3157
spk_ver/v00/v0047	SES172	0.637222	-49.2885	-49.9257
spk_ver/v00/v0048	SES105	1.28592	-49.1444	-50.4303
spk_ver/v00/v0049	SES007	-1.11473	-50.4765	-49.3618
spk_ver/v00/v0050	SES292	-0.165611	-50.1562	-49.9906
spk_ver/v00/v0051	SES007	-2.29778	-53.0317	-50.7339
spk_ver/v00/v0052	SES068	0.710453	-48.302	-49.0125
spk_ver/v00/v0053	SES008	-1.79992	-50.6357	-48.8358
spk_ver/v00/v0054	SES008	-5.53081	-57.6258	-52.095
spk_ver/v00/v0055	SES008	-2.98093	-53.1879	-50.2069
spk_ver/v00/v0056	SES008	-7.2966	-57.5639	-50.2673
spk_ver/v00/v0057	SES008	-6.72155	-56.6805	-49.9589
spk_ver/v00/v0058	SES083	0.392189	-49.1518	-49.544
spk_ver/v00/v0059	SES158	1.20753	-48.3616	-49.5691
spk_ver/v00/v0060	SES008	-2.83935	-52.7967	-49.9573
spk_ver/v00/v0061	SES101	0.487938	-49.5515	-50.0395
spk_ver/v00/v0062	SES008	-4.44067	-54.8213	-50.3807
spk_ver/v00/v0063	SES008	-2.78159	-52.9817	-50.2001
spk_ver/v00/v0064	SES117	1.1275	-49.8237	-50.9512
spk_ver/v00/v0065	SES149	1.76137	-47.4454	-49.2068
spk_ver/v00/v0066	SES008	-2.59377	-52.4458	-49.852
spk_ver/v00/v0067	SES008	-5.28776	-57.0799	-51.7922
spk_ver/v00/v0068	SES162	1.75677	-48.875	-50.6318
spk_ver/v00/v0069	SES008	-6.53165	-55.8572	-49.3256
spk_ver/v00/v0070	SES008	-0.990875	-50.3879	-49.3971
spk_ver/v00/v0071	SES008	-3.28953	-53.5951	-50.3055
spk_ver/v00/v0072	SES008	-1.09722	-49.6145	-48.5173
spk_ver/v00/v0073	SES008	-3.7044	-52.3192	-48.6148
spk_ver/v00/v0074	SES008	-4.82503	-54.0931	-49.2681
spk_ver/v00/v0075	SES008	-8.43935	-59.1967	-50.7573
spk_ver/v00/v0076	SES167	1.42692	-48.3526	-49.7795
spk_ver/v00/v0077	SES008	-2.10374	-51.0317	-48.928
spk_ver/v00/v0078	SES177	0.848305	-48.9298	-49.7781
spk_ver/v00/v0079	SES008	-3.07819	-53.5435	-50.4653
spk_ver/v00/v0080	SES008	-3.64282	-54.7147	-51.0718
spk_ver/v00/v0081	SES008	-6.99708	-58.9722	-51.9751
spk_ver/v00/v0082	SES008	-3.61293	-53.161	-49.5481
spk_ver/v00/v0083	SES008	-7.40674	-58.2742	-50.8674
spk_ver/v00/v0084	SES144	0.915112	-49.7827	-50.6978
spk_ver/v00/v0085	SES008	-2.57798	-52.7148	-50.1368
spk_ver/v00/v0086	SES008	-2.27921	-50.7877	-48.5085
spk_ver/v00/v0087	SES008	-4.92545	-56.4175	-51.4921
spk_ver/v00/v0088	SES008	-3.54192	-53.6967	-50.1548
spk_ver/v00/v0089	SES008	-1.77589	-52.6504	-50.8745
spk_ver/v00/v0090	SES142	2.1035	-48.7317	-50.8352
spk_ver/v00/v0091	SES008	-7.45727	-56.3004	-48.8431
spk_ver/v00/v0092	SES158	0.871407	-49.683	-50.5544
spk_ver/v00/v0093	SES014	-7.84329	-57.1602	-49.317
spk_ver/v00/v0094	SES014	-4.54829	-56.2291	-51.6808
spk_ver/v00/v0095	SES014	-0.979309	-49.5413	-48.562
spk_ver/v00/v0096	SES014	-2.99923	-52.3079	-49.3087
spk_ver/v00/v0097	SES014	-1.78926	-52.4096	-50.6203
spk_ver/v00/v0098	SES014	-1.61029	-50.351	-48.7407
spk_ver/v00/v0099	SES014	-17.6423	-68.7029	-51.0606
spk_ver/v01/v0100	SES127	0.805618	-49.1967	-50.0023
spk_ver/v01/v0101	SES014	-12.3517	-64.3316	-51.9799
spk_ver/v01/v0102	SES014	-21.2865	-72.9283	-51.6418
spk_ver/v01/v0103	SES014	-5.25053	-57.1652	-51.9147
spk_ver/v01/v0104	SES014	-13.8014	-65.299	-51.4977
spk_ver/v01/v0105	SES014	-4.00765	-55.7109	-51.7033
spk_ver/v01/v0106	SES014	-1.93256	-52.1323	-50.1998
spk_ver/v01/v0107	SES014	-17.893	-67.5438	-49.6509
spk_ver/v01/v0108	SES014	-23.0138	-73.8014	-50.7876
spk_ver/v01/v0109	SES014	-13.7974	-65.1123	-51.3149
spk_ver/v01/v0110	SES014	-2.57802	-53.9598	-51.3818
spk_ver/v01/v0111	SES014	-1.32208	-50.2716	-48.9495
spk_ver/v01/v0112	SES014	-14.918	-64.581	-49.663
spk_ver/v01/v0113	SES104	-0.166279	-50.3067	-50.1404
spk_ver/v01/v0114	SES082	0.561344	-48.5324	-49.0937
spk_ver/v01/v0115	SES087	1.79552	-47.9646	-49.7601
spk_ver/v01/v0116	SES014	-1.69904	-51.2848	-49.5857
spk_ver/v01/v0117	SES177	0.336155	-49.9972	-50.3334
spk_ver/v01/v0118	SES014	-14.6824	-66.0061	-51.3237
spk_ver/v01/v0119	SES014	-1.25123	-50.3642	-49.1129
spk_ver/v01/v0120	SES014	-19.9966	-71.636	-51.6393
spk_ver/v01/v0121	SES146	0.500168	-49.3927	-49.8929
spk_ver/v01/v0122	SES014	1.60812	-46.4915	-48.0996
spk_ver/v01/v0123	SES014	-1.49886	-51.0936	-49.5948
spk_ver/v01/v0124	SES014	-15.1821	-65.4146	-50.2326
spk_ver/v01/v0125	SES014	-7.32635	-58.2176	-50.8913
spk_ver/v01/v0126	SES016	-2.62949	-53.4198	-50.7903
spk_ver/v01/v0127	SES016	-3.34809	-55.1154	-51.7673
spk_ver/v01/v0128	SES106	1.49055	-48.245	-49.7356
spk_ver/v01/v0129	SES016	-5.47092	-54.332	-48.8611
spk_ver/v01/v0130	SES016	-2.68239	-53.5679	-50.8855
spk_ver/v01/v0131	SES016	-4.82507	-54.4845	-49.6595
spk_ver/v01/v0132	SES016	-2.16177	-52.1561	-49.9944
spk_ver/v01/v0133	SES016	-2.19494	-53.9975	-51.8026
spk_ver/v01/v0134	SES016	-3.78452	-52.4548	-48.6703
spk_ver/v01/v0135	SES016	-3.75677	-55.1982	-51.4415
spk_ver/v01/v0136	SES016	-3.62473	-54.9925	-51.3677
spk_ver/v01/v0137	SES007	0.34166	-50.1028	-50.4444
spk_ver/v01/v0138	SES016	-1.34903	-51.2839	-49.9348
spk_ver/v01/v0139	SES016	-1.9184	-51.2592	-49.3408
spk_ver/v01/v0140	SES016	0.982868	-49.0393	-50.0221
spk_ver/v01/v0141	SES016	-9.57619	-62.0429	-52.4667
spk_ver/v01/v0142	SES016	-4.10045	-53.6072	-49.5067
spk_ver/v01/v0143	SES016	-6.62659	-57.8695	-51.2429
spk_ver/v01/v0144	SES016	-3.27262	-52.9506	-49.678
spk_ver/v01/v0145	SES016	-3.81718	-55.2999	-51.4827
spk_ver/v01/v0146	SES016	-1.50334	-50.6772	-49.1739
spk_ver/v01/v0147	SES016	-1.53854	-51.7656	-50.2271
spk_ver/v01/v0148	SES127	0.448307	-49.5231	-49.9714
spk_ver/v01/v0149	SES016	-5.07479	-54.6345	-49.5597
spk_ver/v01/v0150	SES016	-2.1269	-51.8757	-49.7488
spk_ver/v01/v0151	SES147	1.38689	-50.3939	-51.7808
spk_ver/v01/v0152	SES016	-1.72675	-52.0106	-50.2839
spk_ver/v01/v0153	SES104	1.08015	-47.3569	-48.4371
spk_ver/v01/v0154	SES016	-3.02022	-53.9194	-50.8992
spk_ver/v01/v0155	SES016	-2.78725	-54.0256	-51.2383
spk_ver/v01/v0156	SES019	-1.60778	-52.2597	-50.6519
spk_ver/v01/v0157	SES019	-3.61681	-52.2111	-48.5943
spk_ver/v01/v0158	SES019	-0.802277	-50.274	-49.4717
spk_ver/v01/v0159	SES007	-0.00803375	-49.7024	-49.6944
spk_ver/v01/v0160	SES019	-2.84586	-51.4111	-48.5652
spk_ver/v01/v0161	SES019	-2.81129	-53.2344	-50.4231
spk_ver/v01/v0162	SES019	-11.5671	-60.8077	-49.2406
spk_ver/v01/v0163	SES189	1.21953	-50.3156	-51.5351
spk_ver/v01/v0164	SES019	-1.95974	-51.0714	-49.1117
spk_ver/v01/v0165	SES019	-1.03913	-51.6829	-50.6438
spk_ver/v01/v0166	SES019	-10.0961	-59.5278	-49.4317
spk_ver/v01/v0167	SES019	-13.5591	-64.4697	-50.9106
spk_ver/v01/v0168	SES019	-1.64283	-52.6948	-51.052
spk_ver/v01/v0169	SES019	-3.65767	-54.0124	-50.3547
spk_ver/v01/v0170	SES270	1.37014	-48.3008	-49.6709
spk_ver/v01/v0171	SES019	-2.97303	-52.5544	-49.5814
spk_ver/v01/v0172	SES019	-13.7364	-64.8691	-51.1327
spk_ver/v01/v0173	SES206	0.925495	-48.4852	-49.4107
spk_ver/v01/v0174	SES019	-2.28045	-52.409	-50.1286
spk_ver/v01/v0175	SES014	1.27082	-47.448	-48.7189
spk_ver/v01/v0176	SES019	-8.58081	-58.3913	-49.8105
spk_ver/v01/v0177	SES120	0.710045	-49.907	-50.617
spk_ver/v01/v0178	SES019	-1.02539	-52.4346	-51.4092
spk_ver/v01/v0179	SES019	-14.3608	-63.3903	-49.0295
spk_ver/v01/v0180	SES175	1.10168	-49.5236	-50.6252
spk_ver/v01/v0181	SES019	-13.6473	-65.0611	-51.4138
spk_ver/v01/v0182	SES019	-5.2063	-54.2898	-49.0835
spk_ver/v01/v0183	SES029	-2.75579	-52.8014	-50.0456
spk_ver/v01/v0184	SES029	-5.48419	-54.8262	-49.342
spk_ver/v01/v0185	SES029	-3.34211	-53.314	-49.9719
spk_ver/v01/v0186	SES068	0.355209	-48.715	-49.0702
spk_ver/v01/v0187	SES029	-4.80442	-53.957	-49.1526
spk_ver/v01/v0188	SES029	-3.36388	-51.9899	-48.626
spk_ver/v01/v0189	SES149	2.16488	-46.6797	-48.8446
spk_ver/v01/v0190	SES029	-4.62035	-53.6379	-49.0175
spk_ver/v01/v0191	SES029	-4.87767	-54.6935	-49.8159
spk_ver/v01/v0192	SES183	1.09358	-48.0631	-49.1567
spk_ver/v01/v0193	SES029	-1.48556	-51.801	-50.3155
spk_ver/v01/v0194	SES016	1.21341	-48.7293	-49.9427
spk_ver/v01/v0195	SES029	-3.14441	-52.8452	-49.7008
spk_ver/v01/v0196	SES029	-0.794075	-50.9093	-50.1153
spk_ver/v01/v0197	SES029	-4.71947	-53.6069	-48.8874
spk_ver/v01/v0198	SES146	0.11829	-49.9894	-50.1077
spk_ver/v01/v0199	SES029	-4.28811	-55.3462	-51.058
spk_ver/v02/v0200	SES029	-2.84464	-54.1519	-51.3072
spk_ver/v02/v0201	SES068	0.712265	-48.4394	-49.1517
spk_ver/v02/v0202	SES148	1.37259	-48.6834	-50.056
spk_ver/v02/v0203	SES029	-3.29884	-53.0688	-49.7699
spk_ver/v02/v0204	SES029	-0.818424	-51.0238	-50.2054
spk_ver/v02/v0205	SES060	0.950306	-47.9791	-48.9294
spk_ver/v02/v0206	SES127	1.44461	-48.0462	-49.4908
spk_ver/v02/v0207	SES029	-4.78123	-55.0697	-50.2885
spk_ver/v02/v0208	SES048	2.03557	-48.678	-50.7136
spk_ver/v02/v0209	SES029	-1.8866	-52.2193	-50.3327
spk_ver/v02/v0210	SES029	-5.00785	-55.1839	-50.1761
spk_ver/v02/v0211	SES029	-3.74844	-52.9034	-49.1549
spk_ver/v02/v0212	SES042	-18.5374	-70.0965	-51.5591
spk_ver/v02/v0213	SES085	0.816135	-49.6052	-50.4214
spk_ver/v02/v0214	SES206	1.62973	-47.2472	-48.8769
spk_ver/v02/v0215	SES144	0.416882	-49.7054	-50.1223
spk_ver/v02/v0216	SES042	-3.37032	-52.9321	-49.5618
spk_ver/v02/v0217	SES042	-3.39991	-56.8269	-53.427
spk_ver/v02/v0218	SES042	-1.42085	-49.8802	-48.4593
spk_ver/v02/v0219	SES206	0.924	-48.0378	-48.9618
spk_ver/v02/v0220	SES019	3.45758	-47.3056	-50.7632
spk_ver/v02/v0221	SES007	0.263683	-49.8057	-50.0694
spk_ver/v02/v0222	SES042	-16.7352	-68.5916	-51.8564
spk_ver/v02/v0223	SES147	1.43588	-50.2261	-51.662
spk_ver/v02/v0224	SES105	0.806118	-49.8586	-50.6647
spk_ver/v02/v0225	SES042	-2.04493	-51.56	-49.5151
spk_ver/v02/v0226	SES275	0.932892	-49.5286	-50.4615
spk_ver/v02/v0227	SES042	-4.42788	-54.744	-50.3161
spk_ver/v02/v0228	SES042	-8.80352	-58.9935	-50.19
spk_ver/v02/v0229	SES042	-19.4433	-69.1015	-49.6582
spk_ver/v02/v0230	SES085	0.606667	-47.9164	-48.523
spk_ver/v02/v0231	SES014	1.93505	-46.66	-48.595
spk_ver/v02/v0232	SES042	-1.80509	-50.5833	-48.7782
spk_ver/v02/v0233	SES048	-4.89326	-54.022	-49.1288
spk_ver/v02/v0234	SES048	-7.22491	-59.0755	-51.8506
spk_ver/v02/v0235	SES029	0.862152	-49.2598	-50.1219
spk_ver/v02/v0236	SES048	-4.22637	-53.322	-49.0956
spk_ver/v02/v0237	SES048	-5.19138	-54.7087	-49.5173
spk_ver/v02/v0238	SES048	-3.6194	-53.9551	-50.3357
spk_ver/v02/v0239	SES060	0.29948	-48.9026	-49.2021
spk_ver/v02/v0240	SES048	-7.22549	-58.0312	-50.8057
spk_ver/v02/v0241	SES048	-6.41205	-57.1356	-50.7236
spk_ver/v02/v0242	SES189	2.52807	-49.7967	-52.3247
spk_ver/v02/v0243	SES162	0.883236	-49.999	-50.8822
spk_ver/v02/v0244	SES048	-4.75194	-53.4623	-48.7104
spk_ver/v02/v0245	SES048	-4.74762	-53.7692	-49.0216
spk_ver/v02/v0246	SES048	-4.34206	-53.3328	-48.9907
spk_ver/v02/v0247	SES048	-5.01065	-56.108	-51.0973
spk_ver/v02/v0248	SES226	2.27731	-47.513	-49.7903
spk_ver/v02/v0249	SES048	-3.47615	-53.7719	-50.2957
spk_ver/v02/v0250	SES048	-3.0056	-53.9865	-50.9809
spk_ver/v02/v0251	SES048	-4.18195	-54.7761	-50.5941
spk_ver/v02/v0252	SES060	-7.74936	-59.9496	-52.2002
spk_ver/v02/v0253	SES060	-4.83104	-54.2057	-49.3746
spk_ver/v02/v0254	SES259	2.05742	-46.8592	-48.9166
spk_ver/v02/v0255	SES060	-4.48772	-56.0593	-51.5716
spk_ver/v02/v0256	SES202	0.714539	-50.3234	-51.038
spk_ver/v02/v0257	SES148	0.767338	-48.5253	-49.2926
spk_ver/v02/v0258	SES060	-5.39809	-57.6622	-52.2641
spk_ver/v02/v0259	SES060	-1.67713	-51.2618	-49.5846
spk_ver/v02/v0260	SES060	-2.60886	-52.9256	-50.3168
spk_ver/v02/v0261	SES099	2.20143	-47.2691	-49.4705
spk_ver/v02/v0262	SES060	-3.74696	-54.0593	-50.3124
spk_ver/v02/v0263	SES060	-2.6943	-51.7892	-49.0949
spk_ver/v02/v0264	SES292	-0.297775	-50.274	-49.9762
spk_ver/v02/v0265	SES060	-1.26675	-51.0184	-49.7516
spk_ver/v02/v0266	SES060	-7.34802	-57.8587	-50.5107
spk_ver/v02/v0267	SES060	-4.86357	-56.1419	-51.2783
spk_ver/v02/v0268	SES060	-5.39545	-56.7522	-51.3567
spk_ver/v02/v0269	SES127	0.738884	-49.0137	-49.7525
spk_ver/v02/v0270	SES060	-3.13382	-53.9883	-50.8545
spk_ver/v02/v0271	SES060	-1.49535	-50.9838	-49.4885
spk_ver/v02/v0272	SES060	-4.23106	-55.6367	-51.4057
spk_ver/v02/v0273	SES087	1.68289	-47.9172	-49.6001
spk_ver/v02/v0274	SES146	0.505444	-49.7007	-50.2061
spk_ver/v02/v0275	SES060	-5.35349	-56.2455	-50.892
spk_ver/v02/v0276	SES002	2.22993	-47.3857	-49.6156
spk_ver/v02/v0277	SES060	-1.73003	-51.2927	-49.5627
spk_ver/v02/v0278	SES060	-6.08263	-56.528	-50.4454
spk_ver/v02/v0279	SES060	-5.70684	-54.422	-48.7151
spk_ver/v02/v0280	SES129	2.21795	-47.4778	-49.6958
spk_ver/v02/v0281	SES162	1.05463	-49.3842	-50.4388
spk_ver/v02/v0282	SES060	-3.97924	-53.5771	-49.5978
spk_ver/v02/v0283	SES060	-3.51392	-53.0542	-49.5403
spk_ver/v02/v0284	SES062	-3.94247	-55.6282	-51.6857
spk_ver/v02/v0285	SES062	-4.45609	-54.1908	-49.7347
spk_ver/v02/v0286	SES120	0.0642319	-50.6396	-50.7038
spk_ver/v02/v0287	SES062	-4.01569	-54.9061	-50.8904
spk_ver/v02/v0288	SES062	-3.54758	-53.8284	-50.2808
spk_ver/v02/v0289	SES062	-2.95285	-51.1217	-48.1688
spk_ver/v02/v0290	SES062	-2.31276	-52.4898	-50.177
spk_ver/v02/v0291	SES275	0.277901	-49.6463	-49.9242
spk_ver/v02/v0292	SES062	-4.06119	-55.1415	-51.0803
spk_ver/v02/v0293	SES062	-5.33921	-56.3804	-51.0412
spk_ver/v02/v0294	SES062	-2.5957	-51.3949	-48.7992
spk_ver/v02/v0295	SES062	-3.71023	-54.2438	-50.5336
spk_ver/v02/v0296	SES062	-4.15475	-54.0555	-49.9007
spk_ver/v02/v0297	SES062	-4.84534	-55.5731	-50.7277
spk_ver/v02/v0298	SES062	-3.3665	-53.7489	-50.3824
spk_ver/v02/v0299	SES062	-3.09483	-53.4262	-50.3314
spk_ver/v03/v0300	SES062	-5.58585	-57.9843	-52.3984
spk_ver/v03/v0301	SES062	-2.90827	-52.2883	-49.3801
spk_ver/v03/v0302	SES172	0.912441	-47.6939	-48.6063
spk_ver/v03/v0303	SES062	-1.74399	-51.5001	-49.7561
spk_ver/v03/v0304	SES062	-2.67382	-52.4437	-49.7698
spk_ver/v03/v0305	SES062	-3.3539	-53.3486	-49.9947
spk_ver/v03/v0306	SES062	-6.50094	-59.1365	-52.6355
spk_ver/v03/v0307	SES062	-4.52987	-53.2317	-48.7018
spk_ver/v03/v0308	SES062	-6.03086	-57.1882	-51.1573
spk_ver/v03/v0309	SES062	-2.86829	-54.952	-52.0837
spk_ver/v03/v0310	SES125	1.38703	-47.0714	-48.4584
spk_ver/v03/v0311	SES062	-3.25565	-52.2859	-49.0303
spk_ver/v03/v0312	SES062	-5.77851	-57.0182	-51.2397
spk_ver/v03/v0313	SES062	-3.36463	-55.5177	-52.1531
spk_ver/v03/v0314	SES068	-5.29757	-54.7468	-49.4493
spk_ver/v03/v0315	SES068	-3.84159	-52.3034	-48.4618
spk_ver/v03/v0316	SES068	-3.98171	-56.0833	-52.1016
spk_ver/v03/v0317	SES068	-2.98235	-54.8491	-51.8668
spk_ver/v03/v0318	SES068	-5.68315	-54.7787	-49.0956
spk_ver/v03/v0319	SES068	-7.40647	-57.7037	-50.2972
spk_ver/v03/v0320	SES068	-1.71636	-50.3674	-48.651
spk_ver/v03/v0321	SES068	-0.899712	-51.0251	-50.1254
spk_ver/v03/v0322	SES068	-0.818161	-51.1578	-50.3396
spk_ver/v03/v0323	SES068	-3.83078	-54.1287	-50.2979
spk_ver/v03/v0324	SES144	0.381737	-50.9877	-51.3695
spk_ver/v03/v0325	SES068	-2.43601	-51.4578	-49.0218
spk_ver/v03/v0326	SES068	-0.903931	-49.4752	-48.5713
spk_ver/v03/v0327	SES068	-2.2065	-52.5877	-50.3812
spk_ver/v03/v0328	SES068	-5.41114	-55.5769	-50.1657
spk_ver/v03/v0329	SES068	-1.94073	-51.6308	-49.69
spk_ver/v03/v0330	SES180	0.119339	-50.0552	-50.1745
spk_ver/v03/v0331	SES068	-1.05817	-51.0248	-49.9666
spk_ver/v03/v0332	SES275	1.21276	-48.6845	-49.8972
spk_ver/v03/v0333	SES062	1.38157	-47.1547	-48.5363
spk_ver/v03/v0334	SES270	1.93729	-48.247	-50.1843
spk_ver/v03/v0335	SES068	-5.74934	-57.122	-51.3727
spk_ver/v03/v0336	SES068	-1.42822	-50.0897	-48.6615
spk_ver/v03/v0337	SES068	-2.46934	-53.9584	-51.4891
spk_ver/v03/v0338	SES068	-2.73979	-53.9078	-51.168
spk_ver/v03/v0339	SES068	-1.30685	-51.6118	-50.3049
spk_ver/v03/v0340	SES068	-2.55982	-53.9563	-51.3965
spk_ver/v03/v0341	SES016	0.579273	-48.6465	-49.2258
spk_ver/v03/v0342	SES068	-3.80135	-55.4584	-51.6571
spk_ver/v03/v0343	SES068	-1.44928	-51.644	-50.1947
spk_ver/v03/v0344	SES125	1.34203	-47.7243	-49.0663
spk_ver/v03/v0345	SES187	1.11798	-48.9654	-50.0834
spk_ver/v03/v0346	SES068	-3.05019	-52.5639	-49.5137
spk_ver/v03/v0347	SES143	0.721745	-49.5134	-50.2351
spk_ver/v03/v0348	SES292	0.736809	-49.1289	-49.8657
spk_ver/v03/v0349	SES082	-7.826	-57.6718	-49.8458
spk_ver/v03/v0350	SES101	0.973606	-47.7163	-48.6899
spk_ver/v03/v0351	SES082	-0.383507	-50.4915	-50.108
spk_ver/v03/v0352	SES082	-1.55585	-51.741	-50.1851
spk_ver/v03/v0353	SES082	-6.57096	-56.994	-50.4231
spk_ver/v03/v0354	SES082	-15.0405	-66.5809	-51.5404
spk_ver/v03/v0355	SES083	0.152622	-48.0258	-48.1785
spk_ver/v03/v0356	SES082	-2.33479	-52.8408	-50.506
spk_ver/v03/v0357	SES082	-13.0378	-63.8936	-50.8558
spk_ver/v03/v0358	SES082	-1.02017	-50.7607	-49.7405
spk_ver/v03/v0359	SES117	0.493195	-51.7128	-52.206
spk_ver/v03/v0360	SES082	-8.20673	-58.1128	-49.9061
spk_ver/v03/v0361	SES082	-1.82141	-52.0302	-50.2088
spk_ver/v03/v0362	SES007	0.722549	-48.6659	-49.3885
spk_ver/v03/v0363	SES082	-2.90723	-52.3679	-49.4607
spk_ver/v03/v0364	SES019	1.94027	-48.3231	-50.2634
spk_ver/v03/v0365	SES082	-0.79734	-51.0726	-50.2752
spk_ver/v03/v0366	SES226	1.88327	-48.1886	-50.0719
spk_ver/v03/v0367	SES167	1.4036	-48.0635	-49.4671
spk_ver/v03/v0368	SES082	-2.24241	-50.7927	-48.5503
spk_ver/v03/v0369	SES042	3.16839	-45.4625	-48.6309
spk_ver/v03/v0370	SES042	2.15105	-47.0487	-49.1998
spk_ver/v03/v0371	SES082	-8.49139	-58.7146	-50.2233
spk_ver/v03/v0372	SES082	-2.35445	-51.3152	-48.9607
spk_ver/v03/v0373	SES082	-4.86725	-55.8584	-50.9912
spk_ver/v03/v0374	SES083	-2.05708	-50.7189	-48.6619
spk_ver/v03/v0375	SES292	0.783245	-49.2066	-49.9898
spk_ver/v03/v0376	SES083	-4.04377	-53.5702	-49.5264
spk_ver/v03/v0377	SES083	-4.48257	-54.6918	-50.2092
spk_ver/v03/v0378	SES083	-2.02855	-52.9286	-50.9001
spk_ver/v03/v0379	SES083	-1.33595	-51.5721	-50.2362
spk_ver/v03/v0380	SES083	-1.90012	-53.1831	-51.283
spk_ver/v03/v0381	SES083	-2.62651	-52.4444	-49.8179
spk_ver/v03/v0382	SES148	0.977837	-48.8994	-49.8772
spk_ver/v03/v0383	SES083	-1.67663	-50.4072	-48.7306
spk_ver/v03/v0384	SES226	1.73156	-47.5177	-49.2493
spk_ver/v03/v0385	SES226	1.97586	-47.2035	-49.1794
spk_ver/v03/v0386	SES087	1.73	-48.0593	-49.7893
spk_ver/v03/v0387	SES029	0.822601	-49.2139	-50.0365
spk_ver/v03/v0388	SES147	1.75583	-49.4337	-51.1896
spk_ver/v03/v0389	SES083	-5.24887	-55.8797	-50.6309
spk_ver/v03/v0390	SES189	1.4105	-49.3511	-50.7616
spk_ver/v03/v0391	SES083	-1.74192	-51.6135	-49.8716
spk_ver/v03/v0392	SES083	-0.0775223	-48.6585	-48.581
spk_ver/v03/v0393	SES083	-2.35746	-52.1061	-49.7486
spk_ver/v03/v0394	SES083	-4.02373	-54.2893	-50.2656
spk_ver/v03/v0395	SES083	-1.75137	-51.483	-49.7317
spk_ver/v03/v0396	SES014	2.47132	-45.9896	-48.461
spk_ver/v03/v0397	SES085	-0.406837	-49.1914	-48.7846
spk_ver/v03/v0398	SES085	-2.41369	-50.9872	-48.5735
spk_ver/v03/v0399	SES085	-6.09151	-55.4849	-49.3934
spk_ver/v04/v0400	SES106	1.91056	-47.2264	-49.1369
spk_ver/v04/v0401	SES085	-4.83316	-54.4034	-49.5702
spk_ver/v04/v0402	SES085	-10.2065	-61.4415	-51.235
spk_ver/v04/v0403	SES085	-1.11876	-50.367	-49.2482
spk_ver/v04/v0404	SES180	1.1329	-48.5022	-49.6351
spk_ver/v04/v0405	SES129	1.86452	-46.9368	-48.8013
spk_ver/v04/v0406	SES085	-5.92657	-55.6476	-49.7211
spk_ver/v04/v0407	SES146	0.171703	-50.3716	-50.5433
spk_ver/v04/v0408	SES085	-1.47063	-50.5916	-49.121
spk_ver/v04/v0409	SES085	-4.32797	-53.8959	-49.5679
spk_ver/v04/v0410	SES085	-6.75027	-56.3294	-49.5791
spk_ver/v04/v0411	SES292	0.595634	-49.7728	-50.3685
spk_ver/v04/v0412	SES085	-2.16471	-51.1931	-49.0284
spk_ver/v04/v0413	SES125	1.80009	-46.8671	-48.6672
spk_ver/v04/v0414	SES085	-5.68074	-59.4049	-53.7242
spk_ver/v04/v0415	SES085	-2.29924	-52.3105	-50.0112
spk_ver/v04/v0416	SES085	-4.21858	-53.47	-49.2514
spk_ver/v04/v0417	SES062	0.549854	-48.1459	-48.6957
spk_ver/v04/v0418	SES060	1.58313	-47.9188	-49.502
spk_ver/v04/v0419	SES085	-1.97141	-51.7371	-49.7657
spk_ver/v04/v0420	SES085	-6.50408	-56.0436	-49.5395
spk_ver/v04/v0421	SES085	-8.31088	-58.5785	-50.2676
spk_ver/v04/v0422	SES085	-2.15261	-53.1492	-50.9966
spk_ver/v04/v0423	SES085	-7.17097	-57.409	-50.238
spk_ver/v04/v0424	SES085	-4.6533	-56.0612	-51.4079
spk_ver/v04/v0425	SES183	0.98613	-49.7444	-50.7305
spk_ver/v04/v0426	SES085	-5.69	-55.2965	-49.6065
spk_ver/v04/v0427	SES087	-2.72495	-52.7057	-49.9808
spk_ver/v04/v0428	SES162	1.35913	-49.3055	-50.6646
spk_ver/v04/v0429	SES087	-1.64422	-50.579	-48.9348
spk_ver/v04/v0430	SES087	-6.25697	-57.957	-51.7
spk_ver/v04/v0431	SES087	-17.6031	-68.8193	-51.2161
spk_ver/v04/v0432	SES087	-2.16022	-52.26	-50.0997
spk_ver/v04/v0433	SES087	-12.3418	-61.5106	-49.1688
spk_ver/v04/v0434	SES142	2.88541	-47.7437	-50.6291
spk_ver/v04/v0435	SES087	-13.0751	-64.3052	-51.2301
spk_ver/v04/v0436	SES099	1.2009	-47.9826	-49.1835
spk_ver/v04/v0437	SES087	-6.57682	-55.3852	-48.8084
spk_ver/v04/v0438	SES087	-8.28346	-58.8588	-50.5753
spk_ver/v04/v0439	SES087	-1.88515	-50.3249	-48.4398
spk_ver/v04/v0440	SES087	-8.40865	-58.2768	-49.8682
spk_ver/v04/v0441	SES087	-15.922	-66.6201	-50.6982
spk_ver/v04/v0442	SES187	2.18829	-49.3247	-51.513
spk_ver/v04/v0443	SES172	1.60719	-48.4781	-50.0853
spk_ver/v04/v0444	SES087	-3.17546	-52.4606	-49.2852
spk_ver/v04/v0445	SES087	-2.203	-51.1185	-48.9155
spk_ver/v04/v0446	SES087	-0.513927	-49.2809	-48.7669
spk_ver/v04/v0447	SES087	-1.26663	-50.5354	-49.2688
spk_ver/v04/v0448	SES106	1.98112	-48.3115	-50.2926
spk_ver/v04/v0449	SES146	0.705639	-49.8969	-50.6025
spk_ver/v04/v0450	SES087	-12.39	-63.0578	-50.6678
spk_ver/v04/v0451	SES087	-0.979565	-50.4918	-49.5122
spk_ver/v04/v0452	SES007	0.845497	-49.267	-50.1125
spk_ver/v04/v0453	SES087	-1.99117	-51.5822	-49.5911
spk_ver/v04/v0454	SES087	-11.2002	-62.0969	-50.8967
spk_ver/v04/v0455	SES180	0.736382	-49.5091	-50.2455
spk_ver/v04/v0456	SES099	-7.83176	-58.5993	-50.7675
spk_ver/v04/v0457	SES042	1.91174	-47.6728	-49.5845
spk_ver/v04/v0458	SES099	-0.326199	-50.2636	-49.9374
spk_ver/v04/v0459	SES099	-16.9138	-67.5315	-50.6177
spk_ver/v04/v0460	SES099	-9.89981	-62.2259	-52.3261
spk_ver/v04/v0461	SES099	-1.25926	-50.5492	-49.29
spk_ver/v04/v0462	SES082	1.80353	-47.4301	-49.2336
spk_ver/v04/v0463	SES099	-0.254116	-49.9543	-49.7002
spk_ver/v04/v0464	SES099	0.777565	-48.116	-48.8936
spk_ver/v04/v0465	SES099	-14.2729	-64.2474	-49.9745
spk_ver/v04/v0466	SES099	-0.500607	-49.8874	-49.3868
spk_ver/v04/v0467	SES099	-0.613895	-50.32	-49.7061
spk_ver/v04/v0468	SES129	2.14992	-47.706	-49.8559
spk_ver/v04/v0469	SES101	0.49778	-48.7157	-49.2135
spk_ver/v04/v0470	SES099	-10.0402	-61.3266	-51.2864
spk_ver/v04/v0471	SES172	0.850719	-49.1824	-50.0331
spk_ver/v04/v0472	SES099	-0.182415	-49.8228	-49.6404
spk_ver/v04/v0473	SES270	2.5912	-47.5175	-50.1087
spk_ver/v04/v0474	SES099	-4.51489	-54.118	-49.6031
spk_ver/v04/v0475	SES099	-3.06394	-52.1148	-49.0509
spk_ver/v04/v0476	SES099	-3.21859	-55.6947	-52.4761
spk_ver/v04/v0477	SES002	1.88478	-46.8139	-48.6987
spk_ver/v04/v0478	SES099	0.240063	-49.4569	-49.6969
spk_ver/v04/v0479	SES007	-0.823238	-51.175	-50.3518
spk_ver/v04/v0480	SES101	-4.8282	-53.2636	-48.4354
spk_ver/v04/v0481	SES101	-4.88324	-56.741	-51.8578
spk_ver/v04/v0482	SES175	0.556915	-50.0125	-50.5694
spk_ver/v04/v0483	SES101	-2.3662	-51.9969	-49.6308
spk_ver/v04/v0484	SES101	-4.55112	-53.0028	-48.4517
spk_ver/v04/v0485	SES101	-3.2738	-54.3702	-51.0964
spk_ver/v04/v0486	SES101	-1.93875	-53.9572	-52.0184
spk_ver/v04/v0487	SES101	-2.51609	-53.4484	-50.9323
spk_ver/v04/v0488	SES101	-4.76616	-55.0606	-50.2944
spk_ver/v04/v0489	SES147	0.845451	-51.1336	-51.979
spk_ver/v04/v0490	SES085	0.0159912	-50.5582	-50.5742
spk_ver/v04/v0491	SES101	-3.42073	-55.0633	-51.6426
spk_ver/v04/v0492	SES101	-4.68047	-56.2839	-51.6034
spk_ver/v04/v0493	SES101	-2.97251	-51.8524	-48.8799
spk_ver/v04/v0494	SES101	-2.49566	-54.3067	-51.811
spk_ver/v04/v0495	SES101	-1.77409	-50.292	-48.5179
spk_ver/v04/v0496	SES101	-3.30521	-53.577	-50.2718
spk_ver/v04/v0497	SES014	1.70354	-46.4321	-48.1356
spk_ver/v04/v0498	SES101	-3.49938	-53.5595	-50.0602
spk_ver/v04/v0499	SES101	-1.9624	-51.1927	-49.2303
spk_ver/v05/v0500	SES085	0.724365	-48.3266	-49.0509
spk_ver/v05/v0501	SES101	-5.93208	-55.6153	-49.6832
spk_ver/v05/v0502	SES275	0.863773	-49.2885	-50.1523
spk_ver/v05/v0503	SES117	1.04712	-50.3725	-51.4196
spk_ver/v05/v0504	SES101	-4.71676	-54.0694	-49.3526
spk_ver/v05/v0505	SES101	-1.77137	-51.6259	-49.8545
spk_ver/v05/v0506	SES101	-2.4254	-53.023	-50.5976
spk_ver/v05/v0507	SES048	1.06808	-48.0886	-49.1567
spk_ver/v05/v0508	SES117	0.888508	-51.1856	-52.0741
spk_ver/v05/v0509	SES202	2.4622	-47.6046	-50.0668
spk_ver/v05/v0510	SES104	-2.17411	-54.0754	-51.9013
spk_ver/v05/v0511	SES008	0.0647011	-50.7031	-50.7678
spk_ver/v05/v0512	SES104	-1.31372	-52.1381	-50.8244
spk_ver/v05/v0513	SES104	-1.47757	-50.112	-48.6344
spk_ver/v05/v0514	SES104	-12.7113	-61.3109	-48.5996
spk_ver/v05/v0515	SES104	-19.7653	-70.7481	-50.9828
spk_ver/v05/v0516	SES104	-1.53278	-53.1273	-51.5945
spk_ver/v05/v0517	SES060	0.324837	-47.6256	-47.9505
spk_ver/v05/v0518	SES104	-18.0272	-69.7725	-51.7453
spk_ver/v05/v0519	SES104	-19.1885	-70.072	-50.8836
spk_ver/v05/v0520	SES104	-0.744099	-49.2054	-48.4613
spk_ver/v05/v0521	SES008	1.23819	-47.4258	-48.664
spk_ver/v05/v0522	SES068	1.22718	-48.6344	-49.8615
spk_ver/v05/v0523	SES087	1.57402	-47.6948	-49.2688
spk_ver/v05/v0524	SES104	-1.96865	-51.6423	-49.6736
spk_ver/v05/v0525	SES104	-1.37604	-50.7278	-49.3517
spk_ver/v05/v0526	SES104	-1.6418	-51.2481	-49.6063
spk_ver/v05/v0527	SES083	0.376686	-49.0026	-49.3793
spk_ver/v05/v0528	SES148	1.33828	-48.8237	-50.1619
spk_ver/v05/v0529	SES104	-2.74754	-53.2481	-50.5006
spk_ver/v05/v0530	SES104	-12.8207	-62.8052	-49.9845
spk_ver/v05/v0531	SES125	1.2457	-48.1735	-49.4192
spk_ver/v05/v0532	SES104	-17.0475	-67.365	-50.3175
spk_ver/v05/v0533	SES149	2.68742	-46.3174	-49.0048
spk_ver/v05/v0534	SES104	-17.4128	-67.4392	-50.0264
spk_ver/v05/v0535	SES187	0.699562	-50.5118	-51.2113
spk_ver/v05/v0536	SES104	-2.84641	-52.28	-49.4336
spk_ver/v05/v0537	SES104	-2.03748	-51.8851	-49.8476
spk_ver/v05/v0538	SES167	1.75863	-48.6688	-50.4275
spk_ver/v05/v0539	SES104	-1.93271	-53.7025	-51.7698
spk_ver/v05/v0540	SES104	-15.4323	-63.8802	-48.448
spk_ver/v05/v0541	SES183	1.14543	-50.6234	-51.7689
spk_ver/v05/v0542	SES104	-1.23834	-51.2875	-50.0491
spk_ver/v05/v0543	SES104	-15.7283	-65.4783	-49.75
spk_ver/v05/v0544	SES105	-3.85011	-54.2061	-50.356
spk_ver/v05/v0545	SES105	-2.46607	-53.0837	-50.6177
spk_ver/v05/v0546	SES105	-2.99603	-52.5898	-49.5938
spk_ver/v05/v0547	SES105	-3.41134	-55.0712	-51.6598
spk_ver/v05/v0548	SES019	2.92097	-47.9956	-50.9165
spk_ver/v05/v0549	SES105	-2.43055	-52.8835	-50.453
spk_ver/v05/v0550	SES105	-3.57015	-54.8201	-51.25
spk_ver/v05/v0551	SES202	1.81039	-50.1059	-51.9163
spk_ver/v05/v0552	SES105	-4.03049	-54.9485	-50.9181
spk_ver/v05/v0553	SES105	-0.877541	-50.509	-49.6314
spk_ver/v05/v0554	SES105	-1.8	-50.8747	-49.0747
spk_ver/v05/v0555	SES105	-2.47097	-52.6123	-50.1413
spk_ver/v05/v0556	SES082	0.889576	-48.5325	-49.4221
spk_ver/v05/v0557	SES105	-3.29901	-52.6284	-49.3294
spk_ver/v05/v0558	SES014	1.61113	-47.162	-48.7731
spk_ver/v05/v0559	SES105	-1.70174	-51.7168	-50.0151
spk_ver/v05/v0560	SES177	-0.215302	-50.1668	-49.9515
spk_ver/v05/v0561	SES189	3.29912	-53.2019	-56.501
spk_ver/v05/v0562	SES105	-2.57787	-53.8464	-51.2685
spk_ver/v05/v0563	SES099	1.60226	-49.2417	-50.844
spk_ver/v05/v0564	SES105	-2.39635	-52.0055	-49.6091
spk_ver/v05/v0565	SES105	-3.5928	-53.3161	-49.7233
spk_ver/v05/v0566	SES105	-3.44744	-53.9237	-50.4762
spk_ver/v05/v0567	SES142	2.05111	-49.4635	-51.5146
spk_ver/v05/v0568	SES048	0.933971	-48.4997	-49.4337
spk_ver/v05/v0569	SES105	-4.02428	-53.5657	-49.5415
spk_ver/v05/v0570	SES105	-1.33062	-50.9817	-49.6511
spk_ver/v05/v0571	SES105	-3.7719	-54.7277	-50.9558
spk_ver/v05/v0572	SES105	-3.59352	-55.138	-51.5444
spk_ver/v05/v0573	SES105	-4.2762	-54.4318	-50.1556
spk_ver/v05/v0574	SES105	-1.79281	-52.21	-50.4172
spk_ver/v05/v0575	SES105	-2.24216	-53.3515	-51.1093
spk_ver/v05/v0576	SES106	-12.3962	-64.0906	-51.6944
spk_ver/v05/v0577	SES106	-5.01786	-56.2373	-51.2195
spk_ver/v05/v0578	SES106	-9.73454	-59.5851	-49.8506
spk_ver/v05/v0579	SES106	-10.7245	-60.0997	-49.3752
spk_ver/v05/v0580	SES106	-1.54374	-50.2723	-48.7286
spk_ver/v05/v0581	SES106	-14.3031	-65.0465	-50.7433
spk_ver/v05/v0582	SES106	-2.24986	-53.3168	-51.067
spk_ver/v05/v0583	SES106	-1.32608	-50.09	-48.7639
spk_ver/v05/v0584	SES106	-12.4081	-63.0273	-50.6192
spk_ver/v05/v0585	SES106	-0.827137	-52.8473	-52.0201
spk_ver/v05/v0586	SES106	-9.27016	-59.4981	-50.228
spk_ver/v05/v0587	SES106	-3.86746	-54.2048	-50.3373
spk_ver/v05/v0588	SES106	-8.92223	-58.0268	-49.1045
spk_ver/v05/v0589	SES106	-11.2488	-60.0748	-48.826
spk_ver/v05/v0590	SES082	0.894646	-49.0809	-49.9755
spk_ver/v05/v0591	SES180	0.679062	-49.5646	-50.2437
spk_ver/v05/v0592	SES106	-1.09283	-51.39	-50.2971
spk_ver/v05/v0593	SES106	-14.9616	-66.0874	-51.1257
spk_ver/v05/v0594	SES292	1.08831	-48.8034	-49.8917
spk_ver/v05/v0595	SES106	-1.5719	-51.9514	-50.3795
spk_ver/v05/v0596	SES106	-12.3878	-62.8219	-50.4342
spk_ver/v05/v0597	SES106	-11.128	-61.3239	-50.1959
spk_ver/v05/v0598	SES042	2.21004	-47.5335	-49.7436
spk_ver/v05/v0599	SES106	-10.9806	-61.9608	-50.9802
spk_ver/v06/v0600	SES106	-0.509342	-51.0184	-50.509
spk_ver/v06/v0601	SES106	-2.44207	-52.607	-50.1649
spk_ver/v06/v0602	SES106	-6.12638	-55.9235	-49.7972
spk_ver/v06/v0603	SES106	-12.9189	-63.6133	-50.6944
spk_ver/v06/v0604	SES106	-9.30194	-59.0922	-49.7903
spk_ver/v06/v0605	SES106	-11.5137	-64.0389	-52.5252
spk_ver/v06/v0606	SES048	1.87593	-47.3843	-49.2602
spk_ver/v06/v0607	SES167	1.83242	-47.6812	-49.5136
spk_ver/v06/v0608	SES106	-9.32173	-60.0801	-50.7584
spk_ver/v06/v0609	SES143	0.644875	-49.759	-50.4039
spk_ver/v06/v0610	SES106	-16.1163	-68.4573	-52.3409
spk_ver/v06/v0611	SES106	-7.31094	-57.9364	-50.6254
spk_ver/v06/v0612	SES106	-17.0078	-68.4364	-51.4286
spk_ver/v06/v0613	SES117	-0.791668	-50.975	-50.1833
spk_ver/v06/v0614	SES117	-5.06823	-54.7232	-49.655
spk_ver/v06/v0615	SES117	-1.5572	-52.0386	-50.4814
spk_ver/v06/v0616	SES106	1.92959	-46.2638	-48.1934
spk_ver/v06/v0617	SES142	3.28845	-48.7869	-52.0754
spk_ver/v06/v0618	SES048	1.70377	-47.5517	-49.2555
spk_ver/v06/v0619	SES175	1.2351	-49.8008	-51.0359
spk_ver/v06/v0620	SES180	0.832809	-49.1364	-49.9692
spk_ver/v06/v0621	SES117	-0.625702	-52.4797	-51.854
spk_ver/v06/v0622	SES029	0.205307	-50.2414	-50.4467
spk_ver/v06/v0623	SES117	-1.60592	-50.9744	-49.3685
spk_ver/v06/v0624	SES117	-3.94962	-54.1035	-50.1539
spk_ver/v06/v0625	SES117	-1.76265	-54.5175	-52.7549
spk_ver/v06/v0626	SES106	1.79353	-47.7913	-49.5848
spk_ver/v06/v0627	SES226	1.71475	-47.2335	-48.9482
spk_ver/v06/v0628	SES117	-0.119209	-50.5179	-50.3987
spk_ver/v06/v0629	SES117	-2.53236	-49.4197	-46.8874
spk_ver/v06/v0630	SES117	-3.93779	-53.2035	-49.2657
spk_ver/v06/v0631	SES117	-4.28765	-56.1731	-51.8855
spk_ver/v06/v0632	SES117	-1.24216	-50.3752	-49.133
spk_ver/v06/v0633	SES099	2.4552	-47.5355	-49.9907
spk_ver/v06/v0634	SES105	1.68114	-48.8415	-50.5226
spk_ver/v06/v0635	SES167	0.998917	-49.3014	-50.3003
spk_ver/v06/v0636	SES117	-0.0816803	-49.7265	-49.6448
spk_ver/v06/v0637	SES202	1.92014	-49.0483	-50.9684
spk_ver/v06/v0638	SES117	-2.11934	-51.6568	-49.5375
spk_ver/v06/v0639	SES167	1.29712	-49.097	-50.3941
spk_ver/v06/v0640	SES117	-1.82163	-51.8862	-50.0646
spk_ver/v06/v0641	SES117	-2.98358	-51.836	-48.8525
spk_ver/v06/v0642	SES101	0.740101	-48.3915	-49.1316
spk_ver/v06/v0643	SES068	0.941647	-48.7634	-49.7051
spk_ver/v06/v0644	SES120	-3.37131	-54.5711	-51.1998
spk_ver/v06/v0645	SES120	-1.89035	-53.5404	-51.6501
spk_ver/v06/v0646	SES172	0.883099	-49.4362	-50.3193
spk_ver/v06/v0647	SES120	-2.28053	-51.6648	-49.3843
spk_ver/v06/v0648	SES120	-0.825787	-49.8507	-49.0249
spk_ver/v06/v0649	SES120	-3.32422	-54.8043	-51.48
spk_ver/v06/v0650	SES087	1.87377	-48.0504	-49.9242
spk_ver/v06/v0651	SES120	-1.84302	-51.9885	-50.1454
spk_ver/v06/v0652	SES104	-1.26687	-52.0382	-50.7713
spk_ver/v06/v0653	SES129	1.67164	-47.6131	-49.2847
spk_ver/v06/v0654	SES120	-2.5113	-52.8864	-50.3751
spk_ver/v06/v0655	SES120	-2.12523	-52.5729	-50.4477
spk_ver/v06/v0656	SES120	-2.13451	-52.039	-49.9045
spk_ver/v06/v0657	SES147	1.28252	-50.3597	-51.6422
spk_ver/v06/v0658	SES120	-3.03909	-53.5192	-50.4801
spk_ver/v06/v0659	SES120	-2.48546	-51.599	-49.1136
spk_ver/v06/v0660	SES120	-1.13847	-50.7463	-49.6078
spk_ver/v06/v0661	SES120	-2.83212	-54.1271	-51.295
spk_ver/v06/v0662	SES120	-2.26276	-51.7961	-49.5333
spk_ver/v06/v0663	SES120	-2.57436	-54.4275	-51.8531
spk_ver/v06/v0664	SES147	1.66996	-49.3772	-51.0471
spk_ver/v06/v0665	SES162	1.2051	-49.7798	-50.9849
spk_ver/v06/v0666	SES120	-2.26628	-51.598	-49.3317
spk_ver/v06/v0667	SES120	-3.33505	-53.2367	-49.9017
spk_ver/v06/v0668	SES120	1.52833	-48.3069	-49.8352
spk_ver/v06/v0669	SES142	2.69706	-48.3598	-51.0569
spk_ver/v06/v0670	SES106	2.01571	-47.0126	-49.0283
spk_ver/v06/v0671	SES183	1.68013	-49.4148	-51.0949
spk_ver/v06/v0672	SES120	-2.88373	-53.1458	-50.2621
spk_ver/v06/v0673	SES029	0.340885	-50.1936	-50.5345
spk_ver/v06/v0674	SES120	-2.0919	-52.2529	-50.161
spk_ver/v06/v0675	SES008	1.65024	-47.9469	-49.5972
spk_ver/v06/v0676	SES125	-14.0059	-66.3221	-52.3162
spk_ver/v06/v0677	SES143	0.844929	-49.9233	-50.7682
spk_ver/v06/v0678	SES125	-11.8243	-63.8791	-52.0548
spk_ver/v06/v0679	SES162	0.165276	-49.8872	-50.0525
spk_ver/v06/v0680	SES125	-5.58358	-54.7368	-49.1532
spk_ver/v06/v0681	SES125	-2.24589	-51.6886	-49.4427
spk_ver/v06/v0682	SES125	-8.48748	-56.7439	-48.2564
spk_ver/v06/v0683	SES226	1.76032	-48.0285	-49.7889
spk_ver/v06/v0684	SES125	-11.099	-62.1532	-51.0542
spk_ver/v06/v0685	SES125	-12.8602	-62.6933	-49.8331
spk_ver/v06/v0686	SES120	0.598316	-48.4844	-49.0827
spk_ver/v06/v0687	SES125	-2.63429	-54.6297	-51.9954
spk_ver/v06/v0688	SES158	1.52819	-47.9845	-49.5126
spk_ver/v06/v0689	SES125	-6.30611	-57.6188	-51.3127
spk_ver/v06/v0690	SES105	1.58943	-48.8581	-50.4475
spk_ver/v06/v0691	SES125	-0.832314	-50.8753	-50.043
spk_ver/v06/v0692	SES125	-2.47174	-51.6	-49.1282
spk_ver/v06/v0693	SES180	1.19508	-48.8685	-50.0636
spk_ver/v06/v0694	SES125	-21.4208	-72.6924	-51.2715
spk_ver/v06/v0695	SES125	-1.91881	-51.1876	-49.2688
spk_ver/v06/v0696	SES125	-14.2069	-63.9627	-49.7558
spk_ver/v06/v0697	SES125	-16.6903	-68.3551	-51.6648
spk_ver/v06/v0698	SES083	0.912117	-48.1278	-49.04
spk_ver/v06/v0699	SES125	-13.7966	-64.3954	-50.5989
spk_ver/v07/v0700	SES014	1.94324	-46.9618	-48.905
spk_ver/v07/v0701	SES125	-7.60302	-56.742	-49.139
spk_ver/v07/v0702	SES127	-0.912231	-50.9402	-50.028
spk_ver/v07/v0703	SES127	-1.74269	-53.056	-51.3133
spk_ver/v07/v0704	SES206	1.71505	-47.1368	-48.8518
spk_ver/v07/v0705	SES127	-1.86033	-52.5877	-50.7274
spk_ver/v07/v0706	SES127	-3.72313	-54.0113	-50.2881
spk_ver/v07/v0707	SES127	-4.82373	-54.1822	-49.3585
spk_ver/v07/v0708	SES275	0.541821	-49.3864	-49.9282
spk_ver/v07/v0709	SES127	-2.85706	-53.5129	-50.6559
spk_ver/v07/v0710	SES105	0.898224	-49.6026	-50.5008
spk_ver/v07/v0711	SES127	-3.41725	-53.6832	-50.266
spk_ver/v07/v0712	SES127	-1.23118	-51.0435	-49.8124
spk_ver/v07/v0713	SES127	-3.55994	-53.6659	-50.106
spk_ver/v07/v0714	SES019	4.10912	-46.8392	-50.9483
spk_ver/v07/v0715	SES127	-2.63956	-54.7421	-52.1025
spk_ver/v07/v0716	SES148	0.8592	-48.8254	-49.6846
spk_ver/v07/v0717	SES162	1.12669	-48.7845	-49.9112
spk_ver/v07/v0718	SES189	1.30484	-50.9528	-52.2576
spk_ver/v07/v0719	SES149	0.549324	-48.0548	-48.6041
spk_ver/v07/v0720	SES175	1.26802	-49.4933	-50.7613
spk_ver/v07/v0721	SES127	-4.62374	-54.407	-49.7833
spk_ver/v07/v0722	SES127	-2.07013	-52.8978	-50.8277
spk_ver/v07/v0723	SES127	-2.47476	-52.608	-50.1333
spk_ver/v07/v0724	SES127	-2.78887	-53.4699	-50.681
spk_ver/v07/v0725	SES127	-2.72899	-53.4043	-50.6753
spk_ver/v07/v0726	SES259	1.85909	-47.4303	-49.2894
spk_ver/v07/v0727	SES127	-3.46627	-54.6178	-51.1516
spk_ver/v07/v0728	SES127	-0.705151	-49.3725	-48.6674
spk_ver/v07/v0729	SES127	-5.33998	-55.6901	-50.3501
spk_ver/v07/v0730	SES127	-2.35669	-53.8469	-51.4902
spk_ver/v07/v0731	SES129	-1.73169	-50.2691	-48.5374
spk_ver/v07/v0732	SES129	-3.40955	-54.0524	-50.6429
spk_ver/v07/v0733	SES129	-7.11166	-59.5442	-52.4326
spk_ver/v07/v0734	SES129	-11.4824	-63.6931	-52.2108
spk_ver/v07/v0735	SES183	1.2811	-48.9344	-50.2155
spk_ver/v07/v0736	SES129	-3.2942	-53.6894	-50.3952
spk_ver/v07/v0737	SES129	-2.70364	-53.715	-51.0114
spk_ver/v07/v0738	SES129	-5.59845	-55.7117	-50.1133
spk_ver/v07/v0739	SES129	-4.23226	-55.0929	-50.8607
spk_ver/v07/v0740	SES167	-0.366356	-49.8358	-49.4694
spk_ver/v07/v0741	SES129	-4.34029	-55.7678	-51.4276
spk_ver/v07/v0742	SES129	-3.48331	-51.6888	-48.2055
spk_ver/v07/v0743	SES129	-2.20247	-52.3594	-50.1569
spk_ver/v07/v0744	SES129	-4.78097	-57.1278	-52.3468
spk_ver/v07/v0745	SES180	1.02985	-49.3702	-50.4001
spk_ver/v07/v0746	SES129	-1.50367	-50.545	-49.0413
spk_ver/v07/v0747	SES292	0.285538	-49.119	-49.4045
spk_ver/v07/v0748	SES202	1.32593	-49.4761	-50.802
spk_ver/v07/v0749	SES270	1.14239	-48.3657	-49.5081
spk_ver/v07/v0750	SES129	-3.46539	-52.4643	-48.9989
spk_ver/v07/v0751	SES129	-3.90046	-52.4733	-48.5729
spk_ver/v07/v0752	SES060	-0.303223	-49.8931	-49.5899
spk_ver/v07/v0753	SES129	-3.25769	-54.2057	-50.948
spk_ver/v07/v0754	SES129	-9.64442	-63.0314	-53.387
spk_ver/v07/v0755	SES129	-4.33985	-55.6349	-51.295
spk_ver/v07/v0756	SES175	1.17362	-50.0002	-51.1738
spk_ver/v07/v0757	SES129	-5.21663	-55.4106	-50.194
spk_ver/v07/v0758	SES129	-5.91187	-56.0409	-50.1291
spk_ver/v07/v0759	SES129	-4.27405	-53.0542	-48.7801
spk_ver/v07/v0760	SES129	-3.61388	-53.5353	-49.9214
spk_ver/v07/v0761	SES129	-3.3159	-51.1721	-47.8562
spk_ver/v07/v0762	SES172	0.492386	-50.0149	-50.5073
spk_ver/v07/v0763	SES129	-4.97947	-56.3921	-51.4127
spk_ver/v07/v0764	SES129	-4.23137	-53.8472	-49.6158
spk_ver/v07/v0765	SES175	0.928551	-50.5817	-51.5103
spk_ver/v07/v0766	SES129	-4.48229	-53.2498	-48.7675
spk_ver/v07/v0767	SES129	-2.97269	-53.576	-50.6033
spk_ver/v07/v0768	SES042	2.36407	-46.7149	-49.079
spk_ver/v07/v0769	SES099	1.39641	-49.0248	-50.4212
spk_ver/v07/v0770	SES142	-5.39658	-56.2734	-50.8768
spk_ver/v07/v0771	SES142	-4.94027	-54.4282	-49.4879
spk_ver/v07/v0772	SES101	0.615871	-48.6723	-49.2882
spk_ver/v07/v0773	SES142	-10.3174	-60.8189	-50.5015
spk_ver/v07/v0774	SES142	-5.30859	-57.1553	-51.8468
spk_ver/v07/v0775	SES142	-2.30996	-53.1605	-50.8505
spk_ver/v07/v0776	SES142	-3.70173	-52.6343	-48.9326
spk_ver/v07/v0777	SES142	-4.27109	-54.8287	-50.5577
spk_ver/v07/v0778	SES142	-1.92122	-53.3528	-51.4316
spk_ver/v07/v0779	SES142	-10.3008	-60.0238	-49.723
spk_ver/v07/v0780	SES142	-4.09699	-55.5043	-51.4073
spk_ver/v07/v0781	SES142	-7.8983	-57.8004	-49.9021
spk_ver/v07/v0782	SES101	0.92654	-49.2884	-50.2149
spk_ver/v07/v0783	SES142	-4.80129	-54.6078	-49.8065
spk_ver/v07/v0784	SES187	1.91738	-48.6806	-50.598
spk_ver/v07/v0785	SES143	0.457367	-51.0505	-51.5079
spk_ver/v07/v0786	SES142	-3.89846	-54.6636	-50.7651
spk_ver/v07/v0787	SES144	0.434742	-49.6168	-50.0515
spk_ver/v07/v0788	SES275	0.398197	-49.6537	-50.0519
spk_ver/v07/v0789	SES142	-3.45327	-53.3967	-49.9434
spk_ver/v07/v0790	SES099	1.67017	-47.2858	-48.956
spk_ver/v07/v0791	SES142	-8.23141	-58.9971	-50.7657
spk_ver/v07/v0792	SES142	-4.28456	-52.2187	-47.9341
spk_ver/v07/v0793	SES142	-7.34525	-57.3775	-50.0323
spk_ver/v07/v0794	SES014	1.23785	-47.0476	-48.2854
spk_ver/v07/v0795	SES142	-6.71154	-55.9249	-49.2134
spk_ver/v07/v0796	SES142	-4.59709	-53.9701	-49.3731
spk_ver/v07/v0797	SES143	-0.932713	-50.1628	-49.2301
spk_ver/v07/v0798	SES206	1.13813	-47.0697	-48.2078
spk_ver/v07/v0799	SES143	-5.9447	-56.5795	-50.6348
spk_ver/v08/v0800	SES143	-1.85297	-52.7431	-50.8902
spk_ver/v08/v0801	SES143	-1.31206	-50.3351	-49.023
spk_ver/v08/v0802	SES143	-3.40577	-53.3698	-49.964
spk_ver/v08/v0803	SES143	-4.50368	-54.2474	-49.7438
spk_ver/v08/v0804	SES143	-4.14274	-54.8163	-50.6736
spk_ver/v08/v0805	SES143	-4.28529	-54.8418	-50.5565
spk_ver/v08/v0806	SES143	-4.07386	-55.3238	-51.2499
spk_ver/v08/v0807	SES177	-0.0505295	-49.7006	-49.65
spk_ver/v08/v0808	SES149	1.34569	-47.7147	-49.0604
spk_ver/v08/v0809	SES143	-6.80294	-55.9396	-49.1367
spk_ver/v08/v0810	SES158	1.32826	-48.9535	-50.2818
spk_ver/v08/v0811	SES143	-3.46273	-57.281	-53.8183
spk_ver/v08/v0812	SES062	1.25414	-47.4384	-48.6925
spk_ver/v08/v0813	SES259	1.41356	-47.5612	-48.9748
spk_ver/v08/v0814	SES143	-7.01455	-55.1625	-48.1479
spk_ver/v08/v0815	SES143	-6.11791	-55.9594	-49.8415
spk_ver/v08/v0816	SES143	-1.74439	-51.5444	-49.8
spk_ver/v08/v0817	SES144	0.9175	-49.7644	-50.6819
spk_ver/v08/v0818	SES143	-2.29147	-52.9354	-50.6439
spk_ver/v08/v0819	SES143	-2.72021	-52.6975	-49.9773
spk_ver/v08/v0820	SES143	-0.768688	-49.1626	-48.3939
spk_ver/v08/v0821	SES143	-2.56744	-53.2081	-50.6407
spk_ver/v08/v0822	SES143	-4.37125	-53.859	-49.4878
spk_ver/v08/v0823	SES104	1.64274	-47.4696	-49.1123
spk_ver/v08/v0824	SES143	-3.46634	-53.5919	-50.1256
spk_ver/v08/v0825	SES143	-4.35166	-53.7466	-49.395
spk_ver/v08/v0826	SES144	-5.68192	-55.0175	-49.3356
spk_ver/v08/v0827	SES144	-2.17188	-52.1978	-50.0259
spk_ver/v08/v0828	SES144	-0.478607	-49.7309	-49.2523
spk_ver/v08/v0829	SES172	0.348621	-49.9723	-50.3209
spk_ver/v08/v0830	SES144	-0.591122	-50.8717	-50.2806
spk_ver/v08/v0831	SES183	0.974075	-49.9213	-50.8954
spk_ver/v08/v0832	SES144	-3.71859	-54.6305	-50.9119
spk_ver/v08/v0833	SES144	-5.09074	-53.8935	-48.8028
spk_ver/v08/v0834	SES144	-0.95993	-51.3225	-50.3626
spk_ver/v08/v0835	SES144	-2.7221	-53.596	-50.8739
spk_ver/v08/v0836	SES144	-2.70994	-53.1637	-50.4537
spk_ver/v08/v0837	SES144	-2.85429	-51.3729	-48.5186
spk_ver/v08/v0838	SES144	-3.05455	-54.7123	-51.6577
spk_ver/v08/v0839	SES085	0.41127	-49.387	-49.7983
spk_ver/v08/v0840	SES144	-0.46233	-50.829	-50.3667
spk_ver/v08/v0841	SES144	-5.10805	-56.7785	-51.6704
spk_ver/v08/v0842	SES144	-4.72185	-54.0324	-49.3105
spk_ver/v08/v0843	SES144	-0.733456	-50.4235	-49.69
spk_ver/v08/v0844	SES144	-3.03596	-52.585	-49.5491
spk_ver/v08/v0845	SES144	-4.14542	-52.9901	-48.8446
spk_ver/v08/v0846	SES104	0.613495	-48.838	-49.4515
spk_ver/v08/v0847	SES144	-1.87848	-52.5475	-50.669
spk_ver/v08/v0848	SES144	-2.44462	-55.5704	-53.1258
spk_ver/v08/v0849	SES144	-5.47068	-54.8304	-49.3597
spk_ver/v08/v0850	SES144	-4.72834	-53.1004	-48.3721
spk_ver/v08/v0851	SES144	-2.0577	-50.9651	-48.9074
spk_ver/v08/v0852	SES144	-0.764301	-50.261	-49.4967
spk_ver/v08/v0853	SES144	-5.02641	-54.2708	-49.2444
spk_ver/v08/v0854	SES144	-1.05357	-51.5896	-50.536
spk_ver/v08/v0855	SES144	-0.329365	-49.0297	-48.7003
spk_ver/v08/v0856	SES082	-0.250549	-52.4394	-52.1888
spk_ver/v08/v0857	SES142	2.39898	-48.2615	-50.6604
spk_ver/v08/v0858	SES144	-0.662704	-52.5964	-51.9336
spk_ver/v08/v0859	SES144	-0.983814	-51.8273	-50.8435
spk_ver/v08/v0860	SES146	-3.42975	-53.5692	-50.1395
spk_ver/v08/v0861	SES146	-3.46824	-53.5301	-50.0619
spk_ver/v08/v0862	SES146	-3.66166	-53.4427	-49.781
spk_ver/v08/v0863	SES146	-2.78656	-54.3839	-51.5974
spk_ver/v08/v0864	SES146	-3.24087	-51.6962	-48.4553
spk_ver/v08/v0865	SES008	1.98642	-47.4578	-49.4442
spk_ver/v08/v0866	SES142	1.16904	-49.6538	-50.8229
spk_ver/v08/v0867	SES146	-2.58426	-51.3763	-48.7921
spk_ver/v08/v0868	SES082	1.88151	-46.6351	-48.5166
spk_ver/v08/v0869	SES146	-1.67576	-50.3777	-48.7019
spk_ver/v08/v0870	SES146	-3.28011	-54.2186	-50.9385
spk_ver/v08/v0871	SES146	-3.92102	-54.0018	-50.0808
spk_ver/v08/v0872	SES146	-4.65997	-55.6766	-51.0166
spk_ver/v08/v0873	SES082	1.2031	-46.9615	-48.1646
spk_ver/v08/v0874	SES146	-3.32355	-55.0731	-51.7496
spk_ver/v08/v0875	SES144	0.204464	-50.689	-50.8935
spk_ver/v08/v0876	SES146	-2.48537	-49.1242	-46.6389
spk_ver/v08/v0877	SES146	-2.92565	-52.4736	-49.5479
spk_ver/v08/v0878	SES146	-2.48614	-52.6449	-50.1587
spk_ver/v08/v0879	SES146	-3.44997	-53.783	-50.3331
spk_ver/v08/v0880	SES146	-3.53682	-54.7141	-51.1773
spk_ver/v08/v0881	SES143	0.988956	-49.8502	-50.8391
spk_ver/v08/v0882	SES146	-1.23336	-51.5437	-50.3104
spk_ver/v08/v0883	SES147	-2.51394	-51.6893	-49.1753
spk_ver/v08/v0884	SES147	-1.31043	-51.3852	-50.0748
spk_ver/v08/v0885	SES016	0.572807	-49.1369	-49.7097
spk_ver/v08/v0886	SES147	-1.82541	-52.9777	-51.1523
spk_ver/v08/v0887	SES147	-2.36042	-52.9463	-50.5859
spk_ver/v08/v0888	SES147	-2.18988	-53.749	-51.5591
spk_ver/v08/v0889	SES019	1.39877	-48.8583	-50.257
spk_ver/v08/v0890	SES147	-3.09097	-54.2911	-51.2002
spk_ver/v08/v0891	SES147	-3.8308	-53.5985	-49.7677
spk_ver/v08/v0892	SES147	-3.64014	-54.4787	-50.8386
spk_ver/v08/v0893	SES270	1.98175	-49.3964	-51.3781
spk_ver/v08/v0894	SES029	1.02846	-49.6722	-50.7006
spk_ver/v08/v0895	SES147	-2.84754	-55.4859	-52.6384
spk_ver/v08/v0896	SES117	1.02443	-50.3523	-51.3767
spk_ver/v08/v0897	SES183	1.37027	-50.5038	-51.874
spk_ver/v08/v0898	SES147	-4.27396	-53.3351	-49.0611
spk_ver/v08/v0899	SES147	-4.55639	-56.7049	-52.1485
spk_ver/v09/v0900	SES087	1.5635	-47.7793	-49.3428
spk_ver/v09/v0901	SES147	-5.94062	-56.5467	-50.6061
spk_ver/v09/v0902	SES147	-4.47393	-53.9561	-49.4822
spk_ver/v09/v0903	SES147	-2.24125	-52.7399	-50.4987
spk_ver/v09/v0904	SES147	-3.12882	-52.3977	-49.2689
spk_ver/v09/v0905	SES143	1.16298	-49.6286	-50.7916
spk_ver/v09/v0906	SES149	0.64127	-48.0517	-48.693
spk_ver/v09/v0907	SES148	-1.08274	-50.611	-49.5283
spk_ver/v09/v0908	SES148	-0.731697	-50.5804	-49.8487
spk_ver/v09/v0909	SES106	1.8294	-48.6383	-50.4677
spk_ver/v09/v0910	SES148	-0.882206	-52.4549	-51.5727
spk_ver/v09/v0911	SES148	-3.40245	-53.358	-49.9556
spk_ver/v09/v0912	SES142	1.05244	-50.0815	-51.134
spk_ver/v09/v0913	SES148	-4.72488	-55.1193	-50.3944
spk_ver/v09/v0914	SES148	-3.21934	-53.0826	-49.8633
spk_ver/v09/v0915	SES148	-2.81572	-54.9848	-52.1691
spk_ver/v09/v0916	SES148	-2.90242	-54.6017	-51.6993
spk_ver/v09/v0917	SES148	0.955875	-49.3264	-50.2823
spk_ver/v09/v0918	SES148	-0.744804	-50.1375	-49.3927
spk_ver/v09/v0919	SES270	1.27994	-49.1711	-50.451
spk_ver/v09/v0920	SES148	-1.92682	-50.8241	-48.8973
spk_ver/v09/v0921	SES148	-3.03892	-52.4361	-49.3972
spk_ver/v09/v0922	SES129	1.16343	-47.8505	-49.0139
spk_ver/v09/v0923	SES117	1.23822	-49.18	-50.4182
spk_ver/v09/v0924	SES042	3.16899	-46.1199	-49.2889
spk_ver/v09/v0925	SES148	-3.94541	-55.3012	-51.3558
spk_ver/v09/v0926	SES148	-4.22592	-55.5233	-51.2974
spk_ver/v09/v0927	SES144	0.846581	-49.5356	-50.3822
spk_ver/v09/v0928	SES007	0.490898	-49.8908	-50.3817
spk_ver/v09/v0929	SES148	-2.19242	-51.1261	-48.9337
spk_ver/v09/v0930	SES148	-1.47976	-50.9858	-49.506
spk_ver/v09/v0931	SES148	-2.77932	-54.5976	-51.8183
spk_ver/v09/v0932	SES202	1.92006	-48.2795	-50.1995
spk_ver/v09/v0933	SES148	-0.416897	-49.6322	-49.2153
spk_ver/v09/v0934	SES148	-3.7552	-52.2512	-48.496
spk_ver/v09/v0935	SES060	1.08161	-47.8426	-48.9242
spk_ver/v09/v0936	SES060	1.53639	-48.5158	-50.0522
spk_ver/v09/v0937	SES148	-1.81231	-51.4963	-49.684
spk_ver/v09/v0938	SES148	-2.45692	-53.0315	-50.5746
spk_ver/v09/v0939	SES148	-2.77291	-51.7015	-48.9286
spk_ver/v09/v0940	SES148	-3.16375	-51.8922	-48.7285
spk_ver/v09/v0941	SES149	-4.0205	-54.5196	-50.4991
spk_ver/v09/v0942	SES149	-9.44789	-58.1351	-48.6872
spk_ver/v09/v0943	SES149	-9.38971	-60.3159	-50.9262
spk_ver/v09/v0944	SES149	-1.53785	-51.3604	-49.8225
spk_ver/v09/v0945	SES105	0.552666	-49.0382	-49.5908
spk_ver/v09/v0946	SES149	-3.16194	-52.1	-48.9381
spk_ver/v09/v0947	SES149	-7.97783	-59.9896	-52.0118
spk_ver/v09/v0948	SES149	-9.97421	-59.4029	-49.4287
spk_ver/v09/v0949	SES149	-7.11132	-55.374	-48.2627
spk_ver/v09/v0950	SES226	1.39768	-47.6136	-49.0113
spk_ver/v09/v0951	SES149	-10.0348	-61.1826	-51.1478
spk_ver/v09/v0952	SES149	-3.80891	-53.8225	-50.0136
spk_ver/v09/v0953	SES062	0.738525	-48.2118	-48.9503
spk_ver/v09/v0954	SES149	-10.9763	-61.9697	-50.9934
spk_ver/v09/v0955	SES048	0.329185	-48.7415	-49.0707
spk_ver/v09/v0956	SES158	-0.996471	-50.5682	-49.5717
spk_ver/v09/v0957	SES158	-6.20932	-58.3804	-52.1711
spk_ver/v09/v0958	SES158	-0.517353	-49.0219	-48.5045
spk_ver/v09/v0959	SES158	-1.32453	-50.6646	-49.3401
spk_ver/v09/v0960	SES158	-9.4239	-60.7393	-51.3154
spk_ver/v09/v0961	SES147	1.49363	-50.1241	-51.6177
spk_ver/v09/v0962	SES158	-13.7145	-64.9893	-51.2748
spk_ver/v09/v0963	SES292	0.866673	-49.0926	-49.9592
spk_ver/v09/v0964	SES060	0.780785	-48.4049	-49.1856
spk_ver/v09/v0965	SES002	1.42847	-48.2756	-49.7041
spk_ver/v09/v0966	SES149	2.06613	-46.9774	-49.0435
spk_ver/v09/v0967	SES158	-10.0959	-61.4312	-51.3353
spk_ver/v09/v0968	SES158	-1.8852	-51.4644	-49.5792
spk_ver/v09/v0969	SES275	-0.553848	-51.6437	-51.0898
spk_ver/v09/v0970	SES158	-10.6525	-60.4246	-49.7722
spk_ver/v09/v0971	SES158	-9.79753	-59.9437	-50.1462
spk_ver/v09/v0972	SES002	1.50193	-47.2748	-48.7768
spk_ver/v09/v0973	SES158	-11.4562	-61.3144	-49.8582
spk_ver/v09/v0974	SES202	1.46144	-48.9055	-50.3669
spk_ver/v09/v0975	SES158	-13.9595	-65.7107	-51.7512
spk_ver/v09/v0976	SES158	0.0502701	-49.3714	-49.4217
spk_ver/v09/v0977	SES162	-1.49085	-51.4211	-49.9302
spk_ver/v09/v0978	SES162	-6.90755	-57.8091	-50.9015
spk_ver/v09/v0979	SES162	-6.49963	-56.3145	-49.8149
spk_ver/v09/v0980	SES162	-1.69743	-53.003	-51.3056
spk_ver/v09/v0981	SES162	-3.23341	-54.6621	-51.4287
spk_ver/v09/v0982	SES259	1.8906	-47.2075	-49.0981
spk_ver/v09/v0983	SES162	-4.31426	-57.224	-52.9097
spk_ver/v09/v0984	SES162	-1.53624	-50.4956	-48.9594
spk_ver/v09/v0985	SES162	-1.46993	-51.3104	-49.8405
spk_ver/v09/v0986	SES062	0.783245	-47.8797	-48.6629
spk_ver/v09/v0987	SES162	-1.05208	-51.5882	-50.5361
spk_ver/v09/v0988	SES162	-4.82241	-54.1776	-49.3552
spk_ver/v09/v0989	SES162	-4.90172	-56.6616	-51.7599
spk_ver/v09/v0990	SES162	-3.87016	-53.3592	-49.489
spk_ver/v09/v0991	SES087	1.91415	-47.6999	-49.6141
spk_ver/v09/v0992	SES120	0.133724	-50.2623	-50.396
spk_ver/v09/v0993	SES162	-4.63847	-53.8447	-49.2062
spk_ver/v09/v0994	SES162	-1.42397	-51.3399	-49.9159
spk_ver/v09/v0995	SES162	-4.66025	-52.7491	-48.0889
spk_ver/v09/v0996	SES162	-2.04541	-50.3252	-48.2798
spk_ver/v09/v0997	SES162	-6.51035	-55.9046	-49.3942
spk_ver/v09/v0998	SES162	-4.05559	-56.0103	-51.9547
spk_ver/v09/v0999	SES162	-1.51653	-49.7613	-48.2448
spk_ver/v10/v1000	SES162	-4.39326	-53.8851	-49.4918
spk_ver/v10/v1001	SES148	1.24702	-49.6696	-50.9166
spk_ver/v10/v1002	SES162	-0.516865	-51.7694	-51.2525
spk_ver/v10/v1003	SES162	-1.94168	-52.3473	-50.4056
spk_ver/v10/v1004	SES162	-2.75058	-54.3981	-51.6475
spk_ver/v10/v1005	SES162	-3.722	-54.6722	-50.9502
spk_ver/v10/v1006	SES162	-3.70106	-53.7729	-50.0718
spk_ver/v10/v1007	SES162	-2.03093	-53.3611	-51.3302
spk_ver/v10/v1008	SES162	-3.72834	-55.8558	-52.1275
spk_ver/v10/v1009	SES162	-5.65294	-54.7879	-49.1349
spk_ver/v10/v1010	SES167	-4.16021	-54.7841	-50.6239
spk_ver/v10/v1011	SES167	-0.69371	-51.2374	-50.5437
spk_ver/v10/v1012	SES167	-2.16342	-53.3264	-51.163
spk_ver/v10/v1013	SES167	-7.869	-57.4685	-49.5995
spk_ver/v10/v1014	SES167	-1.36891	-49.8657	-48.4968
spk_ver/v10/v1015	SES167	-1.35373	-51.1981	-49.8444
spk_ver/v10/v1016	SES167	-0.852451	-51.1935	-50.341
spk_ver/v10/v1017	SES167	-1.58851	-52.1031	-50.5146
spk_ver/v10/v1018	SES167	-3.82762	-53.9742	-50.1465
spk_ver/v10/v1019	SES167	-2.33101	-52.4683	-50.1373
spk_ver/v10/v1020	SES167	-6.69989	-56.6262	-49.9263
spk_ver/v10/v1021	SES167	-1.62138	-53.9259	-52.3046
spk_ver/v10/v1022	SES167	-4.43179	-54.6097	-50.1779
spk_ver/v10/v1023	SES167	-5.37101	-56.6627	-51.2916
spk_ver/v10/v1024	SES167	-5.0009	-57.8241	-52.8232
spk_ver/v10/v1025	SES167	-1.62204	-50.6268	-49.0047
spk_ver/v10/v1026	SES167	-2.16757	-52.5438	-50.3762
spk_ver/v10/v1027	SES167	-1.57528	-50.8635	-49.2882
spk_ver/v10/v1028	SES167	-6.592	-56.2974	-49.7054
spk_ver/v10/v1029	SES167	-4.31826	-54.8085	-50.4902
spk_ver/v10/v1030	SES167	-4.27052	-53.4014	-49.1308
spk_ver/v10/v1031	SES167	-6.26558	-56.1644	-49.8988
spk_ver/v10/v1032	SES167	-6.02667	-54.1402	-48.1136
spk_ver/v10/v1033	SES167	-6.54158	-54.8219	-48.2804
spk_ver/v10/v1034	SES002	1.75107	-46.5054	-48.2565
spk_ver/v10/v1035	SES167	-2.20224	-51.4616	-49.2594
spk_ver/v10/v1036	SES083	0.871746	-48.9598	-49.8315
spk_ver/v10/v1037	SES167	-2.13763	-52.915	-50.7774
spk_ver/v10/v1038	SES167	-3.00162	-55.6198	-52.6182
spk_ver/v10/v1039	SES167	-1.28429	-52.2698	-50.9855
spk_ver/v10/v1040	SES167	-6.79466	-57.857	-51.0623
spk_ver/v10/v1041	SES167	-1.19787	-52.3153	-51.1175
spk_ver/v10/v1042	SES087	1.74705	-48.5598	-50.3069
spk_ver/v10/v1043	SES029	0.874313	-49.1194	-49.9938
spk_ver/v10/v1044	SES206	0.880417	-47.8281	-48.7085
spk_ver/v10/v1045	SES172	-4.01185	-54.4686	-50.4567
spk_ver/v10/v1046	SES172	0.955814	-48.727	-49.6828
spk_ver/v10/v1047	SES172	-1.99524	-51.4764	-49.4812
spk_ver/v10/v1048	SES259	2.65	-46.1818	-48.8318
spk_ver/v10/v1049	SES172	-4.90162	-53.3741	-48.4724
spk_ver/v10/v1050	SES120	0.970985	-50.1136	-51.0846
spk_ver/v10/v1051	SES172	-2.71498	-52.4583	-49.7433
spk_ver/v10/v1052	SES172	-4.02197	-54.8938	-50.8718
spk_ver/v10/v1053	SES172	-5.10342	-56.0126	-50.9092
spk_ver/v10/v1054	SES172	-3.33397	-53.8265	-50.4925
spk_ver/v10/v1055	SES189	2.33061	-51.2095	-53.5402
spk_ver/v10/v1056	SES172	-4.86819	-54.4235	-49.5553
spk_ver/v10/v1057	SES172	-1.76028	-51.5609	-49.8006
spk_ver/v10/v1058	SES172	-2.79003	-53.0844	-50.2943
spk_ver/v10/v1059	SES172	-2.03871	-51.7101	-49.6714
spk_ver/v10/v1060	SES029	0.498638	-48.8863	-49.385
spk_ver/v10/v1061	SES175	-9.09138	-59.4561	-50.3647
spk_ver/v10/v1062	SES187	0.349007	-48.784	-49.133
spk_ver/v10/v1063	SES019	2.94967	-48.4516	-51.4013
spk_ver/v10/v1064	SES175	-6.61592	-56.3009	-49.6849
spk_ver/v10/v1065	SES175	-7.69694	-57.1122	-49.4153
spk_ver/v10/v1066	SES175	-8.17703	-59.5313	-51.3543
spk_ver/v10/v1067	SES175	-2.38546	-53.2112	-50.8257
spk_ver/v10/v1068	SES175	-5.43583	-55.2708	-49.8349
spk_ver/v10/v1069	SES016	2.38807	-47.1739	-49.562
spk_ver/v10/v1070	SES175	-3.69861	-55.2887	-51.5901
spk_ver/v10/v1071	SES175	-2.09426	-50.2717	-48.1775
spk_ver/v10/v1072	SES175	-6.88559	-56.7125	-49.8269
spk_ver/v10/v1073	SES029	0.186104	-49.6055	-49.7916
spk_ver/v10/v1074	SES175	-4.79712	-54.789	-49.9919
spk_ver/v10/v1075	SES175	-1.36071	-50.3938	-49.0331
spk_ver/v10/v1076	SES175	-0.852226	-49.579	-48.7268
spk_ver/v10/v1077	SES175	-5.57688	-54.132	-48.5551
spk_ver/v10/v1078	SES127	1.30784	-47.6057	-48.9135
spk_ver/v10/v1079	SES175	-4.85934	-53.0476	-48.1882
spk_ver/v10/v1080	SES175	-2.34715	-53.6066	-51.2595
spk_ver/v10/v1081	SES175	-5.74593	-55.5592	-49.8132
spk_ver/v10/v1082	SES175	-4.21665	-53.3012	-49.0845
spk_ver/v10/v1083	SES007	0.927269	-49.6559	-50.5832
spk_ver/v10/v1084	SES068	0.742004	-48.2736	-49.0156
spk_ver/v10/v1085	SES008	1.55114	-47.2984	-48.8496
spk_ver/v10/v1086	SES175	-1.27759	-50.1905	-48.9129
spk_ver/v10/v1087	SES175	-4.03447	-54.0716	-50.0371
spk_ver/v10/v1088	SES008	1.48521	-48.1217	-49.6069
spk_ver/v10/v1089	SES177	-2.84548	-50.9884	-48.1429
spk_ver/v10/v1090	SES177	-3.45355	-52.6126	-49.1591
spk_ver/v10/v1091	SES177	-4.89242	-55.3444	-50.452
spk_ver/v10/v1092	SES177	-1.04596	-51.103	-50.0571
spk_ver/v10/v1093	SES177	-6.26931	-55.8887	-49.6194
spk_ver/v10/v1094	SES002	1.41438	-47.4373	-48.8517
spk_ver/v10/v1095	SES104	0.986626	-48.3631	-49.3497
spk_ver/v10/v1096	SES177	-1.33411	-51.3368	-50.0027
spk_ver/v10/v1097	SES177	-2.84382	-54.4758	-51.632
spk_ver/v10/v1098	SES177	-2.47658	-51.671	-49.1944
spk_ver/v10/v1099	SES177	-0.48399	-50.5659	-50.0819
spk_ver/v11/v1100	SES177	-4.41333	-54.3982	-49.9849
spk_ver/v11/v1101	SES085	0.430744	-49.3452	-49.776
spk_ver/v11/v1102	SES187	1.11621	-49.3875	-50.5037
spk_ver/v11/v1103	SES177	-1.86061	-52.741	-50.8804
spk_ver/v11/v1104	SES177	1.14009	-48.1411	-49.2812
spk_ver/v11/v1105	SES177	-0.41991	-49.5837	-49.1638
spk_ver/v11/v1106	SES177	-2.48228	-52.1951	-49.7129
spk_ver/v11/v1107	SES177	-0.805168	-50.855	-50.0498
spk_ver/v11/v1108	SES177	-0.574711	-50.6418	-50.0671
spk_ver/v11/v1109	SES125	1.42228	-47.4389	-48.8611
spk_ver/v11/v1110	SES177	-3.52395	-52.9217	-49.3978
spk_ver/v11/v1111	SES177	-2.04198	-51.4727	-49.4307
spk_ver/v11/v1112	SES177	-3.30302	-52.8422	-49.5392
spk_ver/v11/v1113	SES177	-5.69489	-54.4014	-48.7065
spk_ver/v11/v1114	SES177	-2.16833	-53.591	-51.4227
spk_ver/v11/v1115	SES177	-2.21854	-53.3264	-51.1079
spk_ver/v11/v1116	SES085	1.06908	-47.8784	-48.9475
spk_ver/v11/v1117	SES147	1.12118	-49.6254	-50.7466
spk_ver/v11/v1118	SES177	-0.603249	-51.2519	-50.6487
spk_ver/v11/v1119	SES177	-3.80247	-53.2024	-49.3999
spk_ver/v11/v1120	SES180	-6.48056	-56.5567	-50.0761
spk_ver/v11/v1121	SES189	1.28894	-50.6689	-51.9578
spk_ver/v11/v1122	SES117	0.811012	-51.9921	-52.8031
spk_ver/v11/v1123	SES129	2.37496	-46.7873	-49.1622
spk_ver/v11/v1124	SES180	-2.62759	-52.7229	-50.0953
spk_ver/v11/v1125	SES180	-1.03287	-50.0977	-49.0649
spk_ver/v11/v1126	SES180	-1.21222	-51.0332	-49.821
spk_ver/v11/v1127	SES180	-1.94372	-52.3207	-50.377
spk_ver/v11/v1128	SES016	1.18034	-49.8025	-50.9828
spk_ver/v11/v1129	SES158	1.02678	-48.2605	-49.2873
spk_ver/v11/v1130	SES180	-2.94825	-52.8864	-49.9382
spk_ver/v11/v1131	SES180	-4.21646	-52.314	-48.0975
spk_ver/v11/v1132	SES180	-2.23324	-54.1698	-51.9366
spk_ver/v11/v1133	SES180	-4.14518	-53.1589	-49.0137
spk_ver/v11/v1134	SES180	-2.0632	-53.179	-51.1158
spk_ver/v11/v1135	SES180	-1.09409	-50.0391	-48.945
spk_ver/v11/v1136	SES180	-6.58384	-57.6793	-51.0954
spk_ver/v11/v1137	SES148	0.346569	-48.8831	-49.2297
spk_ver/v11/v1138	SES104	1.5797	-46.3826	-47.9623
spk_ver/v11/v1139	SES180	-5.6309	-56.0449	-50.414
spk_ver/v11/v1140	SES083	1.01942	-48.9324	-49.9518
spk_ver/v11/v1141	SES180	-5.05127	-55.0268	-49.9755
spk_ver/v11/v1142	SES180	-2.46228	-52.9567	-50.4944
spk_ver/v11/v1143	SES180	-3.0879	-54.538	-51.4501
spk_ver/v11/v1144	SES099	1.52674	-48.6892	-50.2159
spk_ver/v11/v1145	SES180	-2.44891	-52.8456	-50.3967
spk_ver/v11/v1146	SES183	-3.14981	-53.3554	-50.2055
spk_ver/v11/v1147	SES183	-1.33989	-51.0277	-49.6878
spk_ver/v11/v1148	SES183	-4.62117	-56.03	-51.4088
spk_ver/v11/v1149	SES183	-5.86093	-55.1527	-49.2918
spk_ver/v11/v1150	SES183	-4.95522	-54.9022	-49.947
spk_ver/v11/v1151	SES082	1.73149	-47.6101	-49.3416
spk_ver/v11/v1152	SES183	-2.37642	-54.1541	-51.7777
spk_ver/v11/v1153	SES183	-2.59549	-52.6135	-50.018
spk_ver/v11/v1154	SES002	1.99873	-46.2798	-48.2785
spk_ver/v11/v1155	SES183	-2.94329	-54.3177	-51.3745
spk_ver/v11/v1156	SES183	-4.41892	-55.7078	-51.2889
spk_ver/v11/v1157	SES183	-3.15255	-50.0261	-46.8735
spk_ver/v11/v1158	SES183	-0.829636	-50.5183	-49.6887
spk_ver/v11/v1159	SES183	-2.435	-52.7093	-50.2743
spk_ver/v11/v1160	SES183	-4.29777	-53.7669	-49.4691
spk_ver/v11/v1161	SES183	-4.09342	-55.5607	-51.4673
spk_ver/v11/v1162	SES105	1.43686	-48.6558	-50.0926
spk_ver/v11/v1163	SES183	-5.50111	-54.8977	-49.3966
spk_ver/v11/v1164	SES259	1.77665	-47.6177	-49.3943
spk_ver/v11/v1165	SES183	-2.97156	-54.2803	-51.3088
spk_ver/v11/v1166	SES183	-4.87948	-54.068	-49.1885
spk_ver/v11/v1167	SES183	-2.55465	-53.148	-50.5933
spk_ver/v11/v1168	SES183	-2.60858	-51.7608	-49.1522
spk_ver/v11/v1169	SES183	-5.41167	-54.6473	-49.2356
spk_ver/v11/v1170	SES183	-4.25484	-53.7077	-49.4528
spk_ver/v11/v1171	SES183	-6.26237	-57.1672	-50.9048
spk_ver/v11/v1172	SES187	-4.02835	-54.1106	-50.0823
spk_ver/v11/v1173	SES019	2.76142	-48.8792	-51.6406
spk_ver/v11/v1174	SES187	-5.77502	-57.2447	-51.4697
spk_ver/v11/v1175	SES187	-1.74601	-53.4871	-51.7411
spk_ver/v11/v1176	SES083	0.381485	-48.4297	-48.8111
spk_ver/v11/v1177	SES187	-5.87584	-57.2101	-51.3343
spk_ver/v11/v1178	SES187	-4.92351	-54.4621	-49.5386
spk_ver/v11/v1179	SES187	-2.86014	-53.263	-50.4028
spk_ver/v11/v1180	SES187	-0.773556	-51.4678	-50.6942
spk_ver/v11/v1181	SES187	-7.13322	-56.1721	-49.0389
spk_ver/v11/v1182	SES187	-1.1606	-50.2617	-49.1011
spk_ver/v11/v1183	SES187	-5.02073	-54.8437	-49.823
spk_ver/v11/v1184	SES187	-0.0753632	-50.2834	-50.208
spk_ver/v11/v1185	SES127	0.893276	-48.918	-49.8113
spk_ver/v11/v1186	SES187	-0.993317	-50.4644	-49.471
spk_ver/v11/v1187	SES187	-1.81087	-50.5668	-48.756
spk_ver/v11/v1188	SES187	-1.83976	-53.5898	-51.75
spk_ver/v11/v1189	SES042	1.76207	-47.2089	-48.971
spk_ver/v11/v1190	SES187	-0.898548	-50.682	-49.7834
spk_ver/v11/v1191	SES187	-5.04346	-56.905	-51.8615
spk_ver/v11/v1192	SES187	-4.72106	-54.8294	-50.1083
spk_ver/v11/v1193	SES183	0.75576	-50.1057	-50.8615
spk_ver/v11/v1194	SES187	-2.27821	-53.5576	-51.2794
spk_ver/v11/v1195	SES187	-6.49532	-56.6263	-50.131
spk_ver/v11/v1196	SES146	1.38143	-49.8015	-51.1829
spk_ver/v11/v1197	SES189	-5.17985	-54.1938	-49.014
spk_ver/v11/v1198	SES175	1.73919	-49.6364	-51.3756
spk_ver/v11/v1199	SES189	-3.58642	-54.8982	-51.3118
spk_ver/v12/v1200	SES189	-2.20878	-50.7406	-48.5318
spk_ver/v12/v1201	SES177	0.84446	-48.6509	-49.4954
spk_ver/v12/v1202	SES189	-1.59223	-52.8431	-51.2509
spk_ver/v12/v1203	SES143	0.213333	-50.2963	-50.5097
spk_ver/v12/v1204	SES189	-2.88045	-52.9441	-50.0636
spk_ver/v12/v1205	SES189	-2.01823	-51.4204	-49.4022
spk_ver/v12/v1206	SES189	-5.6661	-56.7792	-51.1131
spk_ver/v12/v1207	SES189	-4.38438	-53.8679	-49.4835
spk_ver/v12/v1208	SES189	-4.30438	-52.5055	-48.2012
spk_ver/v12/v1209	SES189	-4.56299	-55.4862	-50.9232
spk_ver/v12/v1210	SES189	-0.275425	-51.0707	-50.7953
spk_ver/v12/v1211	SES062	1.4924	-47.422	-48.9144
spk_ver/v12/v1212	SES189	-3.0159	-52.2578	-49.2419
spk_ver/v12/v1213	SES048	1.49153	-47.8924	-49.384
spk_ver/v12/v1214	SES042	2.34134	-46.1712	-48.5125
spk_ver/v12/v1215	SES008	1.9305	-47.1398	-49.0703
spk_ver/v12/v1216	SES202	-5.06855	-53.0578	-47.9893
spk_ver/v12/v1217	SES202	-4.1687	-55.4096	-51.2409
spk_ver/v12/v1218	SES085	1.32475	-47.1635	-48.4882
spk_ver/v12/v1219	SES202	-3.3191	-52.8914	-49.5723
spk_ver/v12/v1220	SES202	-4.77291	-54.3258	-49.5529
spk_ver/v12/v1221	SES202	-2.39431	-54.0446	-51.6503
spk_ver/v12/v1222	SES202	-9.52538	-60.267	-50.7416
spk_ver/v12/v1223	SES158	1.13003	-48.335	-49.465
spk_ver/v12/v1224	SES202	-2.84201	-54.3497	-51.5077
spk_ver/v12/v1225	SES202	-6.63535	-55.9006	-49.2653
spk_ver/v12/v1226	SES202	-5.53611	-55.3692	-49.8331
spk_ver/v12/v1227	SES202	-5.60238	-56.1679	-50.5655
spk_ver/v12/v1228	SES177	0.500126	-49.9848	-50.4849
spk_ver/v12/v1229	SES202	-5.84189	-55.7074	-49.8656
spk_ver/v12/v1230	SES202	-2.28252	-52.3841	-50.1016
spk_ver/v12/v1231	SES202	-6.70958	-57.8649	-51.1554
spk_ver/v12/v1232	SES202	-2.1698	-54.8791	-52.7093
spk_ver/v12/v1233	SES206	1.44201	-46.9955	-48.4375
spk_ver/v12/v1234	SES202	-7.11706	-57.0919	-49.9748
spk_ver/v12/v1235	SES202	-4.6426	-53.8804	-49.2378
spk_ver/v12/v1236	SES125	1.97411	-47.9055	-49.8796
spk_ver/v12/v1237	SES127	1.39903	-47.9383	-49.3373
spk_ver/v12/v1238	SES202	2.6857	-47.5541	-50.2398
spk_ver/v12/v1239	SES167	1.49363	-47.9126	-49.4063
spk_ver/v12/v1240	SES206	-15.1346	-65.9162	-50.7817
spk_ver/v12/v1241	SES206	-15.7963	-66.9572	-51.1609
spk_ver/v12/v1242	SES206	-1.08054	-50.2697	-49.1892
spk_ver/v12/v1243	SES206	-2.57661	-52.6902	-50.1136
spk_ver/v12/v1244	SES259	1.8396	-48.1804	-50.02
spk_ver/v12/v1245	SES206	-7.61978	-57.2554	-49.6356
spk_ver/v12/v1246	SES206	-10.4717	-59.9276	-49.4558
spk_ver/v12/v1247	SES206	-0.640739	-50.1312	-49.4905
spk_ver/v12/v1248	SES206	-18.7976	-70.4977	-51.7001
spk_ver/v12/v1249	SES270	2.24048	-48.4559	-50.6964
spk_ver/v12/v1250	SES206	-12.562	-63.2072	-50.6452
spk_ver/v12/v1251	SES206	-8.41739	-57.253	-48.8356
spk_ver/v12/v1252	SES206	-8.52375	-58.6143	-50.0906
spk_ver/v12/v1253	SES206	-1.0862	-50.1309	-49.0447
spk_ver/v12/v1254	SES206	-1.1109	-50.3735	-49.2626
spk_ver/v12/v1255	SES125	1.65525	-47.5375	-49.1928
spk_ver/v12/v1256	SES206	-20.5008	-70.5661	-50.0653
spk_ver/v12/v1257	SES206	-11.7908	-60.7507	-48.9598
spk_ver/v12/v1258	SES206	-2.05279	-51.7636	-49.7108
spk_ver/v12/v1259	SES206	-16.9445	-67.5959	-50.6515
spk_ver/v12/v1260	SES206	-20.6293	-72.1168	-51.4875
spk_ver/v12/v1261	SES206	-13.4768	-63.0775	-49.6007
spk_ver/v12/v1262	SES206	-16.4366	-67.0636	-50.6271
spk_ver/v12/v1263	SES206	-11.9458	-61.3568	-49.411
spk_ver/v12/v1264	SES149	1.36404	-48.4365	-49.8006
spk_ver/v12/v1265	SES206	-1.51315	-52.7113	-51.1981
spk_ver/v12/v1266	SES206	-20.5048	-71.3214	-50.8166
spk_ver/v12/v1267	SES206	-1.24422	-53.5894	-52.3452
spk_ver/v12/v1268	SES206	-9.0831	-59.5869	-50.5038
spk_ver/v12/v1269	SES206	-15.9454	-68.8119	-52.8665
spk_ver/v12/v1270	SES206	-24.9316	-77.8448	-52.9131
spk_ver/v12/v1271	SES226	-17.1531	-68.937	-51.7838
spk_ver/v12/v1272	SES226	-0.55529	-48.7965	-48.2412
spk_ver/v12/v1273	SES226	-14.1654	-63.3775	-49.2121
spk_ver/v12/v1274	SES226	-12.2117	-62.7881	-50.5764
spk_ver/v12/v1275	SES226	-0.459789	-50.1261	-49.6663
spk_ver/v12/v1276	SES226	-12.2108	-62.6073	-50.3964
spk_ver/v12/v1277	SES226	-1.2271	-50.1926	-48.9655
spk_ver/v12/v1278	SES226	-0.278236	-50.1763	-49.8981
spk_ver/v12/v1279	SES226	-12.1265	-60.827	-48.7005
spk_ver/v12/v1280	SES226	-3.25683	-52.1264	-48.8696
spk_ver/v12/v1281	SES226	-1.49069	-52.0736	-50.5829
spk_ver/v12/v1282	SES226	-2.12613	-52.7268	-50.6007
spk_ver/v12/v1283	SES143	1.37637	-48.9523	-50.3287
spk_ver/v12/v1284	SES226	-8.44926	-57.5936	-49.1443
spk_ver/v12/v1285	SES226	-1.13514	-49.817	-48.6819
spk_ver/v12/v1286	SES226	-2.17941	-52.9303	-50.7509
spk_ver/v12/v1287	SES226	-5.08058	-54.8606	-49.78
spk_ver/v12/v1288	SES226	-11.7915	-61.3489	-49.5574
spk_ver/v12/v1289	SES104	1.24141	-48.605	-49.8464
spk_ver/v12/v1290	SES008	2.61142	-48.5429	-51.1543
spk_ver/v12/v1291	SES226	-1.23083	-50.4647	-49.2339
spk_ver/v12/v1292	SES259	-3.92868	-54.1891	-50.2604
spk_ver/v12/v1293	SES062	1.16575	-48.0431	-49.2089
spk_ver/v12/v1294	SES099	1.30956	-49.4946	-50.8042
spk_ver/v12/v1295	SES158	0.734531	-49.4023	-50.1368
spk_ver/v12/v1296	SES259	-7.06527	-55.9555	-48.8902
spk_ver/v12/v1297	SES259	-3.50957	-53.5075	-49.9979
spk_ver/v12/v1298	SES259	-2.72432	-51.7363	-49.012
spk_ver/v12/v1299	SES259	-5.2163	-55.5383	-50.322
spk_ver/v13/v1300	SES120	0.742092	-49.7885	-50.5305
spk_ver/v13/v1301	SES259	-7.02156	-57.3764	-50.3548
spk_ver/v13/v1302	SES259	-6.45352	-56.9043	-50.4508
spk_ver/v13/v1303	SES129	1.40729	-48.4738	-49.8811
spk_ver/v13/v1304	SES259	-6.01658	-57.4556	-51.439
spk_ver/v13/v1305	SES259	-5.02537	-56.9929	-51.9675
spk_ver/v13/v1306	SES106	1.1811	-48.904	-50.0851
spk_ver/v13/v1307	SES259	-4.7353	-56.5038	-51.7685
spk_ver/v13/v1308	SES259	-1.96165	-51.3109	-49.3493
spk_ver/v13/v1309	SES259	-6.92108	-56.4481	-49.527
spk_ver/v13/v1310	SES259	-5.23769	-54.2523	-49.0146
spk_ver/v13/v1311	SES259	-5.33585	-54.9885	-49.6526
spk_ver/v13/v1312	SES259	-2.23501	-50.5963	-48.3613
spk_ver/v13/v1313	SES144	0.801243	-49.1286	-49.9298
spk_ver/v13/v1314	SES259	-7.00439	-57.9626	-50.9582
spk_ver/v13/v1315	SES162	1.48787	-48.6109	-50.0987
spk_ver/v13/v1316	SES206	1.15561	-47.4691	-48.6247
spk_ver/v13/v1317	SES175	1.69196	-49.5718	-51.2638
spk_ver/v13/v1318	SES259	-6.60346	-57.945	-51.3415
spk_ver/v13/v1319	SES259	-7.88653	-59.0136	-51.127
spk_ver/v13/v1320	SES270	-0.225746	-49.7244	-49.4987
spk_ver/v13/v1321	SES101	-0.147984	-49.4901	-49.3421
spk_ver/v13/v1322	SES177	1.3894	-48.3002	-49.6896
spk_ver/v13/v1323	SES127	1.29016	-47.2936	-48.5838
spk_ver/v13/v1324	SES270	-12.9193	-63.6353	-50.716
spk_ver/v13/v1325	SES062	0.76096	-48.2491	-49.0101
spk_ver/v13/v1326	SES270	0.171299	-50.1109	-50.2822
spk_ver/v13/v1327	SES120	0.308498	-50.5711	-50.8796
spk_ver/v13/v1328	SES270	-4.633	-55.8901	-51.2571
spk_ver/v13/v1329	SES270	-8.62337	-56.8506	-48.2272
spk_ver/v13/v1330	SES270	0.0649796	-50.5589	-50.6239
spk_ver/v13/v1331	SES270	-9.29177	-57.9436	-48.6519
spk_ver/v13/v1332	SES270	-0.660236	-49.231	-48.5708
spk_ver/v13/v1333	SES270	-0.646461	-52.0838	-51.4374
spk_ver/v13/v1334	SES270	-2.1745	-51.5107	-49.3362
spk_ver/v13/v1335	SES270	0.399193	-49.0075	-49.4067
spk_ver/v13/v1336	SES270	-0.561871	-49.7996	-49.2377
spk_ver/v13/v1337	SES016	1.44541	-48.4123	-49.8577
spk_ver/v13/v1338	SES270	-6.62628	-55.8244	-49.1982
spk_ver/v13/v1339	SES002	1.46964	-47.243	-48.7126
spk_ver/v13/v1340	SES105	1.92163	-49.4829	-51.4046
spk_ver/v13/v1341	SES275	-2.54349	-54.2594	-51.7159
spk_ver/v13/v1342	SES187	0.951981	-50.4411	-51.3931
spk_ver/v13/v1343	SES275	-2.32244	-53.1039	-50.7815
spk_ver/v13/v1344	SES275	-3.74577	-54.6897	-50.944
spk_ver/v13/v1345	SES275	-2.79205	-52.6103	-49.8183
spk_ver/v13/v1346	SES275	-5.61234	-55.3225	-49.7101
spk_ver/v13/v1347	SES275	-5.24225	-56.8892	-51.6469
spk_ver/v13/v1348	SES180	0.197674	-49.8102	-50.0079
spk_ver/v13/v1349	SES275	-3.62438	-56.6892	-53.0648
spk_ver/v13/v1350	SES275	-0.905075	-49.369	-48.4639
spk_ver/v13/v1351	SES275	-5.38449	-59.5345	-54.15
spk_ver/v13/v1352	SES275	-1.95204	-51.8787	-49.9266
spk_ver/v13/v1353	SES275	-2.73977	-54.6381	-51.8984
spk_ver/v13/v1354	SES189	1.93732	-50.8072	-52.7445
spk_ver/v13/v1355	SES068	0.238541	-48.365	-48.6035
spk_ver/v13/v1356	SES275	-3.87732	-55.2834	-51.4061
spk_ver/v13/v1357	SES048	0.33194	-49.2721	-49.6041
spk_ver/v13/v1358	SES226	2.20847	-46.5216	-48.7301
spk_ver/v13/v1359	SES016	0.805992	-48.5789	-49.3849
spk_ver/v13/v1360	SES275	-3.0186	-54.0794	-51.0608
spk_ver/v13/v1361	SES068	1.15081	-47.5209	-48.6717
spk_ver/v13/v1362	SES275	-4.11106	-53.8162	-49.7052
spk_ver/v13/v1363	SES275	-3.3734	-53.725	-50.3516
spk_ver/v13/v1364	SES275	-4.16109	-56.8885	-52.7274
spk_ver/v13/v1365	SES275	-1.94191	-51.5438	-49.6019
spk_ver/v13/v1366	SES187	0.91325	-48.7095	-49.6228
spk_ver/v13/v1367	SES275	-5.38731	-56.1799	-50.7926
spk_ver/v13/v1368	SES125	1.11901	-48.0067	-49.1257
spk_ver/v13/v1369	SES275	-2.15933	-53.3541	-51.1947
spk_ver/v13/v1370	SES292	-3.83236	-53.1161	-49.2837
spk_ver/v13/v1371	SES292	-3.00087	-52.1192	-49.1184
spk_ver/v13/v1372	SES292	-3.87149	-54.8689	-50.9974
spk_ver/v13/v1373	SES292	-2.76832	-52.9463	-50.178
spk_ver/v13/v1374	SES101	1.16746	-49.3493	-50.5168
spk_ver/v13/v1375	SES292	-2.65874	-53.7667	-51.108
spk_ver/v13/v1376	SES292	-1.98275	-51.5251	-49.5423
spk_ver/v13/v1377	SES292	-5.13451	-56.8086	-51.6741
spk_ver/v13/v1378	SES292	-1.19762	-50.6909	-49.4932
spk_ver/v13/v1379	SES292	-1.94397	-52.1495	-50.2055
spk_ver/v13/v1380	SES292	-2.67986	-53.1393	-50.4595
spk_ver/v13/v1381	SES292	-2.66946	-50.3829	-47.7135
spk_ver/v13/v1382	SES292	-3.30953	-55.5475	-52.238
spk_ver/v13/v1383	SES292	-2.22702	-51.9022	-49.6752
spk_ver/v13/v1384	SES292	-2.17556	-52.2407	-50.0651
spk_ver/v13/v1385	SES292	-2.3737	-52.6234	-50.2497
spk_ver/v13/v1386	SES292	-2.84532	-53.994	-51.1487
spk_ver/v13/v1387	SES158	1.43574	-49.917	-51.3528
spk_ver/v13/v1388	SES292	-0.789791	-49.7296	-48.9398
spk_ver/v13/v1389	SES292	-0.957302	-48.9467	-47.9894
spk_ver/v13/v1390	SES292	-4.07574	-52.5645	-48.4888
spk_ver/v13/v1391	SES292	-2.05516	-51.7395	-49.6843
spk_ver/v13/v1392	SES292	-3.47245	-55.2861	-51.8137
spk_ver/v13/v1393	SES292	-2.81715	-51.9614	-49.1443
spk_ver/v13/v1394	SES292	-2.55227	-53.299	-50.7468
spk_ver/v13/v1395	SES292	-3.5158	-52.7182	-49.2024
spk_ver/v13/v1396	SES117	1.36084	-50.0027	-51.3635
spk_ver/v13/v1397	SES292	-3.44186	-52.3045	-48.8627
spk_ver/v13/v1398	SES292	-3.88525	-55.3329	-51.4476
spk_ver/v13/v1399	SES292	-0.703304	-50.2583	-49.555
