BLOCK00/SES002/SA002S12	SES002	1.17436	-47.7799	-48.9543
BLOCK00/SES002/SA002S13	SES002	2.11317	-47.5719	-49.6851
BLOCK00/SES002/SA002S23	SES002	1.60064	-47.4211	-49.0217
BLOCK00/SES002/SA002S26	SES002	1.83112	-47.3633	-49.1944
BLOCK00/SES002/SA002S28	SES002	1.47356	-48.2762	-49.7498
BLOCK00/SES007/SA007S14	SES007	1.20307	-47.5099	-48.713
BLOCK00/SES007/SA007S15	SES007	0.729755	-49.1337	-49.8634
BLOCK00/SES007/SA007S24	SES007	0.999683	-48.8344	-49.8341
BLOCK00/SES007/SA007S27	SES007	0.677845	-49.3962	-50.0741
BLOCK00/SES007/SA007S29	SES007	0.464294	-48.359	-48.8233
BLOCK00/SES008/SA008S11	SES008	1.20407	-48.8034	-50.0075
BLOCK00/SES008/SA008S12	SES008	0.480167	-49.2906	-49.7707
BLOCK00/SES008/SA008S19	SES008	1.84112	-48.0847	-49.9258
BLOCK00/SES008/SA008S22	SES008	1.10507	-49.0702	-50.1753
BLOCK00/SES008/SA008S29	SES008	1.67067	-47.8298	-49.5004
BLOCK01/SES014/SA014S10	SES014	2.46185	-47.8357	-50.2975
BLOCK01/SES014/SA014S12	SES014	3.18481	-45.4859	-48.6707
BLOCK01/SES014/SA014S24	SES014	1.85006	-47.351	-49.2011
BLOCK01/SES014/SA014S26	SES014	2.61325	-45.0872	-47.7005
BLOCK01/SES014/SA014S28	SES014	3.18514	-45.5111	-48.6962
BLOCK01/SES016/SA016S12	SES016	1.77508	-50.1202	-51.8953
BLOCK01/SES016/SA016S13	SES016	1.51391	-48.9377	-50.4516
BLOCK01/SES016/SA016S22	SES016	0.847408	-49.7363	-50.5837
BLOCK01/SES016/SA016S25	SES016	1.48051	-47.0391	-48.5196
BLOCK01/SES016/SA016S27	SES016	1.42239	-47.4001	-48.8225
BLOCK01/SES019/SA019S13	SES019	3.21173	-48.1299	-51.3416
BLOCK01/SES019/SA019S14	SES019	2.15684	-48.3728	-50.5296
BLOCK01/SES019/SA019S22	SES019	3.19557	-47.491	-50.6865
BLOCK01/SES019/SA019S25	SES019	2.57969	-48.2503	-50.83
BLOCK01/SES019/SA019S29	SES019	3.15857	-47.8987	-51.0573
BLOCK02/SES029/SA029S11	SES029	1.29048	-48.6374	-49.9279
BLOCK02/SES029/SA029S12	SES029	0.581509	-48.9499	-49.5314
BLOCK02/SES029/SA029S20	SES029	0.666492	-49.8953	-50.5617
BLOCK02/SES029/SA029S25	SES029	0.775131	-48.4091	-49.1842
BLOCK02/SES029/SA029S28	SES029	0.612972	-49.3823	-49.9953
BLOCK04/SES042/SA042S12	SES042	2.23952	-46.6265	-48.866
BLOCK04/SES042/SA042S15	SES042	2.31426	-47.2444	-49.5587
BLOCK04/SES042/SA042S22	SES042	3.44381	-45.0023	-48.4461
BLOCK04/SES042/SA042S25	SES042	2.40767	-47.6516	-50.0593
BLOCK04/SES042/SA042S27	SES042	2.27723	-46.3201	-48.5973
BLOCK04/SES048/SA048S11	SES048	1.33218	-48.3203	-49.6525
BLOCK04/SES048/SA048S12	SES048	0.542908	-48.451	-48.9939
BLOCK04/SES048/SA048S20	SES048	1.22429	-47.9037	-49.128
BLOCK04/SES048/SA048S23	SES048	1.49556	-48.4404	-49.936
BLOCK04/SES048/SA048S27	SES048	1.09424	-47.4101	-48.5043
BLOCK06/SES060/SA060S11	SES060	1.33714	-48.5631	-49.9003
BLOCK06/SES060/SA060S12	SES060	-0.200951	-50.5312	-50.3302
BLOCK06/SES060/SA060S22	SES060	0.0274277	-50.6622	-50.6896
BLOCK06/SES060/SA060S24	SES060	1.15056	-48.3034	-49.4539
BLOCK06/SES060/SA060S28	SES060	1.61413	-46.2351	-47.8492
BLOCK06/SES062/SA062S10	SES062	1.17201	-48.3405	-49.5125
BLOCK06/SES062/SA062S11	SES062	1.69787	-47.8181	-49.5159
BLOCK06/SES062/SA062S21	SES062	2.43084	-45.3355	-47.7663
BLOCK06/SES062/SA062S26	SES062	0.698196	-47.4961	-48.1943
BLOCK06/SES062/SA062S29	SES062	1.55672	-46.7613	-48.318
BLOCK06/SES068/SA068S14	SES068	0.517094	-49.0785	-49.5956
BLOCK06/SES068/SA068S15	SES068	1.17563	-47.6148	-48.7904
BLOCK06/SES068/SA068S23	SES068	1.12563	-49.209	-50.3346
BLOCK06/SES068/SA068S27	SES068	1.92052	-47.3037	-49.2242
BLOCK06/SES068/SA068S29	SES068	0.917294	-48.1964	-49.1137
BLOCK08/SES082/SA082S12	SES082	1.12607	-49.2995	-50.4256
BLOCK08/SES082/SA082S14	SES082	0.532028	-49.821	-50.353
BLOCK08/SES082/SA082S21	SES082	0.84095	-49.0268	-49.8678
BLOCK08/SES082/SA082S24	SES082	1.06437	-48.1652	-49.2295
BLOCK08/SES082/SA082S28	SES082	0.301888	-49.6814	-49.9833
BLOCK08/SES083/SA083S14	SES083	-0.248901	-49.7795	-49.5306
BLOCK08/SES083/SA083S15	SES083	0.0811768	-49.2017	-49.2829
BLOCK08/SES083/SA083S24	SES083	0.326275	-49.194	-49.5202
BLOCK08/SES083/SA083S26	SES083	1.08004	-48.6533	-49.7333
BLOCK08/SES083/SA083S29	SES083	0.169727	-48.9955	-49.1652
BLOCK08/SES085/SA085S10	SES085	0.2938	-48.9026	-49.1964
BLOCK08/SES085/SA085S13	SES085	0.745499	-49.5134	-50.2589
BLOCK08/SES085/SA085S22	SES085	-2.02227	-51.8675	-49.8452
BLOCK08/SES085/SA085S26	SES085	-0.355999	-49.8774	-49.5214
BLOCK08/SES085/SA085S28	SES085	0.973351	-48.5953	-49.5686
BLOCK08/SES087/SA087S15	SES087	1.78872	-48.0897	-49.8784
BLOCK08/SES087/SA087S16	SES087	1.89737	-48.0241	-49.9215
BLOCK08/SES087/SA087S24	SES087	1.84154	-48.0253	-49.8669
BLOCK08/SES087/SA087S26	SES087	1.93716	-46.9287	-48.8658
BLOCK08/SES087/SA087S29	SES087	1.95794	-48.2021	-50.16
BLOCK09/SES099/SA099S15	SES099	1.63617	-48.7508	-50.387
BLOCK09/SES099/SA099S16	SES099	1.3923	-48.3527	-49.745
BLOCK09/SES099/SA099S24	SES099	1.51461	-47.7544	-49.269
BLOCK09/SES099/SA099S26	SES099	1.55592	-47.7831	-49.339
BLOCK09/SES099/SA099S29	SES099	1.76748	-47.6845	-49.4519
BLOCK10/SES101/SA101S11	SES101	0.254478	-48.8722	-49.1267
BLOCK10/SES101/SA101S13	SES101	1.4775	-47.6246	-49.1021
BLOCK10/SES101/SA101S22	SES101	0.959087	-49.353	-50.312
BLOCK10/SES101/SA101S24	SES101	1.34196	-48.7684	-50.1104
BLOCK10/SES101/SA101S28	SES101	0.562786	-49.6249	-50.1877
BLOCK10/SES104/SA104S11	SES104	0.950588	-47.3233	-48.2738
BLOCK10/SES104/SA104S12	SES104	1.34649	-47.2156	-48.5621
BLOCK10/SES104/SA104S21	SES104	1.19124	-48.2574	-49.4487
BLOCK10/SES104/SA104S24	SES104	0.880543	-48.6482	-49.5288
BLOCK10/SES104/SA104S28	SES104	1.45462	-47.8571	-49.3117
BLOCK10/SES105/SA105S12	SES105	0.556751	-49.7594	-50.3161
BLOCK10/SES105/SA105S13	SES105	0.932953	-49.1963	-50.1293
BLOCK10/SES105/SA105S22	SES105	0.34222	-50.2867	-50.6289
BLOCK10/SES105/SA105S26	SES105	1.65745	-48.9248	-50.5822
BLOCK10/SES105/SA105S29	SES105	0.730972	-49.4307	-50.1616
BLOCK10/SES106/SA106S09	SES106	1.12032	-49.7212	-50.8416
BLOCK10/SES106/SA106S11	SES106	1.4813	-47.6244	-49.1057
BLOCK10/SES106/SA106S22	SES106	2.48634	-47.8079	-50.2942
BLOCK10/SES106/SA106S27	SES106	0.957714	-48.9225	-49.8802
BLOCK10/SES106/SA106S29	SES106	1.02709	-48.4003	-49.4274
BLOCK11/SES117/SA117S12	SES117	0.622211	-50.1489	-50.7711
BLOCK11/SES117/SA117S13	SES117	0.772461	-49.1764	-49.9489
BLOCK11/SES117/SA117S23	SES117	1.91171	-50.4801	-52.3918
BLOCK11/SES117/SA117S25	SES117	1.27295	-49.892	-51.1649
BLOCK11/SES117/SA117S28	SES117	1.27719	-50.1631	-51.4403
BLOCK12/SES120/SA120S08	SES120	1.69612	-50.1991	-51.8952
BLOCK12/SES120/SA120S11	SES120	0.480164	-52.0576	-52.5378
BLOCK12/SES120/SA120S22	SES120	0.459942	-49.482	-49.9419
BLOCK12/SES120/SA120S24	SES120	0.560028	-49.7392	-50.2992
BLOCK12/SES120/SA120S28	SES120	0.432568	-51.1339	-51.5665
BLOCK12/SES125/SA125S13	SES125	2.14222	-46.9783	-49.1205
BLOCK12/SES125/SA125S14	SES125	1.19817	-48.1906	-49.3888
BLOCK12/SES125/SA125S25	SES125	1.96997	-47.4182	-49.3882
BLOCK12/SES125/SA125S27	SES125	1.86787	-46.8102	-48.6781
BLOCK12/SES125/SA125S29	SES125	1.91752	-47.4887	-49.4062
BLOCK12/SES127/SA127S11	SES127	1.11408	-49.0578	-50.1719
BLOCK12/SES127/SA127S12	SES127	-0.0658913	-49.1255	-49.0597
BLOCK12/SES127/SA127S23	SES127	0.632229	-49.3684	-50.0006
BLOCK12/SES127/SA127S25	SES127	-0.184372	-49.9914	-49.8071
BLOCK12/SES127/SA127S27	SES127	1.31129	-48.5345	-49.8458
BLOCK12/SES129/SA129S11	SES129	1.53029	-47.8817	-49.412
BLOCK12/SES129/SA129S12	SES129	2.02319	-47.2155	-49.2387
BLOCK12/SES129/SA129S22	SES129	1.08205	-48.6002	-49.6822
BLOCK12/SES129/SA129S27	SES129	1.85666	-47.274	-49.1307
BLOCK12/SES129/SA129S29	SES129	2.07328	-47.157	-49.2303
BLOCK14/SES142/SA142S11	SES142	2.31799	-48.9794	-51.2974
BLOCK14/SES142/SA142S12	SES142	1.08048	-50.1637	-51.2442
BLOCK14/SES142/SA142S24	SES142	2.334	-48.7177	-51.0517
BLOCK14/SES142/SA142S27	SES142	2.40035	-48.4672	-50.8675
BLOCK14/SES142/SA142S29	SES142	2.63051	-47.8013	-50.4318
BLOCK14/SES143/SA143S12	SES143	1.05247	-49.6707	-50.7232
BLOCK14/SES143/SA143S13	SES143	0.821114	-49.8191	-50.6402
BLOCK14/SES143/SA143S23	SES143	1.22389	-49.7455	-50.9694
BLOCK14/SES143/SA143S25	SES143	0.781372	-49.8033	-50.5847
BLOCK14/SES143/SA143S28	SES143	1.21093	-48.8079	-50.0188
BLOCK14/SES144/SA144S09	SES144	1.05381	-48.8647	-49.9186
BLOCK14/SES144/SA144S11	SES144	0.908569	-49.8609	-50.7695
BLOCK14/SES144/SA144S21	SES144	0.565983	-49.5791	-50.1451
BLOCK14/SES144/SA144S25	SES144	0.716434	-49.8682	-50.5847
BLOCK14/SES144/SA144S29	SES144	0.199619	-49.6999	-49.8995
BLOCK14/SES146/SA146S14	SES146	0.668068	-49.7621	-50.4301
BLOCK14/SES146/SA146S15	SES146	0.35363	-49.7656	-50.1192
BLOCK14/SES146/SA146S24	SES146	0.466877	-49.7011	-50.168
BLOCK14/SES146/SA146S26	SES146	0.931484	-49.6374	-50.5689
BLOCK14/SES146/SA146S29	SES146	0.516991	-50.3367	-50.8537
BLOCK14/SES147/SA147S11	SES147	2.13362	-49.4617	-51.5953
BLOCK14/SES147/SA147S13	SES147	2.74498	-47.905	-50.6499
BLOCK14/SES147/SA147S23	SES147	1.82068	-49.5995	-51.4202
BLOCK14/SES147/SA147S26	SES147	1.71485	-49.5399	-51.2547
BLOCK14/SES147/SA147S28	SES147	2.16959	-48.6069	-50.7765
BLOCK14/SES148/SA148S10	SES148	1.09623	-48.5324	-49.6287
BLOCK14/SES148/SA148S12	SES148	0.978703	-49.5334	-50.5121
BLOCK14/SES148/SA148S22	SES148	1.10243	-47.9179	-49.0203
BLOCK14/SES148/SA148S26	SES148	0.94648	-48.5152	-49.4617
BLOCK14/SES148/SA148S29	SES148	0.74028	-49.3863	-50.1266
BLOCK14/SES149/SA149S13	SES149	0.173203	-49.2458	-49.419
BLOCK14/SES149/SA149S14	SES149	0.236248	-48.732	-48.9682
BLOCK14/SES149/SA149S24	SES149	1.3371	-48.1506	-49.4877
BLOCK14/SES149/SA149S26	SES149	2.18089	-47.1335	-49.3144
BLOCK14/SES149/SA149S28	SES149	2.70777	-46.5123	-49.2201
BLOCK15/SES158/SA158S13	SES158	1.44189	-48.8354	-50.2773
BLOCK15/SES158/SA158S14	SES158	2.10954	-48.1781	-50.2877
BLOCK15/SES158/SA158S23	SES158	1.24905	-48.5614	-49.8105
BLOCK15/SES158/SA158S26	SES158	1.64567	-48.5239	-50.1695
BLOCK15/SES158/SA158S28	SES158	1.03471	-49.0603	-50.095
BLOCK16/SES162/SA162S10	SES162	1.03874	-49.7364	-50.7752
BLOCK16/SES162/SA162S11	SES162	0.951092	-49.0503	-50.0014
BLOCK16/SES162/SA162S21	SES162	1.83187	-48.7413	-50.5732
BLOCK16/SES162/SA162S24	SES162	1.19392	-49.4853	-50.6792
BLOCK16/SES162/SA162S27	SES162	1.68958	-49.3057	-50.9953
BLOCK16/SES167/SA167S14	SES167	0.971661	-48.1146	-49.0863
BLOCK16/SES167/SA167S15	SES167	1.51618	-48.6367	-50.1529
BLOCK16/SES167/SA167S21	SES167	1.367	-47.7842	-49.1512
BLOCK16/SES167/SA167S25	SES167	1.7491	-48.8093	-50.5584
BLOCK16/SES167/SA167S29	SES167	2.04413	-47.1926	-49.2367
BLOCK17/SES172/SA172S12	SES172	1.49935	-48.6894	-50.1887
BLOCK17/SES172/SA172S13	SES172	1.82411	-49.0039	-50.8281
BLOCK17/SES172/SA172S23	SES172	0.74403	-48.4304	-49.1744
BLOCK17/SES172/SA172S27	SES172	0.963699	-49.1507	-50.1144
BLOCK17/SES172/SA172S29	SES172	1.5133	-48.4833	-49.9966
BLOCK17/SES175/SA175S11	SES175	1.54385	-49.1236	-50.6675
BLOCK17/SES175/SA175S13	SES175	1.31939	-48.8892	-50.2085
BLOCK17/SES175/SA175S23	SES175	1.94353	-48.8338	-50.7774
BLOCK17/SES175/SA175S25	SES175	1.01455	-50.7146	-51.7291
BLOCK17/SES175/SA175S28	SES175	1.43532	-48.7377	-50.173
BLOCK17/SES177/SA177S15	SES177	0.0588493	-49.774	-49.8329
BLOCK17/SES177/SA177S17	SES177	0.627583	-49.2243	-49.8519
BLOCK17/SES177/SA177S23	SES177	0.0823288	-50.0605	-50.1428
BLOCK17/SES177/SA177S26	SES177	0.786678	-47.6178	-48.4045
BLOCK17/SES177/SA177S28	SES177	0.875557	-48.2805	-49.1561
BLOCK18/SES180/SA180S13	SES180	0.8535	-49.1121	-49.9656
BLOCK18/SES180/SA180S15	SES180	0.702999	-49.8343	-50.5373
BLOCK18/SES180/SA180S24	SES180	0.857899	-47.834	-48.6919
BLOCK18/SES180/SA180S26	SES180	0.927471	-48.5629	-49.4903
BLOCK18/SES180/SA180S29	SES180	1.08308	-49.4456	-50.5287
BLOCK18/SES183/SA183S13	SES183	1.02768	-49.801	-50.8287
BLOCK18/SES183/SA183S14	SES183	0.745365	-49.8928	-50.6381
BLOCK18/SES183/SA183S24	SES183	1.09156	-50.0571	-51.1487
BLOCK18/SES183/SA183S27	SES183	1.23055	-49.1798	-50.4103
BLOCK18/SES183/SA183S29	SES183	1.00609	-48.9953	-50.0014
BLOCK18/SES187/SA187S13	SES187	0.665569	-50.455	-51.1205
BLOCK18/SES187/SA187S14	SES187	0.908672	-50.1237	-51.0324
BLOCK18/SES187/SA187S24	SES187	1.32196	-49.3068	-50.6287
BLOCK18/SES187/SA187S27	SES187	1.38438	-49.3317	-50.716
BLOCK18/SES187/SA187S29	SES187	1.51573	-49.2335	-50.7492
BLOCK18/SES189/SA189S10	SES189	1.80617	-51.1615	-52.9676
BLOCK18/SES189/SA189S13	SES189	2.36059	-51.1882	-53.5488
BLOCK18/SES189/SA189S24	SES189	2.22305	-50.438	-52.6611
BLOCK18/SES189/SA189S26	SES189	1.53563	-50.2305	-51.7661
BLOCK18/SES189/SA189S29	SES189	2.36728	-49.7381	-52.1054
BLOCK20/SES202/SA202S12	SES202	1.37188	-50.4996	-51.8715
BLOCK20/SES202/SA202S14	SES202	3.16747	-47.7791	-50.9465
BLOCK20/SES202/SA202S24	SES202	1.82837	-49.2454	-51.0737
BLOCK20/SES202/SA202S27	SES202	1.95561	-47.9627	-49.9183
BLOCK20/SES202/SA202S29	SES202	2.25784	-47.7565	-50.0143
BLOCK20/SES206/SA206S15	SES206	0.256687	-48.4779	-48.7346
BLOCK20/SES206/SA206S17	SES206	1.7829	-46.793	-48.5759
BLOCK20/SES206/SA206S24	SES206	1.7329	-46.9594	-48.6923
BLOCK20/SES206/SA206S27	SES206	1.70135	-47.8148	-49.5162
BLOCK20/SES206/SA206S29	SES206	1.4296	-46.8364	-48.266
BLOCK22/SES226/SA226S12	SES226	1.74	-48.9331	-50.6731
BLOCK22/SES226/SA226S13	SES226	-0.391582	-50.0732	-49.6816
BLOCK22/SES226/SA226S20	SES226	1.27592	-49.0405	-50.3165
BLOCK22/SES226/SA226S23	SES226	1.66016	-48.1833	-49.8434
BLOCK22/SES226/SA226S28	SES226	2.05333	-47.6749	-49.7283
BLOCK25/SES259/SA259S13	SES259	3.20323	-46.6105	-49.8138
BLOCK25/SES259/SA259S14	SES259	1.838	-48.0117	-49.8497
BLOCK25/SES259/SA259S22	SES259	1.65659	-47.937	-49.5936
BLOCK25/SES259/SA259S24	SES259	2.14323	-46.7011	-48.8443
BLOCK25/SES259/SA259S28	SES259	1.76889	-47.2169	-48.9858
BLOCK27/SES270/SA270S14	SES270	2.10859	-48.6985	-50.8071
BLOCK27/SES270/SA270S16	SES270	0.75843	-49.1096	-49.8681
BLOCK27/SES270/SA270S22	SES270	2.21715	-48.0165	-50.2337
BLOCK27/SES270/SA270S26	SES270	1.29806	-49.5949	-50.8929
BLOCK27/SES270/SA270S28	SES270	1.10746	-48.4495	-49.557
BLOCK27/SES275/SA275S17	SES275	1.23238	-49.4681	-50.7005
BLOCK27/SES275/SA275S18	SES275	0.715717	-49.2306	-49.9463
BLOCK27/SES275/SA275S24	SES275	0.736462	-50.4595	-51.196
BLOCK27/SES275/SA275S26	SES275	1.22274	-48.5843	-49.8071
BLOCK27/SES275/SA275S28	SES275	0.570366	-48.9833	-49.5536
BLOCK29/SES292/SA292S10	SES292	0.514503	-49.5421	-50.0566
BLOCK29/SES292/SA292S12	SES292	0.404049	-50.3524	-50.7564
BLOCK29/SES292/SA292S22	SES292	1.29977	-48.4085	-49.7083
BLOCK29/SES292/SA292S24	SES292	0.461582	-49.0781	-49.5397
BLOCK29/SES292/SA292S27	SES292	0.218796	-48.8227	-49.0415
BLOCK00/SES001/SA001S14	SES062	-1.68153	-52.0221	-50.3406
BLOCK00/SES001/SA001S14	SES082	-3.0518	-53.3923	-50.3406
BLOCK00/SES001/SA001S14	SES106	-2.39412	-52.7347	-50.3406
BLOCK00/SES001/SA001S14	SES206	-3.33843	-53.679	-50.3406
BLOCK00/SES001/SA001S15	SES062	-1.91207	-51.2214	-49.3093
BLOCK00/SES001/SA001S15	SES104	-3.02514	-52.3344	-49.3093
BLOCK00/SES001/SA001S15	SES106	-1.98634	-51.2956	-49.3093
BLOCK00/SES001/SA001S15	SES206	-3.14968	-52.459	-49.3093
BLOCK00/SES001/SA001S24	SES062	-3.13856	-53.7463	-50.6077
BLOCK00/SES001/SA001S24	SES082	-2.7152	-53.3229	-50.6077
BLOCK00/SES001/SA001S24	SES087	-3.20315	-53.8109	-50.6077
BLOCK00/SES001/SA001S24	SES206	-2.61731	-53.225	-50.6077
BLOCK00/SES001/SA001S27	SES062	-1.96166	-51.2452	-49.2835
BLOCK00/SES001/SA001S27	SES082	-2.69865	-51.9821	-49.2835
BLOCK00/SES001/SA001S27	SES087	-2.90418	-52.1877	-49.2835
BLOCK00/SES001/SA001S27	SES206	-3.60561	-52.8891	-49.2835
BLOCK00/SES001/SA001S29	SES062	-3.00936	-53.4784	-50.469
BLOCK00/SES001/SA001S29	SES082	-2.27172	-52.7407	-50.469
BLOCK00/SES001/SA001S29	SES158	-1.94983	-52.4188	-50.469
BLOCK00/SES001/SA001S29	SES206	-4.24239	-54.7114	-50.469
BLOCK00/SES003/SA003S11	SES002	-0.789036	-50.5737	-49.7847
BLOCK00/SES003/SA003S11	SES019	-1.1518	-50.9365	-49.7847
BLOCK00/SES003/SA003S11	SES082	-0.0624504	-49.8471	-49.7847
BLOCK00/SES003/SA003S11	SES125	-0.936325	-50.721	-49.7847
BLOCK00/SES003/SA003S15	SES016	-3.30701	-52.6248	-49.3178
BLOCK00/SES003/SA003S15	SES019	-1.30233	-50.6202	-49.3178
BLOCK00/SES003/SA003S15	SES062	-2.38569	-51.7035	-49.3178
BLOCK00/SES003/SA003S15	SES206	-1.16862	-50.4864	-49.3178
BLOCK00/SES003/SA003S22	SES002	-2.13159	-51.6444	-49.5128
BLOCK00/SES003/SA003S22	SES062	-1.66286	-51.1757	-49.5128
BLOCK00/SES003/SA003S22	SES082	-1.18028	-50.6931	-49.5128
BLOCK00/SES003/SA003S22	SES087	-1.89225	-51.4051	-49.5128
BLOCK00/SES003/SA003S25	SES062	-2.80743	-53.0416	-50.2342
BLOCK00/SES003/SA003S25	SES082	-0.160973	-50.3952	-50.2342
BLOCK00/SES003/SA003S25	SES087	-0.608295	-50.8425	-50.2342
BLOCK00/SES003/SA003S25	SES206	-1.33178	-51.566	-50.2342
BLOCK00/SES003/SA003S29	SES002	-1.83178	-51.8822	-50.0504
BLOCK00/SES003/SA003S29	SES062	-2.30267	-52.3531	-50.0504
BLOCK00/SES003/SA003S29	SES082	-0.391354	-50.4418	-50.0504
BLOCK00/SES003/SA003S29	SES087	-1.63039	-51.6808	-50.0504
BLOCK00/SES004/SA004S12	SES083	-2.06183	-53.0926	-51.0307
BLOCK00/SES004/SA004S12	SES148	-1.71004	-52.7408	-51.0307
BLOCK00/SES004/SA004S12	SES172	-1.80039	-52.8311	-51.0307
BLOCK00/SES004/SA004S12	SES292	-1.85508	-52.8858	-51.0307
BLOCK00/SES004/SA004S17	SES083	-1.89221	-52.8891	-50.9969
BLOCK00/SES004/SA004S17	SES162	-1.06376	-52.0607	-50.9969
BLOCK00/SES004/SA004S17	SES172	-2.12651	-53.1234	-50.9969
BLOCK00/SES004/SA004S17	SES292	-1.97831	-52.9752	-50.9969
BLOCK00/SES004/SA004S24	SES083	-1.84071	-52.1647	-50.324
BLOCK00/SES004/SA004S24	SES148	-2.14918	-52.4732	-50.324
BLOCK00/SES004/SA004S24	SES172	-1.43445	-51.7584	-50.324
BLOCK00/SES004/SA004S24	SES292	-1.37361	-51.6976	-50.324
BLOCK00/SES004/SA004S26	SES083	-1.4708	-51.7727	-50.3019
BLOCK00/SES004/SA004S26	SES127	-1.23035	-51.5322	-50.3019
BLOCK00/SES004/SA004S26	SES148	-2.53569	-52.8376	-50.3019
BLOCK00/SES004/SA004S26	SES292	-1.82928	-52.1312	-50.3019
BLOCK00/SES004/SA004S28	SES083	-2.15287	-51.7577	-49.6048
BLOCK00/SES004/SA004S28	SES127	-1.38693	-50.9918	-49.6048
BLOCK00/SES004/SA004S28	SES187	-1.65986	-51.2647	-49.6048
BLOCK00/SES004/SA004S28	SES292	-2.51995	-52.1248	-49.6048
BLOCK00/SES006/SA006S10	SES014	-3.19852	-55.3681	-52.1695
BLOCK00/SES006/SA006S10	SES158	-0.677162	-52.8467	-52.1695
BLOCK00/SES006/SA006S10	SES226	-3.73299	-55.9025	-52.1695
BLOCK00/SES006/SA006S10	SES270	-0.554745	-52.7243	-52.1695
BLOCK00/SES006/SA006S11	SES158	-1.08532	-52.931	-51.8457
BLOCK00/SES006/SA006S11	SES226	-2.77276	-54.6184	-51.8457
BLOCK00/SES006/SA006S11	SES270	-0.49189	-52.3376	-51.8457
BLOCK00/SES006/SA006S11	SES275	-3.06644	-54.9121	-51.8457
BLOCK00/SES006/SA006S23	SES062	-2.14902	-52.7997	-50.6506
BLOCK00/SES006/SA006S23	SES105	-2.3419	-52.9925	-50.6506
BLOCK00/SES006/SA006S23	SES158	-0.785999	-51.4366	-50.6506
BLOCK00/SES006/SA006S23	SES275	-2.23237	-52.883	-50.6506
BLOCK00/SES006/SA006S26	SES104	-2.62963	-52.784	-50.1544
BLOCK00/SES006/SA006S26	SES158	-0.251362	-50.4058	-50.1544
BLOCK00/SES006/SA006S26	SES270	0.0467186	-50.1077	-50.1544
BLOCK00/SES006/SA006S26	SES275	-3.52625	-53.6806	-50.1544
BLOCK00/SES006/SA006S28	SES007	-2.39988	-54.1876	-51.7877
BLOCK00/SES006/SA006S28	SES105	-2.61683	-54.4045	-51.7877
BLOCK00/SES006/SA006S28	SES158	-1.14516	-52.9329	-51.7877
BLOCK00/SES006/SA006S28	SES275	-3.9679	-55.7556	-51.7877
BLOCK00/SES009/SA009S12	SES083	-2.39369	-52.0346	-49.6409
BLOCK00/SES009/SA009S12	SES148	-1.38015	-51.021	-49.6409
BLOCK00/SES009/SA009S12	SES177	-1.67397	-51.3149	-49.6409
BLOCK00/SES009/SA009S12	SES292	-1.45101	-51.0919	-49.6409
BLOCK00/SES009/SA009S15	SES007	0.217274	-48.6095	-48.8267
BLOCK00/SES009/SA009S15	SES099	-6.51845	-55.3452	-48.8267
BLOCK00/SES009/SA009S15	SES148	-1.70004	-50.5268	-48.8267
BLOCK00/SES009/SA009S15	SES172	-1.6469	-50.4736	-48.8267
BLOCK00/SES009/SA009S24	SES146	-1.05904	-50.3367	-49.2777
BLOCK00/SES009/SA009S24	SES148	-1.44049	-50.7182	-49.2777
BLOCK00/SES009/SA009S24	SES177	-1.12547	-50.4031	-49.2777
BLOCK00/SES009/SA009S24	SES292	-1.06071	-50.3384	-49.2777
BLOCK00/SES009/SA009S26	SES083	-2.44744	-52.1115	-49.6641
BLOCK00/SES009/SA009S26	SES101	-1.67182	-51.3359	-49.6641
BLOCK00/SES009/SA009S26	SES120	-0.993126	-50.6572	-49.6641
BLOCK00/SES009/SA009S26	SES177	-1.99549	-51.6596	-49.6641
BLOCK00/SES009/SA009S29	SES083	-1.65993	-50.7456	-49.0857
BLOCK00/SES009/SA009S29	SES101	-1.15809	-50.2437	-49.0857
BLOCK00/SES009/SA009S29	SES177	-1.66571	-50.7514	-49.0857
BLOCK00/SES009/SA009S29	SES292	-1.10219	-50.1878	-49.0857
BLOCK01/SES011/SA011S10	SES019	-1.12961	-50.8754	-49.7458
BLOCK01/SES011/SA011S10	SES042	-0.497231	-50.243	-49.7458
BLOCK01/SES011/SA011S10	SES082	-2.01292	-51.7587	-49.7458
BLOCK01/SES011/SA011S10	SES206	-0.812088	-50.5579	-49.7458
BLOCK01/SES011/SA011S11	SES019	-0.644791	-51.6299	-50.9851
BLOCK01/SES011/SA011S11	SES042	-1.50063	-52.4857	-50.9851
BLOCK01/SES011/SA011S11	SES082	-2.29897	-53.2841	-50.9851
BLOCK01/SES011/SA011S11	SES206	-0.8223	-51.8074	-50.9851
BLOCK01/SES011/SA011S22	SES019	-0.199715	-50.9629	-50.7632
BLOCK01/SES011/SA011S22	SES042	-0.356178	-51.1193	-50.7632
BLOCK01/SES011/SA011S22	SES082	-1.29601	-52.0592	-50.7632
BLOCK01/SES011/SA011S22	SES206	-0.903835	-51.667	-50.7632
BLOCK01/SES011/SA011S24	SES019	-0.649086	-50.4371	-49.788
BLOCK01/SES011/SA011S24	SES042	-0.567043	-50.3551	-49.788
BLOCK01/SES011/SA011S24	SES104	-1.63971	-51.4277	-49.788
BLOCK01/SES011/SA011S24	SES206	-0.169205	-49.9572	-49.788
BLOCK01/SES011/SA011S27	SES082	0.327194	-49.4362	-49.7634
BLOCK01/SES011/SA011S27	SES087	-1.1264	-50.8898	-49.7634
BLOCK01/SES011/SA011S27	SES125	-0.427567	-50.191	-49.7634
BLOCK01/SES011/SA011S27	SES206	-0.15144	-49.9149	-49.7634
BLOCK01/SES012/SA012S11	SES007	-2.15879	-50.5358	-48.377
BLOCK01/SES012/SA012S11	SES082	-1.36074	-49.7378	-48.377
BLOCK01/SES012/SA012S11	SES083	-3.06049	-51.4375	-48.377
BLOCK01/SES012/SA012S11	SES206	-0.871044	-49.2481	-48.377
BLOCK01/SES012/SA012S14	SES082	-1.29627	-50.5761	-49.2798
BLOCK01/SES012/SA012S14	SES087	-1.64393	-50.9238	-49.2798
BLOCK01/SES012/SA012S14	SES206	-0.81205	-50.0919	-49.2798
BLOCK01/SES012/SA012S14	SES292	-3.30996	-52.5898	-49.2798
BLOCK01/SES012/SA012S24	SES082	-0.224541	-50.2052	-49.9807
BLOCK01/SES012/SA012S24	SES087	-1.19798	-51.1787	-49.9807
BLOCK01/SES012/SA012S24	SES120	-4.20623	-54.1869	-49.9807
BLOCK01/SES012/SA012S24	SES206	-0.669792	-50.6505	-49.9807
BLOCK01/SES012/SA012S26	SES019	-2.7217	-51.817	-49.0953
BLOCK01/SES012/SA012S26	SES082	-1.57125	-50.6666	-49.0953
BLOCK01/SES012/SA012S26	SES206	-0.502598	-49.5979	-49.0953
BLOCK01/SES012/SA012S26	SES292	-3.22778	-52.3231	-49.0953
BLOCK01/SES012/SA012S29	SES062	-1.87654	-50.7933	-48.9168
BLOCK01/SES012/SA012S29	SES082	-0.626602	-49.5434	-48.9168
BLOCK01/SES012/SA012S29	SES083	-2.75678	-51.6735	-48.9168
BLOCK01/SES012/SA012S29	SES206	-0.903088	-49.8198	-48.9168
BLOCK01/SES013/SA013S16	SES062	-3.87467	-53.6001	-49.7254
BLOCK01/SES013/SA013S16	SES106	-1.01787	-50.7433	-49.7254
BLOCK01/SES013/SA013S16	SES206	-1.44764	-51.1731	-49.7254
BLOCK01/SES013/SA013S16	SES226	-0.0802536	-49.8057	-49.7254
BLOCK01/SES013/SA013S17	SES062	-3.02229	-52.1251	-49.1028
BLOCK01/SES013/SA013S17	SES106	-1.45948	-50.5623	-49.1028
BLOCK01/SES013/SA013S17	SES206	-0.385044	-49.4879	-49.1028
BLOCK01/SES013/SA013S17	SES226	0.506554	-48.5963	-49.1028
BLOCK01/SES013/SA013S23	SES104	-1.64677	-51.5776	-49.9309
BLOCK01/SES013/SA013S23	SES106	-0.835995	-50.7669	-49.9309
BLOCK01/SES013/SA013S23	SES206	-1.3231	-51.254	-49.9309
BLOCK01/SES013/SA013S23	SES270	-0.285381	-50.2162	-49.9309
BLOCK01/SES013/SA013S25	SES042	-1.48808	-50.6753	-49.1872
BLOCK01/SES013/SA013S25	SES104	-1.55155	-50.7387	-49.1872
BLOCK01/SES013/SA013S25	SES106	-0.814091	-50.0013	-49.1872
BLOCK01/SES013/SA013S25	SES206	-1.35229	-50.5395	-49.1872
BLOCK01/SES013/SA013S29	SES062	-3.98642	-53.4622	-49.4758
BLOCK01/SES013/SA013S29	SES104	-2.2757	-51.7515	-49.4758
BLOCK01/SES013/SA013S29	SES106	-0.897373	-50.3731	-49.4758
BLOCK01/SES013/SA013S29	SES206	-1.38774	-50.8635	-49.4758
BLOCK02/SES021/SA021S13	SES016	-4.14435	-53.0959	-48.9515
BLOCK02/SES021/SA021S13	SES029	-2.983	-51.9345	-48.9515
BLOCK02/SES021/SA021S13	SES087	-1.63026	-50.5818	-48.9515
BLOCK02/SES021/SA021S13	SES206	-0.357452	-49.309	-48.9515
BLOCK02/SES021/SA021S15	SES087	-1.03442	-48.7211	-47.6867
BLOCK02/SES021/SA021S15	SES125	-0.417114	-48.1038	-47.6867
BLOCK02/SES021/SA021S15	SES206	-0.48843	-48.1751	-47.6867
BLOCK02/SES021/SA021S15	SES226	-1.64867	-49.3354	-47.6867
BLOCK02/SES021/SA021S23	SES062	-3.41152	-53.2395	-49.8279
BLOCK02/SES021/SA021S23	SES087	-1.73483	-51.5628	-49.8279
BLOCK02/SES021/SA021S23	SES206	-1.60551	-51.4335	-49.8279
BLOCK02/SES021/SA021S23	SES226	-1.31577	-51.1437	-49.8279
BLOCK02/SES021/SA021S27	SES002	-1.37409	-49.9225	-48.5484
BLOCK02/SES021/SA021S27	SES016	-3.95661	-52.505	-48.5484
BLOCK02/SES021/SA021S27	SES019	-2.1249	-50.6733	-48.5484
BLOCK02/SES021/SA021S27	SES062	-1.59261	-50.141	-48.5484
BLOCK02/SES021/SA021S29	SES087	-1.51277	-49.8011	-48.2883
BLOCK02/SES021/SA021S29	SES125	-0.843334	-49.1317	-48.2883
BLOCK02/SES021/SA021S29	SES206	-0.799011	-49.0873	-48.2883
BLOCK02/SES021/SA021S29	SES226	-1.59044	-49.8788	-48.2883
BLOCK04/SES043/SA043S09	SES083	-1.6082	-52.7201	-51.1119
BLOCK04/SES043/SA043S09	SES101	-2.46997	-53.5819	-51.1119
BLOCK04/SES043/SA043S09	SES144	-0.445793	-51.5577	-51.1119
BLOCK04/SES043/SA043S09	SES172	-3.97076	-55.0827	-51.1119
BLOCK04/SES043/SA043S11	SES083	-0.963467	-50.6484	-49.6849
BLOCK04/SES043/SA043S11	SES101	-1.33351	-51.0184	-49.6849
BLOCK04/SES043/SA043S11	SES144	-0.724785	-50.4097	-49.6849
BLOCK04/SES043/SA043S11	SES172	-1.76725	-51.4522	-49.6849
BLOCK04/SES043/SA043S23	SES083	-0.343769	-50.6973	-50.3536
BLOCK04/SES043/SA043S23	SES144	-0.0258408	-50.3794	-50.3536
BLOCK04/SES043/SA043S23	SES177	-2.46415	-52.8177	-50.3536
BLOCK04/SES043/SA043S23	SES275	-0.494579	-50.8481	-50.3536
BLOCK04/SES043/SA043S26	SES083	-1.02453	-51.2234	-50.1989
BLOCK04/SES043/SA043S26	SES101	-1.43179	-51.6306	-50.1989
BLOCK04/SES043/SA043S26	SES144	-0.248192	-50.4471	-50.1989
BLOCK04/SES043/SA043S26	SES177	-1.70461	-51.9035	-50.1989
BLOCK04/SES043/SA043S28	SES016	-1.25861	-50.969	-49.7104
BLOCK04/SES043/SA043S28	SES083	-0.780094	-50.4905	-49.7104
BLOCK04/SES043/SA043S28	SES101	-0.692314	-50.4027	-49.7104
BLOCK04/SES043/SA043S28	SES144	-0.512348	-50.2228	-49.7104
BLOCK04/SES044/SA044S10	SES127	-2.9935	-55.9814	-52.9879
BLOCK04/SES044/SA044S10	SES144	-0.643913	-53.6318	-52.9879
BLOCK04/SES044/SA044S10	SES147	-3.74914	-56.7371	-52.9879
BLOCK04/SES044/SA044S10	SES148	-2.69098	-55.6789	-52.9879
BLOCK04/SES044/SA044S11	SES101	-2.1927	-54.3399	-52.1472
BLOCK04/SES044/SA044S11	SES144	0.15871	-51.9885	-52.1472
BLOCK04/SES044/SA044S11	SES147	-2.75002	-54.8972	-52.1472
BLOCK04/SES044/SA044S11	SES177	-2.37562	-54.5228	-52.1472
BLOCK04/SES044/SA044S24	SES007	-2.22017	-53.811	-51.5908
BLOCK04/SES044/SA044S24	SES101	-1.01024	-52.6011	-51.5908
BLOCK04/SES044/SA044S24	SES147	-2.16019	-53.751	-51.5908
BLOCK04/SES044/SA044S24	SES177	-1.77242	-53.3632	-51.5908
BLOCK04/SES044/SA044S26	SES007	-1.65914	-52.3544	-50.6953
BLOCK04/SES044/SA044S26	SES016	-0.690907	-51.3862	-50.6953
BLOCK04/SES044/SA044S26	SES101	-1.27255	-51.9678	-50.6953
BLOCK04/SES044/SA044S26	SES147	-1.74994	-52.4452	-50.6953
BLOCK04/SES044/SA044S29	SES007	-2.13519	-52.1705	-50.0354
BLOCK04/SES044/SA044S29	SES101	-0.450024	-50.4854	-50.0354
BLOCK04/SES044/SA044S29	SES147	-2.12719	-52.1625	-50.0354
BLOCK04/SES044/SA044S29	SES177	-2.40558	-52.4409	-50.0354
BLOCK04/SES046/SA046S13	SES101	-3.37838	-54.657	-51.2786
BLOCK04/SES046/SA046S13	SES144	-1.25992	-52.5385	-51.2786
BLOCK04/SES046/SA046S13	SES147	-3.39552	-54.6741	-51.2786
BLOCK04/SES046/SA046S13	SES177	-1.9586	-53.2372	-51.2786
BLOCK04/SES046/SA046S15	SES048	-2.67913	-52.2405	-49.5614
BLOCK04/SES046/SA046S15	SES083	-1.04359	-50.605	-49.5614
BLOCK04/SES046/SA046S15	SES120	-2.59951	-52.1609	-49.5614
BLOCK04/SES046/SA046S15	SES148	-1.54361	-51.105	-49.5614
BLOCK04/SES046/SA046S22	SES101	-1.17134	-51.9252	-50.7539
BLOCK04/SES046/SA046S22	SES144	-0.986954	-51.7408	-50.7539
BLOCK04/SES046/SA046S22	SES147	-2.57617	-53.3301	-50.7539
BLOCK04/SES046/SA046S22	SES172	-1.42919	-52.1831	-50.7539
BLOCK04/SES046/SA046S25	SES083	-1.49518	-51.8306	-50.3354
BLOCK04/SES046/SA046S25	SES127	-1.39739	-51.7328	-50.3354
BLOCK04/SES046/SA046S25	SES144	-1.52375	-51.8591	-50.3354
BLOCK04/SES046/SA046S25	SES148	-1.00057	-51.336	-50.3354
BLOCK04/SES046/SA046S28	SES007	-4.02343	-55.1271	-51.1037
BLOCK04/SES046/SA046S28	SES105	-2.3242	-53.4279	-51.1037
BLOCK04/SES046/SA046S28	SES147	-2.3624	-53.4661	-51.1037
BLOCK04/SES046/SA046S28	SES148	-0.989468	-52.0931	-51.1037
BLOCK04/SES049/SA049S16	SES104	-1.20287	-51.8851	-50.6822
BLOCK04/SES049/SA049S16	SES106	-1.44576	-52.128	-50.6822
BLOCK04/SES049/SA049S16	SES120	-3.50022	-54.1824	-50.6822
BLOCK04/SES049/SA049S16	SES206	-0.9963	-51.6785	-50.6822
BLOCK04/SES049/SA049S18	SES099	-0.0104942	-51.7033	-51.6928
BLOCK04/SES049/SA049S18	SES104	-2.33079	-54.0236	-51.6928
BLOCK04/SES049/SA049S18	SES125	-2.18032	-53.8731	-51.6928
BLOCK04/SES049/SA049S18	SES206	-1.7983	-53.4911	-51.6928
BLOCK04/SES049/SA049S25	SES087	-0.963116	-51.149	-50.1859
BLOCK04/SES049/SA049S25	SES104	-1.14608	-51.3319	-50.1859
BLOCK04/SES049/SA049S25	SES125	-1.61419	-51.8	-50.1859
BLOCK04/SES049/SA049S25	SES206	-0.613281	-50.7991	-50.1859
BLOCK04/SES049/SA049S27	SES099	0.0116425	-50.1254	-50.1371
BLOCK04/SES049/SA049S27	SES104	-0.433456	-50.5705	-50.1371
BLOCK04/SES049/SA049S27	SES125	-0.780407	-50.9175	-50.1371
BLOCK04/SES049/SA049S27	SES206	-0.880596	-51.0177	-50.1371
BLOCK04/SES049/SA049S29	SES099	0.360126	-48.8575	-49.2177
BLOCK04/SES049/SA049S29	SES104	-0.215851	-49.4335	-49.2177
BLOCK04/SES049/SA049S29	SES125	-0.695751	-49.9134	-49.2177
BLOCK04/SES049/SA049S29	SES206	-0.0627251	-49.2804	-49.2177
BLOCK06/SES063/SA063S09	SES068	-1.64495	-51.5914	-49.9465
BLOCK06/SES063/SA063S09	SES083	-0.329403	-50.2759	-49.9465
BLOCK06/SES063/SA063S09	SES177	-1.57391	-51.5204	-49.9465
BLOCK06/SES063/SA063S09	SES187	-1.64473	-51.5912	-49.9465
BLOCK06/SES063/SA063S10	SES068	-1.98112	-52.7908	-50.8097
BLOCK06/SES063/SA063S10	SES083	-0.437927	-51.2476	-50.8097
BLOCK06/SES063/SA063S10	SES172	-0.452049	-51.2617	-50.8097
BLOCK06/SES063/SA063S10	SES187	-0.939117	-51.7488	-50.8097
BLOCK06/SES063/SA063S20	SES068	-3.00062	-53.5359	-50.5352
BLOCK06/SES063/SA063S20	SES083	-1.15568	-51.6909	-50.5352
BLOCK06/SES063/SA063S20	SES172	-1.46948	-52.0047	-50.5352
BLOCK06/SES063/SA063S20	SES187	-0.437786	-50.973	-50.5352
BLOCK06/SES063/SA063S24	SES029	-2.06738	-51.6818	-49.6145
BLOCK06/SES063/SA063S24	SES083	-0.133327	-49.7478	-49.6145
BLOCK06/SES063/SA063S24	SES177	-1.33075	-50.9452	-49.6145
BLOCK06/SES063/SA063S24	SES189	-1.26346	-50.8779	-49.6145
BLOCK06/SES063/SA063S27	SES083	-0.0897789	-51.3147	-51.2249
BLOCK06/SES063/SA063S27	SES172	-1.01048	-52.2354	-51.2249
BLOCK06/SES063/SA063S27	SES187	-1.23009	-52.455	-51.2249
BLOCK06/SES063/SA063S27	SES292	-2.23154	-53.4565	-51.2249
BLOCK06/SES067/SA067S12	SES083	-1.74959	-51.7694	-50.0198
BLOCK06/SES067/SA067S12	SES172	-3.21928	-53.2391	-50.0198
BLOCK06/SES067/SA067S12	SES202	0.114815	-49.905	-50.0198
BLOCK06/SES067/SA067S12	SES292	-1.72483	-51.7446	-50.0198
BLOCK06/SES067/SA067S14	SES085	-1.72417	-51.2195	-49.4954
BLOCK06/SES067/SA067S14	SES177	-1.0507	-50.5461	-49.4954
BLOCK06/SES067/SA067S14	SES183	-1.47711	-50.9725	-49.4954
BLOCK06/SES067/SA067S14	SES202	-0.496403	-49.9918	-49.4954
BLOCK06/SES067/SA067S21	SES144	-1.08039	-52.3158	-51.2354
BLOCK06/SES067/SA067S21	SES177	-0.706474	-51.9419	-51.2354
BLOCK06/SES067/SA067S21	SES183	-3.69853	-54.934	-51.2354
BLOCK06/SES067/SA067S21	SES189	-0.205379	-51.4408	-51.2354
BLOCK06/SES067/SA067S25	SES085	-1.01808	-51.2647	-50.2466
BLOCK06/SES067/SA067S25	SES177	-0.912003	-51.1586	-50.2466
BLOCK06/SES067/SA067S25	SES183	-2.16432	-52.4109	-50.2466
BLOCK06/SES067/SA067S25	SES202	-0.909637	-51.1562	-50.2466
BLOCK06/SES067/SA067S29	SES085	-1.13631	-51.3828	-50.2465
BLOCK06/SES067/SA067S29	SES177	-1.13954	-51.3861	-50.2465
BLOCK06/SES067/SA067S29	SES183	-1.86683	-52.1133	-50.2465
BLOCK06/SES067/SA067S29	SES202	0.209988	-50.0365	-50.2465
BLOCK06/SES069/SA069S12	SES029	-3.4259	-52.7209	-49.295
BLOCK06/SES069/SA069S12	SES082	-0.608475	-49.9035	-49.295
BLOCK06/SES069/SA069S12	SES087	-1.83262	-51.1277	-49.295
BLOCK06/SES069/SA069S12	SES206	-1.22883	-50.5239	-49.295
BLOCK06/SES069/SA069S13	SES029	-2.8294	-52.4027	-49.5733
BLOCK06/SES069/SA069S13	SES087	-2.39983	-51.9731	-49.5733
BLOCK06/SES069/SA069S13	SES206	-2.33821	-51.9115	-49.5733
BLOCK06/SES069/SA069S13	SES226	-1.77266	-51.3459	-49.5733
BLOCK06/SES069/SA069S23	SES029	-1.63489	-49.6458	-48.0109
BLOCK06/SES069/SA069S23	SES087	-2.00869	-50.0196	-48.0109
BLOCK06/SES069/SA069S23	SES206	-1.5037	-49.5146	-48.0109
BLOCK06/SES069/SA069S23	SES226	-0.927937	-48.9389	-48.0109
BLOCK06/SES069/SA069S25	SES087	-1.9022	-50.3457	-48.4436
BLOCK06/SES069/SA069S25	SES206	-2.47472	-50.9183	-48.4436
BLOCK06/SES069/SA069S25	SES226	-1.43806	-49.8816	-48.4436
BLOCK06/SES069/SA069S25	SES270	-0.93029	-49.3738	-48.4436
BLOCK06/SES069/SA069S27	SES087	-1.9715	-50.4593	-48.4878
BLOCK06/SES069/SA069S27	SES206	-0.861111	-49.3489	-48.4878
BLOCK06/SES069/SA069S27	SES226	-0.51292	-49.0007	-48.4878
BLOCK06/SES069/SA069S27	SES270	-0.52771	-49.0155	-48.4878
BLOCK08/SES081/SA081S11	SES060	-1.62274	-51.8935	-50.2707
BLOCK08/SES081/SA081S11	SES062	-2.86535	-53.1361	-50.2707
BLOCK08/SES081/SA081S11	SES117	-2.13457	-52.4053	-50.2707
BLOCK08/SES081/SA081S11	SES162	-1.93929	-52.21	-50.2707
BLOCK08/SES081/SA081S13	SES016	-1.28442	-50.3945	-49.1101
BLOCK08/SES081/SA081S13	SES060	-0.458469	-49.5686	-49.1101
BLOCK08/SES081/SA081S13	SES068	-0.0218086	-49.1319	-49.1101
BLOCK08/SES081/SA081S13	SES129	-1.62186	-50.732	-49.1101
BLOCK08/SES081/SA081S24	SES060	-1.0363	-50.6963	-49.66
BLOCK08/SES081/SA081S24	SES068	-1.25122	-50.9112	-49.66
BLOCK08/SES081/SA081S24	SES117	-1.88394	-51.5439	-49.66
BLOCK08/SES081/SA081S24	SES275	-2.23803	-51.898	-49.66
BLOCK08/SES081/SA081S27	SES007	-1.72685	-51.5393	-49.8124
BLOCK08/SES081/SA081S27	SES060	-1.77895	-51.5914	-49.8124
BLOCK08/SES081/SA081S27	SES117	-0.889679	-50.7021	-49.8124
BLOCK08/SES081/SA081S27	SES275	-1.92292	-51.7353	-49.8124
BLOCK08/SES081/SA081S29	SES007	-1.3873	-50.6634	-49.2761
BLOCK08/SES081/SA081S29	SES060	-0.982315	-50.2584	-49.2761
BLOCK08/SES081/SA081S29	SES117	-1.48645	-50.7625	-49.2761
BLOCK08/SES081/SA081S29	SES275	-2.10784	-51.3839	-49.2761
BLOCK08/SES086/SA086S11	SES029	-5.54829	-56.7022	-51.1539
BLOCK08/SES086/SA086S11	SES082	-1.55824	-52.7121	-51.1539
BLOCK08/SES086/SA086S11	SES087	-0.96563	-52.1195	-51.1539
BLOCK08/SES086/SA086S11	SES206	-2.27388	-53.4278	-51.1539
BLOCK08/SES086/SA086S12	SES029	-5.61899	-56.1244	-50.5054
BLOCK08/SES086/SA086S12	SES082	-1.65217	-52.1576	-50.5054
BLOCK08/SES086/SA086S12	SES087	0.251606	-50.2538	-50.5054
BLOCK08/SES086/SA086S12	SES206	-1.52983	-52.0353	-50.5054
BLOCK08/SES086/SA086S20	SES029	-4.66982	-53.9539	-49.284
BLOCK08/SES086/SA086S20	SES082	-1.96917	-51.2532	-49.284
BLOCK08/SES086/SA086S20	SES087	0.743294	-48.5407	-49.284
BLOCK08/SES086/SA086S20	SES206	-0.287685	-49.5717	-49.284
BLOCK08/SES086/SA086S24	SES087	-0.0485954	-50.0745	-50.0259
BLOCK08/SES086/SA086S24	SES104	-2.27475	-52.3006	-50.0259
BLOCK08/SES086/SA086S24	SES120	-4.74413	-54.77	-50.0259
BLOCK08/SES086/SA086S24	SES206	-0.227489	-50.2534	-50.0259
BLOCK08/SES086/SA086S28	SES029	-3.83278	-53.077	-49.2443
BLOCK08/SES086/SA086S28	SES082	-1.28579	-50.53	-49.2443
BLOCK08/SES086/SA086S28	SES087	0.269672	-48.9746	-49.2443
BLOCK08/SES086/SA086S28	SES206	-0.557045	-49.8013	-49.2443
BLOCK08/SES089/SA089S13	SES087	-2.02499	-51.7341	-49.7091
BLOCK08/SES089/SA089S13	SES206	-2.20959	-51.9187	-49.7091
BLOCK08/SES089/SA089S13	SES226	-1.91036	-51.6195	-49.7091
BLOCK08/SES089/SA089S13	SES270	-2.22873	-51.9378	-49.7091
BLOCK08/SES089/SA089S14	SES062	-2.04729	-51.6889	-49.6416
BLOCK08/SES089/SA089S14	SES087	-0.240425	-49.882	-49.6416
BLOCK08/SES089/SA089S14	SES206	-0.751629	-50.3932	-49.6416
BLOCK08/SES089/SA089S14	SES226	-0.824051	-50.4656	-49.6416
BLOCK08/SES089/SA089S23	SES087	-1.32118	-51.8644	-50.5432
BLOCK08/SES089/SA089S23	SES206	-1.34532	-51.8885	-50.5432
BLOCK08/SES089/SA089S23	SES226	-1.59907	-52.1423	-50.5432
BLOCK08/SES089/SA089S23	SES270	-2.05375	-52.597	-50.5432
BLOCK08/SES089/SA089S25	SES062	-2.19054	-51.6696	-49.479
BLOCK08/SES089/SA089S25	SES087	-0.54327	-50.0223	-49.479
BLOCK08/SES089/SA089S25	SES206	-1.16747	-50.6465	-49.479
BLOCK08/SES089/SA089S25	SES226	-0.955814	-50.4348	-49.479
BLOCK08/SES089/SA089S28	SES062	-2.00732	-51.6665	-49.6592
BLOCK08/SES089/SA089S28	SES087	-0.302135	-49.9613	-49.6592
BLOCK08/SES089/SA089S28	SES206	-0.555202	-50.2144	-49.6592
BLOCK08/SES089/SA089S28	SES226	-0.752022	-50.4112	-49.6592
BLOCK09/SES097/SA097S11	SES099	-0.244198	-50.4582	-50.214
BLOCK09/SES097/SA097S11	SES125	-1.93162	-52.1456	-50.214
BLOCK09/SES097/SA097S11	SES206	-1.88535	-52.0994	-50.214
BLOCK09/SES097/SA097S11	SES226	-0.307014	-50.521	-50.214
BLOCK09/SES097/SA097S14	SES062	-2.96365	-52.7097	-49.746
BLOCK09/SES097/SA097S14	SES099	-0.763359	-50.5094	-49.746
BLOCK09/SES097/SA097S14	SES104	-1.4283	-51.1743	-49.746
BLOCK09/SES097/SA097S14	SES206	-1.51945	-51.2655	-49.746
BLOCK09/SES097/SA097S22	SES099	-0.000213623	-49.9165	-49.9163
BLOCK09/SES097/SA097S22	SES206	-1.08658	-51.0028	-49.9163
BLOCK09/SES097/SA097S22	SES226	-1.13185	-51.0481	-49.9163
BLOCK09/SES097/SA097S22	SES270	0.164047	-49.7522	-49.9163
BLOCK09/SES097/SA097S26	SES099	0.175507	-48.9595	-49.135
BLOCK09/SES097/SA097S26	SES120	-3.63019	-52.7652	-49.135
BLOCK09/SES097/SA097S26	SES206	-1.29708	-50.4321	-49.135
BLOCK09/SES097/SA097S26	SES226	-1.58339	-50.7184	-49.135
BLOCK09/SES097/SA097S28	SES099	-0.380508	-50.2415	-49.861
BLOCK09/SES097/SA097S28	SES120	-2.62688	-52.4879	-49.861
BLOCK09/SES097/SA097S28	SES206	-1.57462	-51.4356	-49.861
BLOCK09/SES097/SA097S28	SES226	-1.84485	-51.7058	-49.861
BLOCK09/SES098/SA098S11	SES127	-2.57789	-54.2421	-51.6642
BLOCK09/SES098/SA098S11	SES144	-1.42805	-53.0923	-51.6642
BLOCK09/SES098/SA098S11	SES147	-1.40235	-53.0666	-51.6642
BLOCK09/SES098/SA098S11	SES148	-2.50817	-54.1724	-51.6642
BLOCK09/SES098/SA098S12	SES127	-3.86083	-56.7286	-52.8678
BLOCK09/SES098/SA098S12	SES144	-2.2396	-55.1074	-52.8678
BLOCK09/SES098/SA098S12	SES147	-2.3438	-55.2116	-52.8678
BLOCK09/SES098/SA098S12	SES189	-1.4367	-54.3045	-52.8678
BLOCK09/SES098/SA098S20	SES127	-2.86089	-54.924	-52.0631
BLOCK09/SES098/SA098S20	SES147	-1.73423	-53.7974	-52.0631
BLOCK09/SES098/SA098S20	SES148	-2.95319	-55.0163	-52.0631
BLOCK09/SES098/SA098S20	SES292	-3.21424	-55.2774	-52.0631
BLOCK09/SES098/SA098S23	SES127	-1.8728	-53.1908	-51.318
BLOCK09/SES098/SA098S23	SES147	-1.63434	-52.9523	-51.318
BLOCK09/SES098/SA098S23	SES187	-0.647236	-51.9652	-51.318
BLOCK09/SES098/SA098S23	SES292	-2.22311	-53.5411	-51.318
BLOCK09/SES098/SA098S27	SES127	-2.49565	-54.1375	-51.6418
BLOCK09/SES098/SA098S27	SES147	-2.66051	-54.3023	-51.6418
BLOCK09/SES098/SA098S27	SES148	-3.21207	-54.8539	-51.6418
BLOCK09/SES098/SA098S27	SES292	-2.51768	-54.1595	-51.6418
BLOCK10/SES102/SA102S13	SES101	-0.498905	-52.0374	-51.5385
BLOCK10/SES102/SA102S13	SES105	-1.74051	-53.279	-51.5385
BLOCK10/SES102/SA102S13	SES120	-1.65246	-53.191	-51.5385
BLOCK10/SES102/SA102S13	SES158	-7.05339	-58.5919	-51.5385
BLOCK10/SES102/SA102S14	SES007	-0.526863	-50.0901	-49.5632
BLOCK10/SES102/SA102S14	SES101	-0.267982	-49.8312	-49.5632
BLOCK10/SES102/SA102S14	SES105	-0.631824	-50.195	-49.5632
BLOCK10/SES102/SA102S14	SES147	-2.63943	-52.2026	-49.5632
BLOCK10/SES102/SA102S22	SES007	-1.43642	-51.0962	-49.6598
BLOCK10/SES102/SA102S22	SES101	-0.406616	-50.0664	-49.6598
BLOCK10/SES102/SA102S22	SES105	-0.547203	-50.207	-49.6598
BLOCK10/SES102/SA102S22	SES158	-4.79354	-54.4533	-49.6598
BLOCK10/SES102/SA102S25	SES007	-0.908272	-50.6728	-49.7645
BLOCK10/SES102/SA102S25	SES101	-0.553303	-50.3178	-49.7645
BLOCK10/SES102/SA102S25	SES105	-0.863991	-50.6285	-49.7645
BLOCK10/SES102/SA102S25	SES147	-2.84718	-52.6117	-49.7645
BLOCK10/SES102/SA102S27	SES007	-0.903816	-51.3028	-50.399
BLOCK10/SES102/SA102S27	SES101	-0.644951	-51.0439	-50.399
BLOCK10/SES102/SA102S27	SES105	-0.8298	-51.2288	-50.399
BLOCK10/SES102/SA102S27	SES147	-2.08924	-52.4882	-50.399
BLOCK10/SES103/SA103S14	SES105	-3.15184	-54.4897	-51.3379
BLOCK10/SES103/SA103S14	SES106	-0.908264	-52.2462	-51.3379
BLOCK10/SES103/SA103S14	SES120	-3.68305	-55.0209	-51.3379
BLOCK10/SES103/SA103S14	SES206	-1.57563	-52.9135	-51.3379
BLOCK10/SES103/SA103S15	SES099	-0.521343	-52.544	-52.0227
BLOCK10/SES103/SA103S15	SES101	-4.91998	-56.9427	-52.0227
BLOCK10/SES103/SA103S15	SES104	-1.33265	-53.3553	-52.0227
BLOCK10/SES103/SA103S15	SES125	-0.860374	-52.883	-52.0227
BLOCK10/SES103/SA103S24	SES104	-1.66028	-52.2016	-50.5413
BLOCK10/SES103/SA103S24	SES125	-1.35829	-51.8996	-50.5413
BLOCK10/SES103/SA103S24	SES148	-3.44274	-53.9841	-50.5413
BLOCK10/SES103/SA103S24	SES158	-0.530323	-51.0717	-50.5413
BLOCK10/SES103/SA103S26	SES104	-2.05038	-53.4533	-51.403
BLOCK10/SES103/SA103S26	SES106	-1.3984	-52.8014	-51.403
BLOCK10/SES103/SA103S26	SES125	-1.42847	-52.8314	-51.403
BLOCK10/SES103/SA103S26	SES148	-3.78868	-55.1916	-51.403
BLOCK10/SES103/SA103S28	SES104	-2.9066	-55.0317	-52.1251
BLOCK10/SES103/SA103S28	SES106	-1.60444	-53.7295	-52.1251
BLOCK10/SES103/SA103S28	SES125	-2.52623	-54.6513	-52.1251
BLOCK10/SES103/SA103S28	SES206	-3.0318	-55.1569	-52.1251
BLOCK12/SES121/SA121S12	SES042	-2.44572	-54.768	-52.3223
BLOCK12/SES121/SA121S12	SES087	-1.34189	-53.6642	-52.3223
BLOCK12/SES121/SA121S12	SES105	-1.82183	-54.1441	-52.3223
BLOCK12/SES121/SA121S12	SES206	-1.17188	-53.4942	-52.3223
BLOCK12/SES121/SA121S14	SES007	-3.74841	-56.6254	-52.877
BLOCK12/SES121/SA121S14	SES105	-3.08583	-55.9628	-52.877
BLOCK12/SES121/SA121S14	SES106	-1.98364	-54.8607	-52.877
BLOCK12/SES121/SA121S14	SES206	-1.77564	-54.6527	-52.877
BLOCK12/SES121/SA121S23	SES105	-3.41619	-56.2869	-52.8707
BLOCK12/SES121/SA121S23	SES106	-1.35397	-54.2247	-52.8707
BLOCK12/SES121/SA121S23	SES120	-3.27153	-56.1422	-52.8707
BLOCK12/SES121/SA121S23	SES206	-1.21906	-54.0898	-52.8707
BLOCK12/SES121/SA121S25	SES007	-3.25025	-56.9213	-53.671
BLOCK12/SES121/SA121S25	SES105	-3.34938	-57.0204	-53.671
BLOCK12/SES121/SA121S25	SES106	-2.09763	-55.7687	-53.671
BLOCK12/SES121/SA121S25	SES206	-1.88989	-55.5609	-53.671
BLOCK12/SES121/SA121S27	SES087	-0.524311	-52.3721	-51.8478
BLOCK12/SES121/SA121S27	SES105	-4.53602	-56.3838	-51.8478
BLOCK12/SES121/SA121S27	SES120	-3.56356	-55.4113	-51.8478
BLOCK12/SES121/SA121S27	SES206	-1.08348	-52.9313	-51.8478
BLOCK12/SES124/SA124S16	SES042	-0.824619	-51.2316	-50.407
BLOCK12/SES124/SA124S16	SES082	-0.926277	-51.3332	-50.407
BLOCK12/SES124/SA124S16	SES183	-3.53069	-53.9376	-50.407
BLOCK12/SES124/SA124S16	SES206	-1.51651	-51.9235	-50.407
BLOCK12/SES124/SA124S17	SES105	-3.09574	-54.1975	-51.1017
BLOCK12/SES124/SA124S17	SES149	-2.77112	-53.8729	-51.1017
BLOCK12/SES124/SA124S17	SES158	-2.88248	-53.9842	-51.1017
BLOCK12/SES124/SA124S17	SES275	-4.45903	-55.5608	-51.1017
BLOCK12/SES124/SA124S23	SES105	-2.82649	-51.2596	-48.4331
BLOCK12/SES124/SA124S23	SES125	-0.342758	-48.7759	-48.4331
BLOCK12/SES124/SA124S23	SES129	-4.49696	-52.9301	-48.4331
BLOCK12/SES124/SA124S23	SES158	-0.310955	-48.7441	-48.4331
BLOCK12/SES124/SA124S26	SES105	-4.56908	-53.9312	-49.3621
BLOCK12/SES124/SA124S26	SES125	-0.890316	-50.2524	-49.3621
BLOCK12/SES124/SA124S26	SES129	-5.17611	-54.5382	-49.3621
BLOCK12/SES124/SA124S26	SES158	-0.867191	-50.2293	-49.3621
BLOCK12/SES124/SA124S28	SES104	-0.776031	-49.9337	-49.1577
BLOCK12/SES124/SA124S28	SES106	-1.02319	-50.1809	-49.1577
BLOCK12/SES124/SA124S28	SES125	-0.497917	-49.6556	-49.1577
BLOCK12/SES124/SA124S28	SES275	-4.54314	-53.7008	-49.1577
BLOCK12/SES126/SA126S13	SES007	-2.4594	-54.5914	-52.132
BLOCK12/SES126/SA126S13	SES162	-2.23921	-54.3712	-52.132
BLOCK12/SES126/SA126S13	SES177	-1.4895	-53.6215	-52.132
BLOCK12/SES126/SA126S13	SES180	-2.49926	-54.6312	-52.132
BLOCK12/SES126/SA126S14	SES144	-1.4094	-51.8202	-50.4108
BLOCK12/SES126/SA126S14	SES148	-1.78112	-52.1919	-50.4108
BLOCK12/SES126/SA126S14	SES177	-0.471836	-50.8826	-50.4108
BLOCK12/SES126/SA126S14	SES180	-0.946045	-51.3568	-50.4108
BLOCK12/SES126/SA126S20	SES007	-1.75119	-52.4771	-50.7259
BLOCK12/SES126/SA126S20	SES162	-1.87698	-52.6029	-50.7259
BLOCK12/SES126/SA126S20	SES172	-5.43523	-56.1611	-50.7259
BLOCK12/SES126/SA126S20	SES180	-2.0594	-52.7853	-50.7259
BLOCK12/SES126/SA126S24	SES120	-1.32622	-51.6554	-50.3291
BLOCK12/SES126/SA126S24	SES162	-1.4006	-51.7297	-50.3291
BLOCK12/SES126/SA126S24	SES177	-0.975456	-51.3046	-50.3291
BLOCK12/SES126/SA126S24	SES180	-0.576729	-50.9059	-50.3291
BLOCK12/SES126/SA126S26	SES120	-1.07706	-52.5052	-51.4281
BLOCK12/SES126/SA126S26	SES177	-0.999111	-52.4273	-51.4281
BLOCK12/SES126/SA126S26	SES180	-0.954029	-52.3822	-51.4281
BLOCK12/SES126/SA126S26	SES202	-2.2733	-53.7014	-51.4281
BLOCK12/SES128/SA128S10	SES087	-2.43348	-52.2958	-49.8623
BLOCK12/SES128/SA128S10	SES206	-1.56567	-51.428	-49.8623
BLOCK12/SES128/SA128S10	SES226	-0.807255	-50.6696	-49.8623
BLOCK12/SES128/SA128S10	SES270	-0.518227	-50.3806	-49.8623
BLOCK12/SES128/SA128S12	SES120	-2.79168	-52.8258	-50.0341
BLOCK12/SES128/SA128S12	SES158	-1.44341	-51.4775	-50.0341
BLOCK12/SES128/SA128S12	SES206	-1.153	-51.1871	-50.0341
BLOCK12/SES128/SA128S12	SES226	-1.50795	-51.542	-50.0341
BLOCK12/SES128/SA128S21	SES106	-3.14785	-53.6476	-50.4997
BLOCK12/SES128/SA128S21	SES120	-2.71532	-53.215	-50.4997
BLOCK12/SES128/SA128S21	SES206	-2.41844	-52.9181	-50.4997
BLOCK12/SES128/SA128S21	SES226	-1.92332	-52.423	-50.4997
BLOCK12/SES128/SA128S24	SES087	-2.63322	-53.1822	-50.549
BLOCK12/SES128/SA128S24	SES120	-1.60966	-52.1587	-50.549
BLOCK12/SES128/SA128S24	SES206	-2.28658	-52.8356	-50.549
BLOCK12/SES128/SA128S24	SES226	-2.27041	-52.8194	-50.549
BLOCK12/SES128/SA128S27	SES099	-0.746758	-50.2499	-49.5031
BLOCK12/SES128/SA128S27	SES120	-1.68361	-51.1868	-49.5031
BLOCK12/SES128/SA128S27	SES206	-1.67387	-51.177	-49.5031
BLOCK12/SES128/SA128S27	SES226	-1.58588	-51.089	-49.5031
BLOCK13/SES130/SA130S13	SES143	-2.92438	-54.8222	-51.8978
BLOCK13/SES130/SA130S13	SES144	-0.752457	-52.6502	-51.8978
BLOCK13/SES130/SA130S13	SES146	-1.09191	-52.9897	-51.8978
BLOCK13/SES130/SA130S13	SES275	-3.27942	-55.1772	-51.8978
BLOCK13/SES130/SA130S15	SES143	-2.32638	-52.8185	-50.4921
BLOCK13/SES130/SA130S15	SES144	-0.367516	-50.8597	-50.4921
BLOCK13/SES130/SA130S15	SES146	-0.862137	-51.3543	-50.4921
BLOCK13/SES130/SA130S15	SES275	-1.31764	-51.8098	-50.4921
BLOCK13/SES130/SA130S23	SES127	-2.96006	-54.9949	-52.0349
BLOCK13/SES130/SA130S23	SES144	-1.33189	-53.3668	-52.0349
BLOCK13/SES130/SA130S23	SES146	-1.5504	-53.5853	-52.0349
BLOCK13/SES130/SA130S23	SES162	-1.21595	-53.2508	-52.0349
BLOCK13/SES130/SA130S25	SES127	-1.93542	-52.0516	-50.1162
BLOCK13/SES130/SA130S25	SES144	-0.371502	-50.4877	-50.1162
BLOCK13/SES130/SA130S25	SES146	-0.953922	-51.0701	-50.1162
BLOCK13/SES130/SA130S25	SES275	-0.969845	-51.086	-50.1162
BLOCK13/SES130/SA130S28	SES127	-1.70532	-52.1458	-50.4405
BLOCK13/SES130/SA130S28	SES144	-1.03364	-51.4741	-50.4405
BLOCK13/SES130/SA130S28	SES146	-1.18856	-51.629	-50.4405
BLOCK13/SES130/SA130S28	SES275	-0.687286	-51.1277	-50.4405
BLOCK13/SES131/SA131S13	SES002	-2.54037	-55.0784	-52.5381
BLOCK13/SES131/SA131S13	SES007	-4.25955	-56.7976	-52.5381
BLOCK13/SES131/SA131S13	SES099	-1.89265	-54.4307	-52.5381
BLOCK13/SES131/SA131S13	SES105	-2.88701	-55.4251	-52.5381
BLOCK13/SES131/SA131S14	SES104	-1.15655	-51.7314	-50.5749
BLOCK13/SES131/SA131S14	SES106	-0.821617	-51.3965	-50.5749
BLOCK13/SES131/SA131S14	SES125	-1.51618	-52.0911	-50.5749
BLOCK13/SES131/SA131S14	SES148	-2.62624	-53.2011	-50.5749
BLOCK13/SES131/SA131S20	SES104	-2.06827	-53.8978	-51.8295
BLOCK13/SES131/SA131S20	SES106	-1.04499	-52.8745	-51.8295
BLOCK13/SES131/SA131S20	SES125	-1.77942	-53.6089	-51.8295
BLOCK13/SES131/SA131S20	SES148	-4.50643	-56.3359	-51.8295
BLOCK13/SES131/SA131S22	SES099	-1.21476	-52.1454	-50.9306
BLOCK13/SES131/SA131S22	SES104	-1.93875	-52.8693	-50.9306
BLOCK13/SES131/SA131S22	SES125	-1.7107	-52.6413	-50.9306
BLOCK13/SES131/SA131S22	SES206	-2.00415	-52.9347	-50.9306
BLOCK13/SES131/SA131S29	SES087	-1.34952	-53.0118	-51.6623
BLOCK13/SES131/SA131S29	SES104	-2.50147	-54.1638	-51.6623
BLOCK13/SES131/SA131S29	SES125	-1.95654	-53.6189	-51.6623
BLOCK13/SES131/SA131S29	SES206	-1.95959	-53.6219	-51.6623
BLOCK13/SES132/SA132S11	SES083	-2.1791	-52.135	-49.9559
BLOCK13/SES132/SA132S11	SES120	-0.184341	-50.1402	-49.9559
BLOCK13/SES132/SA132S11	SES127	-1.13081	-51.0867	-49.9559
BLOCK13/SES132/SA132S11	SES275	-1.12476	-51.0806	-49.9559
BLOCK13/SES132/SA132S12	SES083	-1.6235	-51.3772	-49.7537
BLOCK13/SES132/SA132S12	SES143	-1.41687	-51.1706	-49.7537
BLOCK13/SES132/SA132S12	SES144	-1.02115	-50.7749	-49.7537
BLOCK13/SES132/SA132S12	SES148	-1.37005	-51.1238	-49.7537
BLOCK13/SES132/SA132S22	SES062	-0.956928	-50.4032	-49.4463
BLOCK13/SES132/SA132S22	SES083	-1.49914	-50.9454	-49.4463
BLOCK13/SES132/SA132S22	SES127	-1.15339	-50.5996	-49.4463
BLOCK13/SES132/SA132S22	SES275	-0.82251	-50.2688	-49.4463
BLOCK13/SES132/SA132S24	SES007	-0.680099	-50.2753	-49.5952
BLOCK13/SES132/SA132S24	SES083	-2.11338	-51.7086	-49.5952
BLOCK13/SES132/SA132S24	SES127	-1.75185	-51.3471	-49.5952
BLOCK13/SES132/SA132S24	SES275	-1.27447	-50.8697	-49.5952
BLOCK13/SES132/SA132S27	SES083	-2.37623	-52.7274	-50.3512
BLOCK13/SES132/SA132S27	SES120	-0.146286	-50.4975	-50.3512
BLOCK13/SES132/SA132S27	SES127	-1.54924	-51.9004	-50.3512
BLOCK13/SES132/SA132S27	SES275	-2.07701	-52.4282	-50.3512
BLOCK14/SES141/SA141S09	SES143	-0.983883	-51.7845	-50.8006
BLOCK14/SES141/SA141S09	SES144	-0.805138	-51.6058	-50.8006
BLOCK14/SES141/SA141S09	SES162	-0.986237	-51.7869	-50.8006
BLOCK14/SES141/SA141S09	SES180	-0.954002	-51.7547	-50.8006
BLOCK14/SES141/SA141S15	SES127	-1.41254	-51.9253	-50.5128
BLOCK14/SES141/SA141S15	SES144	-0.910961	-51.4238	-50.5128
BLOCK14/SES141/SA141S15	SES162	-1.40501	-51.9178	-50.5128
BLOCK14/SES141/SA141S15	SES180	-0.903248	-51.416	-50.5128
BLOCK14/SES141/SA141S24	SES127	-1.24914	-51.6278	-50.3787
BLOCK14/SES141/SA141S24	SES144	-1.37375	-51.7524	-50.3787
BLOCK14/SES141/SA141S24	SES162	-0.708561	-51.0872	-50.3787
BLOCK14/SES141/SA141S24	SES183	-2.499	-52.8777	-50.3787
BLOCK14/SES141/SA141S26	SES142	-1.26407	-52.545	-51.281
BLOCK14/SES141/SA141S26	SES144	-1.66855	-52.9495	-51.281
BLOCK14/SES141/SA141S26	SES172	-1.53489	-52.8158	-51.281
BLOCK14/SES141/SA141S26	SES180	-0.4809	-51.7619	-51.281
BLOCK14/SES141/SA141S29	SES127	-0.6269	-50.8598	-50.2329
BLOCK14/SES141/SA141S29	SES142	-0.149387	-50.3823	-50.2329
BLOCK14/SES141/SA141S29	SES144	-1.11613	-51.349	-50.2329
BLOCK14/SES141/SA141S29	SES180	-0.415295	-50.6482	-50.2329
BLOCK15/SES157/SA157S08	SES083	-2.92684	-53.4157	-50.4889
BLOCK15/SES157/SA157S08	SES127	-2.23344	-52.7224	-50.4889
BLOCK15/SES157/SA157S08	SES148	-1.4096	-51.8985	-50.4889
BLOCK15/SES157/SA157S08	SES292	-2.61577	-53.1047	-50.4889
BLOCK15/SES157/SA157S11	SES083	-2.35696	-52.4926	-50.1357
BLOCK15/SES157/SA157S11	SES127	-2.17339	-52.309	-50.1357
BLOCK15/SES157/SA157S11	SES148	-1.33905	-51.4747	-50.1357
BLOCK15/SES157/SA157S11	SES292	-2.12064	-52.2563	-50.1357
BLOCK15/SES157/SA157S21	SES127	-1.62004	-51.6031	-49.9831
BLOCK15/SES157/SA157S21	SES148	-1.14071	-51.1238	-49.9831
BLOCK15/SES157/SA157S21	SES158	-5.72581	-55.7089	-49.9831
BLOCK15/SES157/SA157S21	SES292	-1.74369	-51.7268	-49.9831
BLOCK15/SES157/SA157S24	SES127	-2.22982	-52.4041	-50.1743
BLOCK15/SES157/SA157S24	SES148	-1.18941	-51.3637	-50.1743
BLOCK15/SES157/SA157S24	SES183	-1.83574	-52.01	-50.1743
BLOCK15/SES157/SA157S24	SES292	-2.05033	-52.2246	-50.1743
BLOCK15/SES157/SA157S26	SES007	-1.12701	-51.19	-50.0629
BLOCK15/SES157/SA157S26	SES127	-1.54072	-51.6037	-50.0629
BLOCK15/SES157/SA157S26	SES147	-2.34806	-52.411	-50.0629
BLOCK15/SES157/SA157S26	SES148	-0.935719	-50.9987	-50.0629
BLOCK16/SES161/SA161S10	SES007	-2.49989	-54.2188	-51.7189
BLOCK16/SES161/SA161S10	SES105	-1.89449	-53.6134	-51.7189
BLOCK16/SES161/SA161S10	SES158	-2.61807	-54.337	-51.7189
BLOCK16/SES161/SA161S10	SES275	-2.32727	-54.0462	-51.7189
BLOCK16/SES161/SA161S12	SES007	-1.9645	-53.1841	-51.2196
BLOCK16/SES161/SA161S12	SES105	-2.02471	-53.2443	-51.2196
BLOCK16/SES161/SA161S12	SES158	-1.14983	-52.3694	-51.2196
BLOCK16/SES161/SA161S12	SES275	-1.97113	-53.1907	-51.2196
BLOCK16/SES161/SA161S20	SES007	-2.68954	-55.3283	-52.6388
BLOCK16/SES161/SA161S20	SES105	-2.97827	-55.617	-52.6388
BLOCK16/SES161/SA161S20	SES158	-2.2589	-54.8977	-52.6388
BLOCK16/SES161/SA161S20	SES275	-2.93055	-55.5693	-52.6388
BLOCK16/SES161/SA161S23	SES007	-2.46827	-53.2173	-50.7491
BLOCK16/SES161/SA161S23	SES105	-1.70958	-52.4586	-50.7491
BLOCK16/SES161/SA161S23	SES148	-2.61817	-53.3672	-50.7491
BLOCK16/SES161/SA161S23	SES158	-1.26856	-52.0176	-50.7491
BLOCK16/SES161/SA161S28	SES007	-3.29937	-54.2384	-50.9391
BLOCK16/SES161/SA161S28	SES105	-3.06461	-54.0037	-50.9391
BLOCK16/SES161/SA161S28	SES158	-1.053	-51.9921	-50.9391
BLOCK16/SES161/SA161S28	SES206	-2.02505	-52.9641	-50.9391
BLOCK16/SES164/SA164S11	SES104	-1.43947	-50.9107	-49.4712
BLOCK16/SES164/SA164S11	SES125	-0.694393	-50.1656	-49.4712
BLOCK16/SES164/SA164S11	SES158	-0.0158043	-49.487	-49.4712
BLOCK16/SES164/SA164S11	SES206	-1.81684	-51.2881	-49.4712
BLOCK16/SES164/SA164S13	SES099	-1.23187	-52.1197	-50.8878
BLOCK16/SES164/SA164S13	SES104	-1.96104	-52.8489	-50.8878
BLOCK16/SES164/SA164S13	SES125	-1.84718	-52.735	-50.8878
BLOCK16/SES164/SA164S13	SES206	-2.20416	-53.092	-50.8878
BLOCK16/SES164/SA164S24	SES002	-0.637829	-50.7295	-50.0917
BLOCK16/SES164/SA164S24	SES099	-1.52683	-51.6185	-50.0917
BLOCK16/SES164/SA164S24	SES125	-2.17188	-52.2635	-50.0917
BLOCK16/SES164/SA164S24	SES226	-0.917267	-51.0089	-50.0917
BLOCK16/SES164/SA164S27	SES087	-2.03455	-52.4242	-50.3897
BLOCK16/SES164/SA164S27	SES125	-1.58228	-51.9719	-50.3897
BLOCK16/SES164/SA164S27	SES206	-1.75966	-52.1493	-50.3897
BLOCK16/SES164/SA164S27	SES226	-1.64196	-52.0316	-50.3897
BLOCK16/SES164/SA164S29	SES002	-0.556587	-50.5501	-49.9935
BLOCK16/SES164/SA164S29	SES019	-1.9324	-51.9259	-49.9935
BLOCK16/SES164/SA164S29	SES125	-1.6377	-51.6312	-49.9935
BLOCK16/SES164/SA164S29	SES226	-1.88154	-51.8751	-49.9935
BLOCK16/SES169/SA169S13	SES117	-1.40715	-51.9721	-50.5649
BLOCK16/SES169/SA169S13	SES144	-0.987972	-51.5529	-50.5649
BLOCK16/SES169/SA169S13	SES146	-1.33785	-51.9028	-50.5649
BLOCK16/SES169/SA169S13	SES162	-1.75684	-52.3218	-50.5649
BLOCK16/SES169/SA169S14	SES144	-0.95718	-50.339	-49.3818
BLOCK16/SES169/SA169S14	SES148	-1.3419	-50.7237	-49.3818
BLOCK16/SES169/SA169S14	SES177	-1.758	-51.1398	-49.3818
BLOCK16/SES169/SA169S14	SES180	-2.43828	-51.8201	-49.3818
BLOCK16/SES169/SA169S24	SES117	-1.20663	-52.1506	-50.944
BLOCK16/SES169/SA169S24	SES144	-1.18016	-52.1241	-50.944
BLOCK16/SES169/SA169S24	SES146	-1.27338	-52.2174	-50.944
BLOCK16/SES169/SA169S24	SES162	-1.73693	-52.6809	-50.944
BLOCK16/SES169/SA169S27	SES127	-1.69442	-52.1251	-50.4307
BLOCK16/SES169/SA169S27	SES129	-1.37812	-51.8088	-50.4307
BLOCK16/SES169/SA169S27	SES144	-1.50441	-51.9351	-50.4307
BLOCK16/SES169/SA169S27	SES146	-0.589573	-51.0202	-50.4307
BLOCK16/SES169/SA169S29	SES144	-0.698792	-50.7107	-50.012
BLOCK16/SES169/SA169S29	SES162	-1.30656	-51.3185	-50.012
BLOCK16/SES169/SA169S29	SES177	-2.95324	-52.9652	-50.012
BLOCK16/SES169/SA169S29	SES180	-1.75646	-51.7684	-50.012
BLOCK17/SES171/SA171S12	SES083	-1.30132	-52.7313	-51.43
BLOCK17/SES171/SA171S12	SES148	-1.50748	-52.9375	-51.43
BLOCK17/SES171/SA171S12	SES172	-1.64461	-53.0746	-51.43
BLOCK17/SES171/SA171S12	SES292	-1.98331	-53.4133	-51.43
BLOCK17/SES171/SA171S15	SES148	-1.3658	-52.9934	-51.6276
BLOCK17/SES171/SA171S15	SES177	-1.72998	-53.3576	-51.6276
BLOCK17/SES171/SA171S15	SES180	-2.84422	-54.4718	-51.6276
BLOCK17/SES171/SA171S15	SES292	-2.96526	-54.5929	-51.6276
BLOCK17/SES171/SA171S22	SES007	-1.78589	-52.316	-50.5301
BLOCK17/SES171/SA171S22	SES148	-1.20413	-51.7342	-50.5301
BLOCK17/SES171/SA171S22	SES177	-0.803883	-51.3339	-50.5301
BLOCK17/SES171/SA171S22	SES180	-1.58139	-52.1115	-50.5301
BLOCK17/SES171/SA171S25	SES101	-2.7572	-54.3452	-51.588
BLOCK17/SES171/SA171S25	SES120	-3.40984	-54.9978	-51.588
BLOCK17/SES171/SA171S25	SES177	-1.25629	-52.8443	-51.588
BLOCK17/SES171/SA171S25	SES180	-2.57953	-54.1675	-51.588
BLOCK17/SES171/SA171S27	SES177	-0.83733	-51.7823	-50.945
BLOCK17/SES171/SA171S27	SES180	-2.13063	-53.0756	-50.945
BLOCK17/SES171/SA171S27	SES189	-1.06408	-52.0091	-50.945
BLOCK17/SES171/SA171S27	SES292	-2.67308	-53.6181	-50.945
BLOCK17/SES173/SA173S13	SES162	-1.67263	-54.0017	-52.329
BLOCK17/SES173/SA173S13	SES177	-2.77348	-55.1025	-52.329
BLOCK17/SES173/SA173S13	SES180	-2.17472	-54.5038	-52.329
BLOCK17/SES173/SA173S13	SES292	-1.79258	-54.1216	-52.329
BLOCK17/SES173/SA173S14	SES007	-2.79979	-55.2786	-52.4788
BLOCK17/SES173/SA173S14	SES162	-1.98344	-54.4623	-52.4788
BLOCK17/SES173/SA173S14	SES177	-1.78032	-54.2591	-52.4788
BLOCK17/SES173/SA173S14	SES180	-2.51903	-54.9979	-52.4788
BLOCK17/SES173/SA173S24	SES144	-1.38573	-54.3474	-52.9617
BLOCK17/SES173/SA173S24	SES162	-1.97129	-54.933	-52.9617
BLOCK17/SES173/SA173S24	SES177	-1.83443	-54.7961	-52.9617
BLOCK17/SES173/SA173S24	SES180	-2.14055	-55.1022	-52.9617
BLOCK17/SES173/SA173S27	SES162	-2.71598	-54.6358	-51.9199
BLOCK17/SES173/SA173S27	SES177	-2.017	-53.9369	-51.9199
BLOCK17/SES173/SA173S27	SES180	-2.34372	-54.2636	-51.9199
BLOCK17/SES173/SA173S27	SES292	-2.48791	-54.4078	-51.9199
BLOCK17/SES173/SA173S29	SES162	-2.00618	-53.8255	-51.8193
BLOCK17/SES173/SA173S29	SES175	-0.977329	-52.7966	-51.8193
BLOCK17/SES173/SA173S29	SES177	-2.09461	-53.9139	-51.8193
BLOCK17/SES173/SA173S29	SES292	-3.22837	-55.0477	-51.8193
BLOCK18/SES182/SA182S10	SES144	-1.02572	-51.3938	-50.3681
BLOCK18/SES182/SA182S10	SES177	-1.56881	-51.9369	-50.3681
BLOCK18/SES182/SA182S10	SES180	-2.12622	-52.4943	-50.3681
BLOCK18/SES182/SA182S10	SES275	-0.719944	-51.088	-50.3681
BLOCK18/SES182/SA182S12	SES144	-0.477673	-50.8527	-50.3751
BLOCK18/SES182/SA182S12	SES177	-1.08014	-51.4552	-50.3751
BLOCK18/SES182/SA182S12	SES180	-1.23443	-51.6095	-50.3751
BLOCK18/SES182/SA182S12	SES275	-1.40349	-51.7785	-50.3751
BLOCK18/SES182/SA182S21	SES117	-1.55384	-52.8802	-51.3264
BLOCK18/SES182/SA182S21	SES144	-1.45585	-52.7822	-51.3264
BLOCK18/SES182/SA182S21	SES162	-1.06697	-52.3933	-51.3264
BLOCK18/SES182/SA182S21	SES180	-1.65956	-52.9859	-51.3264
BLOCK18/SES182/SA182S23	SES117	-1.403	-52.1607	-50.7577
BLOCK18/SES182/SA182S23	SES144	-1.46057	-52.2182	-50.7577
BLOCK18/SES182/SA182S23	SES180	-1.84894	-52.6066	-50.7577
BLOCK18/SES182/SA182S23	SES275	-1.08389	-51.8415	-50.7577
BLOCK18/SES182/SA182S25	SES007	-0.85817	-51.7789	-50.9208
BLOCK18/SES182/SA182S25	SES162	-0.508427	-51.4292	-50.9208
BLOCK18/SES182/SA182S25	SES177	-0.790257	-51.711	-50.9208
BLOCK18/SES182/SA182S25	SES180	-1.26837	-52.1891	-50.9208
BLOCK18/SES184/SA184S12	SES177	-1.94991	-52.611	-50.6611
BLOCK18/SES184/SA184S12	SES180	-1.45298	-52.1141	-50.6611
BLOCK18/SES184/SA184S12	SES189	-2.5955	-53.2566	-50.6611
BLOCK18/SES184/SA184S12	SES292	-2.0573	-52.7184	-50.6611
BLOCK18/SES184/SA184S13	SES101	-1.81923	-52.4583	-50.639
BLOCK18/SES184/SA184S13	SES177	-1.20317	-51.8422	-50.639
BLOCK18/SES184/SA184S13	SES180	-1.43628	-52.0753	-50.639
BLOCK18/SES184/SA184S13	SES292	-1.83881	-52.4779	-50.639
BLOCK18/SES184/SA184S22	SES177	-1.61139	-51.5496	-49.9382
BLOCK18/SES184/SA184S22	SES180	-1.90498	-51.8432	-49.9382
BLOCK18/SES184/SA184S22	SES189	-2.88517	-52.8233	-49.9382
BLOCK18/SES184/SA184S22	SES292	-2.26706	-52.2052	-49.9382
BLOCK18/SES184/SA184S25	SES101	-1.01334	-50.6094	-49.5961
BLOCK18/SES184/SA184S25	SES177	-1.61621	-51.2123	-49.5961
BLOCK18/SES184/SA184S25	SES180	-1.33338	-50.9294	-49.5961
BLOCK18/SES184/SA184S25	SES292	-0.936569	-50.5326	-49.5961
BLOCK18/SES184/SA184S27	SES083	-1.76884	-52.0335	-50.2647
BLOCK18/SES184/SA184S27	SES177	-1.24475	-51.5094	-50.2647
BLOCK18/SES184/SA184S27	SES202	-3.00187	-53.2666	-50.2647
BLOCK18/SES184/SA184S27	SES292	-1.52065	-51.7853	-50.2647
BLOCK20/SES204/SA204S12	SES062	-2.34617	-51.5097	-49.1635
BLOCK20/SES204/SA204S12	SES083	-3.01423	-52.1777	-49.1635
BLOCK20/SES204/SA204S12	SES206	-0.801105	-49.9646	-49.1635
BLOCK20/SES204/SA204S12	SES226	-2.00435	-51.1678	-49.1635
BLOCK20/SES204/SA204S14	SES068	-3.10505	-51.409	-48.304
BLOCK20/SES204/SA204S14	SES087	-0.734058	-49.038	-48.304
BLOCK20/SES204/SA204S14	SES206	-1.46674	-49.7707	-48.304
BLOCK20/SES204/SA204S14	SES226	-1.80567	-50.1096	-48.304
BLOCK20/SES204/SA204S22	SES068	-3.70755	-52.7879	-49.0803
BLOCK20/SES204/SA204S22	SES082	-3.08032	-52.1607	-49.0803
BLOCK20/SES204/SA204S22	SES083	-3.5435	-52.6238	-49.0803
BLOCK20/SES204/SA204S22	SES206	-1.41246	-50.4928	-49.0803
BLOCK20/SES204/SA204S25	SES062	-2.85098	-52.1863	-49.3354
BLOCK20/SES204/SA204S25	SES083	-3.43307	-52.7684	-49.3354
BLOCK20/SES204/SA204S25	SES206	-0.88855	-50.2239	-49.3354
BLOCK20/SES204/SA204S25	SES226	-2.05359	-51.389	-49.3354
BLOCK20/SES204/SA204S27	SES068	-4.27338	-53.8533	-49.5799
BLOCK20/SES204/SA204S27	SES082	-2.43972	-52.0197	-49.5799
BLOCK20/SES204/SA204S27	SES087	-1.03457	-50.6145	-49.5799
BLOCK20/SES204/SA204S27	SES206	-1.05558	-50.6355	-49.5799
BLOCK20/SES207/SA207S10	SES127	-1.07041	-52.1048	-51.0344
BLOCK20/SES207/SA207S10	SES183	-1.41421	-52.4486	-51.0344
BLOCK20/SES207/SA207S10	SES189	-1.69983	-52.7343	-51.0344
BLOCK20/SES207/SA207S10	SES292	-1.6291	-52.6635	-51.0344
BLOCK20/SES207/SA207S11	SES127	-3.07221	-53.3816	-50.3094
BLOCK20/SES207/SA207S11	SES183	-2.22873	-52.5381	-50.3094
BLOCK20/SES207/SA207S11	SES187	-1.32391	-51.6333	-50.3094
BLOCK20/SES207/SA207S11	SES292	-2.18613	-52.4955	-50.3094
BLOCK20/SES207/SA207S25	SES068	-1.77763	-52.7364	-50.9588
BLOCK20/SES207/SA207S25	SES083	-2.43311	-53.3919	-50.9588
BLOCK20/SES207/SA207S25	SES127	-1.04805	-52.0068	-50.9588
BLOCK20/SES207/SA207S25	SES187	-0.795727	-51.7545	-50.9588
BLOCK20/SES207/SA207S27	SES127	-1.77759	-53.0603	-51.2827
BLOCK20/SES207/SA207S27	SES183	-1.12416	-52.4068	-51.2827
BLOCK20/SES207/SA207S27	SES187	-1.42379	-52.7065	-51.2827
BLOCK20/SES207/SA207S27	SES292	-2.29557	-53.5783	-51.2827
BLOCK20/SES207/SA207S29	SES083	-2.02853	-52.3757	-50.3471
BLOCK20/SES207/SA207S29	SES085	-1.18747	-51.5346	-50.3471
BLOCK20/SES207/SA207S29	SES172	-2.30396	-52.6511	-50.3471
BLOCK20/SES207/SA207S29	SES189	-2.10899	-52.4561	-50.3471
BLOCK22/SES221/SA221S12	SES068	-1.2282	-51.8674	-50.6392
BLOCK22/SES221/SA221S12	SES143	-1.87722	-52.5165	-50.6392
BLOCK22/SES221/SA221S12	SES175	-0.703773	-51.343	-50.6392
BLOCK22/SES221/SA221S12	SES202	-0.650753	-51.29	-50.6392
BLOCK22/SES221/SA221S15	SES085	-3.06886	-55.1921	-52.1232
BLOCK22/SES221/SA221S15	SES143	-2.68346	-54.8067	-52.1232
BLOCK22/SES221/SA221S15	SES175	-0.312431	-52.4356	-52.1232
BLOCK22/SES221/SA221S15	SES187	-0.674923	-52.7981	-52.1232
BLOCK22/SES221/SA221S23	SES068	-2.21812	-53.2845	-51.0663
BLOCK22/SES221/SA221S23	SES143	-2.28407	-53.3504	-51.0663
BLOCK22/SES221/SA221S23	SES175	-0.562012	-51.6284	-51.0663
BLOCK22/SES221/SA221S23	SES189	0.300468	-50.7659	-51.0663
BLOCK22/SES221/SA221S27	SES085	-3.83237	-54.7677	-50.9353
BLOCK22/SES221/SA221S27	SES143	-1.83196	-52.7673	-50.9353
BLOCK22/SES221/SA221S27	SES175	-0.684452	-51.6198	-50.9353
BLOCK22/SES221/SA221S27	SES189	1.04161	-49.8937	-50.9353
BLOCK22/SES221/SA221S29	SES085	-3.80083	-56.4136	-52.6127
BLOCK22/SES221/SA221S29	SES143	-1.78438	-54.3971	-52.6127
BLOCK22/SES221/SA221S29	SES175	-0.26218	-52.8749	-52.6127
BLOCK22/SES221/SA221S29	SES187	0.0994225	-52.5133	-52.6127
BLOCK22/SES223/SA223S11	SES143	-1.48799	-53.4143	-51.9263
BLOCK22/SES223/SA223S11	SES144	-2.66761	-54.5939	-51.9263
BLOCK22/SES223/SA223S11	SES175	-0.78373	-52.71	-51.9263
BLOCK22/SES223/SA223S11	SES187	-1.58296	-53.5093	-51.9263
BLOCK22/SES223/SA223S13	SES068	-1.29062	-54.2439	-52.9533
BLOCK22/SES223/SA223S13	SES143	-2.23975	-55.193	-52.9533
BLOCK22/SES223/SA223S13	SES146	-1.96889	-54.9222	-52.9533
BLOCK22/SES223/SA223S13	SES202	-1.65947	-54.6128	-52.9533
BLOCK22/SES223/SA223S22	SES143	-1.34827	-53.0923	-51.7441
BLOCK22/SES223/SA223S22	SES144	-2.14949	-53.8936	-51.7441
BLOCK22/SES223/SA223S22	SES175	-0.842335	-52.5864	-51.7441
BLOCK22/SES223/SA223S22	SES187	-1.14227	-52.8863	-51.7441
BLOCK22/SES223/SA223S25	SES068	-1.99864	-53.8589	-51.8603
BLOCK22/SES223/SA223S25	SES143	-1.40998	-53.2703	-51.8603
BLOCK22/SES223/SA223S25	SES175	-0.955612	-52.8159	-51.8603
BLOCK22/SES223/SA223S25	SES187	-1.38367	-53.244	-51.8603
BLOCK22/SES223/SA223S27	SES143	-1.11393	-53.0724	-51.9585
BLOCK22/SES223/SA223S27	SES146	-1.12785	-53.0863	-51.9585
BLOCK22/SES223/SA223S27	SES187	-0.988396	-52.9469	-51.9585
BLOCK22/SES223/SA223S27	SES292	-1.66788	-53.6264	-51.9585
BLOCK27/SES273/SA273S12	SES099	-0.0873299	-48.2479	-48.1606
BLOCK27/SES273/SA273S12	SES104	-0.683544	-48.8441	-48.1606
BLOCK27/SES273/SA273S12	SES125	-1.06124	-49.2218	-48.1606
BLOCK27/SES273/SA273S12	SES206	-0.343044	-48.5036	-48.1606
BLOCK27/SES273/SA273S13	SES099	-0.552322	-48.7898	-48.2375
BLOCK27/SES273/SA273S13	SES104	-0.996166	-49.2337	-48.2375
BLOCK27/SES273/SA273S13	SES206	-0.735607	-48.9731	-48.2375
BLOCK27/SES273/SA273S13	SES292	-3.22993	-51.4674	-48.2375
BLOCK27/SES273/SA273S21	SES099	-0.030117	-48.2889	-48.2588
BLOCK27/SES273/SA273S21	SES148	-2.94239	-51.2012	-48.2588
BLOCK27/SES273/SA273S21	SES149	-0.450668	-48.7095	-48.2588
BLOCK27/SES273/SA273S21	SES177	-4.51059	-52.7694	-48.2588
BLOCK27/SES273/SA273S25	SES104	-1.36209	-49.9679	-48.6058
BLOCK27/SES273/SA273S25	SES125	-1.04158	-49.6474	-48.6058
BLOCK27/SES273/SA273S25	SES158	-0.850319	-49.4561	-48.6058
BLOCK27/SES273/SA273S25	SES206	0.0335045	-48.5723	-48.6058
BLOCK27/SES273/SA273S27	SES099	-0.446445	-48.9445	-48.4981
BLOCK27/SES273/SA273S27	SES104	-1.07286	-49.5709	-48.4981
BLOCK27/SES273/SA273S27	SES149	-0.667503	-49.1656	-48.4981
BLOCK27/SES273/SA273S27	SES275	-2.06558	-50.5637	-48.4981
BLOCK27/SES274/SA274S10	SES105	-1.83387	-50.7312	-48.8973
BLOCK27/SES274/SA274S10	SES125	-1.04691	-49.9443	-48.8973
BLOCK27/SES274/SA274S10	SES129	-1.51509	-50.4124	-48.8973
BLOCK27/SES274/SA274S10	SES158	-1.80135	-50.6987	-48.8973
BLOCK27/SES274/SA274S11	SES105	-2.33225	-51.3769	-49.0446
BLOCK27/SES274/SA274S11	SES149	-0.817951	-49.8626	-49.0446
BLOCK27/SES274/SA274S11	SES158	-0.878712	-49.9233	-49.0446
BLOCK27/SES274/SA274S11	SES275	-2.47815	-51.5228	-49.0446
BLOCK27/SES274/SA274S21	SES105	-2.36011	-51.8913	-49.5312
BLOCK27/SES274/SA274S21	SES129	-1.60818	-51.1394	-49.5312
BLOCK27/SES274/SA274S21	SES149	-1.1895	-50.7207	-49.5312
BLOCK27/SES274/SA274S21	SES158	-2.29496	-51.8262	-49.5312
BLOCK27/SES274/SA274S24	SES105	-2.08086	-51.3888	-49.3079
BLOCK27/SES274/SA274S24	SES129	-2.35323	-51.6612	-49.3079
BLOCK27/SES274/SA274S24	SES149	-0.873699	-50.1816	-49.3079
BLOCK27/SES274/SA274S24	SES158	-2.15196	-51.4599	-49.3079
BLOCK27/SES274/SA274S29	SES105	-2.49282	-51.7029	-49.2101
BLOCK27/SES274/SA274S29	SES106	-2.29183	-51.502	-49.2101
BLOCK27/SES274/SA274S29	SES120	-2.46183	-51.672	-49.2101
BLOCK27/SES274/SA274S29	SES275	-2.11611	-51.3262	-49.2101
BLOCK27/SES276/SA276S16	SES148	-2.07018	-52.552	-50.4819
BLOCK27/SES276/SA276S16	SES172	-2.35636	-52.8382	-50.4819
BLOCK27/SES276/SA276S16	SES180	-2.99597	-53.4778	-50.4819
BLOCK27/SES276/SA276S16	SES292	-1.05249	-51.5343	-50.4819
BLOCK27/SES276/SA276S17	SES101	-1.40861	-51.8406	-50.432
BLOCK27/SES276/SA276S17	SES177	-2.02336	-52.4553	-50.432
BLOCK27/SES276/SA276S17	SES180	-1.95248	-52.3844	-50.432
BLOCK27/SES276/SA276S17	SES292	-1.51603	-51.948	-50.432
BLOCK27/SES276/SA276S24	SES101	-0.91864	-50.3278	-49.4091
BLOCK27/SES276/SA276S24	SES177	-1.55687	-50.966	-49.4091
BLOCK27/SES276/SA276S24	SES180	-1.67868	-51.0878	-49.4091
BLOCK27/SES276/SA276S24	SES292	-1.87051	-51.2797	-49.4091
BLOCK27/SES276/SA276S26	SES101	-1.8558	-51.7063	-49.8505
BLOCK27/SES276/SA276S26	SES177	-1.50861	-51.3591	-49.8505
BLOCK27/SES276/SA276S26	SES180	-0.862431	-50.7129	-49.8505
BLOCK27/SES276/SA276S26	SES292	-1.20706	-51.0576	-49.8505
BLOCK27/SES276/SA276S28	SES101	-1.29451	-51.5185	-50.224
BLOCK27/SES276/SA276S28	SES177	-1.72254	-51.9465	-50.224
BLOCK27/SES276/SA276S28	SES180	-0.878971	-51.103	-50.224
BLOCK27/SES276/SA276S28	SES292	-1.72256	-51.9465	-50.224
BLOCK27/SES277/SA277S12	SES101	-1.27441	-52.5119	-51.2375
BLOCK27/SES277/SA277S12	SES177	-2.485	-53.7225	-51.2375
BLOCK27/SES277/SA277S12	SES180	-2.4188	-53.6563	-51.2375
BLOCK27/SES277/SA277S12	SES292	-3.09332	-54.3308	-51.2375
BLOCK27/SES277/SA277S14	SES177	-1.21164	-53.0253	-51.8137
BLOCK27/SES277/SA277S14	SES180	-1.96873	-53.7824	-51.8137
BLOCK27/SES277/SA277S14	SES189	-0.980171	-52.7939	-51.8137
BLOCK27/SES277/SA277S14	SES292	-2.95	-54.7637	-51.8137
BLOCK27/SES277/SA277S21	SES177	-1.1461	-51.2819	-50.1358
BLOCK27/SES277/SA277S21	SES180	-2.34789	-52.4837	-50.1358
BLOCK27/SES277/SA277S21	SES189	-1.59346	-51.7293	-50.1358
BLOCK27/SES277/SA277S21	SES292	-2.44122	-52.577	-50.1358
BLOCK27/SES277/SA277S24	SES144	-1.16247	-52.9708	-51.8083
BLOCK27/SES277/SA277S24	SES177	-1.48534	-53.2936	-51.8083
BLOCK27/SES277/SA277S24	SES180	-2.42071	-54.229	-51.8083
BLOCK27/SES277/SA277S24	SES189	-1.43659	-53.2449	-51.8083
BLOCK27/SES277/SA277S29	SES177	-0.718983	-50.2966	-49.5776
BLOCK27/SES277/SA277S29	SES180	-1.65028	-51.2279	-49.5776
BLOCK27/SES277/SA277S29	SES202	-1.72366	-51.3013	-49.5776
BLOCK27/SES277/SA277S29	SES292	-2.07612	-51.6538	-49.5776
BLOCK27/SES279/SA279S09	SES120	-1.86776	-51.2744	-49.4067
BLOCK27/SES279/SA279S09	SES146	-1.70987	-51.1166	-49.4067
BLOCK27/SES279/SA279S09	SES206	-2.53798	-51.9447	-49.4067
BLOCK27/SES279/SA279S09	SES226	-2.5222	-51.9289	-49.4067
BLOCK27/SES279/SA279S10	SES099	-1.05237	-50.3252	-49.2729
BLOCK27/SES279/SA279S10	SES206	-1.83795	-51.1108	-49.2729
BLOCK27/SES279/SA279S10	SES226	-2.36395	-51.6368	-49.2729
BLOCK27/SES279/SA279S10	SES292	-1.56986	-50.8427	-49.2729
BLOCK27/SES279/SA279S20	SES099	-1.98042	-51.5758	-49.5954
BLOCK27/SES279/SA279S20	SES206	-1.45857	-51.054	-49.5954
BLOCK27/SES279/SA279S20	SES226	-2.78326	-52.3787	-49.5954
BLOCK27/SES279/SA279S20	SES292	-1.11391	-50.7093	-49.5954
BLOCK27/SES279/SA279S26	SES099	-1.45118	-51.1151	-49.664
BLOCK27/SES279/SA279S26	SES206	-0.996456	-50.6604	-49.664
BLOCK27/SES279/SA279S26	SES226	-1.97615	-51.6401	-49.664
BLOCK27/SES279/SA279S26	SES292	-1.65732	-51.3213	-49.664
BLOCK27/SES279/SA279S28	SES099	-1.85185	-50.1374	-48.2855
BLOCK27/SES279/SA279S28	SES120	-1.78007	-50.0656	-48.2855
BLOCK27/SES279/SA279S28	SES177	-3.12901	-51.4146	-48.2855
BLOCK27/SES279/SA279S28	SES206	-2.54538	-50.8309	-48.2855
BLOCK29/SES290/SA290S12	SES162	-1.55193	-51.8542	-50.3023
BLOCK29/SES290/SA290S12	SES177	-1.53536	-51.8376	-50.3023
BLOCK29/SES290/SA290S12	SES180	-1.63497	-51.9372	-50.3023
BLOCK29/SES290/SA290S12	SES292	-2.43856	-52.7408	-50.3023
BLOCK29/SES290/SA290S13	SES007	-3.4115	-54.6504	-51.2389
BLOCK29/SES290/SA290S13	SES162	-2.35808	-53.597	-51.2389
BLOCK29/SES290/SA290S13	SES177	-1.0122	-52.2511	-51.2389
BLOCK29/SES290/SA290S13	SES180	-1.36695	-52.6059	-51.2389
BLOCK29/SES290/SA290S22	SES177	-0.889744	-51.4153	-50.5256
BLOCK29/SES290/SA290S22	SES180	-1.09362	-51.6192	-50.5256
BLOCK29/SES290/SA290S22	SES202	-1.80528	-52.3309	-50.5256
BLOCK29/SES290/SA290S22	SES292	-2.19638	-52.722	-50.5256
BLOCK29/SES290/SA290S25	SES162	-1.60808	-51.5966	-49.9886
BLOCK29/SES290/SA290S25	SES177	-1.09095	-51.0795	-49.9886
BLOCK29/SES290/SA290S25	SES180	-1.49188	-51.4804	-49.9886
BLOCK29/SES290/SA290S25	SES292	-1.82065	-51.8092	-49.9886
BLOCK29/SES290/SA290S29	SES177	-0.0882835	-50.1965	-50.1082
BLOCK29/SES290/SA290S29	SES180	-0.727276	-50.8355	-50.1082
BLOCK29/SES290/SA290S29	SES275	-2.06089	-52.1691	-50.1082
BLOCK29/SES290/SA290S29	SES292	-1.78671	-51.8949	-50.1082
BLOCK29/SES291/SA291S11	SES105	-3.70416	-53.8369	-50.1327
BLOCK29/SES291/SA291S11	SES125	-1.19592	-51.3286	-50.1327
BLOCK29/SES291/SA291S11	SES158	-1.4594	-51.5921	-50.1327
BLOCK29/SES291/SA291S11	SES275	-4.72718	-54.8599	-50.1327
BLOCK29/SES291/SA291S12	SES158	-0.622299	-50.2119	-49.5896
BLOCK29/SES291/SA291S12	SES226	-1.03529	-50.6249	-49.5896
BLOCK29/SES291/SA291S12	SES270	-0.198341	-49.7879	-49.5896
BLOCK29/SES291/SA291S12	SES275	-5.1269	-54.7165	-49.5896
BLOCK29/SES291/SA291S22	SES082	-1.09847	-50.4003	-49.3019
BLOCK29/SES291/SA291S22	SES158	-1.24587	-50.5477	-49.3019
BLOCK29/SES291/SA291S22	SES259	-2.00762	-51.3095	-49.3019
BLOCK29/SES291/SA291S22	SES275	-3.99373	-53.2956	-49.3019
BLOCK29/SES291/SA291S24	SES104	-0.597557	-49.077	-48.4794
BLOCK29/SES291/SA291S24	SES125	-0.438271	-48.9177	-48.4794
BLOCK29/SES291/SA291S24	SES158	-0.504528	-48.984	-48.4794
BLOCK29/SES291/SA291S24	SES275	-4.43449	-52.9139	-48.4794
BLOCK29/SES291/SA291S27	SES158	-0.286903	-49	-48.7131
BLOCK29/SES291/SA291S27	SES172	-6.02419	-54.7373	-48.7131
BLOCK29/SES291/SA291S27	SES275	-4.41169	-53.1248	-48.7131
BLOCK29/SES291/SA291S27	SES292	-3.80876	-52.5218	-48.7131
Threshold search:
THR	-7.0534004972	9	0(0)	1(1000)
THR	-6.948428392228	8.991	0(0)	0.999(999)
THR	-6.843456287256	8.991	0(0)	0.999(999)
THR	-6.738484182284	8.991	0(0)	0.999(999)
THR	-6.633512077312	8.991	0(0)	0.999(999)
THR	-6.52853997234	8.991	0(0)	0.999(999)
THR	-6.423567867368	8.982	0(0)	0.998(998)
THR	-6.318595762396	8.982	0(0)	0.998(998)
THR	-6.213623657424	8.982	0(0)	0.998(998)
THR	-6.108651552452	8.982	0(0)	0.998(998)
THR	-6.00367944748	8.973	0(0)	0.997(997)
THR	-5.898707342508	8.973	0(0)	0.997(997)
THR	-5.793735237536	8.973	0(0)	0.997(997)
THR	-5.688763132564	8.964	0(0)	0.996(996)
THR	-5.583791027592	8.955	0(0)	0.995(995)
THR	-5.47881892262	8.946	0(0)	0.994(994)
THR	-5.373846817648	8.937	0(0)	0.993(993)
THR	-5.268874712676	8.937	0(0)	0.993(993)
THR	-5.163902607704	8.928	0(0)	0.992(992)
THR	-5.058930502732	8.919	0(0)	0.991(991)
THR	-4.95395839776	8.919	0(0)	0.991(991)
THR	-4.848986292788	8.91	0(0)	0.99(990)
THR	-4.744014187816	8.892	0(0)	0.988(988)
THR	-4.639042082844	8.874	0(0)	0.986(986)
THR	-4.534069977872	8.847	0(0)	0.983(983)
THR	-4.4290978729	8.802	0(0)	0.978(978)
THR	-4.324125767928	8.793	0(0)	0.977(977)
THR	-4.219153662956	8.766	0(0)	0.974(974)
THR	-4.114181557984	8.748	0(0)	0.972(972)
THR	-4.009209453012	8.739	0(0)	0.971(971)
THR	-3.90423734804	8.694	0(0)	0.966(966)
THR	-3.799265243068	8.64	0(0)	0.96(960)
THR	-3.694293138096	8.577	0(0)	0.953(953)
THR	-3.589321033124	8.55	0(0)	0.95(950)
THR	-3.484348928152	8.505	0(0)	0.945(945)
THR	-3.37937682318	8.433	0(0)	0.937(937)
THR	-3.274404718208	8.37	0(0)	0.93(930)
THR	-3.169432613236	8.28	0(0)	0.92(920)
THR	-3.064460508264	8.154	0(0)	0.906(906)
THR	-2.959488403292	8.01	0(0)	0.89(890)
THR	-2.85451629832	7.884	0(0)	0.876(876)
THR	-2.749544193348	7.749	0(0)	0.861(861)
THR	-2.644572088376	7.641	0(0)	0.849(849)
THR	-2.539599983404	7.488	0(0)	0.832(832)
THR	-2.434627878432	7.227	0(0)	0.803(803)
THR	-2.32965577346	6.966	0(0)	0.774(774)
THR	-2.224683668488	6.705	0(0)	0.745(745)
THR	-2.119711563516	6.417	0(0)	0.713(713)
THR	-2.014739458544	6.151	0.004(1)	0.683(683)
THR	-1.909767353572	5.782	0.004(1)	0.642(642)
THR	-1.8047952486	5.431	0.004(1)	0.603(603)
THR	-1.699823143628	5.008	0.004(1)	0.556(556)
THR	-1.594851038656	4.54	0.004(1)	0.504(504)
THR	-1.489878933684	4.135	0.004(1)	0.459(459)
THR	-1.384906828712	3.649	0.004(1)	0.405(405)
THR	-1.27993472374	3.262	0.004(1)	0.362(362)
THR	-1.174962618768	2.92	0.004(1)	0.324(324)
THR	-1.069990513796	2.515	0.004(1)	0.279(279)
THR	-0.965018408823997	2.074	0.004(1)	0.23(230)
THR	-0.860046303851997	1.678	0.004(1)	0.186(186)
THR	-0.755074198879997	1.408	0.004(1)	0.156(156)
THR	-0.650102093907997	1.165	0.004(1)	0.129(129)
THR	-0.545129988935997	0.94	0.004(1)	0.104(104)
THR	-0.440157883963997	0.688	0.004(1)	0.076(76)
THR	-0.335185778991997	0.534	0.012(3)	0.058(58)
THR	-0.230213674019997	0.412	0.016(4)	0.044(44)
THR	-0.125241569047997	0.303	0.024(6)	0.031(31)
THR	-0.0202694640759973	0.217	0.028(7)	0.021(21)
THR	0.0847026408960027	0.179	0.044(11)	0.015(15)
THR	0.189674745868003	0.142	0.052(13)	0.01(10)
THR	0.294646850840003	0.13	0.076(19)	0.006(6)
THR	0.399618955812003	0.119	0.092(23)	0.003(3)
THR	0.504591060784003	0.151	0.124(31)	0.003(3)
THR	0.609563165756003	0.186	0.168(42)	0.002(2)
THR	0.714535270728003	0.226	0.208(52)	0.002(2)
THR	0.819507375700003	0.273	0.264(66)	0.001(1)
THR	0.924479480672003	0.313	0.304(76)	0.001(1)
THR	1.029451585644	0.381	0.372(93)	0.001(1)
THR	1.134423690616	0.448	0.448(112)	0(0)
THR	1.239395795588	0.508	0.508(127)	0(0)
THR	1.34436790056	0.564	0.564(141)	0(0)
THR	1.449340005532	0.6	0.6(150)	0(0)
THR	1.554312110504	0.66	0.66(165)	0(0)
THR	1.659284215476	0.692	0.692(173)	0(0)
THR	1.764256320448	0.732	0.732(183)	0(0)
THR	1.86922842542	0.8	0.8(200)	0(0)
THR	1.974200530392	0.836	0.836(209)	0(0)
THR	2.079172635364	0.852	0.852(213)	0(0)
THR	2.184144740336	0.888	0.888(222)	0(0)
THR	2.289116845308	0.908	0.908(227)	0(0)
THR	2.39408895028	0.928	0.928(232)	0(0)
THR	2.499061055252	0.948	0.948(237)	0(0)
THR	2.604033160224	0.952	0.952(238)	0(0)
THR	2.709005265196	0.964	0.964(241)	0(0)
THR	2.813977370168	0.968	0.968(242)	0(0)
THR	2.91894947514	0.968	0.968(242)	0(0)
THR	3.023921580112	0.968	0.968(242)	0(0)
THR	3.128893685084	0.968	0.968(242)	0(0)
THR	3.233865790056	0.996	0.996(249)	0(0)
THR	3.338837895028	0.996	0.996(249)	0(0)
THR	3.44381	1	1(250)	0(0)


==============================================
THR: 0.399618955812003
Missed:     23/250=0.0920
FalseAlarm: 3/1000=0.0030
----------------------------------------------
==> CostDetection: 11.9
==============================================
