BLOCK00/SES002/SA002S12	SES002	2.37946	23.9971	21.6177
BLOCK00/SES002/SA002S13	SES002	2.61365	23.731	21.1173
BLOCK00/SES002/SA002S23	SES002	1.53072	23.5544	22.0237
BLOCK00/SES002/SA002S26	SES002	2.24412	25.2592	23.0151
BLOCK00/SES002/SA002S28	SES002	0.801302	21.5883	20.7869
BLOCK00/SES007/SA007S14	SES007	1.93656	24.7614	22.8249
BLOCK00/SES007/SA007S15	SES007	0.435444	21.8155	21.3801
BLOCK00/SES007/SA007S24	SES007	1.16473	22.0636	20.8989
BLOCK00/SES007/SA007S27	SES007	1.20212	21.5096	20.3075
BLOCK00/SES007/SA007S29	SES007	0.17309	22.0775	21.9044
BLOCK00/SES008/SA008S11	SES008	1.27228	22.117	20.8447
BLOCK00/SES008/SA008S12	SES008	0.237347	20.9209	20.6835
BLOCK00/SES008/SA008S19	SES008	2.1928	23.9773	21.7844
BLOCK00/SES008/SA008S22	SES008	0.371479	20.5566	20.1851
BLOCK00/SES008/SA008S29	SES008	1.78203	23.8302	22.0482
BLOCK01/SES014/SA014S10	SES014	2.62314	23.5122	20.8891
BLOCK01/SES014/SA014S12	SES014	4.04297	27.2748	23.2318
BLOCK01/SES014/SA014S24	SES014	2.21222	24.8633	22.6511
BLOCK01/SES014/SA014S26	SES014	3.3762	28.4368	25.0606
BLOCK01/SES014/SA014S28	SES014	4.77361	28.591	23.8174
BLOCK01/SES016/SA016S12	SES016	0.871542	20.5016	19.6301
BLOCK01/SES016/SA016S13	SES016	1.351	22.8489	21.4979
BLOCK01/SES016/SA016S22	SES016	0.694798	22.2182	21.5234
BLOCK01/SES016/SA016S25	SES016	1.85719	24.7629	22.9057
BLOCK01/SES016/SA016S27	SES016	1.78772	25.4067	23.619
BLOCK01/SES019/SA019S13	SES019	3.17122	22.228	19.0568
BLOCK01/SES019/SA019S14	SES019	2.70575	22.7509	20.0451
BLOCK01/SES019/SA019S22	SES019	3.13531	22.6467	19.5113
BLOCK01/SES019/SA019S25	SES019	3.14017	23.1786	20.0384
BLOCK01/SES019/SA019S29	SES019	3.82853	23.8926	20.0641
BLOCK02/SES029/SA029S11	SES029	1.33153	22.2573	20.9258
BLOCK02/SES029/SA029S12	SES029	0.0772934	22.2266	22.1493
BLOCK02/SES029/SA029S20	SES029	0.931936	21.8932	20.9612
BLOCK02/SES029/SA029S25	SES029	0.795179	23.3802	22.585
BLOCK02/SES029/SA029S28	SES029	0.166365	21.9147	21.7484
BLOCK04/SES042/SA042S12	SES042	2.54603	24.0524	21.5063
BLOCK04/SES042/SA042S15	SES042	2.1051	23.4131	21.308
BLOCK04/SES042/SA042S22	SES042	3.69468	27.4253	23.7306
BLOCK04/SES042/SA042S25	SES042	2.31536	23.0097	20.6943
BLOCK04/SES042/SA042S27	SES042	2.05963	24.5152	22.4556
BLOCK04/SES048/SA048S11	SES048	1.66295	23.304	21.6411
BLOCK04/SES048/SA048S12	SES048	0.641388	23.1885	22.5471
BLOCK04/SES048/SA048S20	SES048	0.62311	22.6524	22.0293
BLOCK04/SES048/SA048S23	SES048	1.77311	22.3445	20.5714
BLOCK04/SES048/SA048S27	SES048	0.886597	24.5449	23.6583
BLOCK06/SES060/SA060S11	SES060	1.79883	23.7724	21.9736
BLOCK06/SES060/SA060S12	SES060	-1.33268	18.972	20.3047
BLOCK06/SES060/SA060S22	SES060	-0.459036	19.5946	20.0536
BLOCK06/SES060/SA060S24	SES060	0.657629	22.3907	21.7331
BLOCK06/SES060/SA060S28	SES060	1.19871	25.0729	23.8742
BLOCK06/SES062/SA062S10	SES062	0.73595	22.806	22.07
BLOCK06/SES062/SA062S11	SES062	0.7124	22.7707	22.0583
BLOCK06/SES062/SA062S21	SES062	2.37528	27.0163	24.641
BLOCK06/SES062/SA062S26	SES062	0.892859	24.0416	23.1487
BLOCK06/SES062/SA062S29	SES062	1.97778	26.0739	24.0961
BLOCK06/SES068/SA068S14	SES068	0.160128	23.127	22.9669
BLOCK06/SES068/SA068S15	SES068	1.46691	24.9578	23.4909
BLOCK06/SES068/SA068S23	SES068	0.355576	21.7639	21.4083
BLOCK06/SES068/SA068S27	SES068	2.51233	25.9926	23.4802
BLOCK06/SES068/SA068S29	SES068	0.599194	23.1306	22.5314
BLOCK08/SES082/SA082S12	SES082	0.324167	21.2615	20.9373
BLOCK08/SES082/SA082S14	SES082	0.123901	20.4436	20.3197
BLOCK08/SES082/SA082S21	SES082	0.121325	21.0225	20.9012
BLOCK08/SES082/SA082S24	SES082	0.956366	23.9063	22.9499
BLOCK08/SES082/SA082S28	SES082	0.566854	21.9639	21.3971
BLOCK08/SES083/SA083S14	SES083	-0.911034	21.2021	22.1131
BLOCK08/SES083/SA083S15	SES083	0.28566	23.194	22.9084
BLOCK08/SES083/SA083S24	SES083	0.115709	22.5964	22.4807
BLOCK08/SES083/SA083S26	SES083	0.306751	21.6316	21.3249
BLOCK08/SES083/SA083S29	SES083	0.247522	23.1458	22.8983
BLOCK08/SES085/SA085S10	SES085	0.243885	22.5085	22.2647
BLOCK08/SES085/SA085S13	SES085	0.187508	22.1751	21.9876
BLOCK08/SES085/SA085S22	SES085	-1.37228	22.1949	23.5672
BLOCK08/SES085/SA085S26	SES085	-0.616735	22.9279	23.5446
BLOCK08/SES085/SA085S28	SES085	0.6563	22.9448	22.2885
BLOCK08/SES087/SA087S15	SES087	1.8466	23.0838	21.2372
BLOCK08/SES087/SA087S16	SES087	2.04007	23.1649	21.1248
BLOCK08/SES087/SA087S24	SES087	1.40958	22.8074	21.3978
BLOCK08/SES087/SA087S26	SES087	1.32324	24.0512	22.728
BLOCK08/SES087/SA087S29	SES087	2.27569	23.0745	20.7988
BLOCK09/SES099/SA099S15	SES099	2.38372	23.6082	21.2245
BLOCK09/SES099/SA099S16	SES099	2.32262	23.3296	21.007
BLOCK09/SES099/SA099S24	SES099	2.06839	23.6244	21.556
BLOCK09/SES099/SA099S26	SES099	2.46362	24.1213	21.6577
BLOCK09/SES099/SA099S29	SES099	2.80553	24.8372	22.0317
BLOCK10/SES101/SA101S11	SES101	0.298262	22.2396	21.9414
BLOCK10/SES101/SA101S13	SES101	1.89036	24.6762	22.7858
BLOCK10/SES101/SA101S22	SES101	1.26306	22.6225	21.3595
BLOCK10/SES101/SA101S24	SES101	0.721811	22.4534	21.7315
BLOCK10/SES101/SA101S28	SES101	-0.00386238	21.4667	21.4706
BLOCK10/SES104/SA104S11	SES104	2.07279	25.5117	23.4389
BLOCK10/SES104/SA104S12	SES104	1.72086	23.6847	21.9638
BLOCK10/SES104/SA104S21	SES104	1.53284	22.9935	21.4607
BLOCK10/SES104/SA104S24	SES104	1.35647	23.6778	22.3214
BLOCK10/SES104/SA104S28	SES104	1.74938	24.4734	22.724
BLOCK10/SES105/SA105S12	SES105	0.701012	20.7906	20.0896
BLOCK10/SES105/SA105S13	SES105	0.475697	20.4329	19.9572
BLOCK10/SES105/SA105S22	SES105	0.340221	19.9296	19.5894
BLOCK10/SES105/SA105S26	SES105	1.6791	21.5358	19.8567
BLOCK10/SES105/SA105S29	SES105	1.18659	22.1614	20.9748
BLOCK10/SES106/SA106S09	SES106	1.81558	21.5881	19.7725
BLOCK10/SES106/SA106S11	SES106	2.30136	24.1241	21.8227
BLOCK10/SES106/SA106S22	SES106	3.70621	25.1014	21.3952
BLOCK10/SES106/SA106S27	SES106	2.06166	22.6866	20.6249
BLOCK10/SES106/SA106S29	SES106	2.16559	23.1821	21.0165
BLOCK11/SES117/SA117S12	SES117	0.522497	21.6918	21.1693
BLOCK11/SES117/SA117S13	SES117	0.407146	22.226	21.8189
BLOCK11/SES117/SA117S23	SES117	1.79775	20.4253	18.6276
BLOCK11/SES117/SA117S25	SES117	0.922987	20.8887	19.9657
BLOCK11/SES117/SA117S28	SES117	0.976089	20.4378	19.4617
BLOCK12/SES120/SA120S08	SES120	0.688442	18.8504	18.162
BLOCK12/SES120/SA120S11	SES120	1.25419	17.9441	16.6899
BLOCK12/SES120/SA120S22	SES120	0.129185	21.2626	21.1334
BLOCK12/SES120/SA120S24	SES120	1.40423	20.918	19.5138
BLOCK12/SES120/SA120S28	SES120	0.410614	17.9553	17.5447
BLOCK12/SES125/SA125S13	SES125	2.22812	23.6437	21.4156
BLOCK12/SES125/SA125S14	SES125	1.34469	22.46	21.1153
BLOCK12/SES125/SA125S25	SES125	1.92138	24.3002	22.3789
BLOCK12/SES125/SA125S27	SES125	2.01993	25.1405	23.1206
BLOCK12/SES125/SA125S29	SES125	2.64696	24.1436	21.4966
BLOCK12/SES127/SA127S11	SES127	0.97019	22.0052	21.035
BLOCK12/SES127/SA127S12	SES127	-0.27227	21.6114	21.8837
BLOCK12/SES127/SA127S23	SES127	0.0755863	21.887	21.8114
BLOCK12/SES127/SA127S25	SES127	0.0282803	21.0245	20.9962
BLOCK12/SES127/SA127S27	SES127	0.518114	22.4027	21.8846
BLOCK12/SES129/SA129S11	SES129	1.99367	24.3236	22.3299
BLOCK12/SES129/SA129S12	SES129	1.53453	23.6775	22.143
BLOCK12/SES129/SA129S22	SES129	1.68554	22.8739	21.1883
BLOCK12/SES129/SA129S27	SES129	1.79844	23.3689	21.5704
BLOCK12/SES129/SA129S29	SES129	1.43945	23.6688	22.2293
BLOCK14/SES142/SA142S11	SES142	2.21193	22.9105	20.6985
BLOCK14/SES142/SA142S12	SES142	0.167095	19.9389	19.7718
BLOCK14/SES142/SA142S24	SES142	1.91346	22.0661	20.1526
BLOCK14/SES142/SA142S27	SES142	1.71269	22.4161	20.7034
BLOCK14/SES142/SA142S29	SES142	2.15809	22.6669	20.5088
BLOCK14/SES143/SA143S12	SES143	0.770765	20.8727	20.1019
BLOCK14/SES143/SA143S13	SES143	0.516006	20.7339	20.2179
BLOCK14/SES143/SA143S23	SES143	0.886635	20.4567	19.57
BLOCK14/SES143/SA143S25	SES143	0.818911	20.7967	19.9778
BLOCK14/SES143/SA143S28	SES143	0.858103	20.929	20.0709
BLOCK14/SES144/SA144S09	SES144	0.910135	22.6201	21.7099
BLOCK14/SES144/SA144S11	SES144	1.60012	21.9082	20.3081
BLOCK14/SES144/SA144S21	SES144	-0.171223	21.0976	21.2688
BLOCK14/SES144/SA144S25	SES144	0.20089	19.9777	19.7768
BLOCK14/SES144/SA144S29	SES144	0.323046	21.9384	21.6153
BLOCK14/SES146/SA146S14	SES146	0.228895	20.2324	20.0035
BLOCK14/SES146/SA146S15	SES146	0.492697	20.5537	20.061
BLOCK14/SES146/SA146S24	SES146	0.603828	20.331	19.7272
BLOCK14/SES146/SA146S26	SES146	0.775427	20.9156	20.1402
BLOCK14/SES146/SA146S29	SES146	0.454699	20.3381	19.8834
BLOCK14/SES147/SA147S11	SES147	1.46128	21.3541	19.8928
BLOCK14/SES147/SA147S13	SES147	2.36753	22.2403	19.8727
BLOCK14/SES147/SA147S23	SES147	0.428808	20.8523	20.4235
BLOCK14/SES147/SA147S26	SES147	0.905273	21.2413	20.336
BLOCK14/SES147/SA147S28	SES147	1.85634	22.0786	20.2223
BLOCK14/SES148/SA148S10	SES148	1.20463	20.896	19.6913
BLOCK14/SES148/SA148S12	SES148	1.24613	20.5161	19.27
BLOCK14/SES148/SA148S22	SES148	2.04011	22.9085	20.8684
BLOCK14/SES148/SA148S26	SES148	-0.314857	21.3458	21.6607
BLOCK14/SES148/SA148S29	SES148	0.229811	20.9565	20.7267
BLOCK14/SES149/SA149S13	SES149	-0.247133	21.2764	21.5236
BLOCK14/SES149/SA149S14	SES149	0.440283	22.4355	21.9952
BLOCK14/SES149/SA149S24	SES149	1.36351	23.6005	22.237
BLOCK14/SES149/SA149S26	SES149	2.08498	24.8778	22.7928
BLOCK14/SES149/SA149S28	SES149	2.32718	25.8307	23.5035
BLOCK15/SES158/SA158S13	SES158	1.98792	21.4609	19.473
BLOCK15/SES158/SA158S14	SES158	3.36762	22.5757	19.208
BLOCK15/SES158/SA158S23	SES158	1.4488	21.6919	20.2431
BLOCK15/SES158/SA158S26	SES158	2.8215	22.1951	19.3736
BLOCK15/SES158/SA158S28	SES158	1.09953	20.8521	19.7526
BLOCK16/SES162/SA162S10	SES162	0.422855	19.5097	19.0868
BLOCK16/SES162/SA162S11	SES162	0.795547	22.6367	21.8411
BLOCK16/SES162/SA162S21	SES162	1.57785	22.6538	21.076
BLOCK16/SES162/SA162S24	SES162	1.11935	21.8872	20.7679
BLOCK16/SES162/SA162S27	SES162	1.19253	21.7958	20.6033
BLOCK16/SES167/SA167S14	SES167	0.832655	23.8172	22.9845
BLOCK16/SES167/SA167S15	SES167	1.16055	22.1741	21.0136
BLOCK16/SES167/SA167S21	SES167	1.62488	23.1967	21.5719
BLOCK16/SES167/SA167S25	SES167	1.8311	22.5054	20.6743
BLOCK16/SES167/SA167S29	SES167	1.89038	24.1072	22.2169
BLOCK17/SES172/SA172S12	SES172	1.6166	23.3461	21.7295
BLOCK17/SES172/SA172S13	SES172	1.42639	22.6985	21.2721
BLOCK17/SES172/SA172S23	SES172	0.470219	23.8789	23.4087
BLOCK17/SES172/SA172S27	SES172	0.418234	22.6551	22.2369
BLOCK17/SES172/SA172S29	SES172	1.68825	23.7219	22.0336
BLOCK17/SES175/SA175S11	SES175	0.647173	21.9725	21.3253
BLOCK17/SES175/SA175S13	SES175	1.15024	22.4025	21.2522
BLOCK17/SES175/SA175S23	SES175	1.27291	22.6777	21.4048
BLOCK17/SES175/SA175S25	SES175	0.785114	20.1845	19.3994
BLOCK17/SES175/SA175S28	SES175	0.720623	22.8376	22.117
BLOCK17/SES177/SA177S15	SES177	-0.486504	21.2474	21.7339
BLOCK17/SES177/SA177S17	SES177	0.317667	22.3774	22.0597
BLOCK17/SES177/SA177S23	SES177	-0.440662	21.26	21.7007
BLOCK17/SES177/SA177S26	SES177	0.72089	24.1575	23.4366
BLOCK17/SES177/SA177S28	SES177	0.82934	23.0058	22.1765
BLOCK18/SES180/SA180S13	SES180	-0.237724	21.2167	21.4544
BLOCK18/SES180/SA180S15	SES180	0.971291	21.7086	20.7373
BLOCK18/SES180/SA180S24	SES180	0.651022	23.3144	22.6634
BLOCK18/SES180/SA180S26	SES180	0.189686	22.2926	22.1029
BLOCK18/SES180/SA180S29	SES180	0.815716	22.2212	21.4055
BLOCK18/SES183/SA183S13	SES183	1.12329	20.3153	19.192
BLOCK18/SES183/SA183S14	SES183	-0.290913	19.8668	20.1577
BLOCK18/SES183/SA183S24	SES183	0.890688	19.3396	18.4489
BLOCK18/SES183/SA183S27	SES183	1.11358	20.6698	19.5562
BLOCK18/SES183/SA183S29	SES183	0.965889	21.7975	20.8316
BLOCK18/SES187/SA187S13	SES187	0.804432	22.0383	21.2339
BLOCK18/SES187/SA187S14	SES187	1.27853	21.7691	20.4906
BLOCK18/SES187/SA187S24	SES187	1.36498	22.2881	20.9232
BLOCK18/SES187/SA187S27	SES187	1.09771	22.2308	21.1331
BLOCK18/SES187/SA187S29	SES187	1.5383	23.0176	21.4793
BLOCK18/SES189/SA189S10	SES189	1.79283	20.3168	18.524
BLOCK18/SES189/SA189S13	SES189	1.81589	19.7589	17.943
BLOCK18/SES189/SA189S24	SES189	2.36139	20.4359	18.0745
BLOCK18/SES189/SA189S26	SES189	1.17984	20.5604	19.3805
BLOCK18/SES189/SA189S29	SES189	2.63185	21.4069	18.775
BLOCK20/SES202/SA202S12	SES202	1.53389	18.8171	17.2832
BLOCK20/SES202/SA202S14	SES202	2.85949	22.5615	19.7021
BLOCK20/SES202/SA202S24	SES202	0.870855	21.2824	20.4115
BLOCK20/SES202/SA202S27	SES202	1.44063	23.0192	21.5786
BLOCK20/SES202/SA202S29	SES202	2.08843	22.3962	20.3078
BLOCK20/SES206/SA206S15	SES206	-0.215965	22.1767	22.3926
BLOCK20/SES206/SA206S17	SES206	2.07608	25.2924	23.2163
BLOCK20/SES206/SA206S24	SES206	2.245	25.389	23.144
BLOCK20/SES206/SA206S27	SES206	2.32499	24.3933	22.0683
BLOCK20/SES206/SA206S29	SES206	2.50543	26.2779	23.7725
BLOCK22/SES226/SA226S12	SES226	1.59033	22.6928	21.1025
BLOCK22/SES226/SA226S13	SES226	-0.418503	20.233	20.6515
BLOCK22/SES226/SA226S20	SES226	1.39144	22.546	21.1546
BLOCK22/SES226/SA226S23	SES226	1.79406	22.9722	21.1781
BLOCK22/SES226/SA226S28	SES226	2.24255	23.6374	21.3949
BLOCK25/SES259/SA259S13	SES259	4.55753	25.774	21.2165
BLOCK25/SES259/SA259S14	SES259	2.65737	23.2857	20.6283
BLOCK25/SES259/SA259S22	SES259	2.37755	23.3684	20.9909
BLOCK25/SES259/SA259S24	SES259	3.01232	25.8158	22.8034
BLOCK25/SES259/SA259S28	SES259	2.86175	24.2026	21.3409
BLOCK27/SES270/SA270S14	SES270	3.08474	22.9643	19.8795
BLOCK27/SES270/SA270S16	SES270	1.25648	21.7184	20.4619
BLOCK27/SES270/SA270S22	SES270	3.15776	23.6619	20.5041
BLOCK27/SES270/SA270S26	SES270	2.01223	20.9579	18.9457
BLOCK27/SES270/SA270S28	SES270	1.61301	22.3507	20.7377
BLOCK27/SES275/SA275S17	SES275	1.47314	21.6122	20.1391
BLOCK27/SES275/SA275S18	SES275	0.545536	21.82	21.2745
BLOCK27/SES275/SA275S24	SES275	0.516516	20.2765	19.76
BLOCK27/SES275/SA275S26	SES275	0.916157	21.9247	21.0086
BLOCK27/SES275/SA275S28	SES275	0.41128	21.5447	21.1334
BLOCK29/SES292/SA292S10	SES292	-0.440916	20.1233	20.5642
BLOCK29/SES292/SA292S12	SES292	0.27129	21.2971	21.0258
BLOCK29/SES292/SA292S22	SES292	0.397329	22.8078	22.4105
BLOCK29/SES292/SA292S24	SES292	0.325848	22.3706	22.0448
BLOCK29/SES292/SA292S27	SES292	-0.000637054	22.2624	22.263
BLOCK00/SES001/SA001S14	SES062	-3.29023	15.2824	18.5726
BLOCK00/SES001/SA001S14	SES082	-3.83659	14.7361	18.5726
BLOCK00/SES001/SA001S14	SES106	-3.64383	14.9288	18.5726
BLOCK00/SES001/SA001S14	SES206	-2.70282	15.8698	18.5726
BLOCK00/SES001/SA001S15	SES062	-3.03928	17.5449	20.5842
BLOCK00/SES001/SA001S15	SES104	-4.06587	16.5183	20.5842
BLOCK00/SES001/SA001S15	SES106	-3.3211	17.2631	20.5842
BLOCK00/SES001/SA001S15	SES206	-2.67266	17.9115	20.5842
BLOCK00/SES001/SA001S24	SES062	-4.4247	13.9159	18.3406
BLOCK00/SES001/SA001S24	SES082	-4.61144	13.7292	18.3406
BLOCK00/SES001/SA001S24	SES087	-3.35656	14.984	18.3406
BLOCK00/SES001/SA001S24	SES206	-3.51441	14.8262	18.3406
BLOCK00/SES001/SA001S27	SES062	-2.41096	18.3	20.7109
BLOCK00/SES001/SA001S27	SES082	-2.22207	18.4889	20.7109
BLOCK00/SES001/SA001S27	SES087	-1.95522	18.7557	20.7109
BLOCK00/SES001/SA001S27	SES206	-2.42082	18.2901	20.7109
BLOCK00/SES001/SA001S29	SES062	-4.40951	14.868	19.2775
BLOCK00/SES001/SA001S29	SES082	-2.74602	16.5315	19.2775
BLOCK00/SES001/SA001S29	SES158	-2.31858	16.959	19.2775
BLOCK00/SES001/SA001S29	SES206	-3.52706	15.7505	19.2775
BLOCK00/SES003/SA003S11	SES002	-0.853075	19.8343	20.6874
BLOCK00/SES003/SA003S11	SES019	-2.23222	18.4552	20.6874
BLOCK00/SES003/SA003S11	SES082	-0.540693	20.1467	20.6874
BLOCK00/SES003/SA003S11	SES125	-1.87368	18.8137	20.6874
BLOCK00/SES003/SA003S15	SES016	-3.48237	18.8478	22.3302
BLOCK00/SES003/SA003S15	SES019	-2.87962	19.4506	22.3302
BLOCK00/SES003/SA003S15	SES062	-2.82154	19.5087	22.3302
BLOCK00/SES003/SA003S15	SES206	-2.50943	19.8208	22.3302
BLOCK00/SES003/SA003S22	SES002	-2.9369	18.301	21.2379
BLOCK00/SES003/SA003S22	SES062	-1.54314	19.6947	21.2379
BLOCK00/SES003/SA003S22	SES082	-2.70567	18.5322	21.2379
BLOCK00/SES003/SA003S22	SES087	-2.42653	18.8113	21.2379
BLOCK00/SES003/SA003S25	SES062	-3.61886	16.1399	19.7587
BLOCK00/SES003/SA003S25	SES082	-1.5797	18.179	19.7587
BLOCK00/SES003/SA003S25	SES087	-2.10861	17.6501	19.7587
BLOCK00/SES003/SA003S25	SES206	-2.87153	16.8872	19.7587
BLOCK00/SES003/SA003S29	SES002	-2.46901	17.6178	20.0868
BLOCK00/SES003/SA003S29	SES062	-3.52993	16.5568	20.0868
BLOCK00/SES003/SA003S29	SES082	-2.01665	18.0701	20.0868
BLOCK00/SES003/SA003S29	SES087	-2.59763	17.4892	20.0868
BLOCK00/SES004/SA004S12	SES083	-3.7584	16.23	19.9884
BLOCK00/SES004/SA004S12	SES148	-2.7767	17.2117	19.9884
BLOCK00/SES004/SA004S12	SES172	-2.14355	17.8449	19.9884
BLOCK00/SES004/SA004S12	SES292	-3.16119	16.8272	19.9884
BLOCK00/SES004/SA004S17	SES083	-3.46144	16.086	19.5474
BLOCK00/SES004/SA004S17	SES162	-2.44601	17.1014	19.5474
BLOCK00/SES004/SA004S17	SES172	-2.70472	16.8427	19.5474
BLOCK00/SES004/SA004S17	SES292	-3.19089	16.3565	19.5474
BLOCK00/SES004/SA004S24	SES083	-3.15573	17.0787	20.2344
BLOCK00/SES004/SA004S24	SES148	-3.19111	17.0433	20.2344
BLOCK00/SES004/SA004S24	SES172	-1.93678	18.2976	20.2344
BLOCK00/SES004/SA004S24	SES292	-2.10637	18.128	20.2344
BLOCK00/SES004/SA004S26	SES083	-3.82662	15.7299	19.5566
BLOCK00/SES004/SA004S26	SES127	-3.04851	16.5081	19.5566
BLOCK00/SES004/SA004S26	SES148	-4.78497	14.7716	19.5566
BLOCK00/SES004/SA004S26	SES292	-3.61121	15.9454	19.5566
BLOCK00/SES004/SA004S28	SES083	-3.18654	18.6942	21.8807
BLOCK00/SES004/SA004S28	SES127	-2.25991	19.6208	21.8807
BLOCK00/SES004/SA004S28	SES187	-2.04534	19.8354	21.8807
BLOCK00/SES004/SA004S28	SES292	-3.48953	18.3912	21.8807
BLOCK00/SES006/SA006S10	SES014	-6.5985	10.3748	16.9732
BLOCK00/SES006/SA006S10	SES158	-3.67027	13.303	16.9732
BLOCK00/SES006/SA006S10	SES226	-4.99283	11.9804	16.9732
BLOCK00/SES006/SA006S10	SES270	-3.10579	13.8675	16.9732
BLOCK00/SES006/SA006S11	SES158	-3.07559	13.9816	17.0571
BLOCK00/SES006/SA006S11	SES226	-3.64849	13.4087	17.0571
BLOCK00/SES006/SA006S11	SES270	-2.87189	14.1853	17.0571
BLOCK00/SES006/SA006S11	SES275	-3.0497	14.0074	17.0571
BLOCK00/SES006/SA006S23	SES062	-3.57141	15.7331	19.3045
BLOCK00/SES006/SA006S23	SES105	-3.77898	15.5255	19.3045
BLOCK00/SES006/SA006S23	SES158	-3.25686	16.0476	19.3045
BLOCK00/SES006/SA006S23	SES275	-3.02143	16.283	19.3045
BLOCK00/SES006/SA006S26	SES104	-4.86771	13.694	18.5617
BLOCK00/SES006/SA006S26	SES158	-2.47513	16.0865	18.5617
BLOCK00/SES006/SA006S26	SES270	-2.00498	16.5567	18.5617
BLOCK00/SES006/SA006S26	SES275	-3.02491	15.5368	18.5617
BLOCK00/SES006/SA006S28	SES007	-3.5039	13.4717	16.9756
BLOCK00/SES006/SA006S28	SES105	-3.08217	13.8935	16.9756
BLOCK00/SES006/SA006S28	SES158	-2.81911	14.1565	16.9756
BLOCK00/SES006/SA006S28	SES275	-3.20778	13.7679	16.9756
BLOCK00/SES009/SA009S12	SES083	-4.27382	17.5967	21.8706
BLOCK00/SES009/SA009S12	SES148	-3.76914	18.1014	21.8706
BLOCK00/SES009/SA009S12	SES177	-2.02114	19.8494	21.8706
BLOCK00/SES009/SA009S12	SES292	-2.28797	19.5826	21.8706
BLOCK00/SES009/SA009S15	SES007	-0.738873	21.8821	22.621
BLOCK00/SES009/SA009S15	SES099	-5.56963	17.0513	22.621
BLOCK00/SES009/SA009S15	SES148	-2.91982	19.7011	22.621
BLOCK00/SES009/SA009S15	SES172	-2.25293	20.368	22.621
BLOCK00/SES009/SA009S24	SES146	-2.08564	20.6733	22.759
BLOCK00/SES009/SA009S24	SES148	-3.55626	19.2027	22.759
BLOCK00/SES009/SA009S24	SES177	-1.26735	21.4916	22.759
BLOCK00/SES009/SA009S24	SES292	-2.21744	20.5415	22.759
BLOCK00/SES009/SA009S26	SES083	-3.67717	17.811	21.4882
BLOCK00/SES009/SA009S26	SES101	-3.57259	17.9156	21.4882
BLOCK00/SES009/SA009S26	SES120	-2.62326	18.8649	21.4882
BLOCK00/SES009/SA009S26	SES177	-1.71823	19.7699	21.4882
BLOCK00/SES009/SA009S29	SES083	-3.09851	19.3723	22.4708
BLOCK00/SES009/SA009S29	SES101	-3.07796	19.3928	22.4708
BLOCK00/SES009/SA009S29	SES177	-1.70617	20.7646	22.4708
BLOCK00/SES009/SA009S29	SES292	-2.04397	20.4268	22.4708
BLOCK01/SES011/SA011S10	SES019	-2.36619	19.1502	21.5164
BLOCK01/SES011/SA011S10	SES042	-0.929075	20.5873	21.5164
BLOCK01/SES011/SA011S10	SES082	-2.88912	18.6273	21.5164
BLOCK01/SES011/SA011S10	SES206	-2.01807	19.4983	21.5164
BLOCK01/SES011/SA011S11	SES019	-3.1176	16.9977	20.1153
BLOCK01/SES011/SA011S11	SES042	-2.24207	17.8732	20.1153
BLOCK01/SES011/SA011S11	SES082	-3.46884	16.6464	20.1153
BLOCK01/SES011/SA011S11	SES206	-2.13594	17.9793	20.1153
BLOCK01/SES011/SA011S22	SES019	-1.73996	18.2698	20.0097
BLOCK01/SES011/SA011S22	SES042	-0.572617	19.4371	20.0097
BLOCK01/SES011/SA011S22	SES082	-2.52995	17.4798	20.0097
BLOCK01/SES011/SA011S22	SES206	-2.36026	17.6495	20.0097
BLOCK01/SES011/SA011S24	SES019	-2.43235	18.5998	21.0322
BLOCK01/SES011/SA011S24	SES042	-0.345491	20.6867	21.0322
BLOCK01/SES011/SA011S24	SES104	-2.65231	18.3799	21.0322
BLOCK01/SES011/SA011S24	SES206	-2.15214	18.88	21.0322
BLOCK01/SES011/SA011S27	SES082	-0.827095	19.5323	20.3594
BLOCK01/SES011/SA011S27	SES087	-3.0352	17.3242	20.3594
BLOCK01/SES011/SA011S27	SES125	-2.44855	17.9108	20.3594
BLOCK01/SES011/SA011S27	SES206	-2.50565	17.8537	20.3594
BLOCK01/SES012/SA012S11	SES007	-1.30821	22.0547	23.3629
BLOCK01/SES012/SA012S11	SES082	-2.60213	20.7608	23.3629
BLOCK01/SES012/SA012S11	SES083	-2.63028	20.7326	23.3629
BLOCK01/SES012/SA012S11	SES206	-2.52517	20.8377	23.3629
BLOCK01/SES012/SA012S14	SES082	-1.28897	21.334	22.623
BLOCK01/SES012/SA012S14	SES087	-3.06297	19.56	22.623
BLOCK01/SES012/SA012S14	SES206	-1.08878	21.5342	22.623
BLOCK01/SES012/SA012S14	SES292	-2.53582	20.0871	22.623
BLOCK01/SES012/SA012S24	SES082	-1.26408	20.6144	21.8785
BLOCK01/SES012/SA012S24	SES087	-2.68804	19.1904	21.8785
BLOCK01/SES012/SA012S24	SES120	-3.22665	18.6518	21.8785
BLOCK01/SES012/SA012S24	SES206	-1.43846	20.44	21.8785
BLOCK01/SES012/SA012S26	SES019	-5.38411	18.0692	23.4533
BLOCK01/SES012/SA012S26	SES082	-2.61225	20.8411	23.4533
BLOCK01/SES012/SA012S26	SES206	-1.40295	22.0504	23.4533
BLOCK01/SES012/SA012S26	SES292	-2.24357	21.2097	23.4533
BLOCK01/SES012/SA012S29	SES062	-2.20085	21.0989	23.2998
BLOCK01/SES012/SA012S29	SES082	-1.83725	21.4625	23.2998
BLOCK01/SES012/SA012S29	SES083	-3.23817	20.0616	23.2998
BLOCK01/SES012/SA012S29	SES206	-1.8276	21.4722	23.2998
BLOCK01/SES013/SA013S16	SES062	-3.86591	16.7855	20.6514
BLOCK01/SES013/SA013S16	SES106	-2.32887	18.3225	20.6514
BLOCK01/SES013/SA013S16	SES206	-2.00274	18.6487	20.6514
BLOCK01/SES013/SA013S16	SES226	-1.00797	19.6434	20.6514
BLOCK01/SES013/SA013S17	SES062	-3.51043	19.0832	22.5936
BLOCK01/SES013/SA013S17	SES106	-3.13881	19.4548	22.5936
BLOCK01/SES013/SA013S17	SES206	-1.3774	21.2162	22.5936
BLOCK01/SES013/SA013S17	SES226	-1.29364	21.3	22.5936
BLOCK01/SES013/SA013S23	SES104	-1.94154	20.1136	22.0551
BLOCK01/SES013/SA013S23	SES106	-1.32848	20.7267	22.0551
BLOCK01/SES013/SA013S23	SES206	-1.6224	20.4328	22.0551
BLOCK01/SES013/SA013S23	SES270	-1.58589	20.4693	22.0551
BLOCK01/SES013/SA013S25	SES042	-1.98409	21.1471	23.1311
BLOCK01/SES013/SA013S25	SES104	-1.275	21.8561	23.1311
BLOCK01/SES013/SA013S25	SES106	-1.46796	21.6632	23.1311
BLOCK01/SES013/SA013S25	SES206	-1.1613	21.9698	23.1311
BLOCK01/SES013/SA013S29	SES062	-4.30252	18.0117	22.3142
BLOCK01/SES013/SA013S29	SES104	-2.88974	19.4245	22.3142
BLOCK01/SES013/SA013S29	SES106	-1.76031	20.5539	22.3142
BLOCK01/SES013/SA013S29	SES206	-2.01697	20.2973	22.3142
BLOCK02/SES021/SA021S13	SES016	-3.9283	19.4807	23.409
BLOCK02/SES021/SA021S13	SES029	-2.3821	21.0269	23.409
BLOCK02/SES021/SA021S13	SES087	-2.79554	20.6135	23.409
BLOCK02/SES021/SA021S13	SES206	-2.089	21.32	23.409
BLOCK02/SES021/SA021S15	SES087	-1.94178	22.6291	24.5709
BLOCK02/SES021/SA021S15	SES125	-1.85098	22.7199	24.5709
BLOCK02/SES021/SA021S15	SES206	-2.10403	22.4668	24.5709
BLOCK02/SES021/SA021S15	SES226	-3.48032	21.0905	24.5709
BLOCK02/SES021/SA021S23	SES062	-3.28874	17.6745	20.9632
BLOCK02/SES021/SA021S23	SES087	-1.62381	19.3394	20.9632
BLOCK02/SES021/SA021S23	SES206	-1.85062	19.1126	20.9632
BLOCK02/SES021/SA021S23	SES226	-2.12774	18.8355	20.9632
BLOCK02/SES021/SA021S27	SES002	-1.75305	20.6448	22.3978
BLOCK02/SES021/SA021S27	SES016	-5.06157	17.3363	22.3978
BLOCK02/SES021/SA021S27	SES019	-2.60121	19.7966	22.3978
BLOCK02/SES021/SA021S27	SES062	-2.43369	19.9641	22.3978
BLOCK02/SES021/SA021S29	SES087	-2.18802	20.9552	23.1432
BLOCK02/SES021/SA021S29	SES125	-1.64465	21.4986	23.1432
BLOCK02/SES021/SA021S29	SES206	-1.81999	21.3232	23.1432
BLOCK02/SES021/SA021S29	SES226	-3.0469	20.0963	23.1432
BLOCK04/SES043/SA043S09	SES083	-3.02235	16.4439	19.4663
BLOCK04/SES043/SA043S09	SES101	-3.67813	15.7882	19.4663
BLOCK04/SES043/SA043S09	SES144	-1.49552	17.9708	19.4663
BLOCK04/SES043/SA043S09	SES172	-4.12648	15.3398	19.4663
BLOCK04/SES043/SA043S11	SES083	-1.6285	19.8072	21.4357
BLOCK04/SES043/SA043S11	SES101	-2.30488	19.1309	21.4357
BLOCK04/SES043/SA043S11	SES144	-1.38542	20.0503	21.4357
BLOCK04/SES043/SA043S11	SES172	-2.16658	19.2691	21.4357
BLOCK04/SES043/SA043S23	SES083	-2.16396	18.1715	20.3355
BLOCK04/SES043/SA043S23	SES144	-0.627327	19.7081	20.3355
BLOCK04/SES043/SA043S23	SES177	-3.40182	16.9336	20.3355
BLOCK04/SES043/SA043S23	SES275	-1.59359	18.7419	20.3355
BLOCK04/SES043/SA043S26	SES083	-2.45348	17.4851	19.9386
BLOCK04/SES043/SA043S26	SES101	-2.47939	17.4592	19.9386
BLOCK04/SES043/SA043S26	SES144	-1.25378	18.6848	19.9386
BLOCK04/SES043/SA043S26	SES177	-2.70522	17.2334	19.9386
BLOCK04/SES043/SA043S28	SES016	-3.09889	18.4556	21.5545
BLOCK04/SES043/SA043S28	SES083	-1.63652	19.918	21.5545
BLOCK04/SES043/SA043S28	SES101	-1.65106	19.9035	21.5545
BLOCK04/SES043/SA043S28	SES144	-1.64404	19.9105	21.5545
BLOCK04/SES044/SA044S10	SES127	-3.80354	13.3749	17.1785
BLOCK04/SES044/SA044S10	SES144	-1.77196	15.4065	17.1785
BLOCK04/SES044/SA044S10	SES147	-2.88842	14.2901	17.1785
BLOCK04/SES044/SA044S10	SES148	-3.66492	13.5136	17.1785
BLOCK04/SES044/SA044S11	SES101	-3.05091	16.2163	19.2672
BLOCK04/SES044/SA044S11	SES144	-1.41793	17.8493	19.2672
BLOCK04/SES044/SA044S11	SES147	-2.75159	16.5156	19.2672
BLOCK04/SES044/SA044S11	SES177	-4.20545	15.0618	19.2672
BLOCK04/SES044/SA044S24	SES007	-4.1355	15.4915	19.627
BLOCK04/SES044/SA044S24	SES101	-2.215	17.412	19.627
BLOCK04/SES044/SA044S24	SES147	-3.01559	16.6114	19.627
BLOCK04/SES044/SA044S24	SES177	-3.01275	16.6143	19.627
BLOCK04/SES044/SA044S26	SES007	-3.08325	17.287	20.3702
BLOCK04/SES044/SA044S26	SES016	-2.46791	17.9023	20.3702
BLOCK04/SES044/SA044S26	SES101	-2.25144	18.1188	20.3702
BLOCK04/SES044/SA044S26	SES147	-1.94243	18.4278	20.3702
BLOCK04/SES044/SA044S29	SES007	-3.36597	17.2604	20.6263
BLOCK04/SES044/SA044S29	SES101	-1.29287	19.3335	20.6263
BLOCK04/SES044/SA044S29	SES147	-2.87016	17.7562	20.6263
BLOCK04/SES044/SA044S29	SES177	-3.64084	16.9855	20.6263
BLOCK04/SES046/SA046S13	SES101	-3.50062	16.2008	19.7014
BLOCK04/SES046/SA046S13	SES144	-2.16632	17.5351	19.7014
BLOCK04/SES046/SA046S13	SES147	-2.87879	16.8227	19.7014
BLOCK04/SES046/SA046S13	SES177	-3.06135	16.6401	19.7014
BLOCK04/SES046/SA046S15	SES048	-2.03042	19.756	21.7865
BLOCK04/SES046/SA046S15	SES083	-1.38311	20.4034	21.7865
BLOCK04/SES046/SA046S15	SES120	-3.56083	18.2256	21.7865
BLOCK04/SES046/SA046S15	SES148	-2.40687	19.3796	21.7865
BLOCK04/SES046/SA046S22	SES101	-2.36613	18.0481	20.4142
BLOCK04/SES046/SA046S22	SES144	-1.47079	18.9434	20.4142
BLOCK04/SES046/SA046S22	SES147	-3.05267	17.3615	20.4142
BLOCK04/SES046/SA046S22	SES172	-2.58938	17.8248	20.4142
BLOCK04/SES046/SA046S25	SES083	-2.19681	17.7112	19.908
BLOCK04/SES046/SA046S25	SES127	-2.11167	17.7963	19.908
BLOCK04/SES046/SA046S25	SES144	-2.96855	16.9394	19.908
BLOCK04/SES046/SA046S25	SES148	-2.76697	17.141	19.908
BLOCK04/SES046/SA046S28	SES007	-3.57232	16.3139	19.8863
BLOCK04/SES046/SA046S28	SES105	-3.25981	16.6265	19.8863
BLOCK04/SES046/SA046S28	SES147	-3.63718	16.2491	19.8863
BLOCK04/SES046/SA046S28	SES148	-2.17209	17.7142	19.8863
BLOCK04/SES049/SA049S16	SES104	-3.42243	16.7661	20.1885
BLOCK04/SES049/SA049S16	SES106	-2.95065	17.2378	20.1885
BLOCK04/SES049/SA049S16	SES120	-3.68121	16.5073	20.1885
BLOCK04/SES049/SA049S16	SES206	-2.46327	17.7252	20.1885
BLOCK04/SES049/SA049S18	SES099	-1.35453	18.4002	19.7547
BLOCK04/SES049/SA049S18	SES104	-2.90665	16.8481	19.7547
BLOCK04/SES049/SA049S18	SES125	-3.90469	15.85	19.7547
BLOCK04/SES049/SA049S18	SES206	-2.915	16.8397	19.7547
BLOCK04/SES049/SA049S25	SES087	-1.67877	19.3807	21.0595
BLOCK04/SES049/SA049S25	SES104	-0.783373	20.2761	21.0595
BLOCK04/SES049/SA049S25	SES125	-1.65952	19.4	21.0595
BLOCK04/SES049/SA049S25	SES206	-0.891811	20.1677	21.0595
BLOCK04/SES049/SA049S27	SES099	-1.08347	19.3541	20.4376
BLOCK04/SES049/SA049S27	SES104	-1.40748	19.0301	20.4376
BLOCK04/SES049/SA049S27	SES125	-2.55522	17.8824	20.4376
BLOCK04/SES049/SA049S27	SES206	-2.11215	18.3255	20.4376
BLOCK04/SES049/SA049S29	SES099	-1.02481	21.0764	22.1012
BLOCK04/SES049/SA049S29	SES104	-1.22247	20.8787	22.1012
BLOCK04/SES049/SA049S29	SES125	-2.07033	20.0309	22.1012
BLOCK04/SES049/SA049S29	SES206	-1.39003	20.7112	22.1012
BLOCK06/SES063/SA063S09	SES068	-2.80747	19.2074	22.0148
BLOCK06/SES063/SA063S09	SES083	-1.85271	20.1621	22.0148
BLOCK06/SES063/SA063S09	SES177	-1.48017	20.5347	22.0148
BLOCK06/SES063/SA063S09	SES187	-2.25051	19.7643	22.0148
BLOCK06/SES063/SA063S10	SES068	-2.67554	18.5822	21.2577
BLOCK06/SES063/SA063S10	SES083	-1.46857	19.7891	21.2577
BLOCK06/SES063/SA063S10	SES172	-1.56682	19.6909	21.2577
BLOCK06/SES063/SA063S10	SES187	-1.97957	19.2781	21.2577
BLOCK06/SES063/SA063S20	SES068	-2.97766	17.9608	20.9385
BLOCK06/SES063/SA063S20	SES083	-1.58141	19.3571	20.9385
BLOCK06/SES063/SA063S20	SES172	-1.26062	19.6779	20.9385
BLOCK06/SES063/SA063S20	SES187	-1.79627	19.1422	20.9385
BLOCK06/SES063/SA063S24	SES029	-2.57536	19.4891	22.0645
BLOCK06/SES063/SA063S24	SES083	-2.18024	19.8843	22.0645
BLOCK06/SES063/SA063S24	SES177	-2.10553	19.959	22.0645
BLOCK06/SES063/SA063S24	SES189	-1.98374	20.0808	22.0645
BLOCK06/SES063/SA063S27	SES083	-1.14659	19.4055	20.5521
BLOCK06/SES063/SA063S27	SES172	-1.78067	18.7714	20.5521
BLOCK06/SES063/SA063S27	SES187	-2.03396	18.5181	20.5521
BLOCK06/SES063/SA063S27	SES292	-2.80107	17.751	20.5521
BLOCK06/SES067/SA067S12	SES083	-3.02777	18.2959	21.3236
BLOCK06/SES067/SA067S12	SES172	-3.06336	18.2603	21.3236
BLOCK06/SES067/SA067S12	SES202	-1.79951	19.5241	21.3236
BLOCK06/SES067/SA067S12	SES292	-2.76731	18.5563	21.3236
BLOCK06/SES067/SA067S14	SES085	-2.67223	19.5176	22.1898
BLOCK06/SES067/SA067S14	SES177	-3.00643	19.1834	22.1898
BLOCK06/SES067/SA067S14	SES183	-2.15333	20.0365	22.1898
BLOCK06/SES067/SA067S14	SES202	-2.01625	20.1736	22.1898
BLOCK06/SES067/SA067S21	SES144	-1.8791	18.576	20.4551
BLOCK06/SES067/SA067S21	SES177	-1.66842	18.7867	20.4551
BLOCK06/SES067/SA067S21	SES183	-2.64385	17.8112	20.4551
BLOCK06/SES067/SA067S21	SES189	-0.769594	19.6855	20.4551
BLOCK06/SES067/SA067S25	SES085	-1.65324	19.6781	21.3313
BLOCK06/SES067/SA067S25	SES177	-1.36604	19.9653	21.3313
BLOCK06/SES067/SA067S25	SES183	-2.29686	19.0345	21.3313
BLOCK06/SES067/SA067S25	SES202	-1.52725	19.8041	21.3313
BLOCK06/SES067/SA067S29	SES085	-1.60461	20.3815	21.9861
BLOCK06/SES067/SA067S29	SES177	-2.95309	19.033	21.9861
BLOCK06/SES067/SA067S29	SES183	-1.58319	20.4029	21.9861
BLOCK06/SES067/SA067S29	SES202	-1.73188	20.2542	21.9861
BLOCK06/SES069/SA069S12	SES029	-3.43706	18.8537	22.2908
BLOCK06/SES069/SA069S12	SES082	-0.744955	21.5458	22.2908
BLOCK06/SES069/SA069S12	SES087	-1.86115	20.4296	22.2908
BLOCK06/SES069/SA069S12	SES206	-1.51024	20.7805	22.2908
BLOCK06/SES069/SA069S13	SES029	-3.39267	18.8834	22.276
BLOCK06/SES069/SA069S13	SES087	-2.13212	20.1439	22.276
BLOCK06/SES069/SA069S13	SES206	-1.65256	20.6235	22.276
BLOCK06/SES069/SA069S13	SES226	-1.00818	21.2679	22.276
BLOCK06/SES069/SA069S23	SES029	-1.83532	22.3892	24.2245
BLOCK06/SES069/SA069S23	SES087	-0.829435	23.3951	24.2245
BLOCK06/SES069/SA069S23	SES206	-1.68177	22.5428	24.2245
BLOCK06/SES069/SA069S23	SES226	-0.159351	24.0652	24.2245
BLOCK06/SES069/SA069S25	SES087	-1.48775	21.3133	22.8011
BLOCK06/SES069/SA069S25	SES206	-3.00597	19.7951	22.8011
BLOCK06/SES069/SA069S25	SES226	-0.986128	21.8149	22.8011
BLOCK06/SES069/SA069S25	SES270	-2.55175	20.2493	22.8011
BLOCK06/SES069/SA069S27	SES087	-2.64866	20.2916	22.9402
BLOCK06/SES069/SA069S27	SES206	-1.20367	21.7365	22.9402
BLOCK06/SES069/SA069S27	SES226	-0.600166	22.3401	22.9402
BLOCK06/SES069/SA069S27	SES270	-2.01298	20.9272	22.9402
BLOCK08/SES081/SA081S11	SES060	-3.61098	16.9574	20.5684
BLOCK08/SES081/SA081S11	SES062	-4.07419	16.4942	20.5684
BLOCK08/SES081/SA081S11	SES117	-3.48669	17.0817	20.5684
BLOCK08/SES081/SA081S11	SES162	-3.3443	17.2241	20.5684
BLOCK08/SES081/SA081S13	SES016	-2.7786	19.5515	22.3301
BLOCK08/SES081/SA081S13	SES060	-1.33436	20.9957	22.3301
BLOCK08/SES081/SA081S13	SES068	-1.97318	20.3569	22.3301
BLOCK08/SES081/SA081S13	SES129	-3.27962	19.0505	22.3301
BLOCK08/SES081/SA081S24	SES060	-2.23969	18.5523	20.792
BLOCK08/SES081/SA081S24	SES068	-2.54369	18.2483	20.792
BLOCK08/SES081/SA081S24	SES117	-3.14843	17.6436	20.792
BLOCK08/SES081/SA081S24	SES275	-3.21913	17.5729	20.792
BLOCK08/SES081/SA081S27	SES007	-1.8654	18.7912	20.6566
BLOCK08/SES081/SA081S27	SES060	-3.50534	17.1513	20.6566
BLOCK08/SES081/SA081S27	SES117	-1.62749	19.0292	20.6566
BLOCK08/SES081/SA081S27	SES275	-2.77442	17.8822	20.6566
BLOCK08/SES081/SA081S29	SES007	-2.32154	19.4393	21.7608
BLOCK08/SES081/SA081S29	SES060	-2.30465	19.4562	21.7608
BLOCK08/SES081/SA081S29	SES117	-2.27081	19.49	21.7608
BLOCK08/SES081/SA081S29	SES275	-3.03296	18.7279	21.7608
BLOCK08/SES086/SA086S11	SES029	-5.1884	14.3589	19.5473
BLOCK08/SES086/SA086S11	SES082	-2.61135	16.9359	19.5473
BLOCK08/SES086/SA086S11	SES087	-1.24221	18.3051	19.5473
BLOCK08/SES086/SA086S11	SES206	-3.07213	16.4751	19.5473
BLOCK08/SES086/SA086S12	SES029	-3.93667	17.2871	21.2238
BLOCK08/SES086/SA086S12	SES082	-2.40621	18.8175	21.2238
BLOCK08/SES086/SA086S12	SES087	-0.0933266	21.1304	21.2238
BLOCK08/SES086/SA086S12	SES206	-1.94468	19.2791	21.2238
BLOCK08/SES086/SA086S20	SES029	-3.74613	18.7184	22.4645
BLOCK08/SES086/SA086S20	SES082	-3.62447	18.84	22.4645
BLOCK08/SES086/SA086S20	SES087	-0.0215549	22.4429	22.4645
BLOCK08/SES086/SA086S20	SES206	-1.55631	20.9082	22.4645
BLOCK08/SES086/SA086S24	SES087	-0.668196	20.5095	21.1777
BLOCK08/SES086/SA086S24	SES104	-2.38117	18.7965	21.1777
BLOCK08/SES086/SA086S24	SES120	-3.26383	17.9138	21.1777
BLOCK08/SES086/SA086S24	SES206	-0.750181	20.4275	21.1777
BLOCK08/SES086/SA086S28	SES029	-3.47669	18.0058	21.4824
BLOCK08/SES086/SA086S28	SES082	-2.52721	18.9552	21.4824
BLOCK08/SES086/SA086S28	SES087	-1.14634	20.3361	21.4824
BLOCK08/SES086/SA086S28	SES206	-1.57474	19.9077	21.4824
BLOCK08/SES089/SA089S13	SES087	-1.76168	18.6205	20.3822
BLOCK08/SES089/SA089S13	SES206	-2.72849	17.6537	20.3822
BLOCK08/SES089/SA089S13	SES226	-1.63416	18.748	20.3822
BLOCK08/SES089/SA089S13	SES270	-3.84305	16.5391	20.3822
BLOCK08/SES089/SA089S14	SES062	-3.25963	17.5473	20.8069
BLOCK08/SES089/SA089S14	SES087	-1.73705	19.0699	20.8069
BLOCK08/SES089/SA089S14	SES206	-2.64065	18.1663	20.8069
BLOCK08/SES089/SA089S14	SES226	-2.60924	18.1977	20.8069
BLOCK08/SES089/SA089S23	SES087	-1.92886	16.7407	18.6695
BLOCK08/SES089/SA089S23	SES206	-2.34791	16.3216	18.6695
BLOCK08/SES089/SA089S23	SES226	-1.61867	17.0509	18.6695
BLOCK08/SES089/SA089S23	SES270	-3.44065	15.2289	18.6695
BLOCK08/SES089/SA089S25	SES062	-3.91954	17.2841	21.2036
BLOCK08/SES089/SA089S25	SES087	-1.11413	20.0895	21.2036
BLOCK08/SES089/SA089S25	SES206	-2.93382	18.2698	21.2036
BLOCK08/SES089/SA089S25	SES226	-1.7876	19.416	21.2036
BLOCK08/SES089/SA089S28	SES062	-2.21366	18.9195	21.1332
BLOCK08/SES089/SA089S28	SES087	-0.94153	20.1916	21.1332
BLOCK08/SES089/SA089S28	SES206	-1.66264	19.4705	21.1332
BLOCK08/SES089/SA089S28	SES226	-1.37091	19.7622	21.1332
BLOCK09/SES097/SA097S11	SES099	-0.215391	20.4219	20.6373
BLOCK09/SES097/SA097S11	SES125	-2.13781	18.4995	20.6373
BLOCK09/SES097/SA097S11	SES206	-1.4941	19.1432	20.6373
BLOCK09/SES097/SA097S11	SES226	-0.474249	20.163	20.6373
BLOCK09/SES097/SA097S14	SES062	-2.41457	17.458	19.8725
BLOCK09/SES097/SA097S14	SES099	-1.25402	18.6185	19.8725
BLOCK09/SES097/SA097S14	SES104	-2.48708	17.3854	19.8725
BLOCK09/SES097/SA097S14	SES206	-2.86029	17.0122	19.8725
BLOCK09/SES097/SA097S22	SES099	0.341457	21.357	21.0155
BLOCK09/SES097/SA097S22	SES206	-1.74601	19.2695	21.0155
BLOCK09/SES097/SA097S22	SES226	-2.14276	18.8728	21.0155
BLOCK09/SES097/SA097S22	SES270	-0.76687	20.2486	21.0155
BLOCK09/SES097/SA097S26	SES099	-0.662788	21.1215	21.7842
BLOCK09/SES097/SA097S26	SES120	-2.04383	19.7404	21.7842
BLOCK09/SES097/SA097S26	SES206	-2.17759	19.6067	21.7842
BLOCK09/SES097/SA097S26	SES226	-2.70573	19.0785	21.7842
BLOCK09/SES097/SA097S28	SES099	-1.15235	19.9111	21.0634
BLOCK09/SES097/SA097S28	SES120	-2.4703	18.5932	21.0634
BLOCK09/SES097/SA097S28	SES206	-2.7875	18.2759	21.0634
BLOCK09/SES097/SA097S28	SES226	-3.10964	17.9538	21.0634
BLOCK09/SES098/SA098S11	SES127	-4.19716	15.261	19.4582
BLOCK09/SES098/SA098S11	SES144	-3.10627	16.3519	19.4582
BLOCK09/SES098/SA098S11	SES147	-2.03521	17.4229	19.4582
BLOCK09/SES098/SA098S11	SES148	-4.7499	14.7083	19.4582
BLOCK09/SES098/SA098S12	SES127	-6.48915	12.5632	19.0524
BLOCK09/SES098/SA098S12	SES144	-4.00964	15.0427	19.0524
BLOCK09/SES098/SA098S12	SES147	-2.7818	16.2706	19.0524
BLOCK09/SES098/SA098S12	SES189	-2.29988	16.7525	19.0524
BLOCK09/SES098/SA098S20	SES127	-5.74385	13.4759	19.2197
BLOCK09/SES098/SA098S20	SES147	-2.0855	17.1342	19.2197
BLOCK09/SES098/SA098S20	SES148	-6.54962	12.6701	19.2197
BLOCK09/SES098/SA098S20	SES292	-5.1124	14.1073	19.2197
BLOCK09/SES098/SA098S23	SES127	-3.54848	16.8737	20.4222
BLOCK09/SES098/SA098S23	SES147	-1.68674	18.7354	20.4222
BLOCK09/SES098/SA098S23	SES187	-1.84749	18.5747	20.4222
BLOCK09/SES098/SA098S23	SES292	-2.61341	17.8088	20.4222
BLOCK09/SES098/SA098S27	SES127	-4.81049	14.2846	19.0951
BLOCK09/SES098/SA098S27	SES147	-3.48624	15.6089	19.0951
BLOCK09/SES098/SA098S27	SES148	-4.72462	14.3705	19.0951
BLOCK09/SES098/SA098S27	SES292	-3.45307	15.642	19.0951
BLOCK10/SES102/SA102S13	SES101	-1.38048	17.793	19.1734
BLOCK10/SES102/SA102S13	SES105	-1.87274	17.3007	19.1734
BLOCK10/SES102/SA102S13	SES120	-3.30174	15.8717	19.1734
BLOCK10/SES102/SA102S13	SES158	-4.35916	14.8143	19.1734
BLOCK10/SES102/SA102S14	SES007	-1.0452	20.6834	21.7286
BLOCK10/SES102/SA102S14	SES101	-0.640617	21.088	21.7286
BLOCK10/SES102/SA102S14	SES105	-0.651751	21.0769	21.7286
BLOCK10/SES102/SA102S14	SES147	-3.50657	18.2221	21.7286
BLOCK10/SES102/SA102S22	SES007	-2.595	18.2854	20.8804
BLOCK10/SES102/SA102S22	SES101	-0.789772	20.0907	20.8804
BLOCK10/SES102/SA102S22	SES105	-1.07079	19.8097	20.8804
BLOCK10/SES102/SA102S22	SES158	-3.69396	17.1865	20.8804
BLOCK10/SES102/SA102S25	SES007	-1.70193	20.2245	21.9265
BLOCK10/SES102/SA102S25	SES101	-0.534096	21.3924	21.9265
BLOCK10/SES102/SA102S25	SES105	-1.75043	20.176	21.9265
BLOCK10/SES102/SA102S25	SES147	-3.76884	18.1576	21.9265
BLOCK10/SES102/SA102S27	SES007	-2.29289	18.5941	20.887
BLOCK10/SES102/SA102S27	SES101	-0.859547	20.0275	20.887
BLOCK10/SES102/SA102S27	SES105	-1.75037	19.1366	20.887
BLOCK10/SES102/SA102S27	SES147	-3.1591	17.7279	20.887
BLOCK10/SES103/SA103S14	SES105	-2.76309	16.4854	19.2485
BLOCK10/SES103/SA103S14	SES106	-1.96473	17.2837	19.2485
BLOCK10/SES103/SA103S14	SES120	-3.83902	15.4094	19.2485
BLOCK10/SES103/SA103S14	SES206	-3.36461	15.8839	19.2485
BLOCK10/SES103/SA103S15	SES099	-2.64732	15.5552	18.2026
BLOCK10/SES103/SA103S15	SES101	-5.55785	12.6447	18.2026
BLOCK10/SES103/SA103S15	SES104	-3.24855	14.954	18.2026
BLOCK10/SES103/SA103S15	SES125	-2.50243	15.7001	18.2026
BLOCK10/SES103/SA103S24	SES104	-2.97502	18.0225	20.9975
BLOCK10/SES103/SA103S24	SES125	-2.59865	18.3988	20.9975
BLOCK10/SES103/SA103S24	SES148	-4.29033	16.7071	20.9975
BLOCK10/SES103/SA103S24	SES158	-2.62385	18.3736	20.9975
BLOCK10/SES103/SA103S26	SES104	-2.72577	15.18	17.9058
BLOCK10/SES103/SA103S26	SES106	-1.80143	16.1044	17.9058
BLOCK10/SES103/SA103S26	SES125	-2.93164	14.9741	17.9058
BLOCK10/SES103/SA103S26	SES148	-5.4667	12.4391	17.9058
BLOCK10/SES103/SA103S28	SES104	-3.91998	13.7967	17.7167
BLOCK10/SES103/SA103S28	SES106	-2.4909	15.2258	17.7167
BLOCK10/SES103/SA103S28	SES125	-3.48821	14.2285	17.7167
BLOCK10/SES103/SA103S28	SES206	-5.02105	12.6956	17.7167
BLOCK12/SES121/SA121S12	SES042	-2.96651	12.8759	15.8424
BLOCK12/SES121/SA121S12	SES087	-2.81257	13.0298	15.8424
BLOCK12/SES121/SA121S12	SES105	-1.53629	14.3061	15.8424
BLOCK12/SES121/SA121S12	SES206	-2.60217	13.2402	15.8424
BLOCK12/SES121/SA121S14	SES007	-3.17254	13.8067	16.9792
BLOCK12/SES121/SA121S14	SES105	-2.99007	13.9891	16.9792
BLOCK12/SES121/SA121S14	SES106	-3.41461	13.5646	16.9792
BLOCK12/SES121/SA121S14	SES206	-3.45401	13.5252	16.9792
BLOCK12/SES121/SA121S23	SES105	-2.5082	13.3567	15.8649
BLOCK12/SES121/SA121S23	SES106	-2.45378	13.4111	15.8649
BLOCK12/SES121/SA121S23	SES120	-2.62256	13.2423	15.8649
BLOCK12/SES121/SA121S23	SES206	-2.54772	13.3171	15.8649
BLOCK12/SES121/SA121S25	SES007	-2.14732	12.7364	14.8837
BLOCK12/SES121/SA121S25	SES105	-2.86598	12.0177	14.8837
BLOCK12/SES121/SA121S25	SES106	-2.97985	11.9039	14.8837
BLOCK12/SES121/SA121S25	SES206	-4.23318	10.6505	14.8837
BLOCK12/SES121/SA121S27	SES087	-1.8654	14.8446	16.71
BLOCK12/SES121/SA121S27	SES105	-3.90934	12.8007	16.71
BLOCK12/SES121/SA121S27	SES120	-1.44254	15.2675	16.71
BLOCK12/SES121/SA121S27	SES206	-3.34037	13.3697	16.71
BLOCK12/SES124/SA124S16	SES042	-1.40588	17.9914	19.3973
BLOCK12/SES124/SA124S16	SES082	-2.65414	16.7431	19.3973
BLOCK12/SES124/SA124S16	SES183	-2.89328	16.504	19.3973
BLOCK12/SES124/SA124S16	SES206	-3.21632	16.181	19.3973
BLOCK12/SES124/SA124S17	SES105	-2.89211	14.896	17.7881
BLOCK12/SES124/SA124S17	SES149	-4.32061	13.4675	17.7881
BLOCK12/SES124/SA124S17	SES158	-3.69503	14.0931	17.7881
BLOCK12/SES124/SA124S17	SES275	-2.03732	15.7508	17.7881
BLOCK12/SES124/SA124S23	SES105	-3.09167	18.6163	21.708
BLOCK12/SES124/SA124S23	SES125	-0.827179	20.8808	21.708
BLOCK12/SES124/SA124S23	SES129	-3.69082	18.0171	21.708
BLOCK12/SES124/SA124S23	SES158	-1.52075	20.1872	21.708
BLOCK12/SES124/SA124S26	SES105	-3.33277	17.6882	21.021
BLOCK12/SES124/SA124S26	SES125	-1.65185	19.3691	21.021
BLOCK12/SES124/SA124S26	SES129	-3.43898	17.582	21.021
BLOCK12/SES124/SA124S26	SES158	-2.42724	18.5937	21.021
BLOCK12/SES124/SA124S28	SES104	-1.49805	19.2654	20.7634
BLOCK12/SES124/SA124S28	SES106	-1.39994	19.3635	20.7634
BLOCK12/SES124/SA124S28	SES125	-0.672163	20.0913	20.7634
BLOCK12/SES124/SA124S28	SES275	-3.05317	17.7103	20.7634
BLOCK12/SES126/SA126S13	SES007	-2.95495	16.2142	19.1691
BLOCK12/SES126/SA126S13	SES162	-3.32564	15.8435	19.1691
BLOCK12/SES126/SA126S13	SES177	-2.42645	16.7427	19.1691
BLOCK12/SES126/SA126S13	SES180	-2.88337	16.2857	19.1691
BLOCK12/SES126/SA126S14	SES144	-1.85694	20.0913	21.9482
BLOCK12/SES126/SA126S14	SES148	-2.53915	19.4091	21.9482
BLOCK12/SES126/SA126S14	SES177	-1.36159	20.5866	21.9482
BLOCK12/SES126/SA126S14	SES180	-2.51487	19.4333	21.9482
BLOCK12/SES126/SA126S20	SES007	-3.47796	15.6431	19.1211
BLOCK12/SES126/SA126S20	SES162	-4.33252	14.7885	19.1211
BLOCK12/SES126/SA126S20	SES172	-6.23752	12.8835	19.1211
BLOCK12/SES126/SA126S20	SES180	-3.35968	15.7614	19.1211
BLOCK12/SES126/SA126S24	SES120	-2.07521	19.8273	21.9025
BLOCK12/SES126/SA126S24	SES162	-2.7871	19.1154	21.9025
BLOCK12/SES126/SA126S24	SES177	-1.8286	20.0739	21.9025
BLOCK12/SES126/SA126S24	SES180	-2.06389	19.8386	21.9025
BLOCK12/SES126/SA126S26	SES120	-1.71361	19.4457	21.1593
BLOCK12/SES126/SA126S26	SES177	-1.77271	19.3866	21.1593
BLOCK12/SES126/SA126S26	SES180	-2.42561	18.7337	21.1593
BLOCK12/SES126/SA126S26	SES202	-2.97561	18.1837	21.1593
BLOCK12/SES128/SA128S10	SES087	-3.63495	17.8413	21.4762
BLOCK12/SES128/SA128S10	SES206	-2.16056	19.3157	21.4762
BLOCK12/SES128/SA128S10	SES226	-1.00657	20.4697	21.4762
BLOCK12/SES128/SA128S10	SES270	-1.87433	19.6019	21.4762
BLOCK12/SES128/SA128S12	SES120	-2.4977	18.2195	20.7172
BLOCK12/SES128/SA128S12	SES158	-3.08348	17.6337	20.7172
BLOCK12/SES128/SA128S12	SES206	-2.24288	18.4743	20.7172
BLOCK12/SES128/SA128S12	SES226	-2.63149	18.0857	20.7172
BLOCK12/SES128/SA128S21	SES106	-3.38474	15.7782	19.1629
BLOCK12/SES128/SA128S21	SES120	-2.9781	16.1848	19.1629
BLOCK12/SES128/SA128S21	SES206	-3.02252	16.1404	19.1629
BLOCK12/SES128/SA128S21	SES226	-1.9397	17.2232	19.1629
BLOCK12/SES128/SA128S24	SES087	-2.81772	17.0132	19.8309
BLOCK12/SES128/SA128S24	SES120	-2.09101	17.7399	19.8309
BLOCK12/SES128/SA128S24	SES206	-2.32561	17.5053	19.8309
BLOCK12/SES128/SA128S24	SES226	-2.65304	17.1779	19.8309
BLOCK12/SES128/SA128S27	SES099	-1.79555	19.6305	21.4261
BLOCK12/SES128/SA128S27	SES120	-1.56048	19.8656	21.4261
BLOCK12/SES128/SA128S27	SES206	-2.46045	18.9656	21.4261
BLOCK12/SES128/SA128S27	SES226	-1.89381	19.5322	21.4261
BLOCK13/SES130/SA130S13	SES143	-2.2234	17.7759	19.9993
BLOCK13/SES130/SA130S13	SES144	-0.768927	19.2303	19.9993
BLOCK13/SES130/SA130S13	SES146	-1.83307	18.1662	19.9993
BLOCK13/SES130/SA130S13	SES275	-3.46999	16.5293	19.9993
BLOCK13/SES130/SA130S15	SES143	-2.78489	18.9166	21.7015
BLOCK13/SES130/SA130S15	SES144	-1.10392	20.5976	21.7015
BLOCK13/SES130/SA130S15	SES146	-1.49417	20.2073	21.7015
BLOCK13/SES130/SA130S15	SES275	-2.32084	19.3807	21.7015
BLOCK13/SES130/SA130S23	SES127	-3.07554	16.5005	19.5761
BLOCK13/SES130/SA130S23	SES144	-2.99636	16.5797	19.5761
BLOCK13/SES130/SA130S23	SES146	-1.55886	18.0172	19.5761
BLOCK13/SES130/SA130S23	SES162	-2.50546	17.0706	19.5761
BLOCK13/SES130/SA130S25	SES127	-2.17622	19.6307	21.8069
BLOCK13/SES130/SA130S25	SES144	-1.67369	20.1332	21.8069
BLOCK13/SES130/SA130S25	SES146	-1.32649	20.4804	21.8069
BLOCK13/SES130/SA130S25	SES275	-1.90944	19.8974	21.8069
BLOCK13/SES130/SA130S28	SES127	-2.27486	18.6794	20.9543
BLOCK13/SES130/SA130S28	SES144	-2.1994	18.7549	20.9543
BLOCK13/SES130/SA130S28	SES146	-1.64715	19.3071	20.9543
BLOCK13/SES130/SA130S28	SES275	-1.86346	19.0908	20.9543
BLOCK13/SES131/SA131S13	SES002	-2.79698	14.5589	17.3558
BLOCK13/SES131/SA131S13	SES007	-3.35559	14.0002	17.3558
BLOCK13/SES131/SA131S13	SES099	-2.86435	14.4915	17.3558
BLOCK13/SES131/SA131S13	SES105	-2.59478	14.761	17.3558
BLOCK13/SES131/SA131S14	SES104	-1.57621	17.2133	18.7896
BLOCK13/SES131/SA131S14	SES106	-2.22195	16.5676	18.7896
BLOCK13/SES131/SA131S14	SES125	-2.42801	16.3615	18.7896
BLOCK13/SES131/SA131S14	SES148	-1.76656	17.023	18.7896
BLOCK13/SES131/SA131S20	SES104	-3.34372	13.7374	17.0811
BLOCK13/SES131/SA131S20	SES106	-2.44605	14.6351	17.0811
BLOCK13/SES131/SA131S20	SES125	-3.78714	13.294	17.0811
BLOCK13/SES131/SA131S20	SES148	-2.49589	14.5852	17.0811
BLOCK13/SES131/SA131S22	SES099	-3.07976	15.787	18.8668
BLOCK13/SES131/SA131S22	SES104	-3.09597	15.7708	18.8668
BLOCK13/SES131/SA131S22	SES125	-3.04098	15.8258	18.8668
BLOCK13/SES131/SA131S22	SES206	-3.73058	15.1362	18.8668
BLOCK13/SES131/SA131S29	SES087	-2.94563	14.7453	17.6909
BLOCK13/SES131/SA131S29	SES104	-4.12331	13.5676	17.6909
BLOCK13/SES131/SA131S29	SES125	-3.65951	14.0314	17.6909
BLOCK13/SES131/SA131S29	SES206	-3.58514	14.1058	17.6909
BLOCK13/SES132/SA132S11	SES083	-3.01462	18.8423	21.8569
BLOCK13/SES132/SA132S11	SES120	-1.35668	20.5002	21.8569
BLOCK13/SES132/SA132S11	SES127	-2.70147	19.1554	21.8569
BLOCK13/SES132/SA132S11	SES275	-2.28177	19.5751	21.8569
BLOCK13/SES132/SA132S12	SES083	-3.3655	18.001	21.3665
BLOCK13/SES132/SA132S12	SES143	-2.42492	18.9416	21.3665
BLOCK13/SES132/SA132S12	SES144	-2.21026	19.1562	21.3665
BLOCK13/SES132/SA132S12	SES148	-2.18989	19.1766	21.3665
BLOCK13/SES132/SA132S22	SES062	-2.12824	19.6162	21.7445
BLOCK13/SES132/SA132S22	SES083	-2.27408	19.4704	21.7445
BLOCK13/SES132/SA132S22	SES127	-2.25536	19.4891	21.7445
BLOCK13/SES132/SA132S22	SES275	-1.97916	19.7653	21.7445
BLOCK13/SES132/SA132S24	SES007	-1.8454	20.3231	22.1685
BLOCK13/SES132/SA132S24	SES083	-2.87879	19.2897	22.1685
BLOCK13/SES132/SA132S24	SES127	-2.55766	19.6108	22.1685
BLOCK13/SES132/SA132S24	SES275	-2.01435	20.1541	22.1685
BLOCK13/SES132/SA132S27	SES083	-3.15524	17.7015	20.8567
BLOCK13/SES132/SA132S27	SES120	-0.619699	20.237	20.8567
BLOCK13/SES132/SA132S27	SES127	-3.28294	17.5738	20.8567
BLOCK13/SES132/SA132S27	SES275	-2.34443	18.5123	20.8567
BLOCK14/SES141/SA141S09	SES143	-1.58189	19.6774	21.2593
BLOCK14/SES141/SA141S09	SES144	-1.59973	19.6596	21.2593
BLOCK14/SES141/SA141S09	SES162	-2.32023	18.9391	21.2593
BLOCK14/SES141/SA141S09	SES180	-2.10762	19.1517	21.2593
BLOCK14/SES141/SA141S15	SES127	-2.1839	18.6228	20.8067
BLOCK14/SES141/SA141S15	SES144	-2.25515	18.5515	20.8067
BLOCK14/SES141/SA141S15	SES162	-2.78382	18.0228	20.8067
BLOCK14/SES141/SA141S15	SES180	-1.9158	18.8909	20.8067
BLOCK14/SES141/SA141S24	SES127	-2.06678	19.5341	21.6009
BLOCK14/SES141/SA141S24	SES144	-2.66441	18.9365	21.6009
BLOCK14/SES141/SA141S24	SES162	-2.41024	19.1907	21.6009
BLOCK14/SES141/SA141S24	SES183	-2.71258	18.8883	21.6009
BLOCK14/SES141/SA141S26	SES142	-2.07395	19.3338	21.4077
BLOCK14/SES141/SA141S26	SES144	-2.38627	19.0215	21.4077
BLOCK14/SES141/SA141S26	SES172	-1.56466	19.8431	21.4077
BLOCK14/SES141/SA141S26	SES180	-2.31341	19.0943	21.4077
BLOCK14/SES141/SA141S29	SES127	-1.85104	19.5605	21.4116
BLOCK14/SES141/SA141S29	SES142	-1.26091	20.1507	21.4116
BLOCK14/SES141/SA141S29	SES144	-2.21539	19.1962	21.4116
BLOCK14/SES141/SA141S29	SES180	-1.6895	19.7221	21.4116
BLOCK15/SES157/SA157S08	SES083	-3.44328	17.7404	21.1837
BLOCK15/SES157/SA157S08	SES127	-2.02428	19.1595	21.1837
BLOCK15/SES157/SA157S08	SES148	-2.31705	18.8667	21.1837
BLOCK15/SES157/SA157S08	SES292	-3.31582	17.8679	21.1837
BLOCK15/SES157/SA157S11	SES083	-3.65185	17.5035	21.1554
BLOCK15/SES157/SA157S11	SES127	-2.61775	18.5376	21.1554
BLOCK15/SES157/SA157S11	SES148	-2.85019	18.3052	21.1554
BLOCK15/SES157/SA157S11	SES292	-3.94644	17.209	21.1554
BLOCK15/SES157/SA157S21	SES127	-2.01084	19.9571	21.9679
BLOCK15/SES157/SA157S21	SES148	-1.23869	20.7292	21.9679
BLOCK15/SES157/SA157S21	SES158	-6.61563	15.3523	21.9679
BLOCK15/SES157/SA157S21	SES292	-2.45157	19.5164	21.9679
BLOCK15/SES157/SA157S24	SES127	-1.61742	20.8641	22.4815
BLOCK15/SES157/SA157S24	SES148	-2.37473	20.1068	22.4815
BLOCK15/SES157/SA157S24	SES183	-3.19137	19.2901	22.4815
BLOCK15/SES157/SA157S24	SES292	-3.37044	19.1111	22.4815
BLOCK15/SES157/SA157S26	SES007	-1.80059	19.5754	21.376
BLOCK15/SES157/SA157S26	SES127	-1.87981	19.4962	21.376
BLOCK15/SES157/SA157S26	SES147	-3.13788	18.2381	21.376
BLOCK15/SES157/SA157S26	SES148	-1.76245	19.6136	21.376
BLOCK16/SES161/SA161S10	SES007	-2.92091	15.5677	18.4886
BLOCK16/SES161/SA161S10	SES105	-2.23769	16.2509	18.4886
BLOCK16/SES161/SA161S10	SES158	-2.49741	15.9912	18.4886
BLOCK16/SES161/SA161S10	SES275	-2.01491	16.4737	18.4886
BLOCK16/SES161/SA161S12	SES007	-3.01372	15.5215	18.5352
BLOCK16/SES161/SA161S12	SES105	-3.22931	15.3059	18.5352
BLOCK16/SES161/SA161S12	SES158	-2.40955	16.1256	18.5352
BLOCK16/SES161/SA161S12	SES275	-2.04604	16.4891	18.5352
BLOCK16/SES161/SA161S20	SES007	-2.76015	15.083	17.8432
BLOCK16/SES161/SA161S20	SES105	-2.95219	14.891	17.8432
BLOCK16/SES161/SA161S20	SES158	-2.27143	15.5718	17.8432
BLOCK16/SES161/SA161S20	SES275	-2.83127	15.0119	17.8432
BLOCK16/SES161/SA161S23	SES007	-3.60216	15.0659	18.6681
BLOCK16/SES161/SA161S23	SES105	-2.44925	16.2188	18.6681
BLOCK16/SES161/SA161S23	SES148	-3.03935	15.6287	18.6681
BLOCK16/SES161/SA161S23	SES158	-3.41073	15.2573	18.6681
BLOCK16/SES161/SA161S28	SES007	-3.43202	16.3882	19.8202
BLOCK16/SES161/SA161S28	SES105	-3.76048	16.0598	19.8202
BLOCK16/SES161/SA161S28	SES158	-2.02197	17.7983	19.8202
BLOCK16/SES161/SA161S28	SES206	-2.67911	17.1411	19.8202
BLOCK16/SES164/SA164S11	SES104	-1.92945	19.8172	21.7467
BLOCK16/SES164/SA164S11	SES125	-1.49574	20.2509	21.7467
BLOCK16/SES164/SA164S11	SES158	-1.50502	20.2417	21.7467
BLOCK16/SES164/SA164S11	SES206	-2.56076	19.1859	21.7467
BLOCK16/SES164/SA164S13	SES099	-1.91927	18.6966	20.6159
BLOCK16/SES164/SA164S13	SES104	-2.7982	17.8177	20.6159
BLOCK16/SES164/SA164S13	SES125	-3.1096	17.5063	20.6159
BLOCK16/SES164/SA164S13	SES206	-2.41599	18.1999	20.6159
BLOCK16/SES164/SA164S24	SES002	-0.448776	20.5352	20.984
BLOCK16/SES164/SA164S24	SES099	-1.79219	19.1918	20.984
BLOCK16/SES164/SA164S24	SES125	-2.04694	18.937	20.984
BLOCK16/SES164/SA164S24	SES226	-0.970432	20.0135	20.984
BLOCK16/SES164/SA164S27	SES087	-2.7849	18.193	20.9779
BLOCK16/SES164/SA164S27	SES125	-2.41456	18.5634	20.9779
BLOCK16/SES164/SA164S27	SES206	-2.63041	18.3475	20.9779
BLOCK16/SES164/SA164S27	SES226	-2.36973	18.6082	20.9779
BLOCK16/SES164/SA164S29	SES002	-0.164467	20.2348	20.3993
BLOCK16/SES164/SA164S29	SES019	-3.30601	17.0933	20.3993
BLOCK16/SES164/SA164S29	SES125	-1.85524	18.5441	20.3993
BLOCK16/SES164/SA164S29	SES226	-2.59393	17.8054	20.3993
BLOCK16/SES169/SA169S13	SES117	-2.1685	18.126	20.2945
BLOCK16/SES169/SA169S13	SES144	-1.76537	18.5291	20.2945
BLOCK16/SES169/SA169S13	SES146	-1.87339	18.4211	20.2945
BLOCK16/SES169/SA169S13	SES162	-2.0307	18.2638	20.2945
BLOCK16/SES169/SA169S14	SES144	-2.94807	18.4716	21.4197
BLOCK16/SES169/SA169S14	SES148	-2.57006	18.8496	21.4197
BLOCK16/SES169/SA169S14	SES177	-2.08868	19.331	21.4197
BLOCK16/SES169/SA169S14	SES180	-2.67912	18.7406	21.4197
BLOCK16/SES169/SA169S24	SES117	-2.76438	16.6789	19.4433
BLOCK16/SES169/SA169S24	SES144	-1.91359	17.5297	19.4433
BLOCK16/SES169/SA169S24	SES146	-1.62416	17.8191	19.4433
BLOCK16/SES169/SA169S24	SES162	-2.43165	17.0116	19.4433
BLOCK16/SES169/SA169S27	SES127	-2.02512	18.3197	20.3448
BLOCK16/SES169/SA169S27	SES129	-2.12301	18.2218	20.3448
BLOCK16/SES169/SA169S27	SES144	-2.56742	17.7774	20.3448
BLOCK16/SES169/SA169S27	SES146	-1.11938	19.2255	20.3448
BLOCK16/SES169/SA169S29	SES144	-1.76153	19.3793	21.1408
BLOCK16/SES169/SA169S29	SES162	-1.50893	19.6319	21.1408
BLOCK16/SES169/SA169S29	SES177	-2.82681	18.314	21.1408
BLOCK16/SES169/SA169S29	SES180	-1.9672	19.1736	21.1408
BLOCK17/SES171/SA171S12	SES083	-2.72598	17.4441	20.1701
BLOCK17/SES171/SA171S12	SES148	-3.07817	17.0919	20.1701
BLOCK17/SES171/SA171S12	SES172	-2.41651	17.7536	20.1701
BLOCK17/SES171/SA171S12	SES292	-3.19865	16.9715	20.1701
BLOCK17/SES171/SA171S15	SES148	-3.12494	15.8735	18.9984
BLOCK17/SES171/SA171S15	SES177	-2.33704	16.6614	18.9984
BLOCK17/SES171/SA171S15	SES180	-5.15105	13.8474	18.9984
BLOCK17/SES171/SA171S15	SES292	-5.44815	13.5503	18.9984
BLOCK17/SES171/SA171S22	SES007	-2.34785	18.8195	21.1673
BLOCK17/SES171/SA171S22	SES148	-2.64505	18.5223	21.1673
BLOCK17/SES171/SA171S22	SES177	-1.62245	19.5449	21.1673
BLOCK17/SES171/SA171S22	SES180	-2.9166	18.2507	21.1673
BLOCK17/SES171/SA171S25	SES101	-4.23859	15.8634	20.102
BLOCK17/SES171/SA171S25	SES120	-5.07539	15.0266	20.102
BLOCK17/SES171/SA171S25	SES177	-2.57674	17.5252	20.102
BLOCK17/SES171/SA171S25	SES180	-3.8806	16.2214	20.102
BLOCK17/SES171/SA171S27	SES177	-1.69472	18.6758	20.3705
BLOCK17/SES171/SA171S27	SES180	-3.65173	16.7188	20.3705
BLOCK17/SES171/SA171S27	SES189	-1.9216	18.4489	20.3705
BLOCK17/SES171/SA171S27	SES292	-3.41224	16.9583	20.3705
BLOCK17/SES173/SA173S13	SES162	-4.80224	14.7391	19.5413
BLOCK17/SES173/SA173S13	SES177	-3.0932	16.4481	19.5413
BLOCK17/SES173/SA173S13	SES180	-3.98971	15.5516	19.5413
BLOCK17/SES173/SA173S13	SES292	-2.55185	16.9895	19.5413
BLOCK17/SES173/SA173S14	SES007	-3.46637	14.9302	18.3966
BLOCK17/SES173/SA173S14	SES162	-4.38554	14.011	18.3966
BLOCK17/SES173/SA173S14	SES177	-3.23449	15.1621	18.3966
BLOCK17/SES173/SA173S14	SES180	-4.19782	14.1987	18.3966
BLOCK17/SES173/SA173S24	SES144	-2.87486	15.3514	18.2262
BLOCK17/SES173/SA173S24	SES162	-4.02416	14.202	18.2262
BLOCK17/SES173/SA173S24	SES177	-2.67973	15.5465	18.2262
BLOCK17/SES173/SA173S24	SES180	-3.81705	14.4092	18.2262
BLOCK17/SES173/SA173S27	SES162	-4.79846	14.7881	19.5866
BLOCK17/SES173/SA173S27	SES177	-2.80589	16.7807	19.5866
BLOCK17/SES173/SA173S27	SES180	-3.69224	15.8943	19.5866
BLOCK17/SES173/SA173S27	SES292	-3.00002	16.5865	19.5866
BLOCK17/SES173/SA173S29	SES162	-4.21924	14.8657	19.0849
BLOCK17/SES173/SA173S29	SES175	-2.5123	16.5726	19.0849
BLOCK17/SES173/SA173S29	SES177	-2.96343	16.1215	19.0849
BLOCK17/SES173/SA173S29	SES292	-4.98986	14.095	19.0849
BLOCK18/SES182/SA182S10	SES144	-2.07112	18.0668	20.138
BLOCK18/SES182/SA182S10	SES177	-2.23587	17.9021	20.138
BLOCK18/SES182/SA182S10	SES180	-3.5843	16.5537	20.138
BLOCK18/SES182/SA182S10	SES275	-1.48956	18.6484	20.138
BLOCK18/SES182/SA182S12	SES144	-1.75155	18.4113	20.1629
BLOCK18/SES182/SA182S12	SES177	-1.9671	18.1958	20.1629
BLOCK18/SES182/SA182S12	SES180	-2.31611	17.8468	20.1629
BLOCK18/SES182/SA182S12	SES275	-1.45581	18.7071	20.1629
BLOCK18/SES182/SA182S21	SES117	-1.84423	17.5556	19.3999
BLOCK18/SES182/SA182S21	SES144	-2.30066	17.0992	19.3999
BLOCK18/SES182/SA182S21	SES162	-1.45202	17.9479	19.3999
BLOCK18/SES182/SA182S21	SES180	-2.89376	16.5061	19.3999
BLOCK18/SES182/SA182S23	SES117	-1.76041	18.3488	20.1092
BLOCK18/SES182/SA182S23	SES144	-2.61998	17.4892	20.1092
BLOCK18/SES182/SA182S23	SES180	-3.24581	16.8634	20.1092
BLOCK18/SES182/SA182S23	SES275	-2.10005	18.0092	20.1092
BLOCK18/SES182/SA182S25	SES007	-0.919601	19.0131	19.9327
BLOCK18/SES182/SA182S25	SES162	-0.98245	18.9502	19.9327
BLOCK18/SES182/SA182S25	SES177	-1.68926	18.2434	19.9327
BLOCK18/SES182/SA182S25	SES180	-2.40155	17.5311	19.9327
BLOCK18/SES184/SA184S12	SES177	-2.43593	19.061	21.4969
BLOCK18/SES184/SA184S12	SES180	-2.50194	18.995	21.4969
BLOCK18/SES184/SA184S12	SES189	-3.33478	18.1622	21.4969
BLOCK18/SES184/SA184S12	SES292	-1.94292	19.554	21.4969
BLOCK18/SES184/SA184S13	SES101	-2.38714	18.5038	20.8909
BLOCK18/SES184/SA184S13	SES177	-2.1892	18.7017	20.8909
BLOCK18/SES184/SA184S13	SES180	-2.5053	18.3856	20.8909
BLOCK18/SES184/SA184S13	SES292	-2.92032	17.9706	20.8909
BLOCK18/SES184/SA184S22	SES177	-2.69648	20.1119	22.8084
BLOCK18/SES184/SA184S22	SES180	-2.84	19.9684	22.8084
BLOCK18/SES184/SA184S22	SES189	-4.36817	18.4402	22.8084
BLOCK18/SES184/SA184S22	SES292	-2.7895	20.0189	22.8084
BLOCK18/SES184/SA184S25	SES101	-1.92492	21.2764	23.2013
BLOCK18/SES184/SA184S25	SES177	-2.68893	20.5124	23.2013
BLOCK18/SES184/SA184S25	SES180	-2.3935	20.8078	23.2013
BLOCK18/SES184/SA184S25	SES292	-1.85981	21.3415	23.2013
BLOCK18/SES184/SA184S27	SES083	-1.99497	18.8627	20.8577
BLOCK18/SES184/SA184S27	SES177	-2.15634	18.7013	20.8577
BLOCK18/SES184/SA184S27	SES202	-2.54547	18.3122	20.8577
BLOCK18/SES184/SA184S27	SES292	-2.51436	18.3433	20.8577
BLOCK20/SES204/SA204S12	SES062	-1.38629	20.5573	21.9436
BLOCK20/SES204/SA204S12	SES083	-3.93843	18.0051	21.9436
BLOCK20/SES204/SA204S12	SES206	-2.62578	19.3178	21.9436
BLOCK20/SES204/SA204S12	SES226	-3.63831	18.3053	21.9436
BLOCK20/SES204/SA204S14	SES068	-2.57282	20.5283	23.1012
BLOCK20/SES204/SA204S14	SES087	-1.18437	21.9168	23.1012
BLOCK20/SES204/SA204S14	SES206	-2.83585	20.2653	23.1012
BLOCK20/SES204/SA204S14	SES226	-3.24803	19.8531	23.1012
BLOCK20/SES204/SA204S22	SES068	-2.63194	19.4212	22.0532
BLOCK20/SES204/SA204S22	SES082	-4.00309	18.0501	22.0532
BLOCK20/SES204/SA204S22	SES083	-4.90076	17.1524	22.0532
BLOCK20/SES204/SA204S22	SES206	-3.00685	19.0463	22.0532
BLOCK20/SES204/SA204S25	SES062	-2.88164	19.4814	22.363
BLOCK20/SES204/SA204S25	SES083	-4.18422	18.1788	22.363
BLOCK20/SES204/SA204S25	SES206	-2.15173	20.2113	22.363
BLOCK20/SES204/SA204S25	SES226	-2.98714	19.3759	22.363
BLOCK20/SES204/SA204S27	SES068	-2.55521	18.9387	21.4939
BLOCK20/SES204/SA204S27	SES082	-3.94861	17.5453	21.4939
BLOCK20/SES204/SA204S27	SES087	-2.18969	19.3042	21.4939
BLOCK20/SES204/SA204S27	SES206	-2.52635	18.9675	21.4939
BLOCK20/SES207/SA207S10	SES127	-1.79814	18.127	19.9252
BLOCK20/SES207/SA207S10	SES183	-2.33974	17.5854	19.9252
BLOCK20/SES207/SA207S10	SES189	-2.68797	17.2372	19.9252
BLOCK20/SES207/SA207S10	SES292	-2.37408	17.5511	19.9252
BLOCK20/SES207/SA207S11	SES127	-3.34587	16.3337	19.6795
BLOCK20/SES207/SA207S11	SES183	-2.35612	17.3234	19.6795
BLOCK20/SES207/SA207S11	SES187	-2.33414	17.3454	19.6795
BLOCK20/SES207/SA207S11	SES292	-1.81595	17.8636	19.6795
BLOCK20/SES207/SA207S25	SES068	-3.03536	17.384	20.4193
BLOCK20/SES207/SA207S25	SES083	-3.26685	17.1525	20.4193
BLOCK20/SES207/SA207S25	SES127	-2.17774	18.2416	20.4193
BLOCK20/SES207/SA207S25	SES187	-2.11054	18.3088	20.4193
BLOCK20/SES207/SA207S27	SES127	-3.13029	15.676	18.8063
BLOCK20/SES207/SA207S27	SES183	-2.30862	16.4977	18.8063
BLOCK20/SES207/SA207S27	SES187	-3.15148	15.6548	18.8063
BLOCK20/SES207/SA207S27	SES292	-3.37567	15.4306	18.8063
BLOCK20/SES207/SA207S29	SES083	-3.58179	17.129	20.7108
BLOCK20/SES207/SA207S29	SES085	-2.32524	18.3856	20.7108
BLOCK20/SES207/SA207S29	SES172	-1.9787	18.7321	20.7108
BLOCK20/SES207/SA207S29	SES189	-3.19993	17.5109	20.7108
BLOCK22/SES221/SA221S12	SES068	-1.82513	19.4009	21.2261
BLOCK22/SES221/SA221S12	SES143	-2.3918	18.8343	21.2261
BLOCK22/SES221/SA221S12	SES175	-1.96635	19.2597	21.2261
BLOCK22/SES221/SA221S12	SES202	-2.17855	19.0475	21.2261
BLOCK22/SES221/SA221S15	SES085	-3.62327	16.1049	19.7281
BLOCK22/SES221/SA221S15	SES143	-3.53766	16.1905	19.7281
BLOCK22/SES221/SA221S15	SES175	-2.1653	17.5628	19.7281
BLOCK22/SES221/SA221S15	SES187	-3.37939	16.3487	19.7281
BLOCK22/SES221/SA221S23	SES068	-2.7431	18.4088	21.1519
BLOCK22/SES221/SA221S23	SES143	-2.71201	18.4399	21.1519
BLOCK22/SES221/SA221S23	SES175	-1.55576	19.5962	21.1519
BLOCK22/SES221/SA221S23	SES189	-0.892349	20.2596	21.1519
BLOCK22/SES221/SA221S27	SES085	-2.78643	18.1934	20.9798
BLOCK22/SES221/SA221S27	SES143	-3.16754	17.8122	20.9798
BLOCK22/SES221/SA221S27	SES175	-1.78382	19.196	20.9798
BLOCK22/SES221/SA221S27	SES189	-0.199198	20.7806	20.9798
BLOCK22/SES221/SA221S29	SES085	-5.0671	14.6307	19.6978
BLOCK22/SES221/SA221S29	SES143	-3.58367	16.1142	19.6978
BLOCK22/SES221/SA221S29	SES175	-2.03135	17.6665	19.6978
BLOCK22/SES221/SA221S29	SES187	-1.84111	17.8567	19.6978
BLOCK22/SES223/SA223S11	SES143	-1.69455	17.8321	19.5267
BLOCK22/SES223/SA223S11	SES144	-3.79811	15.7286	19.5267
BLOCK22/SES223/SA223S11	SES175	-1.76981	17.7569	19.5267
BLOCK22/SES223/SA223S11	SES187	-3.40129	16.1254	19.5267
BLOCK22/SES223/SA223S13	SES068	-2.65861	15.7437	18.4023
BLOCK22/SES223/SA223S13	SES143	-2.85548	15.5469	18.4023
BLOCK22/SES223/SA223S13	SES146	-3.49715	14.9052	18.4023
BLOCK22/SES223/SA223S13	SES202	-2.75928	15.6431	18.4023
BLOCK22/SES223/SA223S22	SES143	-2.42136	17.5062	19.9275
BLOCK22/SES223/SA223S22	SES144	-3.64911	16.2784	19.9275
BLOCK22/SES223/SA223S22	SES175	-2.62361	17.3039	19.9275
BLOCK22/SES223/SA223S22	SES187	-2.75146	17.1761	19.9275
BLOCK22/SES223/SA223S25	SES068	-2.52333	18.3418	20.8651
BLOCK22/SES223/SA223S25	SES143	-2.22815	18.637	20.8651
BLOCK22/SES223/SA223S25	SES175	-2.47964	18.3855	20.8651
BLOCK22/SES223/SA223S25	SES187	-2.94494	17.9202	20.8651
BLOCK22/SES223/SA223S27	SES143	-2.72976	16.279	19.0088
BLOCK22/SES223/SA223S27	SES146	-2.9348	16.074	19.0088
BLOCK22/SES223/SA223S27	SES187	-2.87786	16.1309	19.0088
BLOCK22/SES223/SA223S27	SES292	-4.90631	14.1025	19.0088
BLOCK27/SES273/SA273S12	SES099	-0.670858	23.419	24.0899
BLOCK27/SES273/SA273S12	SES104	-1.67824	22.4116	24.0899
BLOCK27/SES273/SA273S12	SES125	-1.98475	22.1051	24.0899
BLOCK27/SES273/SA273S12	SES206	-0.958872	23.131	24.0899
BLOCK27/SES273/SA273S13	SES099	-1.08802	23.5783	24.6664
BLOCK27/SES273/SA273S13	SES104	-1.95023	22.7161	24.6664
BLOCK27/SES273/SA273S13	SES206	-1.41975	23.2466	24.6664
BLOCK27/SES273/SA273S13	SES292	-2.46482	22.2015	24.6664
BLOCK27/SES273/SA273S21	SES099	-0.206896	23.7658	23.9727
BLOCK27/SES273/SA273S21	SES148	-3.65382	20.3189	23.9727
BLOCK27/SES273/SA273S21	SES149	-2.11241	21.8603	23.9727
BLOCK27/SES273/SA273S21	SES177	-2.66164	21.3111	23.9727
BLOCK27/SES273/SA273S25	SES104	-2.18405	21.2923	23.4764
BLOCK27/SES273/SA273S25	SES125	-2.23248	21.2439	23.4764
BLOCK27/SES273/SA273S25	SES158	-0.949825	22.5266	23.4764
BLOCK27/SES273/SA273S25	SES206	-0.567957	22.9084	23.4764
BLOCK27/SES273/SA273S27	SES099	-0.938854	21.787	22.7259
BLOCK27/SES273/SA273S27	SES104	-1.82214	20.9037	22.7259
BLOCK27/SES273/SA273S27	SES149	-1.71518	21.0107	22.7259
BLOCK27/SES273/SA273S27	SES275	-2.21778	20.5081	22.7259
BLOCK27/SES274/SA274S10	SES105	-2.36123	19.3994	21.7606
BLOCK27/SES274/SA274S10	SES125	-3.10269	18.6579	21.7606
BLOCK27/SES274/SA274S10	SES129	-1.022	20.7386	21.7606
BLOCK27/SES274/SA274S10	SES158	-4.97142	16.7892	21.7606
BLOCK27/SES274/SA274S11	SES105	-2.12494	19.5125	21.6374
BLOCK27/SES274/SA274S11	SES149	-3.04041	18.597	21.6374
BLOCK27/SES274/SA274S11	SES158	-3.73359	17.9038	21.6374
BLOCK27/SES274/SA274S11	SES275	-1.29834	20.339	21.6374
BLOCK27/SES274/SA274S21	SES105	-2.91748	19.1192	22.0367
BLOCK27/SES274/SA274S21	SES129	-1.47651	20.5602	22.0367
BLOCK27/SES274/SA274S21	SES149	-3.0053	19.0314	22.0367
BLOCK27/SES274/SA274S21	SES158	-5.98747	16.0492	22.0367
BLOCK27/SES274/SA274S24	SES105	-2.08377	21.1106	23.1944
BLOCK27/SES274/SA274S24	SES129	-0.872501	22.3219	23.1944
BLOCK27/SES274/SA274S24	SES149	-3.09213	20.1023	23.1944
BLOCK27/SES274/SA274S24	SES158	-6.14441	17.05	23.1944
BLOCK27/SES274/SA274S29	SES105	-2.73275	18.3457	21.0785
BLOCK27/SES274/SA274S29	SES106	-4.9886	16.0899	21.0785
BLOCK27/SES274/SA274S29	SES120	-2.13064	18.9479	21.0785
BLOCK27/SES274/SA274S29	SES275	-1.91059	19.1679	21.0785
BLOCK27/SES276/SA276S16	SES148	-2.74768	18.364	21.1117
BLOCK27/SES276/SA276S16	SES172	-2.15882	18.9529	21.1117
BLOCK27/SES276/SA276S16	SES180	-3.22379	17.8879	21.1117
BLOCK27/SES276/SA276S16	SES292	-2.14328	18.9684	21.1117
BLOCK27/SES276/SA276S17	SES101	-3.03152	18.2248	21.2564
BLOCK27/SES276/SA276S17	SES177	-2.88863	18.3677	21.2564
BLOCK27/SES276/SA276S17	SES180	-2.73163	18.5247	21.2564
BLOCK27/SES276/SA276S17	SES292	-2.94672	18.3096	21.2564
BLOCK27/SES276/SA276S24	SES101	-1.6021	20.3298	21.9319
BLOCK27/SES276/SA276S24	SES177	-1.99516	19.9368	21.9319
BLOCK27/SES276/SA276S24	SES180	-2.52022	19.4117	21.9319
BLOCK27/SES276/SA276S24	SES292	-3.41692	18.515	21.9319
BLOCK27/SES276/SA276S26	SES101	-3.75173	19.073	22.8247
BLOCK27/SES276/SA276S26	SES177	-1.46537	21.3593	22.8247
BLOCK27/SES276/SA276S26	SES180	-1.26147	21.5632	22.8247
BLOCK27/SES276/SA276S26	SES292	-1.7688	21.0559	22.8247
BLOCK27/SES276/SA276S28	SES101	-3.23627	18.9459	22.1821
BLOCK27/SES276/SA276S28	SES177	-3.02547	19.1567	22.1821
BLOCK27/SES276/SA276S28	SES180	-1.49791	20.6842	22.1821
BLOCK27/SES276/SA276S28	SES292	-2.68391	19.4982	22.1821
BLOCK27/SES277/SA277S12	SES101	-2.39388	16.7973	19.1912
BLOCK27/SES277/SA277S12	SES177	-3.02335	16.1679	19.1912
BLOCK27/SES277/SA277S12	SES180	-3.47074	15.7205	19.1912
BLOCK27/SES277/SA277S12	SES292	-3.68456	15.5066	19.1912
BLOCK27/SES277/SA277S14	SES177	-1.91766	17.0329	18.9505
BLOCK27/SES277/SA277S14	SES180	-3.44741	15.5031	18.9505
BLOCK27/SES277/SA277S14	SES189	-0.820057	18.1305	18.9505
BLOCK27/SES277/SA277S14	SES292	-4.03579	14.9148	18.9505
BLOCK27/SES277/SA277S21	SES177	-1.78422	18.4275	20.2117
BLOCK27/SES277/SA277S21	SES180	-3.51758	16.6941	20.2117
BLOCK27/SES277/SA277S21	SES189	-1.29827	18.9134	20.2117
BLOCK27/SES277/SA277S21	SES292	-4.94128	15.2704	20.2117
BLOCK27/SES277/SA277S24	SES144	-2.37363	16.2616	18.6352
BLOCK27/SES277/SA277S24	SES177	-2.64829	15.9869	18.6352
BLOCK27/SES277/SA277S24	SES180	-4.12936	14.5059	18.6352
BLOCK27/SES277/SA277S24	SES189	-1.45929	17.1759	18.6352
BLOCK27/SES277/SA277S29	SES177	-1.68191	20.1003	21.7822
BLOCK27/SES277/SA277S29	SES180	-2.8552	18.927	21.7822
BLOCK27/SES277/SA277S29	SES202	-2.35134	19.4309	21.7822
BLOCK27/SES277/SA277S29	SES292	-2.96296	18.8193	21.7822
BLOCK27/SES279/SA279S09	SES120	-2.49631	19.1422	21.6385
BLOCK27/SES279/SA279S09	SES146	-2.51495	19.1235	21.6385
BLOCK27/SES279/SA279S09	SES206	-2.85581	18.7827	21.6385
BLOCK27/SES279/SA279S09	SES226	-4.06138	17.5771	21.6385
BLOCK27/SES279/SA279S10	SES099	-1.45844	20.41	21.8685
BLOCK27/SES279/SA279S10	SES206	-1.62416	20.2443	21.8685
BLOCK27/SES279/SA279S10	SES226	-2.49879	19.3697	21.8685
BLOCK27/SES279/SA279S10	SES292	-1.24726	20.6212	21.8685
BLOCK27/SES279/SA279S20	SES099	-2.42002	19.3299	21.7499
BLOCK27/SES279/SA279S20	SES206	-1.40077	20.3491	21.7499
BLOCK27/SES279/SA279S20	SES226	-3.28154	18.4683	21.7499
BLOCK27/SES279/SA279S20	SES292	-1.03986	20.71	21.7499
BLOCK27/SES279/SA279S26	SES099	-1.83606	20.0027	21.8387
BLOCK27/SES279/SA279S26	SES206	-1.22	20.6187	21.8387
BLOCK27/SES279/SA279S26	SES226	-2.94876	18.89	21.8387
BLOCK27/SES279/SA279S26	SES292	-1.16746	20.6713	21.8387
BLOCK27/SES279/SA279S28	SES099	-1.65857	21.4858	23.1443
BLOCK27/SES279/SA279S28	SES120	-2.1412	21.0031	23.1443
BLOCK27/SES279/SA279S28	SES177	-2.7233	20.421	23.1443
BLOCK27/SES279/SA279S28	SES206	-1.94933	21.195	23.1443
BLOCK29/SES290/SA290S12	SES162	-2.60271	17.5008	20.1035
BLOCK29/SES290/SA290S12	SES177	-3.27582	16.8277	20.1035
BLOCK29/SES290/SA290S12	SES180	-3.59488	16.5086	20.1035
BLOCK29/SES290/SA290S12	SES292	-4.1265	15.977	20.1035
BLOCK29/SES290/SA290S13	SES007	-2.10999	18.5988	20.7088
BLOCK29/SES290/SA290S13	SES162	-3.2634	17.4454	20.7088
BLOCK29/SES290/SA290S13	SES177	-2.20359	18.5052	20.7088
BLOCK29/SES290/SA290S13	SES180	-2.93489	17.7739	20.7088
BLOCK29/SES290/SA290S22	SES177	-2.21156	17.6304	19.842
BLOCK29/SES290/SA290S22	SES180	-2.4748	17.3672	19.842
BLOCK29/SES290/SA290S22	SES202	-2.20659	17.6354	19.842
BLOCK29/SES290/SA290S22	SES292	-3.11243	16.7295	19.842
BLOCK29/SES290/SA290S25	SES162	-3.01273	17.6606	20.6733
BLOCK29/SES290/SA290S25	SES177	-2.82059	17.8527	20.6733
BLOCK29/SES290/SA290S25	SES180	-2.49772	18.1756	20.6733
BLOCK29/SES290/SA290S25	SES292	-2.91528	17.7581	20.6733
BLOCK29/SES290/SA290S29	SES177	-1.69695	19.1743	20.8713
BLOCK29/SES290/SA290S29	SES180	-1.97347	18.8978	20.8713
BLOCK29/SES290/SA290S29	SES275	-2.35732	18.514	20.8713
BLOCK29/SES290/SA290S29	SES292	-2.24155	18.6297	20.8713
BLOCK29/SES291/SA291S11	SES105	-3.58598	16.5599	20.1458
BLOCK29/SES291/SA291S11	SES125	-2.01439	18.1315	20.1458
BLOCK29/SES291/SA291S11	SES158	-1.78189	18.364	20.1458
BLOCK29/SES291/SA291S11	SES275	-3.44497	16.7009	20.1458
BLOCK29/SES291/SA291S12	SES158	0.356836	20.8909	20.5341
BLOCK29/SES291/SA291S12	SES226	-2.54426	17.9898	20.5341
BLOCK29/SES291/SA291S12	SES270	0.0353546	20.5695	20.5341
BLOCK29/SES291/SA291S12	SES275	-4.48738	16.0467	20.5341
BLOCK29/SES291/SA291S22	SES082	-1.9551	19.2826	21.2377
BLOCK29/SES291/SA291S22	SES158	-1.62395	19.6137	21.2377
BLOCK29/SES291/SA291S22	SES259	-3.13358	18.1041	21.2377
BLOCK29/SES291/SA291S22	SES275	-3.56715	17.6705	21.2377
BLOCK29/SES291/SA291S24	SES104	-0.751799	21.8258	22.5776
BLOCK29/SES291/SA291S24	SES125	-1.41337	21.1643	22.5776
BLOCK29/SES291/SA291S24	SES158	-0.912882	21.6648	22.5776
BLOCK29/SES291/SA291S24	SES275	-3.73418	18.8435	22.5776
BLOCK29/SES291/SA291S27	SES158	-0.352774	21.7194	22.0722
BLOCK29/SES291/SA291S27	SES172	-5.34648	16.7257	22.0722
BLOCK29/SES291/SA291S27	SES275	-4.1793	17.8929	22.0722
BLOCK29/SES291/SA291S27	SES292	-2.5991	19.4731	22.0722
Threshold search:
THR	-6.61564138924	9	0(0)	1(1000)
THR	-6.5017488753476	8.973	0(0)	0.997(997)
THR	-6.3878563614552	8.964	0(0)	0.996(996)
THR	-6.2739638475628	8.964	0(0)	0.996(996)
THR	-6.1600713336704	8.955	0(0)	0.995(995)
THR	-6.046178819778	8.946	0(0)	0.994(994)
THR	-5.9322863058856	8.937	0(0)	0.993(993)
THR	-5.8183937919932	8.937	0(0)	0.993(993)
THR	-5.7045012781008	8.928	0(0)	0.992(992)
THR	-5.5906087642084	8.928	0(0)	0.992(992)
THR	-5.476716250316	8.91	0(0)	0.99(990)
THR	-5.3628237364236	8.883	0(0)	0.987(987)
THR	-5.2489312225312	8.874	0(0)	0.986(986)
THR	-5.13503870863881	8.856	0(0)	0.984(984)
THR	-5.02114619474641	8.82	0(0)	0.98(980)
THR	-4.90725368085401	8.766	0(0)	0.974(974)
THR	-4.79336116696161	8.712	0(0)	0.968(968)
THR	-4.67946865306921	8.685	0(0)	0.965(965)
THR	-4.56557613917681	8.676	0(0)	0.964(964)
THR	-4.45168362528441	8.667	0(0)	0.963(963)
THR	-4.33779111139201	8.622	0(0)	0.958(958)
THR	-4.22389859749961	8.559	0(0)	0.951(951)
THR	-4.11000608360721	8.46	0(0)	0.94(940)
THR	-3.99611356971481	8.397	0(0)	0.933(933)
THR	-3.88222105582241	8.307	0(0)	0.923(923)
THR	-3.76832854193001	8.19	0(0)	0.91(910)
THR	-3.65443602803761	8.028	0(0)	0.892(892)
THR	-3.54054351414521	7.767	0(0)	0.863(863)
THR	-3.42665100025281	7.47	0(0)	0.83(830)
THR	-3.31275848636041	7.227	0(0)	0.803(803)
THR	-3.19886597246801	6.984	0(0)	0.776(776)
THR	-3.08497345857561	6.705	0(0)	0.745(745)
THR	-2.97108094468321	6.246	0(0)	0.694(694)
THR	-2.85718843079081	5.832	0(0)	0.648(648)
THR	-2.74329591689841	5.472	0(0)	0.608(608)
THR	-2.62940340300601	5.085	0(0)	0.565(565)
THR	-2.51551088911361	4.68	0(0)	0.52(520)
THR	-2.40161837522121	4.158	0(0)	0.462(462)
THR	-2.28772586132881	3.771	0(0)	0.419(419)
THR	-2.17383334743641	3.348	0(0)	0.372(372)
THR	-2.05994083354401	2.916	0(0)	0.324(324)
THR	-1.94604831965161	2.52	0(0)	0.28(280)
THR	-1.83215580575921	2.133	0(0)	0.237(237)
THR	-1.71826329186681	1.8	0(0)	0.2(200)
THR	-1.60437077797441	1.44	0(0)	0.16(160)
THR	-1.49047826408201	1.179	0(0)	0.131(131)
THR	-1.37658575018961	0.927	0(0)	0.103(103)
THR	-1.26269323629721	0.782	0.008(2)	0.086(86)
THR	-1.14880072240481	0.647	0.008(2)	0.071(71)
THR	-1.03490820851241	0.548	0.008(2)	0.06(60)
THR	-0.921015694620007	0.431	0.008(2)	0.047(47)
THR	-0.807123180727607	0.336	0.012(3)	0.036(36)
THR	-0.693230666835207	0.255	0.012(3)	0.027(27)
THR	-0.579338152942807	0.178	0.016(4)	0.018(18)
THR	-0.465445639050407	0.137	0.02(5)	0.013(13)
THR	-0.351553125158007	0.135	0.036(9)	0.011(11)
THR	-0.237660611265607	0.146	0.056(14)	0.01(10)
THR	-0.123768097373207	0.109	0.064(16)	0.005(5)
THR	-0.00987558348080672	0.091	0.064(16)	0.003(3)
THR	0.104016930411593	0.102	0.084(21)	0.002(2)
THR	0.217909444303993	0.146	0.128(32)	0.002(2)
THR	0.331801958196393	0.198	0.18(45)	0.002(2)
THR	0.445694472088793	0.228	0.228(57)	0(0)
THR	0.559586985981193	0.264	0.264(66)	0(0)
THR	0.673479499873593	0.3	0.3(75)	0(0)
THR	0.787372013765993	0.344	0.344(86)	0(0)
THR	0.901264527658393	0.404	0.404(101)	0(0)
THR	1.01515704155079	0.444	0.444(111)	0(0)
THR	1.12904955544319	0.464	0.464(116)	0(0)
THR	1.24294206933559	0.5	0.5(125)	0(0)
THR	1.35683458322799	0.548	0.548(137)	0(0)
THR	1.47072709712039	0.592	0.592(148)	0(0)
THR	1.58461961101279	0.62	0.62(155)	0(0)
THR	1.69851212490519	0.656	0.656(164)	0(0)
THR	1.81240463879759	0.7	0.7(175)	0(0)
THR	1.92629715268999	0.74	0.74(185)	0(0)
THR	2.04018966658239	0.772	0.772(193)	0(0)
THR	2.15408218047479	0.804	0.804(201)	0(0)
THR	2.26797469436719	0.84	0.84(210)	0(0)
THR	2.38186720825959	0.884	0.884(221)	0(0)
THR	2.49575972215199	0.892	0.892(223)	0(0)
THR	2.60965223604439	0.904	0.904(226)	0(0)
THR	2.72354474993679	0.928	0.928(232)	0(0)
THR	2.83743726382919	0.936	0.936(234)	0(0)
THR	2.95132977772159	0.944	0.944(236)	0(0)
THR	3.06522229161399	0.948	0.948(237)	0(0)
THR	3.17911480550639	0.968	0.968(242)	0(0)
THR	3.29300731939879	0.968	0.968(242)	0(0)
THR	3.40689983329119	0.976	0.976(244)	0(0)
THR	3.52079234718359	0.976	0.976(244)	0(0)
THR	3.63468486107599	0.976	0.976(244)	0(0)
THR	3.74857737496839	0.984	0.984(246)	0(0)
THR	3.86246988886079	0.988	0.988(247)	0(0)
THR	3.97636240275319	0.988	0.988(247)	0(0)
THR	4.09025491664559	0.992	0.992(248)	0(0)
THR	4.20414743053799	0.992	0.992(248)	0(0)
THR	4.31803994443039	0.992	0.992(248)	0(0)
THR	4.43193245832279	0.992	0.992(248)	0(0)
THR	4.54582497221519	0.992	0.992(248)	0(0)
THR	4.65971748610759	0.996	0.996(249)	0(0)
THR	4.77360999999999	0.996	0.996(249)	0(0)
THR	4.88750251389239	1	1(250)	0(0)


==============================================
THR: -0.00987558348080672
Missed:     16/250=0.0640
FalseAlarm: 3/1000=0.0030
----------------------------------------------
==> CostDetection: 9.1
==============================================
