BLOCK00/SES002/SA002S12	SES002	0.399911	-5.49671	-5.89662
BLOCK00/SES002/SA002S13	SES002	1.13576	-6.14275	-7.27851
BLOCK00/SES002/SA002S23	SES002	0.0735226	-6.09117	-6.1647
BLOCK00/SES002/SA002S26	SES002	0.598464	-7.76323	-8.36169
BLOCK00/SES002/SA002S28	SES002	-0.708193	-8.07503	-7.36683
BLOCK00/SES007/SA007S14	SES007	0.727969	-4.96704	-5.69501
BLOCK00/SES007/SA007S15	SES007	0.0408993	-5.94795	-5.98885
BLOCK00/SES007/SA007S24	SES007	0.294683	-5.10026	-5.39494
BLOCK00/SES007/SA007S27	SES007	-0.815314	-8.21054	-7.39522
BLOCK00/SES007/SA007S29	SES007	-0.0774999	-5.16386	-5.08636
BLOCK00/SES008/SA008S11	SES008	1.09209	-3.38103	-4.47312
BLOCK00/SES008/SA008S12	SES008	0.0701628	-4.21923	-4.28939
BLOCK00/SES008/SA008S19	SES008	1.28313	-3.51528	-4.79841
BLOCK00/SES008/SA008S22	SES008	-0.0224237	-5.71343	-5.691
BLOCK00/SES008/SA008S29	SES008	1.10082	-2.71367	-3.81449
BLOCK01/SES014/SA014S10	SES014	0.277394	-5.82327	-6.10066
BLOCK01/SES014/SA014S12	SES014	1.53099	-4.48547	-6.01645
BLOCK01/SES014/SA014S24	SES014	1.57542	-4.70499	-6.2804
BLOCK01/SES014/SA014S26	SES014	1.53036	-5.32924	-6.8596
BLOCK01/SES014/SA014S28	SES014	1.95493	-2.9987	-4.95363
BLOCK01/SES016/SA016S12	SES016	-0.360518	-8.3428	-7.98229
BLOCK01/SES016/SA016S13	SES016	0.928359	-5.98578	-6.91414
BLOCK01/SES016/SA016S22	SES016	0.476564	-5.82314	-6.2997
BLOCK01/SES016/SA016S25	SES016	1.09014	-3.66345	-4.75359
BLOCK01/SES016/SA016S27	SES016	0.744926	-6.49013	-7.23506
BLOCK01/SES019/SA019S13	SES019	2.40569	-4.83305	-7.23873
BLOCK01/SES019/SA019S14	SES019	1.19142	-5.89538	-7.08679
BLOCK01/SES019/SA019S22	SES019	2.44308	-4.35287	-6.79595
BLOCK01/SES019/SA019S25	SES019	1.59103	-5.68756	-7.27859
BLOCK01/SES019/SA019S29	SES019	2.89007	-6.50564	-9.39571
BLOCK02/SES029/SA029S11	SES029	0.867055	-4.54033	-5.40738
BLOCK02/SES029/SA029S12	SES029	-0.506672	-5.96113	-5.45446
BLOCK02/SES029/SA029S20	SES029	0.482183	-3.65909	-4.14127
BLOCK02/SES029/SA029S25	SES029	-0.272474	-5.79563	-5.52315
BLOCK02/SES029/SA029S28	SES029	-0.110419	-5.11686	-5.00644
BLOCK04/SES042/SA042S12	SES042	1.51042	-5.07317	-6.58359
BLOCK04/SES042/SA042S15	SES042	1.02707	-5.56307	-6.59014
BLOCK04/SES042/SA042S22	SES042	3.32964	-7.56024	-10.8899
BLOCK04/SES042/SA042S25	SES042	1.87016	-7.49637	-9.36653
BLOCK04/SES042/SA042S27	SES042	2.42345	-6.9893	-9.41274
BLOCK04/SES048/SA048S11	SES048	0.839782	-3.77501	-4.61479
BLOCK04/SES048/SA048S12	SES048	-0.27218	-6.70621	-6.43403
BLOCK04/SES048/SA048S20	SES048	0.0848689	-5.26661	-5.35148
BLOCK04/SES048/SA048S23	SES048	0.701339	-4.03752	-4.73885
BLOCK04/SES048/SA048S27	SES048	-0.201222	-6.35449	-6.15327
BLOCK06/SES060/SA060S11	SES060	0.700022	-5.42782	-6.12784
BLOCK06/SES060/SA060S12	SES060	-0.151083	-8.51858	-8.3675
BLOCK06/SES060/SA060S22	SES060	-2.02385	-8.93693	-6.91308
BLOCK06/SES060/SA060S24	SES060	0.380096	-3.59426	-3.97435
BLOCK06/SES060/SA060S28	SES060	0.543064	-3.04353	-3.58659
BLOCK06/SES062/SA062S10	SES062	0.0725069	-5.57854	-5.65104
BLOCK06/SES062/SA062S11	SES062	0.696359	-7.1634	-7.85976
BLOCK06/SES062/SA062S21	SES062	0.394961	-2.70549	-3.10045
BLOCK06/SES062/SA062S26	SES062	-0.0258389	-5.46682	-5.44098
BLOCK06/SES062/SA062S29	SES062	0.839077	-3.53817	-4.37724
BLOCK06/SES068/SA068S14	SES068	-0.454731	-5.66694	-5.21221
BLOCK06/SES068/SA068S15	SES068	0.764912	-4.7908	-5.55571
BLOCK06/SES068/SA068S23	SES068	-0.111744	-6.22239	-6.11064
BLOCK06/SES068/SA068S27	SES068	1.51163	-4.07319	-5.58483
BLOCK06/SES068/SA068S29	SES068	0.182947	-5.87469	-6.05764
BLOCK08/SES082/SA082S12	SES082	-0.594046	-6.02651	-5.43247
BLOCK08/SES082/SA082S14	SES082	0.290806	-5.53412	-5.82493
BLOCK08/SES082/SA082S21	SES082	-0.0453672	-5.10899	-5.06362
BLOCK08/SES082/SA082S24	SES082	-0.147614	-7.01665	-6.86903
BLOCK08/SES082/SA082S28	SES082	0.457962	-6.08305	-6.54101
BLOCK08/SES083/SA083S14	SES083	-0.201228	-4.79792	-4.5967
BLOCK08/SES083/SA083S15	SES083	0.207353	-5.88807	-6.09543
BLOCK08/SES083/SA083S24	SES083	-0.261039	-5.94439	-5.68335
BLOCK08/SES083/SA083S26	SES083	-0.267754	-7.67707	-7.40932
BLOCK08/SES083/SA083S29	SES083	-1.20222	-7.48089	-6.27867
BLOCK08/SES085/SA085S10	SES085	0.429192	-4.23746	-4.66666
BLOCK08/SES085/SA085S13	SES085	-0.925423	-7.53427	-6.60885
BLOCK08/SES085/SA085S22	SES085	0.273268	-4.51055	-4.78382
BLOCK08/SES085/SA085S26	SES085	-0.518404	-7.45934	-6.94094
BLOCK08/SES085/SA085S28	SES085	0.301637	-4.83945	-5.14109
BLOCK08/SES087/SA087S15	SES087	0.624828	-6.01227	-6.6371
BLOCK08/SES087/SA087S16	SES087	1.29103	-4.85888	-6.1499
BLOCK08/SES087/SA087S24	SES087	0.5539	-8.64694	-9.20084
BLOCK08/SES087/SA087S26	SES087	0.305476	-5.8156	-6.12108
BLOCK08/SES087/SA087S29	SES087	1.06639	-4.38865	-5.45504
BLOCK09/SES099/SA099S15	SES099	1.2474	-6.14303	-7.39043
BLOCK09/SES099/SA099S16	SES099	0.929227	-3.5551	-4.48432
BLOCK09/SES099/SA099S24	SES099	1.11087	-4.80701	-5.91788
BLOCK09/SES099/SA099S26	SES099	1.42386	-5.22661	-6.65047
BLOCK09/SES099/SA099S29	SES099	1.28407	-5.78721	-7.07128
BLOCK10/SES101/SA101S11	SES101	-0.244574	-5.48062	-5.23604
BLOCK10/SES101/SA101S13	SES101	1.10116	-1.41468	-2.51584
BLOCK10/SES101/SA101S22	SES101	0.703336	-5.92009	-6.62343
BLOCK10/SES101/SA101S24	SES101	0.510649	-4.90989	-5.42054
BLOCK10/SES101/SA101S28	SES101	0.272274	-5.2999	-5.57217
BLOCK10/SES104/SA104S11	SES104	0.85336	-4.45126	-5.30462
BLOCK10/SES104/SA104S12	SES104	0.500223	-5.64858	-6.1488
BLOCK10/SES104/SA104S21	SES104	0.96314	-5.54758	-6.51072
BLOCK10/SES104/SA104S24	SES104	-0.422982	-8.10924	-7.68625
BLOCK10/SES104/SA104S28	SES104	0.35691	-7.87736	-8.23427
BLOCK10/SES105/SA105S12	SES105	0.696406	-6.4293	-7.1257
BLOCK10/SES105/SA105S13	SES105	-0.0240817	-6.23366	-6.20958
BLOCK10/SES105/SA105S22	SES105	-0.250275	-6.69371	-6.44344
BLOCK10/SES105/SA105S26	SES105	0.237584	-6.82038	-7.05796
BLOCK10/SES105/SA105S29	SES105	0.789878	-4.15409	-4.94397
BLOCK10/SES106/SA106S09	SES106	0.505608	-7.52458	-8.03019
BLOCK10/SES106/SA106S11	SES106	1.14629	-4.79994	-5.94623
BLOCK10/SES106/SA106S22	SES106	2.26617	-6.98358	-9.24975
BLOCK10/SES106/SA106S27	SES106	0.994459	-4.92088	-5.91534
BLOCK10/SES106/SA106S29	SES106	0.681275	-5.44101	-6.12229
BLOCK11/SES117/SA117S12	SES117	-0.258038	-7.23994	-6.9819
BLOCK11/SES117/SA117S13	SES117	-1.01483	-6.4631	-5.44827
BLOCK11/SES117/SA117S23	SES117	0.869051	-7.73086	-8.59991
BLOCK11/SES117/SA117S25	SES117	0.35874	-6.07969	-6.43843
BLOCK11/SES117/SA117S28	SES117	0.688917	-7.60436	-8.29328
BLOCK12/SES120/SA120S08	SES120	0.227655	-8.55424	-8.7819
BLOCK12/SES120/SA120S11	SES120	0.388394	-12.0236	-12.412
BLOCK12/SES120/SA120S22	SES120	0.310652	-5.64	-5.95066
BLOCK12/SES120/SA120S24	SES120	0.159817	-9.50228	-9.6621
BLOCK12/SES120/SA120S28	SES120	-0.0841036	-8.52827	-8.44417
BLOCK12/SES125/SA125S13	SES125	1.40454	-7.62438	-9.02892
BLOCK12/SES125/SA125S14	SES125	0.571671	-8.91717	-9.48884
BLOCK12/SES125/SA125S25	SES125	1.53382	-6.46794	-8.00176
BLOCK12/SES125/SA125S27	SES125	1.51028	-6.2681	-7.77838
BLOCK12/SES125/SA125S29	SES125	0.627496	-5.80257	-6.43007
BLOCK12/SES127/SA127S11	SES127	0.0452847	-4.79902	-4.84431
BLOCK12/SES127/SA127S12	SES127	0.104417	-2.71104	-2.81546
BLOCK12/SES127/SA127S23	SES127	0.247302	-4.10237	-4.34967
BLOCK12/SES127/SA127S25	SES127	-0.428411	-3.89451	-3.4661
BLOCK12/SES127/SA127S27	SES127	0.728638	-3.7282	-4.45684
BLOCK12/SES129/SA129S11	SES129	1.12448	-3.32494	-4.44942
BLOCK12/SES129/SA129S12	SES129	0.589838	-3.41288	-4.00272
BLOCK12/SES129/SA129S22	SES129	0.38011	-4.10183	-4.48194
BLOCK12/SES129/SA129S27	SES129	0.986189	-3.98069	-4.96688
BLOCK12/SES129/SA129S29	SES129	0.333204	-7.8645	-8.19771
BLOCK14/SES142/SA142S11	SES142	1.13218	-4.67702	-5.80919
BLOCK14/SES142/SA142S12	SES142	0.628715	-6.92744	-7.55615
BLOCK14/SES142/SA142S24	SES142	0.353995	-6.07494	-6.42894
BLOCK14/SES142/SA142S27	SES142	0.569349	-6.09796	-6.66731
BLOCK14/SES142/SA142S29	SES142	0.712279	-5.52411	-6.23639
BLOCK14/SES143/SA143S12	SES143	0.404561	-4.9052	-5.30976
BLOCK14/SES143/SA143S13	SES143	0.347959	-4.96219	-5.31015
BLOCK14/SES143/SA143S23	SES143	0.1764	-5.57507	-5.75147
BLOCK14/SES143/SA143S25	SES143	-0.0757003	-7.2851	-7.2094
BLOCK14/SES143/SA143S28	SES143	0.222273	-6.52666	-6.74894
BLOCK14/SES144/SA144S09	SES144	0.282342	-4.91652	-5.19886
BLOCK14/SES144/SA144S11	SES144	0.043016	-5.0909	-5.13392
BLOCK14/SES144/SA144S21	SES144	-0.984813	-5.68224	-4.69743
BLOCK14/SES144/SA144S25	SES144	-0.12422	-5.56941	-5.44519
BLOCK14/SES144/SA144S29	SES144	-0.629583	-6.83295	-6.20337
BLOCK14/SES146/SA146S14	SES146	0.170988	-5.95872	-6.12971
BLOCK14/SES146/SA146S15	SES146	-0.0148063	-6.542	-6.5272
BLOCK14/SES146/SA146S24	SES146	0.519047	-6.39076	-6.9098
BLOCK14/SES146/SA146S26	SES146	0.416257	-5.92976	-6.34602
BLOCK14/SES146/SA146S29	SES146	0.16371	-7.39409	-7.5578
BLOCK14/SES147/SA147S11	SES147	-0.0749865	-6.3723	-6.29732
BLOCK14/SES147/SA147S13	SES147	0.275565	-3.6376	-3.91316
BLOCK14/SES147/SA147S23	SES147	0.136959	-4.8479	-4.98486
BLOCK14/SES147/SA147S26	SES147	0.84557	-4.41804	-5.26361
BLOCK14/SES147/SA147S28	SES147	1.07749	-3.16559	-4.24308
BLOCK14/SES148/SA148S10	SES148	-0.282768	-4.4408	-4.15803
BLOCK14/SES148/SA148S12	SES148	-0.39912	-5.63874	-5.23962
BLOCK14/SES148/SA148S22	SES148	0.437532	-3.58874	-4.02627
BLOCK14/SES148/SA148S26	SES148	-0.15129	-3.09905	-2.94776
BLOCK14/SES148/SA148S29	SES148	-0.987079	-7.02067	-6.0336
BLOCK14/SES149/SA149S13	SES149	-0.320944	-5.54094	-5.21999
BLOCK14/SES149/SA149S14	SES149	-0.121017	-4.08365	-3.96263
BLOCK14/SES149/SA149S24	SES149	0.346761	-5.00983	-5.35659
BLOCK14/SES149/SA149S26	SES149	0.640279	-4.78427	-5.42455
BLOCK14/SES149/SA149S28	SES149	1.2091	-1.34422	-2.55332
BLOCK15/SES158/SA158S13	SES158	1.2015	-7.43299	-8.63449
BLOCK15/SES158/SA158S14	SES158	1.51009	-7.97057	-9.48066
BLOCK15/SES158/SA158S23	SES158	1.7599	-5.65064	-7.41054
BLOCK15/SES158/SA158S26	SES158	1.42147	-7.74078	-9.16225
BLOCK15/SES158/SA158S28	SES158	0.74376	-7.31951	-8.06327
BLOCK16/SES162/SA162S10	SES162	0.52497	-6.91264	-7.43761
BLOCK16/SES162/SA162S11	SES162	0.46513	-4.22622	-4.69135
BLOCK16/SES162/SA162S21	SES162	0.628287	-4.76757	-5.39586
BLOCK16/SES162/SA162S24	SES162	1.34178	-4.35579	-5.69757
BLOCK16/SES162/SA162S27	SES162	1.22535	-7.19756	-8.42291
BLOCK16/SES167/SA167S14	SES167	0.892308	-3.05293	-3.94524
BLOCK16/SES167/SA167S15	SES167	0.840089	-2.85831	-3.6984
BLOCK16/SES167/SA167S21	SES167	1.38162	-1.57505	-2.95667
BLOCK16/SES167/SA167S25	SES167	1.14361	-4.03431	-5.17792
BLOCK16/SES167/SA167S29	SES167	1.76274	-1.38927	-3.15201
BLOCK17/SES172/SA172S12	SES172	0.438094	-6.33832	-6.77642
BLOCK17/SES172/SA172S13	SES172	0.519919	-6.65467	-7.17459
BLOCK17/SES172/SA172S23	SES172	0.661289	-3.43794	-4.09923
BLOCK17/SES172/SA172S27	SES172	0.401418	-6.91201	-7.31342
BLOCK17/SES172/SA172S29	SES172	1.31676	-4.28826	-5.60502
BLOCK17/SES175/SA175S11	SES175	0.0182052	-6.93949	-6.95769
BLOCK17/SES175/SA175S13	SES175	0.735767	-2.04692	-2.78268
BLOCK17/SES175/SA175S23	SES175	0.335377	-3.85419	-4.18956
BLOCK17/SES175/SA175S25	SES175	-0.160954	-6.54729	-6.38634
BLOCK17/SES175/SA175S28	SES175	0.30033	-4.57543	-4.87576
BLOCK17/SES177/SA177S15	SES177	0.00924444	-6.39846	-6.4077
BLOCK17/SES177/SA177S17	SES177	-0.0239053	-5.94789	-5.92399
BLOCK17/SES177/SA177S23	SES177	-0.580979	-6.77969	-6.19871
BLOCK17/SES177/SA177S26	SES177	0.708774	-3.09921	-3.80798
BLOCK17/SES177/SA177S28	SES177	0.216312	-6.58731	-6.80362
BLOCK18/SES180/SA180S13	SES180	-0.447163	-7.87377	-7.42661
BLOCK18/SES180/SA180S15	SES180	-0.113177	-4.79604	-4.68286
BLOCK18/SES180/SA180S24	SES180	-0.0957289	-4.12212	-4.02639
BLOCK18/SES180/SA180S26	SES180	-0.503301	-5.68075	-5.17744
BLOCK18/SES180/SA180S29	SES180	-1.18398	-8.22504	-7.04105
BLOCK18/SES183/SA183S13	SES183	0.679899	-5.44574	-6.12564
BLOCK18/SES183/SA183S14	SES183	-0.69583	-6.12296	-5.42713
BLOCK18/SES183/SA183S24	SES183	0.456737	-6.77925	-7.23599
BLOCK18/SES183/SA183S27	SES183	0.877285	-5.77663	-6.65391
BLOCK18/SES183/SA183S29	SES183	0.98155	-4.3808	-5.36235
BLOCK18/SES187/SA187S13	SES187	-0.292316	-7.40557	-7.11325
BLOCK18/SES187/SA187S14	SES187	-0.220069	-7.0428	-6.82274
BLOCK18/SES187/SA187S24	SES187	0.682586	-6.10575	-6.78833
BLOCK18/SES187/SA187S27	SES187	0.502175	-5.33776	-5.83993
BLOCK18/SES187/SA187S29	SES187	-0.069932	-8.71613	-8.64619
BLOCK18/SES189/SA189S10	SES189	1.14256	-6.40578	-7.54834
BLOCK18/SES189/SA189S13	SES189	0.985528	-9.33842	-10.3239
BLOCK18/SES189/SA189S24	SES189	1.2219	-6.23209	-7.45399
BLOCK18/SES189/SA189S26	SES189	0.273817	-7.01025	-7.28406
BLOCK18/SES189/SA189S29	SES189	1.07273	-5.90322	-6.97595
BLOCK20/SES202/SA202S12	SES202	0.12423	-8.02376	-8.14799
BLOCK20/SES202/SA202S14	SES202	0.863976	-6.57147	-7.43545
BLOCK20/SES202/SA202S24	SES202	-0.187977	-7.83947	-7.65149
BLOCK20/SES202/SA202S27	SES202	0.459156	-4.71187	-5.17103
BLOCK20/SES202/SA202S29	SES202	0.552971	-5.35863	-5.9116
BLOCK20/SES206/SA206S15	SES206	-0.495739	-4.83587	-4.34013
BLOCK20/SES206/SA206S17	SES206	0.792223	-6.20956	-7.00178
BLOCK20/SES206/SA206S24	SES206	0.999055	-4.1692	-5.16826
BLOCK20/SES206/SA206S27	SES206	1.6822	-6.78001	-8.46222
BLOCK20/SES206/SA206S29	SES206	1.36353	-6.71767	-8.0812
BLOCK22/SES226/SA226S12	SES226	0.74383	-5.61279	-6.35662
BLOCK22/SES226/SA226S13	SES226	-1.60085	-6.13537	-4.53452
BLOCK22/SES226/SA226S20	SES226	0.149374	-5.28511	-5.43448
BLOCK22/SES226/SA226S23	SES226	0.410946	-4.32367	-4.73462
BLOCK22/SES226/SA226S28	SES226	0.626208	-4.98143	-5.60764
BLOCK25/SES259/SA259S13	SES259	2.8576	-5.14986	-8.00746
BLOCK25/SES259/SA259S14	SES259	1.01471	-5.50851	-6.52322
BLOCK25/SES259/SA259S22	SES259	1.48952	-5.09276	-6.58228
BLOCK25/SES259/SA259S24	SES259	1.5627	-5.64854	-7.21124
BLOCK25/SES259/SA259S28	SES259	1.37963	-5.18507	-6.56471
BLOCK27/SES270/SA270S14	SES270	1.7175	-5.2696	-6.9871
BLOCK27/SES270/SA270S16	SES270	0.274663	-5.33601	-5.61068
BLOCK27/SES270/SA270S22	SES270	1.57663	-4.82098	-6.39761
BLOCK27/SES270/SA270S26	SES270	0.725348	-6.6853	-7.41064
BLOCK27/SES270/SA270S28	SES270	1.21853	-3.8726	-5.09113
BLOCK27/SES275/SA275S17	SES275	0.318569	-5.61276	-5.93133
BLOCK27/SES275/SA275S18	SES275	-0.0622606	-6.00796	-5.9457
BLOCK27/SES275/SA275S24	SES275	0.527196	-5.63787	-6.16506
BLOCK27/SES275/SA275S26	SES275	0.338728	-5.05684	-5.39557
BLOCK27/SES275/SA275S28	SES275	-0.347513	-5.56315	-5.21564
BLOCK29/SES292/SA292S10	SES292	-0.987114	-5.84247	-4.85535
BLOCK29/SES292/SA292S12	SES292	0.245122	-6.74763	-6.99275
BLOCK29/SES292/SA292S22	SES292	0.109411	-6.0212	-6.13061
BLOCK29/SES292/SA292S24	SES292	0.0529447	-4.36273	-4.41568
BLOCK29/SES292/SA292S27	SES292	-0.178542	-5.11259	-4.93404
BLOCK00/SES001/SA001S14	SES062	-3.38258	-10.9728	-7.59027
BLOCK00/SES001/SA001S14	SES082	-0.982939	-8.57321	-7.59027
BLOCK00/SES001/SA001S14	SES106	-1.08774	-8.67801	-7.59027
BLOCK00/SES001/SA001S14	SES206	-1.89249	-9.48276	-7.59027
BLOCK00/SES001/SA001S15	SES062	-3.40825	-9.91346	-6.50521
BLOCK00/SES001/SA001S15	SES104	-0.994057	-7.49927	-6.50521
BLOCK00/SES001/SA001S15	SES106	-0.519249	-7.02446	-6.50521
BLOCK00/SES001/SA001S15	SES206	-1.94855	-8.45376	-6.50521
BLOCK00/SES001/SA001S24	SES062	-3.117	-10.8168	-7.69981
BLOCK00/SES001/SA001S24	SES082	-1.12922	-8.82903	-7.69981
BLOCK00/SES001/SA001S24	SES087	-2.74166	-10.4415	-7.69981
BLOCK00/SES001/SA001S24	SES206	-1.14164	-8.84145	-7.69981
BLOCK00/SES001/SA001S27	SES062	-2.14207	-5.89476	-3.75269
BLOCK00/SES001/SA001S27	SES082	-1.00816	-4.76085	-3.75269
BLOCK00/SES001/SA001S27	SES087	-1.15041	-4.9031	-3.75269
BLOCK00/SES001/SA001S27	SES206	-1.85424	-5.60693	-3.75269
BLOCK00/SES001/SA001S29	SES062	-3.63105	-10.3972	-6.76617
BLOCK00/SES001/SA001S29	SES082	-1.74234	-8.50851	-6.76617
BLOCK00/SES001/SA001S29	SES158	-1.34556	-8.11173	-6.76617
BLOCK00/SES001/SA001S29	SES206	-2.39129	-9.15746	-6.76617
BLOCK00/SES003/SA003S11	SES002	-0.502251	-5.59939	-5.09714
BLOCK00/SES003/SA003S11	SES019	-1.95637	-7.05351	-5.09714
BLOCK00/SES003/SA003S11	SES082	-1.0307	-6.12784	-5.09714
BLOCK00/SES003/SA003S11	SES125	-1.40013	-6.49727	-5.09714
BLOCK00/SES003/SA003S15	SES016	-1.44663	-6.96215	-5.51552
BLOCK00/SES003/SA003S15	SES019	-2.73838	-8.25389	-5.51552
BLOCK00/SES003/SA003S15	SES062	-0.591379	-6.10689	-5.51552
BLOCK00/SES003/SA003S15	SES206	-0.702995	-6.21851	-5.51552
BLOCK00/SES003/SA003S22	SES002	-0.402393	-5.5924	-5.19001
BLOCK00/SES003/SA003S22	SES062	-0.954954	-6.14496	-5.19001
BLOCK00/SES003/SA003S22	SES082	-0.797705	-5.98771	-5.19001
BLOCK00/SES003/SA003S22	SES087	-1.48701	-6.67702	-5.19001
BLOCK00/SES003/SA003S25	SES062	-3.51089	-10.3997	-6.88882
BLOCK00/SES003/SA003S25	SES082	-1.59876	-8.48758	-6.88882
BLOCK00/SES003/SA003S25	SES087	-1.2586	-8.14742	-6.88882
BLOCK00/SES003/SA003S25	SES206	-2.36354	-9.25235	-6.88882
BLOCK00/SES003/SA003S29	SES002	-2.02129	-7.42374	-5.40245
BLOCK00/SES003/SA003S29	SES062	-3.10461	-8.50706	-5.40245
BLOCK00/SES003/SA003S29	SES082	-1.91592	-7.31838	-5.40245
BLOCK00/SES003/SA003S29	SES087	-2.0818	-7.48426	-5.40245
BLOCK00/SES004/SA004S12	SES083	-1.69931	-6.14758	-4.44827
BLOCK00/SES004/SA004S12	SES148	-2.15349	-6.60176	-4.44827
BLOCK00/SES004/SA004S12	SES172	-0.184705	-4.63298	-4.44827
BLOCK00/SES004/SA004S12	SES292	-1.89037	-6.33864	-4.44827
BLOCK00/SES004/SA004S17	SES083	-1.43481	-6.22563	-4.79082
BLOCK00/SES004/SA004S17	SES162	-0.869042	-5.65986	-4.79082
BLOCK00/SES004/SA004S17	SES172	-0.441863	-5.23268	-4.79082
BLOCK00/SES004/SA004S17	SES292	-1.44794	-6.23876	-4.79082
BLOCK00/SES004/SA004S24	SES083	-1.27665	-6.37537	-5.09872
BLOCK00/SES004/SA004S24	SES148	-3.08679	-8.18551	-5.09872
BLOCK00/SES004/SA004S24	SES172	-0.204317	-5.30304	-5.09872
BLOCK00/SES004/SA004S24	SES292	-1.78926	-6.88798	-5.09872
BLOCK00/SES004/SA004S26	SES083	-1.42214	-7.49066	-6.06852
BLOCK00/SES004/SA004S26	SES127	-2.38129	-8.44981	-6.06852
BLOCK00/SES004/SA004S26	SES148	-4.15922	-10.2277	-6.06852
BLOCK00/SES004/SA004S26	SES292	-2.75892	-8.82745	-6.06852
BLOCK00/SES004/SA004S28	SES083	-0.911402	-3.23196	-2.32056
BLOCK00/SES004/SA004S28	SES127	-0.694182	-3.01474	-2.32056
BLOCK00/SES004/SA004S28	SES187	-0.539439	-2.86	-2.32056
BLOCK00/SES004/SA004S28	SES292	-1.24119	-3.56175	-2.32056
BLOCK00/SES006/SA006S10	SES014	-5.41062	-14.6616	-9.25099
BLOCK00/SES006/SA006S10	SES158	-6.24219	-15.4932	-9.25099
BLOCK00/SES006/SA006S10	SES226	-7.043	-16.294	-9.25099
BLOCK00/SES006/SA006S10	SES270	-3.71279	-12.9638	-9.25099
BLOCK00/SES006/SA006S11	SES158	-4.34516	-12.6761	-8.33096
BLOCK00/SES006/SA006S11	SES226	-4.62561	-12.9566	-8.33096
BLOCK00/SES006/SA006S11	SES270	-2.14527	-10.4762	-8.33096
BLOCK00/SES006/SA006S11	SES275	-1.75089	-10.0818	-8.33096
BLOCK00/SES006/SA006S23	SES062	-5.10832	-13.1345	-8.02617
BLOCK00/SES006/SA006S23	SES105	-3.37011	-11.3963	-8.02617
BLOCK00/SES006/SA006S23	SES158	-4.16972	-12.1959	-8.02617
BLOCK00/SES006/SA006S23	SES275	-2.44022	-10.4664	-8.02617
BLOCK00/SES006/SA006S26	SES104	-5.84274	-14.1051	-8.26236
BLOCK00/SES006/SA006S26	SES158	-4.75064	-13.013	-8.26236
BLOCK00/SES006/SA006S26	SES270	-1.73632	-9.99868	-8.26236
BLOCK00/SES006/SA006S26	SES275	-2.38644	-10.6488	-8.26236
BLOCK00/SES006/SA006S28	SES007	-3.69876	-12.0358	-8.33708
BLOCK00/SES006/SA006S28	SES105	-2.61174	-10.9488	-8.33708
BLOCK00/SES006/SA006S28	SES158	-2.83558	-11.1727	-8.33708
BLOCK00/SES006/SA006S28	SES275	-2.2978	-10.6349	-8.33708
BLOCK00/SES009/SA009S12	SES083	-2.60296	-9.31255	-6.70959
BLOCK00/SES009/SA009S12	SES148	-3.20537	-9.91496	-6.70959
BLOCK00/SES009/SA009S12	SES177	-0.675034	-7.38463	-6.70959
BLOCK00/SES009/SA009S12	SES292	-1.43094	-8.14053	-6.70959
BLOCK00/SES009/SA009S15	SES007	-0.617801	-6.6011	-5.9833
BLOCK00/SES009/SA009S15	SES099	-3.89837	-9.88166	-5.9833
BLOCK00/SES009/SA009S15	SES148	-3.1623	-9.1456	-5.9833
BLOCK00/SES009/SA009S15	SES172	-0.694281	-6.67758	-5.9833
BLOCK00/SES009/SA009S24	SES146	-1.05095	-8.1397	-7.08875
BLOCK00/SES009/SA009S24	SES148	-3.99685	-11.0856	-7.08875
BLOCK00/SES009/SA009S24	SES177	-0.962668	-8.05142	-7.08875
BLOCK00/SES009/SA009S24	SES292	-1.60515	-8.6939	-7.08875
BLOCK00/SES009/SA009S26	SES083	-2.6715	-8.69456	-6.02306
BLOCK00/SES009/SA009S26	SES101	-2.23972	-8.26277	-6.02306
BLOCK00/SES009/SA009S26	SES120	-1.2805	-7.30356	-6.02306
BLOCK00/SES009/SA009S26	SES177	-0.715114	-6.73817	-6.02306
BLOCK00/SES009/SA009S29	SES083	-2.20349	-8.07028	-5.8668
BLOCK00/SES009/SA009S29	SES101	-2.0727	-7.9395	-5.8668
BLOCK00/SES009/SA009S29	SES177	-1.12677	-6.99356	-5.8668
BLOCK00/SES009/SA009S29	SES292	-1.38986	-7.25666	-5.8668
BLOCK01/SES011/SA011S10	SES019	-2.90466	-11.8005	-8.8958
BLOCK01/SES011/SA011S10	SES042	-0.658302	-9.55411	-8.8958
BLOCK01/SES011/SA011S10	SES082	-1.25169	-10.1475	-8.8958
BLOCK01/SES011/SA011S10	SES206	-1.11425	-10.01	-8.8958
BLOCK01/SES011/SA011S11	SES019	-2.48917	-10.9715	-8.48235
BLOCK01/SES011/SA011S11	SES042	-0.45137	-8.93372	-8.48235
BLOCK01/SES011/SA011S11	SES082	-1.02956	-9.51191	-8.48235
BLOCK01/SES011/SA011S11	SES206	-1.91596	-10.3983	-8.48235
BLOCK01/SES011/SA011S22	SES019	-1.68702	-10.4837	-8.79666
BLOCK01/SES011/SA011S22	SES042	0.291797	-8.50487	-8.79666
BLOCK01/SES011/SA011S22	SES082	-1.28459	-10.0813	-8.79666
BLOCK01/SES011/SA011S22	SES206	-1.60914	-10.4058	-8.79666
BLOCK01/SES011/SA011S24	SES019	-3.69443	-11.7197	-8.02527
BLOCK01/SES011/SA011S24	SES042	0.204322	-7.82095	-8.02527
BLOCK01/SES011/SA011S24	SES104	-0.561971	-8.58724	-8.02527
BLOCK01/SES011/SA011S24	SES206	-0.14993	-8.1752	-8.02527
BLOCK01/SES011/SA011S27	SES082	-0.86153	-8.4376	-7.57607
BLOCK01/SES011/SA011S27	SES087	-3.03719	-10.6133	-7.57607
BLOCK01/SES011/SA011S27	SES125	-1.56804	-9.14411	-7.57607
BLOCK01/SES011/SA011S27	SES206	-1.60296	-9.17903	-7.57607
BLOCK01/SES012/SA012S11	SES007	-0.661689	-6.38792	-5.72623
BLOCK01/SES012/SA012S11	SES082	-0.258739	-5.98497	-5.72623
BLOCK01/SES012/SA012S11	SES083	-1.2771	-7.00333	-5.72623
BLOCK01/SES012/SA012S11	SES206	-0.494713	-6.22094	-5.72623
BLOCK01/SES012/SA012S14	SES082	-0.955524	-8.33671	-7.38118
BLOCK01/SES012/SA012S14	SES087	-2.09466	-9.47584	-7.38118
BLOCK01/SES012/SA012S14	SES206	-0.276541	-7.65772	-7.38118
BLOCK01/SES012/SA012S14	SES292	-1.2694	-8.65058	-7.38118
BLOCK01/SES012/SA012S24	SES082	-0.841249	-9.21914	-8.37789
BLOCK01/SES012/SA012S24	SES087	-2.06422	-10.4421	-8.37789
BLOCK01/SES012/SA012S24	SES120	-2.134	-10.5119	-8.37789
BLOCK01/SES012/SA012S24	SES206	-1.37532	-9.75321	-8.37789
BLOCK01/SES012/SA012S26	SES019	-6.99368	-16.1061	-9.11243
BLOCK01/SES012/SA012S26	SES082	-1.11728	-10.2297	-9.11243
BLOCK01/SES012/SA012S26	SES206	-0.158158	-9.27059	-9.11243
BLOCK01/SES012/SA012S26	SES292	-0.600282	-9.71272	-9.11243
BLOCK01/SES012/SA012S29	SES062	-1.61266	-5.57155	-3.95889
BLOCK01/SES012/SA012S29	SES082	-0.571307	-4.5302	-3.95889
BLOCK01/SES012/SA012S29	SES083	-1.83258	-5.79146	-3.95889
BLOCK01/SES012/SA012S29	SES206	0.156077	-3.80281	-3.95889
BLOCK01/SES013/SA013S16	SES062	-3.79501	-12.1257	-8.33068
BLOCK01/SES013/SA013S16	SES106	-2.25155	-10.5822	-8.33068
BLOCK01/SES013/SA013S16	SES206	-2.31899	-10.6497	-8.33068
BLOCK01/SES013/SA013S16	SES226	-2.30832	-10.639	-8.33068
BLOCK01/SES013/SA013S17	SES062	-2.38279	-8.31906	-5.93627
BLOCK01/SES013/SA013S17	SES106	-2.18695	-8.12322	-5.93627
BLOCK01/SES013/SA013S17	SES206	-0.929986	-6.86626	-5.93627
BLOCK01/SES013/SA013S17	SES226	-0.331402	-6.26767	-5.93627
BLOCK01/SES013/SA013S23	SES104	-0.779509	-8.03748	-7.25797
BLOCK01/SES013/SA013S23	SES106	-1.61065	-8.86862	-7.25797
BLOCK01/SES013/SA013S23	SES206	-2.6261	-9.88408	-7.25797
BLOCK01/SES013/SA013S23	SES270	-2.21022	-9.4682	-7.25797
BLOCK01/SES013/SA013S25	SES042	-3.39292	-10.954	-7.5611
BLOCK01/SES013/SA013S25	SES104	-0.106128	-7.66722	-7.5611
BLOCK01/SES013/SA013S25	SES106	-0.708419	-8.26952	-7.5611
BLOCK01/SES013/SA013S25	SES206	-1.78459	-9.34569	-7.5611
BLOCK01/SES013/SA013S29	SES062	-4.28394	-11.9891	-7.70513
BLOCK01/SES013/SA013S29	SES104	-1.14421	-8.84934	-7.70513
BLOCK01/SES013/SA013S29	SES106	-1.8835	-9.58863	-7.70513
BLOCK01/SES013/SA013S29	SES206	-2.39026	-10.0954	-7.70513
BLOCK02/SES021/SA021S13	SES016	-2.29186	-8.89123	-6.59937
BLOCK02/SES021/SA021S13	SES029	-1.00008	-7.59945	-6.59937
BLOCK02/SES021/SA021S13	SES087	-2.68681	-9.28617	-6.59937
BLOCK02/SES021/SA021S13	SES206	-1.52333	-8.1227	-6.59937
BLOCK02/SES021/SA021S15	SES087	-1.19328	-7.11031	-5.91703
BLOCK02/SES021/SA021S15	SES125	-0.816007	-6.73304	-5.91703
BLOCK02/SES021/SA021S15	SES206	-1.98067	-7.8977	-5.91703
BLOCK02/SES021/SA021S15	SES226	-1.55057	-7.4676	-5.91703
BLOCK02/SES021/SA021S23	SES062	-3.97909	-11.146	-7.1669
BLOCK02/SES021/SA021S23	SES087	-1.13959	-8.30649	-7.1669
BLOCK02/SES021/SA021S23	SES206	-1.90647	-9.07337	-7.1669
BLOCK02/SES021/SA021S23	SES226	-1.2619	-8.4288	-7.1669
BLOCK02/SES021/SA021S27	SES002	-2.0994	-6.92247	-4.82307
BLOCK02/SES021/SA021S27	SES016	-3.6797	-8.50278	-4.82307
BLOCK02/SES021/SA021S27	SES019	-2.59153	-7.4146	-4.82307
BLOCK02/SES021/SA021S27	SES062	-2.22256	-7.04563	-4.82307
BLOCK02/SES021/SA021S29	SES087	-1.26713	-7.25052	-5.98339
BLOCK02/SES021/SA021S29	SES125	-2.07146	-8.05484	-5.98339
BLOCK02/SES021/SA021S29	SES206	-0.689056	-6.67244	-5.98339
BLOCK02/SES021/SA021S29	SES226	-1.29343	-7.27682	-5.98339
BLOCK04/SES043/SA043S09	SES083	-0.791162	-7.92267	-7.13151
BLOCK04/SES043/SA043S09	SES101	-0.85107	-7.98258	-7.13151
BLOCK04/SES043/SA043S09	SES144	-0.590542	-7.72205	-7.13151
BLOCK04/SES043/SA043S09	SES172	-1.66618	-8.79769	-7.13151
BLOCK04/SES043/SA043S11	SES083	-0.832708	-5.30969	-4.47698
BLOCK04/SES043/SA043S11	SES101	-0.678313	-5.15529	-4.47698
BLOCK04/SES043/SA043S11	SES144	-0.171557	-4.64853	-4.47698
BLOCK04/SES043/SA043S11	SES172	-1.68652	-6.1635	-4.47698
BLOCK04/SES043/SA043S23	SES083	-0.705525	-5.86253	-5.157
BLOCK04/SES043/SA043S23	SES144	-0.212662	-5.36966	-5.157
BLOCK04/SES043/SA043S23	SES177	-1.32991	-6.48691	-5.157
BLOCK04/SES043/SA043S23	SES275	-1.15267	-6.30967	-5.157
BLOCK04/SES043/SA043S26	SES083	-1.03011	-10.0001	-8.96996
BLOCK04/SES043/SA043S26	SES101	-0.818203	-9.78817	-8.96996
BLOCK04/SES043/SA043S26	SES144	-0.250509	-9.22047	-8.96996
BLOCK04/SES043/SA043S26	SES177	-2.38826	-11.3582	-8.96996
BLOCK04/SES043/SA043S28	SES016	-1.39919	-7.4604	-6.06121
BLOCK04/SES043/SA043S28	SES083	-0.845591	-6.9068	-6.06121
BLOCK04/SES043/SA043S28	SES101	-0.821474	-6.88268	-6.06121
BLOCK04/SES043/SA043S28	SES144	-0.885267	-6.94648	-6.06121
BLOCK04/SES044/SA044S10	SES127	-5.49146	-15.0469	-9.55543
BLOCK04/SES044/SA044S10	SES144	-0.75976	-10.3152	-9.55543
BLOCK04/SES044/SA044S10	SES147	-4.86537	-14.4208	-9.55543
BLOCK04/SES044/SA044S10	SES148	-4.30822	-13.8637	-9.55543
BLOCK04/SES044/SA044S11	SES101	-0.85769	-8.45481	-7.59712
BLOCK04/SES044/SA044S11	SES144	-0.278826	-7.87594	-7.59712
BLOCK04/SES044/SA044S11	SES147	-2.81159	-10.4087	-7.59712
BLOCK04/SES044/SA044S11	SES177	-2.00674	-9.60385	-7.59712
BLOCK04/SES044/SA044S24	SES007	-4.20177	-11.1787	-6.97694
BLOCK04/SES044/SA044S24	SES101	-1.65547	-8.63241	-6.97694
BLOCK04/SES044/SA044S24	SES147	-3.59301	-10.57	-6.97694
BLOCK04/SES044/SA044S24	SES177	-2.95523	-9.93217	-6.97694
BLOCK04/SES044/SA044S26	SES007	-1.86625	-6.73008	-4.86383
BLOCK04/SES044/SA044S26	SES016	-1.20139	-6.06522	-4.86383
BLOCK04/SES044/SA044S26	SES101	-1.09161	-5.95544	-4.86383
BLOCK04/SES044/SA044S26	SES147	-0.834775	-5.69861	-4.86383
BLOCK04/SES044/SA044S29	SES007	-2.84392	-8.7194	-5.87548
BLOCK04/SES044/SA044S29	SES101	-0.926003	-6.80148	-5.87548
BLOCK04/SES044/SA044S29	SES147	-1.80955	-7.68503	-5.87548
BLOCK04/SES044/SA044S29	SES177	-2.65478	-8.53026	-5.87548
BLOCK04/SES046/SA046S13	SES101	-0.607034	-7.8936	-7.28657
BLOCK04/SES046/SA046S13	SES144	-0.742228	-8.0288	-7.28657
BLOCK04/SES046/SA046S13	SES147	-1.98173	-9.26829	-7.28657
BLOCK04/SES046/SA046S13	SES177	-1.76613	-9.0527	-7.28657
BLOCK04/SES046/SA046S15	SES048	-1.01429	-4.30981	-3.29552
BLOCK04/SES046/SA046S15	SES083	-1.91049	-5.20601	-3.29552
BLOCK04/SES046/SA046S15	SES120	-2.98017	-6.27569	-3.29552
BLOCK04/SES046/SA046S15	SES148	-1.76959	-5.06511	-3.29552
BLOCK04/SES046/SA046S22	SES101	-0.845749	-7.20919	-6.36344
BLOCK04/SES046/SA046S22	SES144	-0.202302	-6.56574	-6.36344
BLOCK04/SES046/SA046S22	SES147	-1.81677	-8.18021	-6.36344
BLOCK04/SES046/SA046S22	SES172	-0.92799	-7.29143	-6.36344
BLOCK04/SES046/SA046S25	SES083	-0.933147	-5.15246	-4.21931
BLOCK04/SES046/SA046S25	SES127	-1.71694	-5.93626	-4.21931
BLOCK04/SES046/SA046S25	SES144	-0.814643	-5.03396	-4.21931
BLOCK04/SES046/SA046S25	SES148	-1.07394	-5.29325	-4.21931
BLOCK04/SES046/SA046S28	SES007	-1.70933	-7.19136	-5.48204
BLOCK04/SES046/SA046S28	SES105	-1.71303	-7.19507	-5.48204
BLOCK04/SES046/SA046S28	SES147	-1.83017	-7.31221	-5.48204
BLOCK04/SES046/SA046S28	SES148	-2.2002	-7.68224	-5.48204
BLOCK04/SES049/SA049S16	SES104	-0.939361	-8.65219	-7.71283
BLOCK04/SES049/SA049S16	SES106	-2.89834	-10.6112	-7.71283
BLOCK04/SES049/SA049S16	SES120	-1.5539	-9.26673	-7.71283
BLOCK04/SES049/SA049S16	SES206	-2.21357	-9.9264	-7.71283
BLOCK04/SES049/SA049S18	SES099	-0.511125	-8.57703	-8.0659
BLOCK04/SES049/SA049S18	SES104	-1.47768	-9.54359	-8.0659
BLOCK04/SES049/SA049S18	SES125	-3.0523	-11.1182	-8.0659
BLOCK04/SES049/SA049S18	SES206	-2.30189	-10.3678	-8.0659
BLOCK04/SES049/SA049S25	SES087	-2.18522	-10.1647	-7.9795
BLOCK04/SES049/SA049S25	SES104	-0.40304	-8.38254	-7.9795
BLOCK04/SES049/SA049S25	SES125	-2.31984	-10.2993	-7.9795
BLOCK04/SES049/SA049S25	SES206	-1.38166	-9.36116	-7.9795
BLOCK04/SES049/SA049S27	SES099	-0.963116	-4.97393	-4.01082
BLOCK04/SES049/SA049S27	SES104	-0.0332828	-4.0441	-4.01082
BLOCK04/SES049/SA049S27	SES125	-2.00144	-6.01225	-4.01082
BLOCK04/SES049/SA049S27	SES206	-1.96442	-5.97523	-4.01082
BLOCK04/SES049/SA049S29	SES099	0.0201344	-4.9498	-4.96994
BLOCK04/SES049/SA049S29	SES104	0.172118	-4.79782	-4.96994
BLOCK04/SES049/SA049S29	SES125	-0.686387	-5.65633	-4.96994
BLOCK04/SES049/SA049S29	SES206	-1.40478	-6.37472	-4.96994
BLOCK06/SES063/SA063S09	SES068	-2.84283	-10.6421	-7.7993
BLOCK06/SES063/SA063S09	SES083	-0.610252	-8.40956	-7.7993
BLOCK06/SES063/SA063S09	SES177	-1.09577	-8.89507	-7.7993
BLOCK06/SES063/SA063S09	SES187	-1.69193	-9.49123	-7.7993
BLOCK06/SES063/SA063S10	SES068	-2.71128	-10.0699	-7.35864
BLOCK06/SES063/SA063S10	SES083	-1.84349	-9.20214	-7.35864
BLOCK06/SES063/SA063S10	SES172	-1.8766	-9.23524	-7.35864
BLOCK06/SES063/SA063S10	SES187	-1.42148	-8.78013	-7.35864
BLOCK06/SES063/SA063S20	SES068	-2.99506	-11.2055	-8.21042
BLOCK06/SES063/SA063S20	SES083	-1.24417	-9.45458	-8.21042
BLOCK06/SES063/SA063S20	SES172	-1.72486	-9.93528	-8.21042
BLOCK06/SES063/SA063S20	SES187	-0.985767	-9.19619	-8.21042
BLOCK06/SES063/SA063S24	SES029	-3.14274	-10.8239	-7.68113
BLOCK06/SES063/SA063S24	SES083	-0.270215	-7.95134	-7.68113
BLOCK06/SES063/SA063S24	SES177	-1.47986	-9.16099	-7.68113
BLOCK06/SES063/SA063S24	SES189	-1.3179	-8.99903	-7.68113
BLOCK06/SES063/SA063S27	SES083	-1.17433	-9.08249	-7.90816
BLOCK06/SES063/SA063S27	SES172	-1.96454	-9.8727	-7.90816
BLOCK06/SES063/SA063S27	SES187	-0.93636	-8.84452	-7.90816
BLOCK06/SES063/SA063S27	SES292	-1.71856	-9.62672	-7.90816
BLOCK06/SES067/SA067S12	SES083	-1.74969	-7.10133	-5.35164
BLOCK06/SES067/SA067S12	SES172	-2.39583	-7.74747	-5.35164
BLOCK06/SES067/SA067S12	SES202	-1.72397	-7.07561	-5.35164
BLOCK06/SES067/SA067S12	SES292	-1.84789	-7.19953	-5.35164
BLOCK06/SES067/SA067S14	SES085	-1.079	-4.28014	-3.20113
BLOCK06/SES067/SA067S14	SES177	-1.50143	-4.70256	-3.20113
BLOCK06/SES067/SA067S14	SES183	0.333909	-2.86722	-3.20113
BLOCK06/SES067/SA067S14	SES202	-1.35205	-4.55318	-3.20113
BLOCK06/SES067/SA067S21	SES144	-0.694887	-7.47985	-6.78496
BLOCK06/SES067/SA067S21	SES177	-1.50152	-8.28648	-6.78496
BLOCK06/SES067/SA067S21	SES183	-0.32388	-7.10884	-6.78496
BLOCK06/SES067/SA067S21	SES189	-0.761947	-7.54691	-6.78496
BLOCK06/SES067/SA067S25	SES085	-3.00449	-9.37282	-6.36834
BLOCK06/SES067/SA067S25	SES177	-1.20937	-7.5777	-6.36834
BLOCK06/SES067/SA067S25	SES183	-0.915152	-7.28349	-6.36834
BLOCK06/SES067/SA067S25	SES202	-1.29914	-7.66747	-6.36834
BLOCK06/SES067/SA067S29	SES085	-4.79145	-12.5162	-7.72478
BLOCK06/SES067/SA067S29	SES177	-3.54852	-11.2733	-7.72478
BLOCK06/SES067/SA067S29	SES183	-0.265549	-7.99033	-7.72478
BLOCK06/SES067/SA067S29	SES202	-1.60909	-9.33387	-7.72478
BLOCK06/SES069/SA069S12	SES029	-2.06656	-7.2654	-5.19884
BLOCK06/SES069/SA069S12	SES082	-0.720469	-5.9193	-5.19884
BLOCK06/SES069/SA069S12	SES087	-1.05105	-6.24988	-5.19884
BLOCK06/SES069/SA069S12	SES206	-0.852796	-6.05163	-5.19884
BLOCK06/SES069/SA069S13	SES029	-1.84475	-6.25286	-4.40811
BLOCK06/SES069/SA069S13	SES087	-0.317774	-4.72589	-4.40811
BLOCK06/SES069/SA069S13	SES206	-2.15588	-6.56399	-4.40811
BLOCK06/SES069/SA069S13	SES226	0.0637722	-4.34434	-4.40811
BLOCK06/SES069/SA069S23	SES029	-0.706268	-3.90861	-3.20234
BLOCK06/SES069/SA069S23	SES087	0.451061	-2.75128	-3.20234
BLOCK06/SES069/SA069S23	SES206	-0.819394	-4.02174	-3.20234
BLOCK06/SES069/SA069S23	SES226	0.56024	-2.6421	-3.20234
BLOCK06/SES069/SA069S25	SES087	-0.245387	-5.46404	-5.21866
BLOCK06/SES069/SA069S25	SES206	-1.98412	-7.20278	-5.21866
BLOCK06/SES069/SA069S25	SES226	-0.594569	-5.81323	-5.21866
BLOCK06/SES069/SA069S25	SES270	-1.63309	-6.85174	-5.21866
BLOCK06/SES069/SA069S27	SES087	-0.743179	-6.94337	-6.20019
BLOCK06/SES069/SA069S27	SES206	-0.967711	-7.1679	-6.20019
BLOCK06/SES069/SA069S27	SES226	-0.335206	-6.5354	-6.20019
BLOCK06/SES069/SA069S27	SES270	-1.72543	-7.92562	-6.20019
BLOCK08/SES081/SA081S11	SES060	-2.72997	-9.75037	-7.02041
BLOCK08/SES081/SA081S11	SES062	-1.94799	-8.9684	-7.02041
BLOCK08/SES081/SA081S11	SES117	-1.98614	-9.00655	-7.02041
BLOCK08/SES081/SA081S11	SES162	-3.17917	-10.1996	-7.02041
BLOCK08/SES081/SA081S13	SES016	-2.17775	-7.78958	-5.61183
BLOCK08/SES081/SA081S13	SES060	-0.822982	-6.43482	-5.61183
BLOCK08/SES081/SA081S13	SES068	-0.986814	-6.59865	-5.61183
BLOCK08/SES081/SA081S13	SES129	-1.80932	-7.42115	-5.61183
BLOCK08/SES081/SA081S24	SES060	-1.08061	-7.22165	-6.14105
BLOCK08/SES081/SA081S24	SES068	-0.978837	-7.11988	-6.14105
BLOCK08/SES081/SA081S24	SES117	-1.63294	-7.77399	-6.14105
BLOCK08/SES081/SA081S24	SES275	-2.04537	-8.18641	-6.14105
BLOCK08/SES081/SA081S27	SES007	-1.292	-10.38	-9.08799
BLOCK08/SES081/SA081S27	SES060	-1.93318	-11.0212	-9.08799
BLOCK08/SES081/SA081S27	SES117	-0.812595	-9.90059	-9.08799
BLOCK08/SES081/SA081S27	SES275	-2.05482	-11.1428	-9.08799
BLOCK08/SES081/SA081S29	SES007	-0.481065	-9.4155	-8.93444
BLOCK08/SES081/SA081S29	SES060	-1.3022	-10.2366	-8.93444
BLOCK08/SES081/SA081S29	SES117	-1.3471	-10.2815	-8.93444
BLOCK08/SES081/SA081S29	SES275	-2.35705	-11.2915	-8.93444
BLOCK08/SES086/SA086S11	SES029	-4.57554	-13.7644	-9.18887
BLOCK08/SES086/SA086S11	SES082	-1.76038	-10.9493	-9.18887
BLOCK08/SES086/SA086S11	SES087	-0.912817	-10.1017	-9.18887
BLOCK08/SES086/SA086S11	SES206	-1.64167	-10.8305	-9.18887
BLOCK08/SES086/SA086S12	SES029	-3.20405	-10.7849	-7.58088
BLOCK08/SES086/SA086S12	SES082	-2.28695	-9.86782	-7.58088
BLOCK08/SES086/SA086S12	SES087	-0.244473	-7.82535	-7.58088
BLOCK08/SES086/SA086S12	SES206	-0.827337	-8.40822	-7.58088
BLOCK08/SES086/SA086S20	SES029	-1.96132	-8.98048	-7.01917
BLOCK08/SES086/SA086S20	SES082	-1.67009	-8.68926	-7.01917
BLOCK08/SES086/SA086S20	SES087	0.0102949	-7.00887	-7.01917
BLOCK08/SES086/SA086S20	SES206	-0.891939	-7.91111	-7.01917
BLOCK08/SES086/SA086S24	SES087	-0.417656	-8.58259	-8.16493
BLOCK08/SES086/SA086S24	SES104	-0.715427	-8.88036	-8.16493
BLOCK08/SES086/SA086S24	SES120	-0.508415	-8.67335	-8.16493
BLOCK08/SES086/SA086S24	SES206	0.287572	-7.87736	-8.16493
BLOCK08/SES086/SA086S28	SES029	-2.70327	-8.34551	-5.64223
BLOCK08/SES086/SA086S28	SES082	-1.34817	-6.9904	-5.64223
BLOCK08/SES086/SA086S28	SES087	-0.578045	-6.22028	-5.64223
BLOCK08/SES086/SA086S28	SES206	-0.643582	-6.28581	-5.64223
BLOCK08/SES089/SA089S13	SES087	-1.06607	-8.75883	-7.69275
BLOCK08/SES089/SA089S13	SES206	-2.65919	-10.3519	-7.69275
BLOCK08/SES089/SA089S13	SES226	-1.10773	-8.80049	-7.69275
BLOCK08/SES089/SA089S13	SES270	-1.4431	-9.13585	-7.69275
BLOCK08/SES089/SA089S14	SES062	-2.05923	-8.68316	-6.62393
BLOCK08/SES089/SA089S14	SES087	-0.789715	-7.41364	-6.62393
BLOCK08/SES089/SA089S14	SES206	-1.18501	-7.80894	-6.62393
BLOCK08/SES089/SA089S14	SES226	-1.90081	-8.52474	-6.62393
BLOCK08/SES089/SA089S23	SES087	-1.84017	-11.2907	-9.45052
BLOCK08/SES089/SA089S23	SES206	-2.46666	-11.9172	-9.45052
BLOCK08/SES089/SA089S23	SES226	-2.7884	-12.2389	-9.45052
BLOCK08/SES089/SA089S23	SES270	-4.00428	-13.4548	-9.45052
BLOCK08/SES089/SA089S25	SES062	-2.61695	-9.73004	-7.1131
BLOCK08/SES089/SA089S25	SES087	-0.0356998	-7.1488	-7.1131
BLOCK08/SES089/SA089S25	SES206	-1.94359	-9.05669	-7.1131
BLOCK08/SES089/SA089S25	SES226	-1.02676	-8.13986	-7.1131
BLOCK08/SES089/SA089S28	SES062	-2.27787	-9.14836	-6.87048
BLOCK08/SES089/SA089S28	SES087	-0.113842	-6.98432	-6.87048
BLOCK08/SES089/SA089S28	SES206	-1.53774	-8.40823	-6.87048
BLOCK08/SES089/SA089S28	SES226	-0.621792	-7.49227	-6.87048
BLOCK09/SES097/SA097S11	SES099	0.382117	-6.68494	-7.06706
BLOCK09/SES097/SA097S11	SES125	-0.867206	-7.93427	-7.06706
BLOCK09/SES097/SA097S11	SES206	-0.935604	-8.00266	-7.06706
BLOCK09/SES097/SA097S11	SES226	0.0923467	-6.97471	-7.06706
BLOCK09/SES097/SA097S14	SES062	-2.99044	-8.54307	-5.55263
BLOCK09/SES097/SA097S14	SES099	-1.07089	-6.62353	-5.55263
BLOCK09/SES097/SA097S14	SES104	-1.94366	-7.4963	-5.55263
BLOCK09/SES097/SA097S14	SES206	-2.94143	-8.49407	-5.55263
BLOCK09/SES097/SA097S22	SES099	0.617879	-6.09399	-6.71187
BLOCK09/SES097/SA097S22	SES206	-1.4537	-8.16558	-6.71187
BLOCK09/SES097/SA097S22	SES226	-1.14097	-7.85284	-6.71187
BLOCK09/SES097/SA097S22	SES270	-1.3709	-8.08277	-6.71187
BLOCK09/SES097/SA097S26	SES099	0.0735936	-7.30523	-7.37883
BLOCK09/SES097/SA097S26	SES120	-1.05896	-8.43779	-7.37883
BLOCK09/SES097/SA097S26	SES206	-3.02516	-10.404	-7.37883
BLOCK09/SES097/SA097S26	SES226	-0.716504	-8.09533	-7.37883
BLOCK09/SES097/SA097S28	SES099	0.385903	-5.93664	-6.32254
BLOCK09/SES097/SA097S28	SES120	-0.934843	-7.25739	-6.32254
BLOCK09/SES097/SA097S28	SES206	-1.48372	-7.80626	-6.32254
BLOCK09/SES097/SA097S28	SES226	-1.46751	-7.79006	-6.32254
BLOCK09/SES098/SA098S11	SES127	-2.36342	-8.50613	-6.14272
BLOCK09/SES098/SA098S11	SES144	-1.60736	-7.75008	-6.14272
BLOCK09/SES098/SA098S11	SES147	-0.939128	-7.08185	-6.14272
BLOCK09/SES098/SA098S11	SES148	-2.69002	-8.83274	-6.14272
BLOCK09/SES098/SA098S12	SES127	-3.18499	-11.0148	-7.82983
BLOCK09/SES098/SA098S12	SES144	-2.21925	-10.0491	-7.82983
BLOCK09/SES098/SA098S12	SES147	-2.07954	-9.90937	-7.82983
BLOCK09/SES098/SA098S12	SES189	-1.87114	-9.70097	-7.82983
BLOCK09/SES098/SA098S20	SES127	-6.3247	-14.8222	-8.49749
BLOCK09/SES098/SA098S20	SES147	-4.07345	-12.5709	-8.49749
BLOCK09/SES098/SA098S20	SES148	-6.25884	-14.7563	-8.49749
BLOCK09/SES098/SA098S20	SES292	-1.26042	-9.75791	-8.49749
BLOCK09/SES098/SA098S23	SES127	-2.18889	-9.37755	-7.18866
BLOCK09/SES098/SA098S23	SES147	-1.87457	-9.06323	-7.18866
BLOCK09/SES098/SA098S23	SES187	-0.688246	-7.87691	-7.18866
BLOCK09/SES098/SA098S23	SES292	-1.10944	-8.2981	-7.18866
BLOCK09/SES098/SA098S27	SES127	-4.34659	-12.4479	-8.10129
BLOCK09/SES098/SA098S27	SES147	-2.07423	-10.1755	-8.10129
BLOCK09/SES098/SA098S27	SES148	-3.54322	-11.6445	-8.10129
BLOCK09/SES098/SA098S27	SES292	-1.3256	-9.4269	-8.10129
BLOCK10/SES102/SA102S13	SES101	-1.34653	-10.099	-8.75243
BLOCK10/SES102/SA102S13	SES105	-2.21464	-10.9671	-8.75243
BLOCK10/SES102/SA102S13	SES120	-2.43097	-11.1834	-8.75243
BLOCK10/SES102/SA102S13	SES158	-1.69737	-10.4498	-8.75243
BLOCK10/SES102/SA102S14	SES007	0.32493	-4.61155	-4.93648
BLOCK10/SES102/SA102S14	SES101	-1.10752	-6.044	-4.93648
BLOCK10/SES102/SA102S14	SES105	-1.20714	-6.14362	-4.93648
BLOCK10/SES102/SA102S14	SES147	-2.51023	-7.44671	-4.93648
BLOCK10/SES102/SA102S22	SES007	-1.96363	-7.62004	-5.65642
BLOCK10/SES102/SA102S22	SES101	-1.15394	-6.81036	-5.65642
BLOCK10/SES102/SA102S22	SES105	-1.21476	-6.87118	-5.65642
BLOCK10/SES102/SA102S22	SES158	-1.78654	-7.44296	-5.65642
BLOCK10/SES102/SA102S25	SES007	-1.06522	-6.75496	-5.68974
BLOCK10/SES102/SA102S25	SES101	-0.919163	-6.6089	-5.68974
BLOCK10/SES102/SA102S25	SES105	-1.77932	-7.46906	-5.68974
BLOCK10/SES102/SA102S25	SES147	-3.07115	-8.76089	-5.68974
BLOCK10/SES102/SA102S27	SES007	-0.762841	-5.94581	-5.18297
BLOCK10/SES102/SA102S27	SES101	-0.277594	-5.46056	-5.18297
BLOCK10/SES102/SA102S27	SES105	-1.36089	-6.54386	-5.18297
BLOCK10/SES102/SA102S27	SES147	-2.18504	-7.36801	-5.18297
BLOCK10/SES103/SA103S14	SES105	-2.53153	-12.2144	-9.68292
BLOCK10/SES103/SA103S14	SES106	-2.8822	-12.5651	-9.68292
BLOCK10/SES103/SA103S14	SES120	-2.30781	-11.9907	-9.68292
BLOCK10/SES103/SA103S14	SES206	-2.25832	-11.9412	-9.68292
BLOCK10/SES103/SA103S15	SES099	-4.10699	-14.2183	-10.1113
BLOCK10/SES103/SA103S15	SES101	-3.32122	-13.4325	-10.1113
BLOCK10/SES103/SA103S15	SES104	-0.818496	-10.9298	-10.1113
BLOCK10/SES103/SA103S15	SES125	-4.69838	-14.8097	-10.1113
BLOCK10/SES103/SA103S24	SES104	-2.14963	-8.31788	-6.16825
BLOCK10/SES103/SA103S24	SES125	-4.33714	-10.5054	-6.16825
BLOCK10/SES103/SA103S24	SES148	-3.45267	-9.62092	-6.16825
BLOCK10/SES103/SA103S24	SES158	-3.03007	-9.19832	-6.16825
BLOCK10/SES103/SA103S26	SES104	-1.21238	-10.217	-9.0046
BLOCK10/SES103/SA103S26	SES106	-1.85653	-10.8611	-9.0046
BLOCK10/SES103/SA103S26	SES125	-2.97466	-11.9793	-9.0046
BLOCK10/SES103/SA103S26	SES148	-3.44196	-12.4466	-9.0046
BLOCK10/SES103/SA103S28	SES104	-2.28671	-12.0352	-9.74844
BLOCK10/SES103/SA103S28	SES106	-3.67817	-13.4266	-9.74844
BLOCK10/SES103/SA103S28	SES125	-4.61762	-14.3661	-9.74844
BLOCK10/SES103/SA103S28	SES206	-3.56255	-13.311	-9.74844
BLOCK12/SES121/SA121S12	SES042	-2.78315	-10.189	-7.40588
BLOCK12/SES121/SA121S12	SES087	-1.65383	-9.05971	-7.40588
BLOCK12/SES121/SA121S12	SES105	-0.665585	-8.07147	-7.40588
BLOCK12/SES121/SA121S12	SES206	-0.122696	-7.52858	-7.40588
BLOCK12/SES121/SA121S14	SES007	-2.20339	-13.3103	-11.1069
BLOCK12/SES121/SA121S14	SES105	-2.34649	-13.4534	-11.1069
BLOCK12/SES121/SA121S14	SES106	-2.06771	-13.1746	-11.1069
BLOCK12/SES121/SA121S14	SES206	-0.834639	-11.9415	-11.1069
BLOCK12/SES121/SA121S23	SES105	-1.55424	-11.079	-9.52473
BLOCK12/SES121/SA121S23	SES106	-1.07517	-10.5999	-9.52473
BLOCK12/SES121/SA121S23	SES120	-1.55256	-11.0773	-9.52473
BLOCK12/SES121/SA121S23	SES206	0.47643	-9.0483	-9.52473
BLOCK12/SES121/SA121S25	SES007	-1.22924	-12.3177	-11.0884
BLOCK12/SES121/SA121S25	SES105	-2.10122	-13.1897	-11.0884
BLOCK12/SES121/SA121S25	SES106	-0.674653	-11.7631	-11.0884
BLOCK12/SES121/SA121S25	SES206	-0.440967	-11.5294	-11.0884
BLOCK12/SES121/SA121S27	SES087	-0.250451	-10.9291	-10.6786
BLOCK12/SES121/SA121S27	SES105	-2.59557	-13.2742	-10.6786
BLOCK12/SES121/SA121S27	SES120	0.0561419	-10.6225	-10.6786
BLOCK12/SES121/SA121S27	SES206	0.0172367	-10.6614	-10.6786
BLOCK12/SES124/SA124S16	SES042	-0.247371	-5.91375	-5.66638
BLOCK12/SES124/SA124S16	SES082	-1.36547	-7.03185	-5.66638
BLOCK12/SES124/SA124S16	SES183	-1.13306	-6.79944	-5.66638
BLOCK12/SES124/SA124S16	SES206	-1.55927	-7.22565	-5.66638
BLOCK12/SES124/SA124S17	SES105	-1.62731	-9.7412	-8.1139
BLOCK12/SES124/SA124S17	SES149	-0.882752	-8.99665	-8.1139
BLOCK12/SES124/SA124S17	SES158	-1.9234	-10.0373	-8.1139
BLOCK12/SES124/SA124S17	SES275	-1.37777	-9.49166	-8.1139
BLOCK12/SES124/SA124S23	SES105	-2.37364	-7.61092	-5.23727
BLOCK12/SES124/SA124S23	SES125	1.03869	-4.19859	-5.23727
BLOCK12/SES124/SA124S23	SES129	-1.48233	-6.7196	-5.23727
BLOCK12/SES124/SA124S23	SES158	-1.58862	-6.8259	-5.23727
BLOCK12/SES124/SA124S26	SES105	-2.70754	-10.0984	-7.39089
BLOCK12/SES124/SA124S26	SES125	-0.65064	-8.04153	-7.39089
BLOCK12/SES124/SA124S26	SES129	-1.89228	-9.28317	-7.39089
BLOCK12/SES124/SA124S26	SES158	-1.05465	-8.44553	-7.39089
BLOCK12/SES124/SA124S28	SES104	0.363345	-5.55927	-5.92262
BLOCK12/SES124/SA124S28	SES106	-0.0408916	-5.96351	-5.92262
BLOCK12/SES124/SA124S28	SES125	0.789546	-5.13307	-5.92262
BLOCK12/SES124/SA124S28	SES275	-1.69811	-7.62073	-5.92262
BLOCK12/SES126/SA126S13	SES007	-1.22727	-8.93596	-7.70868
BLOCK12/SES126/SA126S13	SES162	-2.39759	-10.1063	-7.70868
BLOCK12/SES126/SA126S13	SES177	-1.35291	-9.0616	-7.70868
BLOCK12/SES126/SA126S13	SES180	-1.87646	-9.58514	-7.70868
BLOCK12/SES126/SA126S14	SES144	-1.26928	-7.62778	-6.3585
BLOCK12/SES126/SA126S14	SES148	-2.4633	-8.82179	-6.3585
BLOCK12/SES126/SA126S14	SES177	-1.18895	-7.54745	-6.3585
BLOCK12/SES126/SA126S14	SES180	-2.19715	-8.55565	-6.3585
BLOCK12/SES126/SA126S20	SES007	-1.33285	-5.39697	-4.06412
BLOCK12/SES126/SA126S20	SES162	-1.64147	-5.70559	-4.06412
BLOCK12/SES126/SA126S20	SES172	-1.90415	-5.96827	-4.06412
BLOCK12/SES126/SA126S20	SES180	-1.07577	-5.13989	-4.06412
BLOCK12/SES126/SA126S24	SES120	-0.333117	-5.58206	-5.24894
BLOCK12/SES126/SA126S24	SES162	-1.46024	-6.70919	-5.24894
BLOCK12/SES126/SA126S24	SES177	-0.362169	-5.61111	-5.24894
BLOCK12/SES126/SA126S24	SES180	-1.21082	-6.45976	-5.24894
BLOCK12/SES126/SA126S26	SES120	-0.70748	-5.82279	-5.11531
BLOCK12/SES126/SA126S26	SES177	-1.23414	-6.34946	-5.11531
BLOCK12/SES126/SA126S26	SES180	-0.662711	-5.77802	-5.11531
BLOCK12/SES126/SA126S26	SES202	-1.1917	-6.30701	-5.11531
BLOCK12/SES128/SA128S10	SES087	-1.33831	-7.58137	-6.24306
BLOCK12/SES128/SA128S10	SES206	-1.01138	-7.25444	-6.24306
BLOCK12/SES128/SA128S10	SES226	-1.13863	-7.38168	-6.24306
BLOCK12/SES128/SA128S10	SES270	-1.55559	-7.79865	-6.24306
BLOCK12/SES128/SA128S12	SES120	-0.54417	-7.71987	-7.1757
BLOCK12/SES128/SA128S12	SES158	-1.98006	-9.15576	-7.1757
BLOCK12/SES128/SA128S12	SES206	-0.719268	-7.89497	-7.1757
BLOCK12/SES128/SA128S12	SES226	-2.02457	-9.20027	-7.1757
BLOCK12/SES128/SA128S21	SES106	-3.92526	-9.90908	-5.98382
BLOCK12/SES128/SA128S21	SES120	-1.52179	-7.50562	-5.98382
BLOCK12/SES128/SA128S21	SES206	-1.85011	-7.83393	-5.98382
BLOCK12/SES128/SA128S21	SES226	-1.2647	-7.24853	-5.98382
BLOCK12/SES128/SA128S24	SES087	-1.47461	-9.17198	-7.69737
BLOCK12/SES128/SA128S24	SES120	-0.634277	-8.33165	-7.69737
BLOCK12/SES128/SA128S24	SES206	-1.29279	-8.99017	-7.69737
BLOCK12/SES128/SA128S24	SES226	-2.0546	-9.75197	-7.69737
BLOCK12/SES128/SA128S27	SES099	-1.27626	-7.18501	-5.90874
BLOCK12/SES128/SA128S27	SES120	-0.684916	-6.59366	-5.90874
BLOCK12/SES128/SA128S27	SES206	-1.19617	-7.10491	-5.90874
BLOCK12/SES128/SA128S27	SES226	-1.71058	-7.61932	-5.90874
BLOCK13/SES130/SA130S13	SES143	-0.689869	-7.71998	-7.03011
BLOCK13/SES130/SA130S13	SES144	0.0160313	-7.01408	-7.03011
BLOCK13/SES130/SA130S13	SES146	-1.57026	-8.60037	-7.03011
BLOCK13/SES130/SA130S13	SES275	-1.46151	-8.49162	-7.03011
BLOCK13/SES130/SA130S15	SES143	-0.743418	-5.82057	-5.07715
BLOCK13/SES130/SA130S15	SES144	-0.0988531	-5.176	-5.07715
BLOCK13/SES130/SA130S15	SES146	-0.677999	-5.75515	-5.07715
BLOCK13/SES130/SA130S15	SES275	-1.33101	-6.40816	-5.07715
BLOCK13/SES130/SA130S23	SES127	-1.21877	-6.2174	-4.99863
BLOCK13/SES130/SA130S23	SES144	-0.188743	-5.18737	-4.99863
BLOCK13/SES130/SA130S23	SES146	-1.04707	-6.0457	-4.99863
BLOCK13/SES130/SA130S23	SES162	-1.08144	-6.08007	-4.99863
BLOCK13/SES130/SA130S25	SES127	-1.56686	-4.55949	-2.99263
BLOCK13/SES130/SA130S25	SES144	-0.548079	-3.54071	-2.99263
BLOCK13/SES130/SA130S25	SES146	-0.632901	-3.62553	-2.99263
BLOCK13/SES130/SA130S25	SES275	-1.42209	-4.41472	-2.99263
BLOCK13/SES130/SA130S28	SES127	-0.87521	-6.72367	-5.84846
BLOCK13/SES130/SA130S28	SES144	-1.345	-7.19346	-5.84846
BLOCK13/SES130/SA130S28	SES146	-0.963676	-6.81213	-5.84846
BLOCK13/SES130/SA130S28	SES275	-0.950734	-6.79919	-5.84846
BLOCK13/SES131/SA131S13	SES002	-2.37987	-9.8948	-7.51494
BLOCK13/SES131/SA131S13	SES007	-2.24038	-9.75531	-7.51494
BLOCK13/SES131/SA131S13	SES099	-1.56882	-9.08376	-7.51494
BLOCK13/SES131/SA131S13	SES105	-1.45202	-8.96695	-7.51494
BLOCK13/SES131/SA131S14	SES104	-1.34454	-4.84022	-3.49567
BLOCK13/SES131/SA131S14	SES106	-2.4172	-5.91288	-3.49567
BLOCK13/SES131/SA131S14	SES125	-1.51804	-5.01371	-3.49567
BLOCK13/SES131/SA131S14	SES148	0.0186989	-3.47697	-3.49567
BLOCK13/SES131/SA131S20	SES104	-3.24028	-11.0045	-7.76418
BLOCK13/SES131/SA131S20	SES106	-2.16463	-9.9288	-7.76418
BLOCK13/SES131/SA131S20	SES125	-2.791	-10.5552	-7.76418
BLOCK13/SES131/SA131S20	SES148	-2.25192	-10.0161	-7.76418
BLOCK13/SES131/SA131S22	SES099	-2.26592	-7.94484	-5.67892
BLOCK13/SES131/SA131S22	SES104	-1.58719	-7.26611	-5.67892
BLOCK13/SES131/SA131S22	SES125	-1.22321	-6.90213	-5.67892
BLOCK13/SES131/SA131S22	SES206	-1.22189	-6.90081	-5.67892
BLOCK13/SES131/SA131S29	SES087	-1.68607	-9.64785	-7.96177
BLOCK13/SES131/SA131S29	SES104	-3.77492	-11.7367	-7.96177
BLOCK13/SES131/SA131S29	SES125	-4.3132	-12.275	-7.96177
BLOCK13/SES131/SA131S29	SES206	-3.02247	-10.9842	-7.96177
BLOCK13/SES132/SA132S11	SES083	-2.26048	-9.6687	-7.40823
BLOCK13/SES132/SA132S11	SES120	-0.195892	-7.60412	-7.40823
BLOCK13/SES132/SA132S11	SES127	-3.25342	-10.6616	-7.40823
BLOCK13/SES132/SA132S11	SES275	-1.9526	-9.36082	-7.40823
BLOCK13/SES132/SA132S12	SES083	-2.73687	-8.05147	-5.3146
BLOCK13/SES132/SA132S12	SES143	-2.54081	-7.85541	-5.3146
BLOCK13/SES132/SA132S12	SES144	-1.58847	-6.90307	-5.3146
BLOCK13/SES132/SA132S12	SES148	-1.79832	-7.11292	-5.3146
BLOCK13/SES132/SA132S22	SES062	-1.63854	-8.19187	-6.55333
BLOCK13/SES132/SA132S22	SES083	-2.26727	-8.8206	-6.55333
BLOCK13/SES132/SA132S22	SES127	-2.82079	-9.37412	-6.55333
BLOCK13/SES132/SA132S22	SES275	-1.79301	-8.34634	-6.55333
BLOCK13/SES132/SA132S24	SES007	-0.991898	-6.56693	-5.57504
BLOCK13/SES132/SA132S24	SES083	-2.28812	-7.86316	-5.57504
BLOCK13/SES132/SA132S24	SES127	-3.35181	-8.92685	-5.57504
BLOCK13/SES132/SA132S24	SES275	-1.40755	-6.98259	-5.57504
BLOCK13/SES132/SA132S27	SES083	-3.20953	-11.5727	-8.36312
BLOCK13/SES132/SA132S27	SES120	0.586566	-7.77655	-8.36312
BLOCK13/SES132/SA132S27	SES127	-5.19269	-13.5558	-8.36312
BLOCK13/SES132/SA132S27	SES275	-2.44696	-10.8101	-8.36312
BLOCK14/SES141/SA141S09	SES143	-1.70249	-6.69151	-4.98902
BLOCK14/SES141/SA141S09	SES144	-0.710677	-5.6997	-4.98902
BLOCK14/SES141/SA141S09	SES162	-1.21928	-6.2083	-4.98902
BLOCK14/SES141/SA141S09	SES180	-1.10094	-6.08997	-4.98902
BLOCK14/SES141/SA141S15	SES127	-1.32152	-7.35513	-6.03361
BLOCK14/SES141/SA141S15	SES144	-1.68047	-7.71407	-6.03361
BLOCK14/SES141/SA141S15	SES162	-2.04976	-8.08337	-6.03361
BLOCK14/SES141/SA141S15	SES180	-1.11444	-7.14805	-6.03361
BLOCK14/SES141/SA141S24	SES127	-1.93684	-9.03909	-7.10226
BLOCK14/SES141/SA141S24	SES144	-2.53304	-9.63529	-7.10226
BLOCK14/SES141/SA141S24	SES162	-1.39958	-8.50183	-7.10226
BLOCK14/SES141/SA141S24	SES183	-2.06661	-9.16887	-7.10226
BLOCK14/SES141/SA141S26	SES142	-0.490515	-7.29712	-6.8066
BLOCK14/SES141/SA141S26	SES144	-1.59474	-8.40134	-6.8066
BLOCK14/SES141/SA141S26	SES172	-1.19729	-8.00389	-6.8066
BLOCK14/SES141/SA141S26	SES180	-1.59916	-8.40576	-6.8066
BLOCK14/SES141/SA141S29	SES127	-1.02144	-6.33443	-5.31299
BLOCK14/SES141/SA141S29	SES142	-0.423222	-5.73621	-5.31299
BLOCK14/SES141/SA141S29	SES144	-1.1376	-6.45059	-5.31299
BLOCK14/SES141/SA141S29	SES180	-0.880365	-6.19335	-5.31299
BLOCK15/SES157/SA157S08	SES083	-1.32695	-6.48029	-5.15334
BLOCK15/SES157/SA157S08	SES127	-1.24905	-6.4024	-5.15334
BLOCK15/SES157/SA157S08	SES148	-1.49308	-6.64642	-5.15334
BLOCK15/SES157/SA157S08	SES292	-1.42799	-6.58134	-5.15334
BLOCK15/SES157/SA157S11	SES083	-1.88007	-7.44472	-5.56466
BLOCK15/SES157/SA157S11	SES127	-2.16655	-7.73121	-5.56466
BLOCK15/SES157/SA157S11	SES148	-2.0772	-7.64185	-5.56466
BLOCK15/SES157/SA157S11	SES292	-2.14474	-7.7094	-5.56466
BLOCK15/SES157/SA157S21	SES127	-0.826427	-4.84477	-4.01834
BLOCK15/SES157/SA157S21	SES148	-0.446299	-4.46464	-4.01834
BLOCK15/SES157/SA157S21	SES158	-4.8063	-8.82464	-4.01834
BLOCK15/SES157/SA157S21	SES292	-2.00378	-6.02212	-4.01834
BLOCK15/SES157/SA157S24	SES127	-1.49507	-8.17375	-6.67868
BLOCK15/SES157/SA157S24	SES148	-1.27042	-7.9491	-6.67868
BLOCK15/SES157/SA157S24	SES183	-1.73549	-8.41417	-6.67868
BLOCK15/SES157/SA157S24	SES292	-2.27796	-8.95664	-6.67868
BLOCK15/SES157/SA157S26	SES007	-1.48179	-6.67648	-5.19469
BLOCK15/SES157/SA157S26	SES127	-0.550335	-5.74503	-5.19469
BLOCK15/SES157/SA157S26	SES147	-1.42328	-6.61797	-5.19469
BLOCK15/SES157/SA157S26	SES148	-1.5839	-6.77859	-5.19469
BLOCK16/SES161/SA161S10	SES007	-1.46157	-8.17191	-6.71033
BLOCK16/SES161/SA161S10	SES105	-0.913048	-7.62338	-6.71033
BLOCK16/SES161/SA161S10	SES158	-1.65419	-8.36453	-6.71033
BLOCK16/SES161/SA161S10	SES275	-1.11343	-7.82377	-6.71033
BLOCK16/SES161/SA161S12	SES007	-2.55483	-11.765	-9.21021
BLOCK16/SES161/SA161S12	SES105	-2.06281	-11.273	-9.21021
BLOCK16/SES161/SA161S12	SES158	-2.32802	-11.5382	-9.21021
BLOCK16/SES161/SA161S12	SES275	-2.78902	-11.9992	-9.21021
BLOCK16/SES161/SA161S20	SES007	-1.87142	-11.3986	-9.52722
BLOCK16/SES161/SA161S20	SES105	-1.89118	-11.4184	-9.52722
BLOCK16/SES161/SA161S20	SES158	-0.207381	-9.7346	-9.52722
BLOCK16/SES161/SA161S20	SES275	-3.19815	-12.7254	-9.52722
BLOCK16/SES161/SA161S23	SES007	-4.11306	-13.584	-9.47094
BLOCK16/SES161/SA161S23	SES105	-1.48494	-10.9559	-9.47094
BLOCK16/SES161/SA161S23	SES148	-2.32858	-11.7995	-9.47094
BLOCK16/SES161/SA161S23	SES158	-3.48771	-12.9586	-9.47094
BLOCK16/SES161/SA161S28	SES007	-1.66338	-10.6656	-9.00218
BLOCK16/SES161/SA161S28	SES105	-2.5217	-11.5239	-9.00218
BLOCK16/SES161/SA161S28	SES158	-0.674633	-9.67682	-9.00218
BLOCK16/SES161/SA161S28	SES206	-0.878704	-9.88089	-9.00218
BLOCK16/SES164/SA164S11	SES104	-1.1111	-6.46137	-5.35027
BLOCK16/SES164/SA164S11	SES125	-1.9902	-7.34047	-5.35027
BLOCK16/SES164/SA164S11	SES158	-2.67731	-8.02757	-5.35027
BLOCK16/SES164/SA164S11	SES206	-3.65314	-9.00341	-5.35027
BLOCK16/SES164/SA164S13	SES099	-2.33379	-9.49401	-7.16021
BLOCK16/SES164/SA164S13	SES104	-1.96223	-9.12245	-7.16021
BLOCK16/SES164/SA164S13	SES125	-2.73688	-9.89709	-7.16021
BLOCK16/SES164/SA164S13	SES206	-3.76487	-10.9251	-7.16021
BLOCK16/SES164/SA164S24	SES002	-0.673685	-7.06267	-6.38899
BLOCK16/SES164/SA164S24	SES099	-1.46375	-7.85273	-6.38899
BLOCK16/SES164/SA164S24	SES125	-2.0399	-8.42889	-6.38899
BLOCK16/SES164/SA164S24	SES226	-0.104735	-6.49372	-6.38899
BLOCK16/SES164/SA164S27	SES087	-1.69359	-8.66246	-6.96887
BLOCK16/SES164/SA164S27	SES125	-2.86455	-9.83342	-6.96887
BLOCK16/SES164/SA164S27	SES206	-3.25673	-10.2256	-6.96887
BLOCK16/SES164/SA164S27	SES226	-1.27024	-8.23911	-6.96887
BLOCK16/SES164/SA164S29	SES002	-0.761648	-6.44235	-5.6807
BLOCK16/SES164/SA164S29	SES019	-3.42561	-9.10631	-5.6807
BLOCK16/SES164/SA164S29	SES125	-1.88989	-7.57059	-5.6807
BLOCK16/SES164/SA164S29	SES226	-1.47776	-7.15846	-5.6807
BLOCK16/SES169/SA169S13	SES117	-2.18047	-9.00039	-6.81992
BLOCK16/SES169/SA169S13	SES144	-1.72394	-8.54386	-6.81992
BLOCK16/SES169/SA169S13	SES146	-1.41486	-8.23478	-6.81992
BLOCK16/SES169/SA169S13	SES162	-1.65479	-8.47471	-6.81992
BLOCK16/SES169/SA169S14	SES144	-1.37538	-5.2881	-3.91272
BLOCK16/SES169/SA169S14	SES148	-0.388597	-4.30131	-3.91272
BLOCK16/SES169/SA169S14	SES177	-0.522621	-4.43534	-3.91272
BLOCK16/SES169/SA169S14	SES180	-0.76118	-4.6739	-3.91272
BLOCK16/SES169/SA169S24	SES117	-1.29666	-8.07712	-6.78047
BLOCK16/SES169/SA169S24	SES144	-0.853805	-7.63427	-6.78047
BLOCK16/SES169/SA169S24	SES146	-1.06109	-7.84156	-6.78047
BLOCK16/SES169/SA169S24	SES162	-0.91088	-7.69134	-6.78047
BLOCK16/SES169/SA169S27	SES127	-1.06688	-7.43375	-6.36687
BLOCK16/SES169/SA169S27	SES129	-0.922667	-7.28954	-6.36687
BLOCK16/SES169/SA169S27	SES144	-1.36251	-7.72939	-6.36687
BLOCK16/SES169/SA169S27	SES146	-1.24126	-7.60813	-6.36687
BLOCK16/SES169/SA169S29	SES144	-0.644501	-4.93997	-4.29547
BLOCK16/SES169/SA169S29	SES162	-1.14541	-5.44088	-4.29547
BLOCK16/SES169/SA169S29	SES177	-1.10509	-5.40056	-4.29547
BLOCK16/SES169/SA169S29	SES180	-0.967982	-5.26345	-4.29547
BLOCK17/SES171/SA171S12	SES083	-2.07746	-8.41023	-6.33277
BLOCK17/SES171/SA171S12	SES148	-2.53648	-8.86925	-6.33277
BLOCK17/SES171/SA171S12	SES172	-2.21511	-8.54788	-6.33277
BLOCK17/SES171/SA171S12	SES292	-2.40094	-8.73371	-6.33277
BLOCK17/SES171/SA171S15	SES148	-2.54919	-9.33232	-6.78313
BLOCK17/SES171/SA171S15	SES177	-1.63822	-8.42135	-6.78313
BLOCK17/SES171/SA171S15	SES180	-3.96198	-10.7451	-6.78313
BLOCK17/SES171/SA171S15	SES292	-2.24467	-9.0278	-6.78313
BLOCK17/SES171/SA171S22	SES007	-1.11792	-4.47756	-3.35964
BLOCK17/SES171/SA171S22	SES148	-0.390329	-3.74997	-3.35964
BLOCK17/SES171/SA171S22	SES177	-0.424833	-3.78448	-3.35964
BLOCK17/SES171/SA171S22	SES180	-2.13545	-5.4951	-3.35964
BLOCK17/SES171/SA171S25	SES101	-2.03811	-8.4126	-6.37448
BLOCK17/SES171/SA171S25	SES120	-3.78373	-10.1582	-6.37448
BLOCK17/SES171/SA171S25	SES177	-1.88646	-8.26094	-6.37448
BLOCK17/SES171/SA171S25	SES180	-2.36461	-8.73909	-6.37448
BLOCK17/SES171/SA171S27	SES177	-1.76692	-8.66393	-6.89701
BLOCK17/SES171/SA171S27	SES180	-3.10432	-10.0013	-6.89701
BLOCK17/SES171/SA171S27	SES189	-1.45318	-8.35019	-6.89701
BLOCK17/SES171/SA171S27	SES292	-2.27477	-9.17178	-6.89701
BLOCK17/SES173/SA173S13	SES162	-3.36091	-9.87088	-6.50998
BLOCK17/SES173/SA173S13	SES177	-0.923434	-7.43341	-6.50998
BLOCK17/SES173/SA173S13	SES180	-1.61187	-8.12185	-6.50998
BLOCK17/SES173/SA173S13	SES292	-0.726344	-7.23632	-6.50998
BLOCK17/SES173/SA173S14	SES007	-1.88803	-7.66506	-5.77703
BLOCK17/SES173/SA173S14	SES162	-3.14353	-8.92056	-5.77703
BLOCK17/SES173/SA173S14	SES177	-1.28026	-7.05729	-5.77703
BLOCK17/SES173/SA173S14	SES180	-1.94752	-7.72455	-5.77703
BLOCK17/SES173/SA173S24	SES144	-2.80658	-9.65925	-6.85268
BLOCK17/SES173/SA173S24	SES162	-2.81837	-9.67105	-6.85268
BLOCK17/SES173/SA173S24	SES177	-0.934601	-7.78728	-6.85268
BLOCK17/SES173/SA173S24	SES180	-2.08943	-8.94211	-6.85268
BLOCK17/SES173/SA173S27	SES162	-3.87321	-11.0434	-7.17021
BLOCK17/SES173/SA173S27	SES177	-1.40842	-8.57863	-7.17021
BLOCK17/SES173/SA173S27	SES180	-1.90632	-9.07653	-7.17021
BLOCK17/SES173/SA173S27	SES292	-1.19434	-8.36456	-7.17021
BLOCK17/SES173/SA173S29	SES162	-2.41571	-7.1577	-4.74199
BLOCK17/SES173/SA173S29	SES175	-1.34903	-6.09102	-4.74199
BLOCK17/SES173/SA173S29	SES177	-0.932465	-5.67445	-4.74199
BLOCK17/SES173/SA173S29	SES292	-1.19993	-5.94192	-4.74199
BLOCK18/SES182/SA182S10	SES144	-1.84021	-8.09843	-6.25822
BLOCK18/SES182/SA182S10	SES177	-1.75679	-8.01502	-6.25822
BLOCK18/SES182/SA182S10	SES180	-2.64432	-8.90255	-6.25822
BLOCK18/SES182/SA182S10	SES275	-1.72745	-7.98567	-6.25822
BLOCK18/SES182/SA182S12	SES144	-1.25698	-7.4471	-6.19012
BLOCK18/SES182/SA182S12	SES177	-1.30406	-7.49418	-6.19012
BLOCK18/SES182/SA182S12	SES180	-3.36427	-9.55438	-6.19012
BLOCK18/SES182/SA182S12	SES275	-1.04509	-7.23521	-6.19012
BLOCK18/SES182/SA182S21	SES117	-1.88118	-9.9451	-8.06392
BLOCK18/SES182/SA182S21	SES144	-1.4019	-9.46582	-8.06392
BLOCK18/SES182/SA182S21	SES162	-1.26374	-9.32765	-8.06392
BLOCK18/SES182/SA182S21	SES180	-2.9638	-11.0277	-8.06392
BLOCK18/SES182/SA182S23	SES117	-1.81254	-11.2664	-9.45385
BLOCK18/SES182/SA182S23	SES144	-2.143	-11.5969	-9.45385
BLOCK18/SES182/SA182S23	SES180	-3.48427	-12.9381	-9.45385
BLOCK18/SES182/SA182S23	SES275	-2.24756	-11.7014	-9.45385
BLOCK18/SES182/SA182S25	SES007	0.212255	-6.98522	-7.19748
BLOCK18/SES182/SA182S25	SES162	-1.17786	-8.37534	-7.19748
BLOCK18/SES182/SA182S25	SES177	-0.829552	-8.02703	-7.19748
BLOCK18/SES182/SA182S25	SES180	-2.9551	-10.1526	-7.19748
BLOCK18/SES184/SA184S12	SES177	-1.65768	-6.57417	-4.91649
BLOCK18/SES184/SA184S12	SES180	-0.734787	-5.65128	-4.91649
BLOCK18/SES184/SA184S12	SES189	-2.12094	-7.03744	-4.91649
BLOCK18/SES184/SA184S12	SES292	-0.875927	-5.79242	-4.91649
BLOCK18/SES184/SA184S13	SES101	-1.5069	-7.34662	-5.83971
BLOCK18/SES184/SA184S13	SES177	-1.21942	-7.05913	-5.83971
BLOCK18/SES184/SA184S13	SES180	-1.6426	-7.48231	-5.83971
BLOCK18/SES184/SA184S13	SES292	-1.60651	-7.44623	-5.83971
BLOCK18/SES184/SA184S22	SES177	-1.34348	-6.6629	-5.31942
BLOCK18/SES184/SA184S22	SES180	-0.711462	-6.03089	-5.31942
BLOCK18/SES184/SA184S22	SES189	-2.19423	-7.51365	-5.31942
BLOCK18/SES184/SA184S22	SES292	-1.58889	-6.90832	-5.31942
BLOCK18/SES184/SA184S25	SES101	-1.12071	-5.87021	-4.74949
BLOCK18/SES184/SA184S25	SES177	-1.83103	-6.58053	-4.74949
BLOCK18/SES184/SA184S25	SES180	-0.902493	-5.65199	-4.74949
BLOCK18/SES184/SA184S25	SES292	-1.20924	-5.95873	-4.74949
BLOCK18/SES184/SA184S27	SES083	-1.44407	-6.65572	-5.21165
BLOCK18/SES184/SA184S27	SES177	-1.41989	-6.63154	-5.21165
BLOCK18/SES184/SA184S27	SES202	-1.52573	-6.73738	-5.21165
BLOCK18/SES184/SA184S27	SES292	-1.80901	-7.02066	-5.21165
BLOCK20/SES204/SA204S12	SES062	-1.1799	-6.74835	-5.56845
BLOCK20/SES204/SA204S12	SES083	-2.36852	-7.93697	-5.56845
BLOCK20/SES204/SA204S12	SES206	-1.12146	-6.68991	-5.56845
BLOCK20/SES204/SA204S12	SES226	-2.35571	-7.92416	-5.56845
BLOCK20/SES204/SA204S14	SES068	-0.430385	-4.56244	-4.13205
BLOCK20/SES204/SA204S14	SES087	-0.130105	-4.26216	-4.13205
BLOCK20/SES204/SA204S14	SES206	-0.94541	-5.07746	-4.13205
BLOCK20/SES204/SA204S14	SES226	-1.56004	-5.69209	-4.13205
BLOCK20/SES204/SA204S22	SES068	-1.32349	-6.84246	-5.51896
BLOCK20/SES204/SA204S22	SES082	-1.51502	-7.03398	-5.51896
BLOCK20/SES204/SA204S22	SES083	-3.11476	-8.63372	-5.51896
BLOCK20/SES204/SA204S22	SES206	-1.35378	-6.87274	-5.51896
BLOCK20/SES204/SA204S25	SES062	-1.75274	-7.12617	-5.37343
BLOCK20/SES204/SA204S25	SES083	-3.24268	-8.61611	-5.37343
BLOCK20/SES204/SA204S25	SES206	-1.10097	-6.4744	-5.37343
BLOCK20/SES204/SA204S25	SES226	-1.97804	-7.35147	-5.37343
BLOCK20/SES204/SA204S27	SES068	-1.01377	-7.6	-6.58623
BLOCK20/SES204/SA204S27	SES082	-2.3607	-8.94693	-6.58623
BLOCK20/SES204/SA204S27	SES087	-0.264875	-6.85111	-6.58623
BLOCK20/SES204/SA204S27	SES206	-1.62587	-8.2121	-6.58623
BLOCK20/SES207/SA207S10	SES127	-2.21531	-7.45856	-5.24325
BLOCK20/SES207/SA207S10	SES183	-1.64358	-6.88683	-5.24325
BLOCK20/SES207/SA207S10	SES189	-1.14904	-6.39229	-5.24325
BLOCK20/SES207/SA207S10	SES292	-1.97635	-7.2196	-5.24325
BLOCK20/SES207/SA207S11	SES127	-1.55302	-6.91156	-5.35854
BLOCK20/SES207/SA207S11	SES183	-1.94737	-7.30591	-5.35854
BLOCK20/SES207/SA207S11	SES187	-1.0048	-6.36334	-5.35854
BLOCK20/SES207/SA207S11	SES292	-0.952866	-6.31141	-5.35854
BLOCK20/SES207/SA207S25	SES068	-1.4268	-7.55257	-6.12578
BLOCK20/SES207/SA207S25	SES083	-2.04205	-8.16783	-6.12578
BLOCK20/SES207/SA207S25	SES127	-0.871521	-6.9973	-6.12578
BLOCK20/SES207/SA207S25	SES187	-1.39739	-7.52317	-6.12578
BLOCK20/SES207/SA207S27	SES127	-2.58115	-9.96293	-7.38178
BLOCK20/SES207/SA207S27	SES183	-1.8927	-9.27448	-7.38178
BLOCK20/SES207/SA207S27	SES187	-1.53041	-8.91219	-7.38178
BLOCK20/SES207/SA207S27	SES292	-2.06739	-9.44917	-7.38178
BLOCK20/SES207/SA207S29	SES083	-2.85182	-7.71334	-4.86152
BLOCK20/SES207/SA207S29	SES085	-1.57867	-6.44019	-4.86152
BLOCK20/SES207/SA207S29	SES172	-0.645444	-5.50697	-4.86152
BLOCK20/SES207/SA207S29	SES189	-3.91548	-8.77701	-4.86152
BLOCK22/SES221/SA221S12	SES068	0.0592308	-4.5741	-4.63333
BLOCK22/SES221/SA221S12	SES143	-1.33682	-5.97015	-4.63333
BLOCK22/SES221/SA221S12	SES175	-0.624146	-5.25747	-4.63333
BLOCK22/SES221/SA221S12	SES202	-0.985256	-5.61858	-4.63333
BLOCK22/SES221/SA221S15	SES085	-0.818971	-6.39491	-5.57594
BLOCK22/SES221/SA221S15	SES143	-1.84395	-7.41989	-5.57594
BLOCK22/SES221/SA221S15	SES175	-1.33899	-6.91493	-5.57594
BLOCK22/SES221/SA221S15	SES187	-2.04896	-7.62491	-5.57594
BLOCK22/SES221/SA221S23	SES068	-0.417093	-5.94669	-5.5296
BLOCK22/SES221/SA221S23	SES143	-2.30743	-7.83703	-5.5296
BLOCK22/SES221/SA221S23	SES175	-1.29321	-6.82281	-5.5296
BLOCK22/SES221/SA221S23	SES189	-2.2469	-7.77649	-5.5296
BLOCK22/SES221/SA221S27	SES085	-0.722691	-6.8483	-6.12561
BLOCK22/SES221/SA221S27	SES143	-0.915381	-7.04099	-6.12561
BLOCK22/SES221/SA221S27	SES175	-0.664268	-6.78988	-6.12561
BLOCK22/SES221/SA221S27	SES189	-2.28553	-8.41114	-6.12561
BLOCK22/SES221/SA221S29	SES085	-0.662264	-7.8589	-7.19664
BLOCK22/SES221/SA221S29	SES143	-2.83203	-10.0287	-7.19664
BLOCK22/SES221/SA221S29	SES175	-1.11762	-8.31426	-7.19664
BLOCK22/SES221/SA221S29	SES187	-2.36699	-9.56362	-7.19664
BLOCK22/SES223/SA223S11	SES143	-1.37674	-8.87471	-7.49796
BLOCK22/SES223/SA223S11	SES144	-3.03607	-10.534	-7.49796
BLOCK22/SES223/SA223S11	SES175	-1.13268	-8.63065	-7.49796
BLOCK22/SES223/SA223S11	SES187	-1.94928	-9.44724	-7.49796
BLOCK22/SES223/SA223S13	SES068	-0.509553	-8.93326	-8.42371
BLOCK22/SES223/SA223S13	SES143	-2.20234	-10.6261	-8.42371
BLOCK22/SES223/SA223S13	SES146	-1.11169	-9.5354	-8.42371
BLOCK22/SES223/SA223S13	SES202	-0.957542	-9.38125	-8.42371
BLOCK22/SES223/SA223S22	SES143	-1.19909	-6.9752	-5.77611
BLOCK22/SES223/SA223S22	SES144	-3.08732	-8.86343	-5.77611
BLOCK22/SES223/SA223S22	SES175	-1.98469	-7.76081	-5.77611
BLOCK22/SES223/SA223S22	SES187	-1.51834	-7.29445	-5.77611
BLOCK22/SES223/SA223S25	SES068	-0.758111	-6.60734	-5.84923
BLOCK22/SES223/SA223S25	SES143	-2.48372	-8.33294	-5.84923
BLOCK22/SES223/SA223S25	SES175	-0.96297	-6.8122	-5.84923
BLOCK22/SES223/SA223S25	SES187	-1.49738	-7.34661	-5.84923
BLOCK22/SES223/SA223S27	SES143	-1.04695	-8.87994	-7.83299
BLOCK22/SES223/SA223S27	SES146	-2.18631	-10.0193	-7.83299
BLOCK22/SES223/SA223S27	SES187	-1.44845	-9.28145	-7.83299
BLOCK22/SES223/SA223S27	SES292	-0.216256	-8.04925	-7.83299
BLOCK27/SES273/SA273S12	SES099	-0.328706	-7.12031	-6.7916
BLOCK27/SES273/SA273S12	SES104	-0.347963	-7.13956	-6.7916
BLOCK27/SES273/SA273S12	SES125	-0.917711	-7.70931	-6.7916
BLOCK27/SES273/SA273S12	SES206	-0.131282	-6.92288	-6.7916
BLOCK27/SES273/SA273S13	SES099	-0.824692	-5.14877	-4.32408
BLOCK27/SES273/SA273S13	SES104	-1.25619	-5.58027	-4.32408
BLOCK27/SES273/SA273S13	SES206	-1.24269	-5.56677	-4.32408
BLOCK27/SES273/SA273S13	SES292	-1.13882	-5.4629	-4.32408
BLOCK27/SES273/SA273S21	SES099	-1.1866	-6.4544	-5.2678
BLOCK27/SES273/SA273S21	SES148	-3.03858	-8.30639	-5.2678
BLOCK27/SES273/SA273S21	SES149	-1.99935	-7.26715	-5.2678
BLOCK27/SES273/SA273S21	SES177	-1.79837	-7.06617	-5.2678
BLOCK27/SES273/SA273S25	SES104	-0.131496	-7.54868	-7.41718
BLOCK27/SES273/SA273S25	SES125	-1.32848	-8.74566	-7.41718
BLOCK27/SES273/SA273S25	SES158	0.0425115	-7.37467	-7.41718
BLOCK27/SES273/SA273S25	SES206	-0.445727	-7.86291	-7.41718
BLOCK27/SES273/SA273S27	SES099	-0.934334	-4.21249	-3.27816
BLOCK27/SES273/SA273S27	SES104	-1.54333	-4.82149	-3.27816
BLOCK27/SES273/SA273S27	SES149	-1.43638	-4.71454	-3.27816
BLOCK27/SES273/SA273S27	SES275	-1.54767	-4.82583	-3.27816
BLOCK27/SES274/SA274S10	SES105	-3.1652	-6.58022	-3.41502
BLOCK27/SES274/SA274S10	SES125	-3.48158	-6.8966	-3.41502
BLOCK27/SES274/SA274S10	SES129	-0.632032	-4.04705	-3.41502
BLOCK27/SES274/SA274S10	SES158	-5.54254	-8.95756	-3.41502
BLOCK27/SES274/SA274S11	SES105	-1.33123	-7.24778	-5.91655
BLOCK27/SES274/SA274S11	SES149	-1.62679	-7.54333	-5.91655
BLOCK27/SES274/SA274S11	SES158	-2.73286	-8.64941	-5.91655
BLOCK27/SES274/SA274S11	SES275	-0.895243	-6.81179	-5.91655
BLOCK27/SES274/SA274S21	SES105	-2.2686	-7.97141	-5.7028
BLOCK27/SES274/SA274S21	SES129	-0.573024	-6.27583	-5.7028
BLOCK27/SES274/SA274S21	SES149	-2.27017	-7.97298	-5.7028
BLOCK27/SES274/SA274S21	SES158	-3.76927	-9.47207	-5.7028
BLOCK27/SES274/SA274S24	SES105	-2.23529	-8.04956	-5.81427
BLOCK27/SES274/SA274S24	SES129	-0.711423	-6.52569	-5.81427
BLOCK27/SES274/SA274S24	SES149	-2.913	-8.72726	-5.81427
BLOCK27/SES274/SA274S24	SES158	-4.88921	-10.7035	-5.81427
BLOCK27/SES274/SA274S29	SES105	-2.31857	-7.57643	-5.25786
BLOCK27/SES274/SA274S29	SES106	-2.7441	-8.00196	-5.25786
BLOCK27/SES274/SA274S29	SES120	-1.21494	-6.4728	-5.25786
BLOCK27/SES274/SA274S29	SES275	-0.98941	-6.24727	-5.25786
BLOCK27/SES276/SA276S16	SES148	-1.20299	-6.57054	-5.36755
BLOCK27/SES276/SA276S16	SES172	-0.251752	-5.6193	-5.36755
BLOCK27/SES276/SA276S16	SES180	-0.729505	-6.09706	-5.36755
BLOCK27/SES276/SA276S16	SES292	-0.874381	-6.24193	-5.36755
BLOCK27/SES276/SA276S17	SES101	-0.964137	-6.36081	-5.39667
BLOCK27/SES276/SA276S17	SES177	-1.77757	-7.17424	-5.39667
BLOCK27/SES276/SA276S17	SES180	-1.40618	-6.80285	-5.39667
BLOCK27/SES276/SA276S17	SES292	-1.43235	-6.82902	-5.39667
BLOCK27/SES276/SA276S24	SES101	-0.905197	-5.5812	-4.676
BLOCK27/SES276/SA276S24	SES177	-1.18284	-5.85884	-4.676
BLOCK27/SES276/SA276S24	SES180	-1.17941	-5.85541	-4.676
BLOCK27/SES276/SA276S24	SES292	-1.45804	-6.13404	-4.676
BLOCK27/SES276/SA276S26	SES101	-1.91581	-5.00828	-3.09247
BLOCK27/SES276/SA276S26	SES177	-1.56958	-4.66205	-3.09247
BLOCK27/SES276/SA276S26	SES180	-0.910831	-4.0033	-3.09247
BLOCK27/SES276/SA276S26	SES292	-0.613985	-3.70646	-3.09247
BLOCK27/SES276/SA276S28	SES101	-1.16663	-4.76137	-3.59474
BLOCK27/SES276/SA276S28	SES177	-2.04496	-5.6397	-3.59474
BLOCK27/SES276/SA276S28	SES180	-0.511421	-4.10616	-3.59474
BLOCK27/SES276/SA276S28	SES292	-0.825765	-4.42051	-3.59474
BLOCK27/SES277/SA277S12	SES101	-1.33405	-8.94388	-7.60982
BLOCK27/SES277/SA277S12	SES177	-2.60164	-10.2115	-7.60982
BLOCK27/SES277/SA277S12	SES180	-2.0134	-9.62323	-7.60982
BLOCK27/SES277/SA277S12	SES292	-1.84541	-9.45524	-7.60982
BLOCK27/SES277/SA277S14	SES177	-1.85403	-9.10981	-7.25578
BLOCK27/SES277/SA277S14	SES180	-3.0654	-10.3212	-7.25578
BLOCK27/SES277/SA277S14	SES189	-0.763555	-8.01933	-7.25578
BLOCK27/SES277/SA277S14	SES292	-2.53816	-9.79393	-7.25578
BLOCK27/SES277/SA277S21	SES177	-1.41663	-7.73348	-6.31685
BLOCK27/SES277/SA277S21	SES180	-1.99054	-8.30739	-6.31685
BLOCK27/SES277/SA277S21	SES189	-1.09746	-7.41431	-6.31685
BLOCK27/SES277/SA277S21	SES292	-1.7368	-8.05365	-6.31685
BLOCK27/SES277/SA277S24	SES144	-1.58268	-9.3315	-7.74882
BLOCK27/SES277/SA277S24	SES177	-2.19004	-9.93886	-7.74882
BLOCK27/SES277/SA277S24	SES180	-2.51485	-10.2637	-7.74882
BLOCK27/SES277/SA277S24	SES189	-1.32916	-9.07799	-7.74882
BLOCK27/SES277/SA277S29	SES177	-1.31183	-5.01766	-3.70583
BLOCK27/SES277/SA277S29	SES180	-1.59587	-5.3017	-3.70583
BLOCK27/SES277/SA277S29	SES202	-1.29248	-4.99831	-3.70583
BLOCK27/SES277/SA277S29	SES292	-1.87959	-5.58542	-3.70583
BLOCK27/SES279/SA279S09	SES120	-1.58501	-6.13472	-4.54971
BLOCK27/SES279/SA279S09	SES146	-1.96275	-6.51246	-4.54971
BLOCK27/SES279/SA279S09	SES206	-0.910299	-5.46001	-4.54971
BLOCK27/SES279/SA279S09	SES226	-2.55264	-7.10235	-4.54971
BLOCK27/SES279/SA279S10	SES099	-1.1107	-6.93671	-5.82601
BLOCK27/SES279/SA279S10	SES206	-1.16481	-6.99081	-5.82601
BLOCK27/SES279/SA279S10	SES226	-2.76308	-8.58909	-5.82601
BLOCK27/SES279/SA279S10	SES292	-0.362971	-6.18898	-5.82601
BLOCK27/SES279/SA279S20	SES099	-2.72567	-9.56921	-6.84354
BLOCK27/SES279/SA279S20	SES206	-0.898768	-7.74231	-6.84354
BLOCK27/SES279/SA279S20	SES226	-3.00478	-9.84832	-6.84354
BLOCK27/SES279/SA279S20	SES292	-0.804365	-7.64791	-6.84354
BLOCK27/SES279/SA279S26	SES099	-2.16414	-9.64369	-7.47955
BLOCK27/SES279/SA279S26	SES206	-0.198673	-7.67823	-7.47955
BLOCK27/SES279/SA279S26	SES226	-2.70248	-10.182	-7.47955
BLOCK27/SES279/SA279S26	SES292	0.0247998	-7.45475	-7.47955
BLOCK27/SES279/SA279S28	SES099	-0.726156	-4.15141	-3.42525
BLOCK27/SES279/SA279S28	SES120	-0.975147	-4.4004	-3.42525
BLOCK27/SES279/SA279S28	SES177	-1.74376	-5.16901	-3.42525
BLOCK27/SES279/SA279S28	SES206	-0.7723	-4.19755	-3.42525
BLOCK29/SES290/SA290S12	SES162	-0.772871	-5.47398	-4.70111
BLOCK29/SES290/SA290S12	SES177	-1.33818	-6.03929	-4.70111
BLOCK29/SES290/SA290S12	SES180	-0.782433	-5.48354	-4.70111
BLOCK29/SES290/SA290S12	SES292	-1.90464	-6.60575	-4.70111
BLOCK29/SES290/SA290S13	SES007	-0.312573	-5.30888	-4.99631
BLOCK29/SES290/SA290S13	SES162	-1.27657	-6.27288	-4.99631
BLOCK29/SES290/SA290S13	SES177	-1.24266	-6.23897	-4.99631
BLOCK29/SES290/SA290S13	SES180	-0.849374	-5.84568	-4.99631
BLOCK29/SES290/SA290S22	SES177	-1.24756	-5.7303	-4.48273
BLOCK29/SES290/SA290S22	SES180	-1.80517	-6.2879	-4.48273
BLOCK29/SES290/SA290S22	SES202	-0.916939	-5.39967	-4.48273
BLOCK29/SES290/SA290S22	SES292	-1.01565	-5.49838	-4.48273
BLOCK29/SES290/SA290S25	SES162	-1.29937	-6.78422	-5.48485
BLOCK29/SES290/SA290S25	SES177	-1.08181	-6.56666	-5.48485
BLOCK29/SES290/SA290S25	SES180	-1.0633	-6.54815	-5.48485
BLOCK29/SES290/SA290S25	SES292	-1.31287	-6.79772	-5.48485
BLOCK29/SES290/SA290S29	SES177	-0.584469	-4.3694	-3.78493
BLOCK29/SES290/SA290S29	SES180	-0.304836	-4.08977	-3.78493
BLOCK29/SES290/SA290S29	SES275	-0.65694	-4.44187	-3.78493
BLOCK29/SES290/SA290S29	SES292	-1.51589	-5.30082	-3.78493
BLOCK29/SES291/SA291S11	SES105	-1.37026	-8.73556	-7.36529
BLOCK29/SES291/SA291S11	SES125	-0.996844	-8.36214	-7.36529
BLOCK29/SES291/SA291S11	SES158	-1.04959	-8.41489	-7.36529
BLOCK29/SES291/SA291S11	SES275	-1.5514	-8.9167	-7.36529
BLOCK29/SES291/SA291S12	SES158	0.857347	-7.63483	-8.49217
BLOCK29/SES291/SA291S12	SES226	-1.82128	-10.3134	-8.49217
BLOCK29/SES291/SA291S12	SES270	-0.658405	-9.15058	-8.49217
BLOCK29/SES291/SA291S12	SES275	-2.65162	-11.1438	-8.49217
BLOCK29/SES291/SA291S22	SES082	-0.852183	-7.37384	-6.52166
BLOCK29/SES291/SA291S22	SES158	-0.563659	-7.08532	-6.52166
BLOCK29/SES291/SA291S22	SES259	-1.07593	-7.59758	-6.52166
BLOCK29/SES291/SA291S22	SES275	-2.56097	-9.08263	-6.52166
BLOCK29/SES291/SA291S24	SES104	-0.410145	-7.26454	-6.85439
BLOCK29/SES291/SA291S24	SES125	-1.02032	-7.87471	-6.85439
BLOCK29/SES291/SA291S24	SES158	0.140298	-6.7141	-6.85439
BLOCK29/SES291/SA291S24	SES275	-2.59776	-9.45215	-6.85439
BLOCK29/SES291/SA291S27	SES158	-0.146388	-5.463	-5.31661
BLOCK29/SES291/SA291S27	SES172	-2.14765	-7.46426	-5.31661
BLOCK29/SES291/SA291S27	SES275	-1.98929	-7.3059	-5.31661
BLOCK29/SES291/SA291S27	SES292	-0.980536	-6.29715	-5.31661
Threshold search:
THR	-7.04301037264	9	0(0)	1(1000)
THR	-6.9392838689136	8.982	0(0)	0.998(998)
THR	-6.8355573651872	8.982	0(0)	0.998(998)
THR	-6.7318308614608	8.982	0(0)	0.998(998)
THR	-6.6281043577344	8.982	0(0)	0.998(998)
THR	-6.524377854008	8.982	0(0)	0.998(998)
THR	-6.4206513502816	8.982	0(0)	0.998(998)
THR	-6.3169248465552	8.973	0(0)	0.997(997)
THR	-6.2131983428288	8.955	0(0)	0.995(995)
THR	-6.1094718391024	8.955	0(0)	0.995(995)
THR	-6.005745335376	8.955	0(0)	0.995(995)
THR	-5.9020188316496	8.955	0(0)	0.995(995)
THR	-5.7982923279232	8.946	0(0)	0.994(994)
THR	-5.6945658241968	8.946	0(0)	0.994(994)
THR	-5.5908393204704	8.946	0(0)	0.994(994)
THR	-5.487112816744	8.928	0(0)	0.992(992)
THR	-5.3833863130176	8.919	0(0)	0.991(991)
THR	-5.2796598092912	8.919	0(0)	0.991(991)
THR	-5.1759333055648	8.91	0(0)	0.99(990)
THR	-5.0722068018384	8.901	0(0)	0.989(989)
THR	-4.968480298112	8.901	0(0)	0.989(989)
THR	-4.8647537943856	8.883	0(0)	0.987(987)
THR	-4.7610272906592	8.865	0(0)	0.985(985)
THR	-4.6573007869328	8.847	0(0)	0.983(983)
THR	-4.5535742832064	8.82	0(0)	0.98(980)
THR	-4.44984777948	8.82	0(0)	0.98(980)
THR	-4.3461212757536	8.811	0(0)	0.979(979)
THR	-4.2423947720272	8.766	0(0)	0.974(974)
THR	-4.1386682683008	8.739	0(0)	0.971(971)
THR	-4.0349417645744	8.712	0(0)	0.968(968)
THR	-3.931215260848	8.676	0(0)	0.964(964)
THR	-3.8274887571216	8.64	0(0)	0.96(960)
THR	-3.7237622533952	8.595	0(0)	0.955(955)
THR	-3.6200357496688	8.532	0(0)	0.948(948)
THR	-3.5163092459424	8.496	0(0)	0.944(944)
THR	-3.412582742216	8.433	0(0)	0.937(937)
THR	-3.3088562384896	8.361	0(0)	0.929(929)
THR	-3.2051297347632	8.307	0(0)	0.923(923)
THR	-3.1014032310368	8.199	0(0)	0.911(911)
THR	-2.9976767273104	8.082	0(0)	0.898(898)
THR	-2.893950223584	7.983	0(0)	0.887(887)
THR	-2.79022371985759	7.875	0(0)	0.875(875)
THR	-2.68649721613119	7.704	0(0)	0.856(856)
THR	-2.58277071240479	7.578	0(0)	0.842(842)
THR	-2.47904420867839	7.443	0(0)	0.827(827)
THR	-2.37531770495199	7.29	0(0)	0.81(810)
THR	-2.27159120122559	7.029	0(0)	0.781(781)
THR	-2.16786469749919	6.714	0(0)	0.746(746)
THR	-2.06413819377279	6.444	0(0)	0.716(716)
THR	-1.96041169004639	6.133	0.004(1)	0.681(681)
THR	-1.85668518631999	5.782	0.004(1)	0.642(642)
THR	-1.75295868259359	5.476	0.004(1)	0.608(608)
THR	-1.64923217886719	5.152	0.004(1)	0.572(572)
THR	-1.54550567514079	4.733	0.008(2)	0.525(525)
THR	-1.44177917141439	4.382	0.008(2)	0.486(486)
THR	-1.33805266768799	3.959	0.008(2)	0.439(439)
THR	-1.23432616396159	3.491	0.008(2)	0.387(387)
THR	-1.13059966023519	3.067	0.016(4)	0.339(339)
THR	-1.02687315650879	2.635	0.016(4)	0.291(291)
THR	-0.923146652782395	2.232	0.036(9)	0.244(244)
THR	-0.819420149055995	1.809	0.036(9)	0.197(197)
THR	-0.715693645329595	1.516	0.04(10)	0.164(164)
THR	-0.611967141603195	1.141	0.052(13)	0.121(121)
THR	-0.508240637876795	0.955	0.064(16)	0.099(99)
THR	-0.404514134150395	0.848	0.092(23)	0.084(84)
THR	-0.300787630423995	0.729	0.108(27)	0.069(69)
THR	-0.197061126697595	0.606	0.156(39)	0.05(50)
THR	-0.0933346229711948	0.519	0.204(51)	0.035(35)
THR	0.0103918807552052	0.535	0.256(64)	0.031(31)
THR	0.114118384481605	0.48	0.3(75)	0.02(20)
THR	0.217844888208005	0.475	0.34(85)	0.015(15)
THR	0.321571391934405	0.533	0.416(104)	0.013(13)
THR	0.425297895660805	0.556	0.484(121)	0.008(8)
THR	0.529024399387205	0.606	0.552(138)	0.006(6)
THR	0.632750903113605	0.627	0.6(150)	0.003(3)
THR	0.736477406840005	0.695	0.668(167)	0.003(3)
THR	0.840203910566405	0.722	0.704(176)	0.002(2)
THR	0.943930414292805	0.749	0.74(185)	0.001(1)
THR	1.04765691801921	0.772	0.772(193)	0(0)
THR	1.15138342174561	0.828	0.828(207)	0(0)
THR	1.25510992547201	0.856	0.856(214)	0(0)
THR	1.3588364291984	0.876	0.876(219)	0(0)
THR	1.4625629329248	0.9	0.9(225)	0(0)
THR	1.5662894366512	0.936	0.936(234)	0(0)
THR	1.6700159403776	0.948	0.948(237)	0(0)
THR	1.773742444104	0.964	0.964(241)	0(0)
THR	1.8774689478304	0.968	0.968(242)	0(0)
THR	1.9811954515568	0.972	0.972(243)	0(0)
THR	2.0849219552832	0.972	0.972(243)	0(0)
THR	2.1886484590096	0.972	0.972(243)	0(0)
THR	2.292374962736	0.976	0.976(244)	0(0)
THR	2.3961014664624	0.976	0.976(244)	0(0)
THR	2.49982797018881	0.988	0.988(247)	0(0)
THR	2.60355447391521	0.988	0.988(247)	0(0)
THR	2.70728097764161	0.988	0.988(247)	0(0)
THR	2.81100748136801	0.988	0.988(247)	0(0)
THR	2.91473398509441	0.996	0.996(249)	0(0)
THR	3.01846048882081	0.996	0.996(249)	0(0)
THR	3.12218699254721	0.996	0.996(249)	0(0)
THR	3.22591349627361	0.996	0.996(249)	0(0)
THR	3.32964000000001	1	1(250)	0(0)


==============================================
THR: 0.217844888208005
Missed:     85/250=0.3400
FalseAlarm: 15/1000=0.0150
----------------------------------------------
==> CostDetection: 47.5
==============================================
